0.6842236217726281
0.7755907988756704
0.6057551533152585
0.6057551533152585
0.7755907978726816
0.6142419082340685
0.6142419082340685
0.8108607405116476
0.6142419079806775
0.7755907978726816
0.8108607405873611
0.6142419082340685
0.7755907988756704
0.6142419079806775
0.6057551530050922
0.7755907988756704
0.8682854605641983
0.8108607405873611
0.6842236217726281
0.6057551533152585
0.9847926443084855
0.8682854605641983
0.7755907978726816
0.6842236217726281
0.8108607405116476
0.9847926432357962
0.6057551533152585
0.8682854606828514
0.9847926443084855
0.6842236230220964
0.9978645498989773
0.8682854606828514
0.8682854605641983
0.9847926443084855
0.8108607405873611
0.6057551530050922
0.6842236230220964
0.9847926432357962
0.8682854606828514
0.997864550029671
0.9847926432357962
0.8682854605641983
0.6057551530050922
0.8108607405116476
0.6142419082340685
0.9978645498989773
0.6057551530050922
0.9847926443084855
0.6842236230220964
0.8682854606828514
0.8108607405873611
0.9847926443084855
0.6142419079806775
0.7755907988756704
0.6057551533152585
0.6057551530050922
0.997864550029671
0.6842236230220964
0.9847926432357962
0.8108607405116476
0.8682854606828514
0.6142419079806775
0.9847926432357962
0.6057551533152585
0.7755907978726816
0.6842236217726281
0.9847926443084855
0.6142419079806775
0.8108607405873611
0.6057551530050922
0.6842236230220964
0.7755907988756704
0.9978645498989773
0.6142419082340685
0.8108607405873611
0.6842236217726281
0.7755907988756704
0.8682854605641983
0.6142419079806775
0.9847926432357962
0.6057551530050922
0.8108607405116476
0.7755907978726816
0.6842236230220964
0.6142419082340685
0.997864550029671
0.6842236217726281
0.8108607405116476
0.8682854605641983
0.7755907978726816
0.8682854606828514
0.8682854606828514
0.8108607405116476
0.8682854605641983
0.9847926432357962
0.997864550029671
0.6842236217726281
0.6842236230220964
0.7755907978726816
0.6142419079806775
0.7755907978726816
0.6142419082340685
0.8108607405116476
0.6057551533152585
0.9847926432357962
0.8108607405873611
0.8682854606828514
0.9847926443084855
0.8682854605641983
0.6842236217726281
0.9978645498989773
0.7755907988756704
0.6842236230220964
0.7755907988756704
0.6142419079806775
0.8108607405873611
0.6142419082340685
0.9847926443084855
0.6057551533152585
0.6057551530050922
