0.20716063543276897
0.20716063540773572
0.22642160157525135
0.2264216015502181
0.1917239553421506
0.24685137363868348
0.21532708175148413
0.2264216015502181
0.39226751994495024
0.24685137363868348
0.19172395536718234
0.3922675226488359
0.22642160157525135
0.21532708175148413
0.24685137363868348
0.24685137363868348
0.21532708292687608
0.21532708292687608
0.226421602984769
0.22642160300980224
0.26426009921696886
0.3922675226488359
0.21334219940103957
0.20716063543276897
0.2642600992169688
0.19172395536718234
0.22642160157525135
0.21334219940103955
0.21532708175148413
0.20716063540773572
0.3541976883672441
0.28688638492281576
0.3541976883922759
0.24735816282942702
0.2329821620758309
0.2642600992169688
0.26426009921696886
0.20716063540773572
0.21334219940103955
0.39226751994495024
0.1917239553421506
0.2868863857560088
0.35419769109616156
0.247358161996234
0.35419769107112975
0.21334219940103957
0.2264216015502181
0.20716063543276897
0.21532708175148413
0.23298216089607215
0.30200057358579385
0.30200057358579385
0.2450233082769502
0.2450233082311132
0.3151684972948857
0.31516849609522485
0.2899306793672602
0.351187736379827
0.22992305128685636
0.31516849609522485
0.2642600977208528
0.26172056846930164
0.28688638492281576
0.24502330824426793
0.2617205687168215
0.30200057358579385
0.43118547514806294
0.247358163760854
0.35118773635902323
0.2868863846099354
0.3151684961742698
0.3541976883922759
0.24502330819843096
0.37216998422313086
0.2450233082769502
0.21334219940103957
0.43118547514806294
0.3151684961742698
0.20716063556240083
0.22992305091633317
0.21334220069475263
0.3151684974740606
0.2329821620758309
0.21334220069475263
0.2899306780475672
0.26426009772085285
0.3151684972948857
0.22992305128685636
0.35118773635902323
0.2617205684484979
0.24735816292766102
0.4311854724441773
0.2868863854431284
0.351187736379827
0.24502330819843096
0.2868863857560088
0.30200057358579385
0.2617205687376252
0.3151684974740606
0.20716063553736758
0.3151684974740606
0.21334220069475263
0.22992305091633317
0.23298216089607215
0.3151684961742698
0.24502330824426793
0.35419769107112975
0.2450233082311132
0.37216998422313086
0.4311854724441773
0.21334219940103955
0.21334220069475263
0.247358163760854
0.24735816292766102
0.26172056846930164
0.2617205684484979
0.2868863857560088
0.28688638492281576
0.21532708292687608
0.21532708292687608
0.22992305091633317
0.35118773635902323
0.2329821620758309
0.22992305128685636
0.20716063556240083
0.247358163760854
0.26172056846930164
0.21334220069475263
0.2868863846099354
0.2642600977208528
0.37216998422313086
0.21532708292687608
0.3541976883672441
0.1917239550155353
0.21334220069475263
0.351187736379827
0.3151684961742698
0.43118547514806294
0.2899306793672602
0.31516849609522485
0.43118547514806294
0.2617205687168215
0.22642160300980224
0.24735816282942702
0.19172395504056708
0.2868863854431284
0.21532708175148413
0.2868863846099354
0.35118773635902323
0.20716063553736758
0.351187736379827
0.26426009772085285
0.30200057358579385
0.3541976883922759
0.3541976883672441
0.226421602984769
0.22992305128685636
0.23298216089607215
0.31516849609522485
0.22992305128685636
0.3151684972948857
0.21334219940103957
0.2329821620758309
0.21532708175148413
0.22642160157525135
0.22992305091633317
0.20716063553736758
0.22992305128685636
0.23298216089607215
0.351187736379827
0.24735816292766102
0.21532708292687608
0.37216998422313086
0.19172395504056708
0.35419769109616156
0.21334220069475263
0.2617205684484979
0.26426009772085285
0.2868863854431284
0.21334220069475263
0.226421602984769
0.2617205687376252
0.1917239550155353
0.247358161996234
0.21532708175148413
0.2868863846099354
0.3151684974740606
0.35118773635902323
0.2899306780475672
0.4311854724441773
0.4311854724441773
0.3151684972948857
0.2868863854431284
0.2329821620758309
0.22992305128685636
0.22992305128685636
0.3151684972948857
0.21334219940103955
0.31516849609522485
0.21532708175148413
0.23298216089607215
0.20716063556240083
0.351187736379827
0.2642600977208528
0.35118773635902323
0.35419769107112975
0.30200057358579385
0.22642160300980224
0.35419769109616156
0.2264216015502181
0.22992305091633317
0.22992305091633317
0.2899306793672602
0.2899306780475672
0.2450233082311132
0.2450233082769502
0.24735816282942702
0.247358161996234
0.20716063543276897
0.20716063540773572
0.24735816282942702
0.3541976883672441
0.21532708175148413
0.2329821620758309
0.22642160300980224
0.21532708292687608
0.247358163760854
0.19172395504056708
0.1917239550155353
0.20716063556240083
0.3541976883922759
0.24685137363868348
0.3922675226488359
0.226421602984769
0.20716063553736758
0.35118773635902323
0.2617205687168215
0.37216998422313086
0.22992305091633317
0.22992305128685636
0.351187736379827
0.28688638492281576
0.24685137363868348
0.19172395536718234
0.21532708292687608
0.24735816292766102
0.22642160157525135
0.26172056846930164
0.43118547514806294
0.1917239550155353
0.37216998422313086
0.21334220069475263
0.24502330819843096
0.3541976883672441
0.37216998422313086
0.21532708292687608
0.2899306793672602
0.247358161996234
0.2450233082769502
0.22992305091633317
0.2899306780475672
0.26426009921696886
0.22992305091633317
0.1917239553421506
0.19172395536718234
0.351187736379827
0.226421602984769
0.3541976883922759
0.20716063553736758
0.26426009772085285
0.3922675226488359
0.35118773635902323
0.24685137363868348
0.3922675226488359
0.20716063543276897
0.3151684961742698
0.2617205687376252
0.24502330819843096
0.3151684974740606
0.24502330824426793
0.30200057358579385
0.2617205687168215
0.2868863857560088
0.21334219940103957
0.2642600992169688
0.26426009921696886
0.247358161996234
0.226421602984769
0.23298216089607215
0.21532708175148413
0.35419769109616156
0.21532708292687608
0.24685137363868348
0.35419769107112975
0.22642160300980224
0.39226751994495024
0.1917239550155353
0.24735816292766102
0.20716063553736758
0.19172395504056708
0.20716063556240083
0.24685137363868348
0.2868863857560088
0.21532708292687608
0.1917239553421506
0.2264216015502181
0.247358163760854
0.2617205687376252
0.351187736379827
0.22992305091633317
0.37216998422313086
0.35118773635902323
0.22992305128685636
0.2617205684484979
0.24735816282942702
0.2899306780475672
0.22992305091633317
0.2450233082311132
0.2642600992169688
0.2899306793672602
0.19172395536718234
0.22992305091633317
0.19172395504056708
0.4311854724441773
0.21334220069475263
0.37216998422313086
0.35419769109616156
0.24502330824426793
0.21532708292687608
0.37216998422313086
0.1917239553421506
0.2617205687168215
0.3151684974740606
0.3151684961742698
0.24502330824426793
0.30200057358579385
0.24502330819843096
0.28688638492281576
0.2617205687376252
0.26426009921696886
0.21334219940103955
0.22642160300980224
0.35118773635902323
0.20716063556240083
0.35419769107112975
0.39226751994495024
0.2642600977208528
0.24685137363868348
0.351187736379827
0.20716063540773572
0.39226751994495024
0.2642600992169688
0.2868863846099354
0.2868863854431284
0.21334220069475263
0.21334220069475263
0.2642600977208528
0.26426009772085285
0.26172056846930164
0.2617205684484979
0.2450233082769502
0.2450233082311132
0.30200057358579385
0.30200057358579385
0.2450233082311132
0.30200057358579385
0.21334219940103955
0.3151684972948857
0.35419769107112975
0.2868863857560088
0.2617205684484979
0.37216998422313086
0.2617205687376252
0.35118773635902323
0.2450233082769502
0.1917239553421506
0.26426009921696886
0.247358161996234
0.22992305091633317
0.26426009772085285
0.24502330824426793
0.24502330819843096
0.2899306780475672
0.22992305128685636
0.2899306793672602
0.30200057358579385
0.39226751994495024
0.2642600992169688
0.35419769109616156
0.351187736379827
0.20716063540773572
0.2642600977208528
0.2868863846099354
0.19172395504056708
0.2617205687168215
0.2868863854431284
0.2617205687376252
0.24735816282942702
0.1917239550155353
0.22642160300980224
0.2642600977208528
0.35419769109616156
0.30200057358579385
0.351187736379827
0.35118773635902323
0.2642600992169688
0.20716063556240083
0.39226751994495024
0.24685137363868348
0.26172056846930164
0.21532708292687608
0.28688638492281576
0.24735816292766102
0.2617205684484979
0.19172395536718234
0.247358163760854
0.24685137363868348
0.24685137363868348
0.2264216015502181
0.21334220069475263
0.37216998422313086
0.24502330824426793
0.4311854724441773
0.37216998422313086
0.2450233082311132
0.19172395504056708
0.35419769107112975
0.21532708175148413
0.39226751994495024
0.1917239553421506
0.31516849609522485
0.21532708175148413
0.21334219940103957
0.23298216089607215
0.22992305128685636
0.20716063543276897
0.22992305128685636
0.2264216015502181
0.21532708175148413
0.20716063540773572
0.22642160157525135
0.21334219940103955
0.2868863854431284
0.4311854724441773
0.3151684974740606
0.4311854724441773
0.351187736379827
0.2899306780475672
0.24735816292766102
0.35118773635902323
0.247358161996234
0.35419769107112975
0.2868863857560088
0.35419769109616156
0.3151684972948857
0.2450233082769502
0.3541976883922759
0.31516849609522485
0.21334219940103957
0.30200057358579385
0.28688638492281576
0.19172395536718234
0.2450233082311132
0.24735816282942702
0.2642600992169688
0.37216998422313086
0.26172056846930164
0.351187736379827
0.2617205687168215
0.22992305091633317
0.3922675226488359
0.30200057358579385
0.3541976883672441
0.26426009921696886
0.20716063543276897
0.35118773635902323
0.24502330819843096
0.2642600977208528
0.2899306793672602
0.24502330824426793
0.2899306780475672
0.22992305128685636
0.26426009772085285
0.3541976883672441
0.26426009772085285
0.35118773635902323
0.30200057358579385
0.26426009921696886
0.351187736379827
0.3922675226488359
0.20716063553736758
0.1917239550155353
0.2868863854431284
0.2868863846099354
0.2617205687376252
0.247358161996234
0.2617205687168215
0.226421602984769
0.19172395504056708
0.24685137363868348
0.37216998422313086
0.21334220069475263
0.43118547514806294
0.24502330819843096
0.2450233082769502
0.37216998422313086
0.3541976883922759
0.1917239550155353
0.3922675226488359
0.21532708175148413
0.21532708292687608
0.2617205684484979
0.247358163760854
0.2868863857560088
0.1917239553421506
0.26172056846930164
0.24685137363868348
0.24735816292766102
0.22642160157525135
0.24685137363868348
0.19172395536718234
0.43118547514806294
0.2868863846099354
0.43118547514806294
0.3151684961742698
0.2899306793672602
0.35118773635902323
0.351187736379827
0.247358163760854
0.3541976883922759
0.24735816282942702
0.3541976883672441
0.28688638492281576
0.21532708175148413
0.3151684972948857
0.2329821620758309
0.21334219940103955
0.20716063540773572
0.22992305128685636
0.22642160157525135
0.22992305128685636
0.20716063543276897
0.21532708175148413
0.21334219940103957
0.2264216015502181
0.31516849609522485
0.21334220069475263
0.21334220069475263
0.3151684961742698
0.3151684974740606
0.22992305091633317
0.22992305091633317
0.20716063553736758
0.20716063556240083
0.226421602984769
0.22642160300980224
0.21532708292687608
0.21532708292687608
0.2329821620758309
0.23298216089607215
