0.518616444044155
0.49746557847743944
0.548651516996959
0.5972873540690772
0.5688414018919336
0.5486515168800754
0.4974655770379185
0.5688413989336358
0.5972873540690772
0.5332223826968752
0.5688414023814491
0.5240482931695396
0.5240482941717359
0.568841405377296
0.5972873575201296
0.5210415135223609
0.5288132593488616
0.5486515168800754
0.4492158343317743
0.4492158330918118
0.5688413989336358
0.5184931006995784
0.518616444044155
0.5210415169681506
0.4974655770379185
0.5127912253692366
1.0344884368943483
0.46597206545973796
0.4984865068870411
0.5001885136470453
0.46211035801844713
0.4890550457430115
0.5107892098890262
0.48905504671013766
0.5055639221627362
0.5288132593488616
0.5210415169681506
0.4492158330918118
0.548651516996959
0.5127912256549936
0.5001885137791574
0.49848650587337473
0.46597206524971213
1.034488436894348
0.46211035709021864
0.4492158343317743
0.5210415135223609
0.518616444044155
0.5184931006995784
0.5688414018919336
0.49746557847743944
0.510789209615642
0.4890550431383173
0.5055639197303393
0.48905504580896825
0.6759782609768121
0.5725335798790392
0.49941242097611127
0.4994124201486493
0.5725335839983006
0.5171606708262403
0.5500557591909945
0.545537635314687
0.5232473776266511
0.5265128053143395
0.5455376371142124
0.5500557566558466
0.5265128078646107
0.5232473753645328
0.6421971526718981
0.5475746394709496
0.5441873878290691
0.5790998642384679
0.5134522701901917
0.5265188016620894
0.5442956897318103
0.512023542387172
0.5500557566558466
0.5725335826296587
0.5593714260103261
0.5712690317270294
1.009735190111313
0.5137478090367773
0.5989908844238078
0.5001885138267692
0.5442956881715557
0.5989908832859988
0.5232473742296229
0.5790998634755107
0.550055756425966
0.5251344874921585
0.9767457618319026
0.5535627614695593
0.5265128078646107
0.5392076327748208
0.595599039643153
0.46597206545973796
0.5227056469476975
0.5611612297590697
0.49941242097611127
1.0525672375106205
0.5685383681926851
0.987201756905148
0.5685383658554541
0.5898059038493274
0.5441873895490932
0.5619900803509339
0.5014202748673775
0.5443908499664288
0.5210415175879497
0.4908983241176824
0.69873896185385
0.5265128070814804
0.5532534490373917
0.5455376370248444
0.5898059038493274
0.5055639209484772
0.5115559041168023
0.5107892107908393
0.6421971529674957
0.5455376391450009
0.4994124236221744
0.5535627619017458
0.5227056492086037
0.5443908532664734
0.5898059061095654
0.5441873886826218
0.5475746366837442
0.5134522746763859
0.5790998649043496
0.5712690312596307
0.5001885136007009
0.5989908897380671
0.5137478110714153
1.0097351848065461
0.544295687991382
0.526518801109459
0.5725335791519196
0.5500557591909945
0.5120235461858836
0.5442956895891857
0.5593714294766163
0.5232473766260561
0.5989908874267567
0.5500557581583101
0.5790998640924985
0.5441873900825254
0.5210415142889925
0.5443908532664734
0.5014202786553583
0.5619900812673176
0.4908983278966431
0.5055639185160805
0.589805907060889
0.5107892105174552
0.5115559007603496
0.5265128094067004
0.69873896185385
0.5455376391450009
0.5532534516571985
0.6421971529674957
0.525134483349241
0.5392076322808308
0.5265128053143395
0.5535627601882211
0.9767457619993188
0.5955990385099765
0.5685383694229376
1.0525672375106205
0.5685383677667127
0.9872017569051477
0.5227056469476975
0.46597206524971213
0.4994124201486493
0.5611612303791644
0.589805907060889
0.4994124218450763
0.5455376370248444
0.5227056492086037
0.5535627615851579
0.5898059072218725
0.5443908499664288
0.6576704192236059
0.5521164418261169
0.553253449341887
0.553253451961694
0.5521164419199802
0.7574919987510469
0.6166184562688294
0.5685383694229376
0.564492576453465
0.577927581845422
0.5685383681926851
0.6166184562688294
0.5779275815429659
0.5644925778673457
0.69873896185385
0.498486507875892
0.5232473766260561
0.5611612283904003
0.5120235449752004
0.510789209615642
0.5989908832859988
0.5232473742296229
0.4984865051587385
0.5120235408183298
0.5611612292588847
0.5989908874267567
0.5107892098890262
0.5184931009144685
0.5115559041168023
0.5014202748673775
0.5137478090367773
0.5055639209484772
0.4908983241176824
0.5442956881715557
0.5107892107908393
0.5134522701901917
0.5210415175879497
0.5001885138267692
0.5428412749400756
0.976745761999319
0.4890550457430115
0.5428412752684545
0.4974655772545182
0.4621103585693327
0.5611612283904003
0.5184931009144685
0.4659720651518858
0.44921583363137463
0.5619900803509339
1.009735190111313
0.5898059038493274
0.5475746394709496
0.5441873895490932
0.5712690317270294
0.5790998642384679
0.5443908499664288
0.5989908844238078
0.5441873878290691
0.9872017569051479
0.5989908832859988
1.0525672375106205
0.5712690294497125
0.5898059061095654
0.5134522710582332
0.5521164416119886
0.5055639221627362
0.4908983238425131
0.5486515176283224
0.5264817190368744
0.564492576453465
0.4659720648800465
0.6166184544116389
0.5127912232346263
0.5611612297590697
0.5240482941717359
0.4984865068870411
0.5332223796424755
0.5107892105174552
0.5779275813803813
0.550055756425966
0.5685383658554541
0.5265188015595962
0.6987389611688313
0.5989908844238078
0.5475746399036466
1.0830824681569453
0.5115559042374676
0.561990077714879
0.5288132597179592
0.5521164418261169
0.5779275815429659
0.4994124218450763
0.5779275813803813
0.6759782588735923
0.987201756905148
0.498486507875892
1.0302440264607693
0.512791223924048
0.5455376391450009
1.0302440264607693
0.5265128094067004
0.9872017569051479
0.5251344861187592
0.5455376371142124
1.0525672375106205
0.5790998634755107
0.5186164443058162
0.5137478090656118
0.44921583274959254
0.5500557581583101
0.48905504671013766
0.4659720651518858
0.5673019290665919
0.561990077714879
0.6421971526718981
0.7838017270281437
0.5115559003983317
0.553253451961694
0.553253449341887
0.5898059072218725
0.6987389611688313
0.561990078235533
0.5535627614695593
0.510789209615642
0.5455376371142124
0.4908983280020892
0.5443908532664734
0.5115559042374676
0.6421971529674957
0.5898059061095654
0.5673019355746857
0.6421971526718981
0.5898059038493274
0.512023542387172
0.48905504580896825
0.5232473753645328
0.5428412767301647
0.5989908897380671
0.5184931006995784
0.5107892107908393
0.5137478090367773
0.5055639185160805
0.5790998642384679
0.5134522746763859
0.5500557591909945
0.46597206545973796
0.4890550457430115
0.5240482931695396
0.5014202786553583
0.5115559007603496
0.5055639185160805
0.5137478110714153
0.5428412760211703
0.49746557918653445
0.5428412767301647
0.4890550431383173
0.9767457618319025
0.4621103572340297
0.4908983278966431
0.5210415142889925
0.5134522746763859
0.5107892105174552
0.544295687991382
0.5001885136007009
0.5184931009144685
0.5611612292588847
0.44921583274959254
0.4659720648800465
0.5134522747291062
0.548651515941078
0.4908983280020892
0.5055639197303393
0.5521164408436091
0.5264817171110088
0.5240482931695396
0.5611612303791644
0.5332223796424755
0.49848650587337473
0.4659720651518858
0.5644925778673457
0.512791223924048
0.6166184544116389
0.5107892107908393
0.5619900812673176
0.5441873900825254
0.5475746366837442
0.589805907060889
1.0097351848065461
0.5712690312596307
0.5989908874267567
0.9872017569051476
0.571269029288493
1.0525672375106205
0.5443908532664734
0.5790998649043496
0.5441873886826218
0.5989908897380671
0.5898059072218725
0.5500557581583101
0.5779275816703201
0.5265188020442176
0.5685383677667127
0.5989908897380671
0.6987389611688313
0.5673019355746857
0.5115559042374676
0.7838017270281437
0.6421971526718981
0.561990078235533
0.553253449341887
0.5107892098890262
0.5535627601882211
0.4908983238425131
0.545537635314687
0.5898059061095654
0.553253451961694
0.561990077714879
0.6987389611688313
0.5443908499664288
0.48905504671013766
0.5120235461858836
0.5428412752684545
0.5232473776266511
0.5184931006995784
0.5989908844238078
0.6421971529674957
0.5115559003983317
0.5673019290665919
0.5898059072218725
0.589805907060889
0.6421971526718981
0.5107892105174552
0.5475746369650989
0.5288132597179592
0.561990078235533
0.5115559003983317
1.0830824681569453
0.5521164419199802
0.4984865051587385
0.9872017569051477
0.5127912232346263
1.0302440317655357
0.4994124236221744
0.577927581845422
0.6759782588735923
0.5779275816703201
0.5455376370248444
0.5186164443058162
0.5790998640924985
0.44921583363137463
0.5137478099787494
0.48905504580896825
0.550055756425966
0.5265128070814804
1.0302440317655357
0.5251344815675948
0.9872017569051476
1.0525672375106205
0.545537635314687
0.4659720648800465
0.5055639209484772
0.5137478110714153
0.5134522701901917
0.5790998649043496
0.46597206524971213
0.5500557566558466
0.5240482941717359
0.4890550431383173
0.7838017249884881
0.5475746399036466
0.5673019355746857
0.5673019290665919
0.5475746369650989
0.6576704192236059
0.5120235408183298
0.5535627615851579
0.5265188015595962
0.5251344815675948
0.5535627619017458
0.5120235449752004
0.5251344861187592
0.5265188020442176
0.5227056492086037
0.5137478090656118
0.5532534516571985
0.5712690294497125
0.657670420160148
0.5232473753645328
0.5685383658554541
0.5532534490373917
0.5137478099787494
0.657670420160148
0.571269029288493
0.5685383677667127
0.5232473776266511
0.6166184544116389
0.5115559041168023
0.5014202786553583
0.5475746394709496
0.5441873886826218
0.4994124201486493
0.5265128078646107
0.4984865068870411
0.5055639197303393
0.5014202748673775
0.5115559007603496
0.5441873878290691
0.5475746366837442
0.5265128053143395
0.49941242097611127
0.5055639221627362
0.49848650587337473
0.518616444044155
0.4984865068870411
0.5055639221627362
0.4890550457430115
0.5240482941717359
0.5264817190368744
0.4621103585693327
0.5332223796424755
0.5055639209484772
0.5486515176283224
0.4974655772545182
0.46211035801844713
1.0344884368943483
0.5688413989336358
0.48905504671013766
0.5972873575201296
0.5688414023814491
0.498486507875892
0.49746557918653445
0.548651515941078
0.5186164443058162
0.5521164416119886
0.976745761999319
0.5611612297590697
0.5115559041168023
0.5134522710582332
0.5428412749400756
0.5137478090367773
0.4908983238425131
0.5428412752684545
0.5014202748673775
1.0302440264607693
0.5442956897318103
0.9767457618319026
0.5137478090656118
0.5115559042374676
0.5001885136470453
0.5127912253692366
0.4974655770379185
0.5107892098890262
0.568841405377296
0.5332223826968752
0.6166184562688294
0.4621103572340297
0.5264817171110088
0.4984865051587385
0.46597206545973796
0.5972873540690772
0.5486515168800754
0.5240482931695396
0.5055639185160805
0.5779275815429659
0.5593714260103261
0.595599039643153
0.5120235408183298
0.553253449341887
0.5790998642384679
0.5712690294497125
0.9872017569051479
0.5428412752684545
0.5898059061095654
0.44921583363137463
0.5611612283904003
0.5685383681926851
0.5171606710883065
0.5955990393754573
0.4994124236221744
1.0525672375106205
0.4621103585693327
0.976745761999319
0.4659720651518858
0.5265128094067004
0.987201756905148
0.5955990393754573
1.265053686887477
0.5535627619017458
0.5535627614695593
0.9872017569051479
0.5989908832859988
0.4974655772545182
0.5428412749400756
0.5184931009144685
0.5232473766260561
0.4890550457430115
0.5611612283904003
0.657670420160148
0.5251344861187592
0.5232473776266511
0.5673019355746857
0.5137478099787494
0.5120235449752004
0.6576704192236059
0.571269029288493
0.5265188020442176
0.5475746369650989
0.5251344874921585
0.5001885137791574
0.5725335798790392
0.5134522747291062
0.5441873900825254
0.5475746399036466
0.5532534490373917
0.5535627619017458
0.7838017249884881
0.5673019290665919
0.5619900803509339
0.5265188016620894
0.46211035709021864
0.5171606708262403
0.5428412760211703
0.5712690312596307
0.4492158330918118
0.4908983241176824
0.5712690317270294
0.5264817171110088
0.595599039643153
0.4908983278966431
0.526518801109459
0.5127912253692366
0.5428412749400756
0.5332223826968752
0.5137478090656118
1.0302440264607693
0.48905504671013766
0.5115559042374676
0.5186164443058162
0.498486507875892
0.5521164418261169
0.44921583274959254
0.512791223924048
0.5288132597179592
0.9767457618319026
0.5688414023814491
1.0344884368943483
0.548651515941078
0.5210415142889925
1.0830824681569453
0.5790998634755107
0.987201756905148
0.5475746399036466
0.561990077714879
1.009735190111313
0.5442956897318103
0.5972873575201296
0.46211035801844713
0.49746557918653445
0.5001885136007009
0.5688413989336358
0.5442956881715557
1.009735190111313
0.548651515941078
0.9767457618319026
0.5210415142889925
0.5725335791519196
1.0344884368943483
0.976745761999319
0.5688414023814491
0.5475746394709496
0.5055639197303393
0.5265128078646107
0.5014202786553583
0.5441873886826218
0.5210415135223609
0.5115559041168023
0.49746557847743944
0.5486515168800754
0.5532534516571985
0.5265128094067004
0.5120235461858836
0.6421971529674957
0.5790998640924985
0.5232473766260561
0.5232473742296229
0.5955990389961909
0.5171606710883065
0.5265128070814804
0.5455376391450009
0.5593714294766163
0.5725335791519196
0.5500557581583101
0.4994124218450763
0.5790998634755107
0.7574919992958764
0.5955990393754573
0.5532534490373917
0.512023542387172
0.5779275813803813
0.69873896185385
0.5442956895891857
0.526518801109459
0.5989908874267567
0.5685383694229376
0.5500557591909945
0.564492576453465
0.5898059038493274
0.4908983280020892
0.5535627614695593
0.5443908532664734
0.5227056469476975
0.5455376371142124
0.5611612297590697
0.510789209615642
0.5441873895490932
0.5521164408436091
0.5392076327748208
0.5619900812673176
0.525134483349241
0.6759782609768121
0.5134522710582332
0.5127912256549936
0.4492158343317743
0.5619900803509339
0.5134522747291062
0.5251344874921585
0.5441873900825254
0.5392076322808308
0.5725335798790392
0.5521164416119886
0.5001885137791574
0.5210415135223609
0.5288132593488616
0.5055639197303393
0.49848650587337473
0.5240482931695396
0.4890550431383173
0.46211035709021864
0.5972873575201296
0.48905504580896825
0.5688414018919336
1.034488436894348
0.568841405377296
0.5264817171110088
0.548651515941078
0.5055639185160805
0.5332223796424755
0.4621103572340297
0.49746557918653445
0.4974655772545182
0.4984865051587385
0.5186164443058162
0.5486515176283224
0.5001885137791574
0.5688414023814491
0.510789209615642
0.49746557847743944
0.5127912256549936
0.5332223826968752
0.5972873540690772
0.46597206524971213
0.5240482941717359
0.548651516996959
0.4621103585693327
0.6166184562688294
0.498486507875892
0.5264817190368744
0.5055639209484772
0.5521164408436091
0.5134522747291062
0.5115559007603496
0.5611612303791644
0.9767457618319025
0.5428412760211703
0.5442956895891857
1.0302440317655357
0.5137478099787494
0.9767457619993188
0.4908983280020892
0.5137478110714153
0.5014202786553583
0.5428412767301647
0.5115559003983317
0.5593714294766163
0.577927581845422
0.5120235449752004
0.5955990385099765
0.5790998649043496
0.553253451961694
0.657670420160148
0.5137478090656118
0.5673019290665919
0.5232473753645328
0.5251344815675948
0.5120235408183298
0.5001885136470453
0.525134483349241
0.5134522710582332
0.5725335839983006
0.5712690294497125
0.6576704192236059
0.5475746399036466
0.5265188015595962
0.5441873895490932
0.46211035801844713
0.526518801109459
0.5428412749400756
0.5171606708262403
0.4492158343317743
0.5712690317270294
0.5532534516571985
0.5475746369650989
0.7838017249884881
0.5535627615851579
0.5619900812673176
0.5673019355746857
0.4908983278966431
0.571269029288493
0.44921583274959254
0.5898059072218725
0.5428412767301647
0.9872017569051476
0.5611612292588847
0.4621103572340297
1.0525672375106205
0.4659720648800465
0.9767457618319025
0.5171606710883065
0.5685383694229376
0.4994124218450763
0.5955990389961909
0.5265128070814804
0.49746557918653445
0.5989908874267567
0.5184931009144685
0.5428412760211703
0.4890550431383173
0.5232473742296229
0.5955990389961909
0.9872017569051477
0.5535627615851579
1.265053686887477
0.9872017569051476
0.5535627601882211
0.5611612292588847
0.5264817190368744
0.5712690312596307
0.4908983241176824
0.5955990385099765
0.5127912256549936
0.5265188016620894
0.5332223826968752
0.5428412760211703
0.5532534490373917
0.5790998634755107
0.6421971529674957
0.512023542387172
0.5265128070814804
0.5232473742296229
0.5593714260103261
0.5455376370248444
0.550055756425966
0.5725335826296587
0.5955990393754573
0.5232473766260561
0.5265128094067004
0.5171606710883065
0.4994124236221744
0.5442956897318103
0.69873896185385
0.5989908832859988
0.5265188016620894
0.5500557566558466
0.5685383681926851
0.7574919992958764
0.5790998640924985
0.5532534516571985
0.5955990389961909
0.5779275816703201
0.5120235461858836
0.5644925778673457
0.5521164416119886
0.5441873900825254
0.5619900803509339
0.5392076322808308
0.6759782609768121
0.5251344874921585
0.5127912253692366
0.5134522747291062
0.4908983238425131
0.589805907060889
0.5443908499664288
0.5535627601882211
0.545537635314687
0.5227056469476975
0.5107892098890262
0.5611612303791644
0.4492158330918118
0.5137478099787494
0.5186164443058162
0.5115559003983317
0.48905504580896825
1.0302440317655357
0.4984865051587385
0.568841405377296
0.9767457619993188
0.5486515176283224
1.034488436894348
0.44921583363137463
0.5521164419199802
0.5288132597179592
0.5127912232346263
0.5210415175879497
0.5972873575201296
0.5442956895891857
0.4974655772545182
0.46211035709021864
0.5688414018919336
0.5001885138267692
0.5790998640924985
1.0830824681569453
0.5475746369650989
0.9872017569051477
1.0097351848065461
0.561990078235533
0.544295687991382
0.5055639221627362
0.5475746366837442
0.5014202748673775
0.5265128053143395
0.5210415169681506
0.5441873878290691
0.4974655770379185
0.5115559007603496
0.5486515176283224
1.0097351848065461
0.5210415175879497
0.9767457619993188
1.034488436894348
0.5725335826296587
0.568841405377296
0.9767457618319025
0.548651516996959
0.5134522710582332
0.5619900812673176
0.5441873895490932
0.525134483349241
0.5725335839983006
0.5392076327748208
0.5001885136470453
0.5521164408436091
0.5288132593488616
0.5210415169681506
0.6166184544116389
0.4659720651518858
0.5107892105174552
0.5107892107908393
0.4659720648800465
0.5184931009144685
0.5001885138267692
0.5127912232346263
0.44921583363137463
0.5210415175879497
0.512791223924048
0.5001885136007009
0.5210415142889925
0.44921583274959254
0.5288132597179592
0.5442956881715557
0.564492576453465
0.5611612283904003
0.4908983241176824
0.5134522701901917
0.5521164418261169
0.5644925778673457
0.544295687991382
0.4908983278966431
0.5611612292588847
0.5521164419199802
0.5134522746763859
0.7574919987510469
0.5685383658554541
0.5265188020442176
0.5535627619017458
0.5227056492086037
0.5392076327748208
0.5251344861187592
0.595599039643153
0.5120235449752004
0.5265188015595962
0.5685383677667127
0.5227056492086037
0.5535627615851579
0.5251344815675948
0.5392076322808308
0.5120235408183298
0.5955990385099765
0.5171606708262403
0.5779275813803813
0.5500557581583101
0.5455376391450009
0.4994124218450763
0.6759782588735923
0.5725335791519196
0.5779275815429659
0.5593714294766163
0.5725335798790392
0.4994124201486493
0.550055756425966
0.5779275816703201
0.4994124236221744
0.5455376370248444
0.5725335826296587
0.6759782588735923
0.5593714260103261
0.577927581845422
0.49941242097611127
0.5725335839983006
0.6759782609768121
0.4994124201486493
0.5265128053143395
0.5500557591909945
0.46597206524971213
0.5955990385099765
0.5593714294766163
0.5611612303791644
0.5790998649043496
0.9767457619993188
0.5442956895891857
0.5171606708262403
0.5725335798790392
0.4492158330918118
0.5232473776266511
0.46211035709021864
0.5001885137791574
0.5120235449752004
0.5428412760211703
0.5134522747291062
0.5137478099787494
0.5392076322808308
0.5725335791519196
0.5227056469476975
0.5441873886826218
0.525134483349241
0.526518801109459
0.5134522746763859
0.5535627601882211
0.5120235461858836
0.5475746366837442
0.5251344861187592
0.5265188016620894
0.5251344874921585
0.657670420160148
0.5673019355746857
0.5725335839983006
0.6759782609768121
0.5210415169681506
0.545537635314687
1.034488436894348
0.5127912256549936
0.577927581845422
0.9767457618319025
0.5521164408436091
1.0302440317655357
0.49941242097611127
0.548651516996959
0.5288132593488616
0.49848650587337473
0.5115559007603496
0.6759782588735923
0.5725335826296587
0.5392076327748208
0.5251344815675948
0.561990078235533
0.5441873878290691
0.5265188015595962
0.5779275813803813
0.4908983238425131
0.6987389611688313
0.5127912232346263
0.564492576453465
0.5644925778673457
0.5955990389961909
0.7574919992958764
0.5779275816703201
0.5685383658554541
0.5264817190368744
0.5521164416119886
0.6166184544116389
0.5532534516571985
0.512791223924048
0.5171606710883065
0.5955990393754573
0.5265188020442176
0.4908983280020892
0.5712690294497125
0.550055756425966
0.5486515176283224
0.5134522710582332
0.4659720648800465
0.5790998640924985
0.5055639221627362
0.44921583363137463
0.5251344815675948
0.6759782588735923
0.545537635314687
0.561990078235533
1.0302440317655357
0.577927581845422
0.5521164419199802
0.9872017569051476
0.5779275816703201
1.0830824681569453
0.5392076327748208
0.5127912256549936
0.6759782609768121
0.5521164408436091
0.5619900812673176
0.5288132597179592
0.5265128070814804
0.4994124236221744
0.5475746369650989
0.5115559003983317
0.5441873895490932
0.5725335826296587
1.034488436894348
0.5725335839983006
0.9767457618319025
1.0097351848065461
0.5210415169681506
0.5210415175879497
0.5001885138267692
0.4621103572340297
0.5593714260103261
0.544295687991382
0.5442956895891857
0.5001885136470453
0.4974655772545182
0.568841405377296
0.5120235408183298
0.5779275815429659
0.5107892098890262
0.553253449341887
0.4984865051587385
0.6166184562688294
0.7574919987510469
0.5611612292588847
0.5644925778673457
0.5521164419199802
0.595599039643153
0.5332223826968752
0.5127912253692366
0.5264817171110088
0.4908983278966431
0.5521164418261169
0.5232473742296229
0.5685383681926851
0.6576704192236059
0.553253451961694
0.5712690317270294
0.5593714260103261
0.568841405377296
0.5001885136470453
0.4621103572340297
0.544295687991382
0.4974655770379185
0.5001885138267692
0.5442956881715557
0.49746557918653445
0.5442956897318103
0.5001885136007009
0.5593714294766163
0.46211035801844713
0.4621103585693327
0.5972873575201296
0.5134522701901917
0.4890550431383173
0.5500557566558466
0.5137478110714153
0.5790998649043496
0.4492158343317743
0.5055639209484772
0.5688414018919336
0.5972873540690772
0.5535627615851579
0.4994124218450763
0.5535627601882211
0.5898059072218725
0.9872017569051477
0.5685383694229376
0.5611612292588847
1.265053686887477
0.5955990389961909
0.9872017569051476
0.5227056492086037
0.5955990385099765
0.5392076322808308
0.5685383677667127
0.5535627615851579
0.44921583274959254
0.5955990389961909
0.5171606710883065
0.571269029288493
0.5428412767301647
0.5265188015595962
0.5455376370248444
0.9767457619993188
0.525134483349241
1.0525672375106205
0.9872017569051477
0.5265128053143395
0.5127912232346263
0.5107892107908393
0.5428412767301647
0.512023542387172
0.5989908897380671
0.5611612303791644
0.5232473753645328
0.5332223796424755
0.48905504580896825
0.5210415175879497
0.9767457618319025
0.5725335826296587
1.0097351848065461
0.9767457619993188
0.5725335839983006
0.5486515176283224
1.034488436894348
0.5688414018919336
0.4908983241176824
0.5428412760211703
0.5265188016620894
0.5712690312596307
0.5955990385099765
0.5171606708262403
0.5264817190368744
0.46211035709021864
0.49746557847743944
0.548651516996959
0.5232473753645328
0.5455376371142124
0.5184931006995784
0.6421971526718981
0.48905504580896825
0.510789209615642
0.553253451961694
0.5428412767301647
0.4908983280020892
0.5115559003983317
0.5265128078646107
0.49746557847743944
0.5210415135223609
0.5055639197303393
0.5014202786553583
0.561990077714879
0.512023542387172
0.5535627614695593
0.5673019290665919
0.7838017270281437
0.5475746394709496
0.5500557566558466
0.5688414018919336
0.4492158343317743
0.4890550431383173
0.5137478110714153
0.518616444044155
0.5134522701901917
0.5989908844238078
0.5332223796424755
0.5611612297590697
0.5107892105174552
0.5120235461858836
0.4984865068870411
0.5428412752684545
0.5240482941717359
0.5441873878290691
0.49848650587337473
0.49941242097611127
0.5115559007603496
0.5475746366837442
0.5288132593488616
0.5014202748673775
0.548651516996959
0.4974655770379185
0.5790998642384679
0.5240482931695396
0.46597206545973796
0.5055639185160805
0.5134522746763859
0.5486515168800754
0.5137478090367773
0.5972873540690772
0.5688413989336358
0.518616444044155
0.5443908499664288
0.5611612303791644
0.5227056469476975
0.589805907060889
0.5535627601882211
0.4994124201486493
0.4908983238425131
0.46597206524971213
0.5184931006995784
0.5210415169681506
0.4492158330918118
0.5685383677667127
0.5500557581583101
0.589805907060889
0.5989908897380671
1.0525672375106205
0.5989908874267567
0.544295687991382
0.9872017569051477
0.5790998640924985
1.0097351848065461
0.5265188020442176
0.5712690312596307
0.5441873900825254
0.571269029288493
0.5475746369650989
0.5001885136007009
0.5685383694229376
0.5232473766260561
0.5712690312596307
0.5137478110714153
0.6576704192236059
0.5779275816703201
1.0097351848065461
0.5619900812673176
0.9872017569051476
1.0830824681569453
0.5475746366837442
0.5521164419199802
0.6166184544116389
0.571269029288493
0.5532534490373917
0.5685383677667127
0.5521164408436091
0.657670420160148
0.5264817171110088
0.5137478099787494
0.5127912232346263
1.0525672375106205
0.5455376370248444
0.9872017569051477
1.0302440317655357
0.525134483349241
0.4984865051587385
0.9767457619993188
0.46211035709021864
0.564492576453465
0.5989908874267567
0.69873896185385
0.5685383694229376
0.577927581845422
0.526518801109459
0.6166184562688294
0.5442956895891857
0.5001885137791574
0.46597206524971213
0.4659720648800465
0.9872017569051476
0.5265128070814804
1.0525672375106205
0.9767457618319025
0.5251344815675948
0.4621103572340297
1.0302440317655357
0.49848650587337473
1.034488436894348
0.5127912256549936
0.6987389611688313
0.5989908897380671
0.5443908532664734
0.5898059072218725
0.561990078235533
0.5441873886826218
0.553253449341887
0.5790998649043496
0.5232473776266511
0.5265128053143395
0.5500557591909945
0.545537635314687
0.5265128078646107
0.49941242097611127
0.46597206545973796
0.5500557566558466
0.5171606708262403
0.46211035801844713
0.5232473753645328
0.4492158343317743
0.5725335839983006
0.5001885136470453
0.595599039643153
0.9767457618319026
0.5790998642384679
0.5611612297590697
0.5593714260103261
0.5442956897318103
0.5428412749400756
0.5120235408183298
0.5137478090656118
0.5134522710582332
0.5725335798790392
1.0344884368943483
0.5455376371142124
0.5210415135223609
0.6759782609768121
0.5127912253692366
0.5486515168800754
0.4994124201486493
0.4984865068870411
0.5288132593488616
0.976745761999319
0.5779275815429659
1.0302440264607693
0.5521164416119886
0.5115559041168023
0.5392076327748208
0.5251344874921585
0.5441873878290691
0.5227056469476975
0.5725335826296587
0.5265188016620894
0.526518801109459
0.5251344815675948
0.657670420160148
0.525134483349241
0.5535627614695593
0.5134522701901917
0.5475746394709496
0.512023542387172
0.5673019290665919
0.5725335791519196
0.6759782588735923
0.5251344861187592
0.5392076322808308
0.5441873886826218
0.561990077714879
0.5251344861187592
1.0302440264607693
0.561990077714879
0.5455376371142124
0.6759782588735923
0.5779275815429659
0.5127912253692366
0.5392076322808308
0.5521164416119886
0.6759782609768121
0.9872017569051479
0.5521164418261169
1.0830824681569453
0.5779275813803813
0.5619900803509339
1.0344884368943483
0.5725335791519196
0.976745761999319
0.5725335798790392
0.5210415135223609
1.009735190111313
0.5265128094067004
0.5288132597179592
0.5475746399036466
0.4994124218450763
0.5441873900825254
0.5115559042374676
0.5210415142889925
0.5265188020442176
0.512791223924048
0.6987389611688313
0.4908983280020892
0.5779275816703201
0.5644925778673457
0.5264817171110088
0.5685383677667127
0.6166184544116389
0.5521164408436091
0.5955990393754573
0.564492576453465
0.5779275813803813
0.7574919992958764
0.5532534490373917
0.548651515941078
0.5500557581583101
0.4659720651518858
0.5134522747291062
0.5055639197303393
0.5790998634755107
0.5171606710883065
0.5127912232346263
0.5265188015595962
0.5955990389961909
0.571269029288493
0.4908983238425131
0.44921583274959254
0.4621103585693327
0.5001885136007009
0.5442956881715557
0.5593714294766163
0.5001885137791574
0.5442956897318103
0.5688414023814491
0.49746557918653445
0.5535627619017458
0.987201756905148
0.5898059061095654
0.5535627614695593
0.4994124236221744
0.5685383681926851
0.595599039643153
0.5227056492086037
0.5685383658554541
0.5392076327748208
1.265053686887477
0.5611612283904003
0.9872017569051479
0.5955990393754573
0.5535627619017458
0.9767457618319026
0.5455376391450009
1.0525672375106205
0.5251344874921585
0.5265128078646107
0.987201756905148
0.5955990393754573
0.44921583363137463
0.5712690294497125
0.5171606710883065
0.5265188020442176
0.5428412752684545
0.512791223924048
0.976745761999319
0.5210415142889925
1.009735190111313
0.5725335791519196
0.5725335798790392
0.9767457618319026
1.0344884368943483
0.548651515941078
0.5428412752684545
0.5107892105174552
0.5989908844238078
0.5120235461858836
0.5232473776266511
0.5611612297590697
0.48905504671013766
0.5332223796424755
0.5688413989336358
0.5120235449752004
0.498486507875892
0.553253451961694
0.510789209615642
0.577927581845422
0.6166184562688294
0.5332223826968752
0.5955990385099765
0.5264817190368744
0.5127912256549936
0.5611612283904003
0.7574919987510469
0.5521164418261169
0.564492576453465
0.4908983241176824
0.5688414023814491
0.5593714294766163
0.4621103585693327
0.5001885137791574
0.49746557847743944
0.5442956881715557
0.5232473766260561
0.5521164419199802
0.6576704192236059
0.5685383694229376
0.5712690312596307
0.553253449341887
0.5001885136007009
0.4890550457430115
0.5134522746763859
0.5137478090367773
0.5500557591909945
0.4492158330918118
0.5790998642384679
0.5688413989336358
0.5055639185160805
0.4974655772545182
0.544295687991382
0.5001885138267692
0.5442956895891857
0.46211035709021864
0.5593714260103261
0.5972873575201296
0.4621103572340297
0.5972873540690772
0.5428412749400756
0.4908983278966431
0.5712690317270294
0.526518801109459
0.5171606708262403
0.595599039643153
0.46211035801844713
0.5264817171110088
0.5486515168800754
0.4974655770379185
0.5685383658554541
1.0525672375106205
0.5989908844238078
0.5898059038493274
0.550055756425966
0.5989908832859988
0.5712690317270294
0.5265188015595962
0.5712690294497125
0.5441873895490932
0.987201756905148
0.5442956881715557
1.009735190111313
0.5790998634755107
0.5475746399036466
1.009735190111313
0.5779275813803813
0.9872017569051479
0.5619900803509339
0.5475746394709496
1.0830824681569453
0.5685383681926851
0.5001885138267692
0.5712690317270294
0.5232473742296229
0.6576704192236059
0.5137478090367773
0.5521164418261169
1.0525672375106205
0.512791223924048
0.987201756905148
0.5455376391450009
0.5251344874921585
1.0302440264607693
0.9767457618319026
0.498486507875892
0.5712690294497125
0.6166184544116389
0.5685383658554541
0.5532534516571985
0.657670420160148
0.5521164416119886
0.5137478090656118
0.5264817190368744
0.46211035801844713
0.9872017569051479
0.4659720651518858
1.0525672375106205
0.5265128094067004
0.5251344861187592
0.976745761999319
1.0302440264607693
0.4621103585693327
1.0344884368943483
0.4984865068870411
0.5989908832859988
0.5644925778673457
0.5685383681926851
0.69873896185385
0.5265188016620894
0.5779275815429659
0.5442956897318103
0.6166184562688294
0.46597206545973796
0.5001885136470453
0.5127912253692366
0.5232473776266511
0.48905504671013766
0.6421971526718981
0.5184931006995784
0.545537635314687
0.5107892098890262
0.4974655770379185
0.5265128053143395
0.5055639221627362
0.5210415169681506
0.5428412752684545
0.553253449341887
0.5115559042374676
0.4908983238425131
0.5014202748673775
0.5688413989336358
0.5500557591909945
0.4890550457430115
0.4492158330918118
0.518616444044155
0.5137478090367773
0.5120235461858836
0.561990078235533
0.5673019355746857
0.5535627601882211
0.5475746366837442
0.7838017270281437
0.5134522746763859
0.4984865068870411
0.5441873886826218
0.5115559041168023
0.4994124201486493
0.5288132593488616
0.5475746394709496
0.5486515168800754
0.5014202786553583
0.5332223796424755
0.5989908897380671
0.5107892107908393
0.5611612303791644
0.49848650587337473
0.512023542387172
0.5240482931695396
0.5428412767301647
0.49746557847743944
0.5611612297590697
0.5443908532664734
0.5898059038493274
0.5227056469476975
0.49941242097611127
0.5535627614695593
0.46597206545973796
0.4908983280020892
0.5210415135223609
0.5184931006995784
0.5240482941717359
0.5790998649043496
0.5055639209484772
0.46597206524971213
0.548651516996959
0.5134522701901917
0.5972873540690772
0.5137478110714153
0.518616444044155
0.5688414018919336
0.4492158343317743
0.5989908844238078
0.6987389611688313
0.5898059061095654
0.5443908499664288
0.5441873878290691
0.561990077714879
0.5790998642384679
0.553253451961694
0.5265128078646107
0.5232473753645328
0.5455376371142124
0.5500557566558466
0.5227056492086037
0.5455376391450009
0.5443908499664288
0.5443908532664734
0.5455376370248444
0.69873896185385
0.4908983278966431
0.5535627615851579
0.5532534516571985
0.5619900812673176
0.5535627619017458
0.4908983241176824
0.5619900803509339
0.5532534490373917
0.7838017249884881
0.5210415142889925
0.4994124218450763
0.5265128094067004
0.5441873900825254
0.5014202786553583
0.5475746399036466
0.4994124236221744
0.5210415175879497
0.5441873895490932
0.5265128070814804
0.5475746369650989
0.5014202748673775
0.5288132597179592
0.4659720651518858
0.44921583274959254
0.5790998634755107
0.5500557581583101
0.5134522747291062
0.5137478090656118
0.548651515941078
0.5186164443058162
0.44921583363137463
0.4659720648800465
0.550055756425966
0.5790998640924985
0.5137478099787494
0.5134522710582332
0.5186164443058162
0.5486515176283224
0.5972873575201296
0.5611612283904003
0.5184931009144685
0.5989908832859988
0.5232473766260561
0.5120235449752004
0.5428412749400756
0.498486507875892
0.4974655772545182
0.5688414023814491
0.5240482941717359
0.5184931009144685
0.5611612292588847
0.5232473742296229
0.5989908874267567
0.5428412760211703
0.5120235408183298
0.49746557918653445
0.4984865051587385
0.5240482931695396
0.568841405377296
0.5332223826968752
0.5898059061095654
0.5107892107908393
0.5898059038493274
0.6421971529674957
0.5673019355746857
0.5115559041168023
0.5115559042374676
0.5055639209484772
0.48905504671013766
0.5055639221627362
0.4890550457430115
0.5107892098890262
0.5107892105174552
0.5898059072218725
0.6421971529674957
0.589805907060889
0.5115559007603496
0.5673019290665919
0.5055639185160805
0.5115559003983317
0.5055639197303393
0.48905504580896825
0.510789209615642
0.4890550431383173
0.6421971526718981
