0.08495028727472839
0.08495028727472839
0.08287443903440461
0.08287443903440461
0.08663385434854756
0.08581379317330551
0.080007884439418
0.08287443903440461
0.1663609699854108
0.08581379317330551
0.08663385434854756
0.16636097268929645
0.08287443903440461
0.080007884439418
0.08581379317330551
0.08581379317330551
0.08000788429503955
0.08000788429503955
0.08287443939286332
0.08287443939286332
0.09849266101517176
0.16636097268929645
0.08607692104046605
0.08495028727472839
0.09849266101517176
0.08663385434854756
0.08287443903440461
0.08607692104046605
0.080007884439418
0.08495028727472839
0.1488399853577738
0.1067670389406281
0.14883998535777382
0.09050244470722055
0.08163103816496725
0.09849266101517176
0.09849266101517176
0.08495028727472839
0.08607692104046605
0.1663609699854108
0.08663385434854756
0.1067670389406281
0.14883998806165946
0.09050244470722055
0.14883998806165946
0.08607692104046605
0.08287443903440461
0.08495028727472839
0.080007884439418
0.08163103816496725
0.13160360635103566
0.13160360635103566
0.10282343831808274
0.10282343831808274
0.11194450554228176
0.11194450554228176
0.11176207710329389
0.14962842168641632
0.09729299259578478
0.11194450554228176
0.09849266065866683
0.10510334059720627
0.1067670389406281
0.10282343822366463
0.10510334073034706
0.13160360635103566
0.16365328316249014
0.0905024446874555
0.1496284216864163
0.10676703880748732
0.11194450556204681
0.14883998535777382
0.10282343822366463
0.15719000113182485
0.10282343831808274
0.08607692104046605
0.16365328316249014
0.11194450556204681
0.08495028749078604
0.09729299250217407
0.08607692152353817
0.11194450556204681
0.08163103816496725
0.08607692152353816
0.11176207710329389
0.09849266065866683
0.11194450554228176
0.09729299259578478
0.14962842168641632
0.10510334059720627
0.0905024446874555
0.1636532804586045
0.10676703880748732
0.1496284216864163
0.10282343822366463
0.1067670389406281
0.13160360635103566
0.10510334073034706
0.11194450556204681
0.08495028749078604
0.11194450556204681
0.08607692152353816
0.09729299250217407
0.08163103816496725
0.11194450556204681
0.10282343822366463
0.14883998806165946
0.10282343831808274
0.15719000113182485
0.1636532804586045
0.08607692104046605
0.08607692152353817
0.0905024446874555
0.0905024446874555
0.10510334059720627
0.10510334059720627
0.1067670389406281
0.1067670389406281
0.08000788429503955
0.08000788429503955
0.09729299250217407
0.1496284216864163
0.08163103816496725
0.09729299259578478
0.08495028749078604
0.0905024446874555
0.10510334059720627
0.08607692152353817
0.10676703880748732
0.09849266065866683
0.15719000113182485
0.08000788429503955
0.1488399853577738
0.08663385432878251
0.08607692152353816
0.14962842168641632
0.11194450556204681
0.16365328316249014
0.11176207710329389
0.11194450554228176
0.16365328316249014
0.10510334073034706
0.08287443939286332
0.09050244470722055
0.08663385432878251
0.10676703880748732
0.080007884439418
0.10676703880748732
0.1496284216864163
0.08495028749078604
0.14962842168641632
0.09849266065866683
0.13160360635103566
0.14883998535777382
0.1488399853577738
0.08287443939286332
0.09729299259578478
0.08163103816496725
0.11194450554228176
0.09729299259578478
0.11194450554228176
0.08607692104046605
0.08163103816496725
0.080007884439418
0.08287443903440461
0.09729299250217407
0.08495028749078604
0.09729299259578478
0.08163103816496725
0.1496284216864163
0.0905024446874555
0.08000788429503955
0.15719000113182485
0.08663385432878251
0.14883998806165946
0.08607692152353816
0.10510334059720627
0.09849266065866683
0.10676703880748732
0.08607692152353817
0.08287443939286332
0.10510334073034706
0.08663385432878251
0.09050244470722055
0.080007884439418
0.10676703880748732
0.11194450556204681
0.14962842168641632
0.11176207710329389
0.1636532804586045
0.1636532804586045
0.11194450554228176
0.10676703880748732
0.08163103816496725
0.09729299259578478
0.09729299259578478
0.11194450554228176
0.08607692104046605
0.11194450554228176
0.080007884439418
0.08163103816496725
0.08495028749078604
0.1496284216864163
0.09849266065866683
0.14962842168641632
0.14883998806165946
0.13160360635103566
0.08287443939286332
0.14883998806165946
0.08287443903440461
0.09729299250217407
0.09729299250217407
0.11176207710329389
0.11176207710329389
0.10282343831808274
0.10282343831808274
0.09050244470722055
0.09050244470722055
0.08495028727472839
0.08495028727472839
0.09050244470722055
0.1488399853577738
0.080007884439418
0.08163103816496725
0.08287443939286332
0.08000788429503955
0.0905024446874555
0.08663385432878251
0.08663385432878251
0.08495028749078604
0.14883998535777382
0.08581379317330551
0.16636097268929645
0.08287443939286332
0.08495028749078604
0.1496284216864163
0.10510334073034706
0.15719000113182485
0.09729299250217407
0.09729299259578478
0.14962842168641632
0.1067670389406281
0.08581379317330551
0.08663385434854756
0.08000788429503955
0.0905024446874555
0.08287443903440461
0.10510334059720627
0.16365328316249014
0.08663385432878251
0.15719000113182485
0.08607692152353816
0.10282343822366463
0.1488399853577738
0.15719000113182485
0.08000788429503955
0.11176207710329389
0.09050244470722055
0.10282343831808274
0.09729299250217407
0.11176207710329389
0.09849266101517176
0.09729299250217407
0.08663385434854756
0.08663385434854756
0.14962842168641632
0.08287443939286332
0.14883998535777382
0.08495028749078604
0.09849266065866683
0.16636097268929645
0.1496284216864163
0.08581379317330551
0.16636097268929645
0.08495028727472839
0.11194450556204681
0.10510334073034706
0.10282343822366463
0.11194450556204681
0.10282343822366463
0.13160360635103566
0.10510334073034706
0.1067670389406281
0.08607692104046605
0.09849266101517176
0.09849266101517176
0.09050244470722055
0.08287443939286332
0.08163103816496725
0.080007884439418
0.14883998806165946
0.08000788429503955
0.08581379317330551
0.14883998806165946
0.08287443939286332
0.1663609699854108
0.08663385432878251
0.0905024446874555
0.08495028749078604
0.08663385432878251
0.08495028749078604
0.08581379317330551
0.1067670389406281
0.08000788429503955
0.08663385434854756
0.08287443903440461
0.0905024446874555
0.10510334073034706
0.1496284216864163
0.09729299250217407
0.15719000113182485
0.14962842168641632
0.09729299259578478
0.10510334059720627
0.09050244470722055
0.11176207710329389
0.09729299250217407
0.10282343831808274
0.09849266101517176
0.11176207710329389
0.08663385434854756
0.09729299250217407
0.08663385432878251
0.1636532804586045
0.08607692152353817
0.15719000113182485
0.14883998806165946
0.10282343822366463
0.08000788429503955
0.15719000113182485
0.08663385434854756
0.10510334073034706
0.11194450556204681
0.11194450556204681
0.10282343822366463
0.13160360635103566
0.10282343822366463
0.1067670389406281
0.10510334073034706
0.09849266101517176
0.08607692104046605
0.08287443939286332
0.14962842168641632
0.08495028749078604
0.14883998806165946
0.1663609699854108
0.09849266065866683
0.08581379317330551
0.1496284216864163
0.08495028727472839
0.1663609699854108
0.09849266101517176
0.10676703880748732
0.10676703880748732
0.08607692152353816
0.08607692152353817
0.09849266065866683
0.09849266065866683
0.10510334059720627
0.10510334059720627
0.10282343831808274
0.10282343831808274
0.13160360635103566
0.13160360635103566
0.10282343831808274
0.13160360635103566
0.08607692104046605
0.11194450554228176
0.14883998806165946
0.1067670389406281
0.10510334059720627
0.15719000113182485
0.10510334073034706
0.14962842168641632
0.10282343831808274
0.08663385434854756
0.09849266101517176
0.09050244470722055
0.09729299250217407
0.09849266065866683
0.10282343822366463
0.10282343822366463
0.11176207710329389
0.09729299259578478
0.11176207710329389
0.13160360635103566
0.1663609699854108
0.09849266101517176
0.14883998806165946
0.1496284216864163
0.08495028727472839
0.09849266065866683
0.10676703880748732
0.08663385432878251
0.10510334073034706
0.10676703880748732
0.10510334073034706
0.09050244470722055
0.08663385432878251
0.08287443939286332
0.09849266065866683
0.14883998806165946
0.13160360635103566
0.1496284216864163
0.14962842168641632
0.09849266101517176
0.08495028749078604
0.1663609699854108
0.08581379317330551
0.10510334059720627
0.08000788429503955
0.1067670389406281
0.0905024446874555
0.10510334059720627
0.08663385434854756
0.0905024446874555
0.08581379317330551
0.08581379317330551
0.08287443903440461
0.08607692152353817
0.15719000113182485
0.10282343822366463
0.1636532804586045
0.15719000113182485
0.10282343831808274
0.08663385432878251
0.14883998806165946
0.080007884439418
0.1663609699854108
0.08663385434854756
0.11194450554228176
0.080007884439418
0.08607692104046605
0.08163103816496725
0.09729299259578478
0.08495028727472839
0.09729299259578478
0.08287443903440461
0.080007884439418
0.08495028727472839
0.08287443903440461
0.08607692104046605
0.10676703880748732
0.1636532804586045
0.11194450556204681
0.1636532804586045
0.1496284216864163
0.11176207710329389
0.0905024446874555
0.14962842168641632
0.09050244470722055
0.14883998806165946
0.1067670389406281
0.14883998806165946
0.11194450554228176
0.10282343831808274
0.14883998535777382
0.11194450554228176
0.08607692104046605
0.13160360635103566
0.1067670389406281
0.08663385434854756
0.10282343831808274
0.09050244470722055
0.09849266101517176
0.15719000113182485
0.10510334059720627
0.14962842168641632
0.10510334073034706
0.09729299250217407
0.16636097268929645
0.13160360635103566
0.1488399853577738
0.09849266101517176
0.08495028727472839
0.1496284216864163
0.10282343822366463
0.09849266065866683
0.11176207710329389
0.10282343822366463
0.11176207710329389
0.09729299259578478
0.09849266065866683
0.1488399853577738
0.09849266065866683
0.1496284216864163
0.13160360635103566
0.09849266101517176
0.14962842168641632
0.16636097268929645
0.08495028749078604
0.08663385432878251
0.10676703880748732
0.10676703880748732
0.10510334073034706
0.09050244470722055
0.10510334073034706
0.08287443939286332
0.08663385432878251
0.08581379317330551
0.15719000113182485
0.08607692152353816
0.16365328316249014
0.10282343822366463
0.10282343831808274
0.15719000113182485
0.14883998535777382
0.08663385432878251
0.16636097268929645
0.080007884439418
0.08000788429503955
0.10510334059720627
0.0905024446874555
0.1067670389406281
0.08663385434854756
0.10510334059720627
0.08581379317330551
0.0905024446874555
0.08287443903440461
0.08581379317330551
0.08663385434854756
0.16365328316249014
0.10676703880748732
0.16365328316249014
0.11194450556204681
0.11176207710329389
0.1496284216864163
0.14962842168641632
0.0905024446874555
0.14883998535777382
0.09050244470722055
0.1488399853577738
0.1067670389406281
0.080007884439418
0.11194450554228176
0.08163103816496725
0.08607692104046605
0.08495028727472839
0.09729299259578478
0.08287443903440461
0.09729299259578478
0.08495028727472839
0.080007884439418
0.08607692104046605
0.08287443903440461
0.11194450554228176
0.08607692152353816
0.08607692152353817
0.11194450556204681
0.11194450556204681
0.09729299250217407
0.09729299250217407
0.08495028749078604
0.08495028749078604
0.08287443939286332
0.08287443939286332
0.08000788429503955
0.08000788429503955
0.08163103816496725
0.08163103816496725
