0.06371366371901922
0.06486707832474971
0.05543087606682752
0.05658429215360601
0.04714808989568382
0.09317511985611174
0.01768037564623139
0.01768037564623139
0.01768037564623139
0.020682796615905677
0.03840178504497156
0.01768037564623139
0.020682796615905677
0.020682796615905677
0.035399364075297264
0.020682796615905677
0.020682796615905677
0.020682796615905677
0.03840178504497156
0.038326677767241524
0.035399364075297264
0.038326677767241524
0.01768037564623139
0.01768037564623139
0.01768037564623139
0.01768037564623139
0.038940411002270164
0.018295165775711265
0.00885896351778908
0.038940411002270164
0.018295165775711265
0.00885896351778908
0.029504208744347987
0.038940411002270164
0.038940411002270164
0.029504208744347987
0.038940411002270164
0.00885896351778908
0.00885896351778908
0.03778699491549169
0.03778699491549169
0.017141749688932773
0.017141749688932773
0.03778699491549169
0.03778699491549169
0.0885147445209829
0.04722319717341386
