0.38703015428419896
0.4285622249352765
0.30662177479341446
0.30662177479341446
0.42856222393228766
0.30003879461854244
0.30003879461854244
0.41677641338188276
0.3000387943651513
0.42856222393228766
0.4167764134575964
0.30003879461854244
0.4285622249352765
0.3000387943651513
0.30662177527160117
0.4285622249352765
0.5046899139307414
0.4167764134575964
0.38703015428419896
0.30662177479341446
0.5844135280248708
0.5046899139307414
0.42856222393228766
0.38703015428419896
0.41677641338188276
0.5844135269521815
0.30662177479341446
0.5046899136577732
0.5844135280248708
0.3870301545741738
0.5612591662155654
0.5046899136577732
0.5046899139307414
0.5844135280248708
0.4167764134575964
0.30662177527160117
0.3870301545741738
0.5844135269521815
0.5046899136577732
0.5612591663462589
0.5844135269521815
0.5046899139307414
0.30662177527160117
0.41677641338188276
0.30003879461854244
0.5612591662155654
0.30662177527160117
0.5844135280248708
0.3870301545741738
0.5046899136577732
0.4167764134575964
0.5844135280248708
0.3000387943651513
0.4285622249352765
0.30662177479341446
0.30662177527160117
0.5612591663462589
0.3870301545741738
0.5844135269521815
0.41677641338188276
0.5046899136577732
0.3000387943651513
0.5844135269521815
0.30662177479341446
0.42856222393228766
0.38703015428419896
0.5844135280248708
0.3000387943651513
0.4167764134575964
0.30662177527160117
0.3870301545741738
0.4285622249352765
0.5612591662155654
0.30003879461854244
0.4167764134575964
0.38703015428419896
0.4285622249352765
0.5046899139307414
0.3000387943651513
0.5844135269521815
0.30662177527160117
0.41677641338188276
0.42856222393228766
0.3870301545741738
0.30003879461854244
0.5612591663462589
0.38703015428419896
0.41677641338188276
0.5046899139307414
0.42856222393228766
0.5046899136577732
0.5046899136577732
0.41677641338188276
0.5046899139307414
0.5844135269521815
0.5612591663462589
0.38703015428419896
0.3870301545741738
0.42856222393228766
0.3000387943651513
0.42856222393228766
0.30003879461854244
0.41677641338188276
0.30662177479341446
0.5844135269521815
0.4167764134575964
0.5046899136577732
0.5844135280248708
0.5046899139307414
0.38703015428419896
0.5612591662155654
0.4285622249352765
0.3870301545741738
0.4285622249352765
0.3000387943651513
0.4167764134575964
0.30003879461854244
0.5844135280248708
0.30662177479341446
0.30662177527160117
