0.40361810603928916
0.4009212912982577
0.44899405976594486
0.4787823611983095
0.45221981617033974
0.4489940596290756
0.4009212897776386
0.45221981318749993
0.4787823611983095
0.42520373142995604
0.4522198164686213
0.4232432501589484
0.423243251081639
0.45221981948901024
0.4787823644206512
0.41227005208794326
0.4017928140243856
0.4489940596290756
0.3586182260393402
0.3586182248661294
0.45221981318749993
0.39492794310093726
0.40361810603928916
0.41227005555113616
0.4009212897776386
0.4138908578863104
0.7967809635848724
0.36269529034761155
0.3921657403661095
0.3912646109459982
0.3681675655928779
0.38825892625380864
0.4078139355594178
0.3882589273973336
0.3939003578784035
0.4017928140243856
0.41227005555113616
0.3586182248661294
0.44899405976594486
0.4138908581678532
0.3912646110282997
0.39216573934337906
0.36269529012304474
0.7967809635848724
0.36816756465102896
0.3586182260393402
0.41227005208794326
0.40361810603928916
0.39492794310093726
0.45221981617033974
0.4009212912982577
0.4078139352672299
0.38825892361580244
0.3939003553961961
0.38825892646285204
0.5534932073103151
0.4606745213923568
0.39924320313830497
0.39924320233361327
0.46067452555080063
0.39800349865870965
0.4352867360979843
0.4402168920074841
0.4084051269389793
0.41690001176999275
0.44021689382155027
0.43528673361264697
0.41690001437061613
0.40840512465659934
0.5045175276528402
0.42378625909095824
0.42401026777863005
0.44941180166871064
0.4025920941997856
0.41878146571713404
0.4201440845607838
0.38298914239555104
0.43528673361264697
0.46067452408719256
0.44208605670230317
0.45049619518341366
0.7772877802577867
0.40387754477368126
0.45836067523941915
0.39126461101206933
0.4201440831930092
0.45836067379558665
0.4084051233390541
0.4494118009332617
0.435286733461584
0.4208216435765514
0.7745308330891121
0.41443570338350355
0.41690001437061613
0.44759428665002415
0.450530268442487
0.36269529034761155
0.40846686970684537
0.4005561402314728
0.39924320313830497
0.8041037169179005
0.4414014723309443
0.7800305215059996
0.4414014701229624
0.4619903251959843
0.42401026938850045
0.4323302973039617
0.3947507854499834
0.44522878526379295
0.41227005615755297
0.37257805822352097
0.5377578185965451
0.41690001323846326
0.4437989093054821
0.44021689365938105
0.4619903251959843
0.3939003564256699
0.3944028676813167
0.4078139367660857
0.5045175277684125
0.4402168957940785
0.3992432059214032
0.41443570382683237
0.40846687210893606
0.4452287885626347
0.46199032758332587
0.42401026858237234
0.4237862562473066
0.40259209870550383
0.44941180231815775
0.45049619475297675
0.39126461073619034
0.45836068059791424
0.4038775467502112
0.7772877749681595
0.4201440829952324
0.41878146519918114
0.46067452057027114
0.4352867360979843
0.38298914615126944
0.4201440844005562
0.4420860602286226
0.40840512575574905
0.45836067798058
0.4352867351441173
0.4494118015338149
0.4240102698721221
0.41227005284119245
0.4452287885626347
0.39475078921698314
0.43233029816106894
0.37257806193144516
0.39390035394346246
0.46199032843251875
0.40781393647389785
0.3944028642793748
0.41690001561403545
0.5377578185965451
0.4402168957940785
0.44379891193724336
0.5045175277684125
0.4208216393871661
0.44759428615076213
0.41690001176999275
0.4144357020480116
0.7745308332565282
0.4505302673237772
0.44140147357546117
0.8041037169179006
0.4414014720484856
0.7800305215059992
0.40846686970684537
0.36269529012304474
0.39924320233361327
0.40055614091619385
0.46199032843251875
0.39924320416707526
0.44021689365938105
0.40846687210893606
0.4144357034560908
0.4619903287206061
0.44522878526379295
0.5135801922966285
0.43434281845583694
0.4437989094646685
0.44379891209642974
0.4343428185320973
0.5998350637408072
0.48503419781653656
0.44140147357546117
0.4476981023979017
0.4518268898253838
0.4414014723309443
0.48503419781653656
0.4518268895531497
0.4476981038642418
0.5377578185965451
0.39216574118820824
0.40840512575574905
0.40055613889471636
0.3829891447925703
0.4078139352672299
0.45836067379558665
0.4084051233390541
0.39216573846199065
0.38298914067869294
0.400556139827827
0.45836067798058
0.4078139355594178
0.3949279432356533
0.3944028676813167
0.3947507854499834
0.40387754477368126
0.3939003564256699
0.37257805822352097
0.4201440831930092
0.4078139367660857
0.4025920941997856
0.41227005615755297
0.39126461101206933
0.4065031153358353
0.7745308332565283
0.38825892625380864
0.40650311577353127
0.40092128976840596
0.3681675660926481
0.40055613889471636
0.3949279432356533
0.3626952903539109
0.3586182253129277
0.4323302973039617
0.7772877802577867
0.4619903251959843
0.42378625909095824
0.42401026938850045
0.45049619518341366
0.44941180166871064
0.44522878526379295
0.45836067523941915
0.42401026777863005
0.7800305215059995
0.45836067379558665
0.8041037169179005
0.45049619302146493
0.46199032758332587
0.40259209511188304
0.4343428185417861
0.3939003578784035
0.3725780577440973
0.44899406035059725
0.4315003986946878
0.4476981023979017
0.36269529006753065
0.48503419617262844
0.4138908557500359
0.4005561402314728
0.423243251081639
0.3921657403661095
0.425203728492603
0.40781393647389785
0.45182688966496676
0.435286733461584
0.4414014701229624
0.4187814654527856
0.5377578183195834
0.45836067523941915
0.42378625956102084
0.8273722677911708
0.3944028675717243
0.4323302946070965
0.4017928140569303
0.43434281845583694
0.4518268895531497
0.39924320416707526
0.45182688966496676
0.5534932051395869
0.7800305215059996
0.39216574118820824
0.8006982679247368
0.41389085644367185
0.4402168957940785
0.8006982679247368
0.41690001561403545
0.7800305215059995
0.42082164206827977
0.44021689382155027
0.8041037169179005
0.4494118009332617
0.40361810635632306
0.403877545110781
0.35861822449789726
0.4352867351441173
0.3882589273973336
0.3626952903539109
0.4531686670050592
0.4323302946070965
0.5045175276528402
0.6475066266639135
0.3944028636870992
0.44379891209642974
0.4437989094646685
0.4619903287206061
0.5377578183195834
0.4323302950684743
0.41443570338350355
0.4078139352672299
0.44021689382155027
0.37257806183263686
0.4452287885626347
0.3944028675717243
0.5045175277684125
0.46199032758332587
0.4531686734846022
0.5045175276528402
0.4619903251959843
0.38298914239555104
0.38825892646285204
0.40840512465659934
0.406503117269193
0.45836068059791424
0.39492794310093726
0.4078139367660857
0.40387754477368126
0.39390035394346246
0.44941180166871064
0.40259209870550383
0.4352867360979843
0.36269529034761155
0.38825892625380864
0.4232432501589484
0.39475078921698314
0.3944028642793748
0.39390035394346246
0.4038775467502112
0.40650311645088155
0.4009212917815205
0.406503117269193
0.38825892361580244
0.774530833089112
0.36816756474372475
0.37257806193144516
0.41227005284119245
0.40259209870550383
0.40781393647389785
0.4201440829952324
0.39126461073619034
0.3949279432356533
0.400556139827827
0.35861822449789726
0.36269529006753065
0.40259209880228003
0.4489940586433672
0.37257806183263686
0.3939003553961961
0.43434281775580363
0.4315003967413082
0.4232432501589484
0.40055614091619385
0.425203728492603
0.39216573934337906
0.3626952903539109
0.4476981038642418
0.41389085644367185
0.48503419617262844
0.4078139367660857
0.43233029816106894
0.4240102698721221
0.4237862562473066
0.46199032843251875
0.7772877749681595
0.45049619475297675
0.45836067798058
0.780030521505999
0.45049619289720716
0.8041037169179006
0.4452287885626347
0.44941180231815775
0.42401026858237234
0.45836068059791424
0.4619903287206061
0.4352867351441173
0.4518268899246835
0.4187814659720846
0.4414014720484856
0.45836068059791424
0.5377578183195834
0.4531686734846022
0.3944028675717243
0.6475066266639135
0.5045175276528402
0.4323302950684743
0.4437989094646685
0.4078139355594178
0.4144357020480116
0.3725780577440973
0.4402168920074841
0.46199032758332587
0.44379891209642974
0.4323302946070965
0.5377578183195834
0.44522878526379295
0.3882589273973336
0.38298914615126944
0.40650311577353127
0.4084051269389793
0.39492794310093726
0.45836067523941915
0.5045175277684125
0.3944028636870992
0.4531686670050592
0.4619903287206061
0.46199032843251875
0.5045175276528402
0.40781393647389785
0.4237862565660268
0.4017928140569303
0.4323302950684743
0.3944028636870992
0.8273722677911708
0.4343428185320973
0.39216573846199065
0.7800305215059992
0.4138908557500359
0.8006982732143639
0.3992432059214032
0.4518268898253838
0.5534932051395869
0.4518268899246835
0.44021689365938105
0.40361810635632306
0.4494118015338149
0.3586182253129277
0.4038775459658105
0.38825892646285204
0.435286733461584
0.41690001323846326
0.8006982732143639
0.42082163747064755
0.780030521505999
0.8041037169179006
0.4402168920074841
0.36269529006753065
0.3939003564256699
0.4038775467502112
0.4025920941997856
0.44941180231815775
0.36269529012304474
0.43528673361264697
0.423243251081639
0.38825892361580244
0.6475066248804535
0.42378625956102084
0.4531686734846022
0.4531686670050592
0.4237862565660268
0.5135801922966285
0.38298914067869294
0.4144357034560908
0.4187814654527856
0.42082163747064755
0.41443570382683237
0.3829891447925703
0.42082164206827977
0.4187814659720846
0.40846687210893606
0.403877545110781
0.44379891193724336
0.45049619302146493
0.5135801932122557
0.40840512465659934
0.4414014701229624
0.4437989093054821
0.4038775459658105
0.5135801932122557
0.45049619289720716
0.4414014720484856
0.4084051269389793
0.48503419617262844
0.3944028676813167
0.39475078921698314
0.42378625909095824
0.42401026858237234
0.39924320233361327
0.41690001437061613
0.3921657403661095
0.3939003553961961
0.3947507854499834
0.3944028642793748
0.42401026777863005
0.4237862562473066
0.41690001176999275
0.39924320313830497
0.3939003578784035
0.39216573934337906
0.40361810603928916
0.3921657403661095
0.3939003578784035
0.38825892625380864
0.423243251081639
0.4315003986946878
0.3681675660926481
0.425203728492603
0.3939003564256699
0.44899406035059725
0.40092128976840596
0.3681675655928779
0.7967809635848724
0.45221981318749993
0.3882589273973336
0.4787823644206512
0.4522198164686213
0.39216574118820824
0.4009212917815205
0.4489940586433672
0.40361810635632306
0.4343428185417861
0.7745308332565283
0.4005561402314728
0.3944028676813167
0.40259209511188304
0.4065031153358353
0.40387754477368126
0.3725780577440973
0.40650311577353127
0.3947507854499834
0.8006982679247368
0.4201440845607838
0.7745308330891121
0.403877545110781
0.3944028675717243
0.3912646109459982
0.4138908578863104
0.4009212897776386
0.4078139355594178
0.45221981948901024
0.42520373142995604
0.48503419781653656
0.36816756474372475
0.4315003967413082
0.39216573846199065
0.36269529034761155
0.4787823611983095
0.4489940596290756
0.4232432501589484
0.39390035394346246
0.4518268895531497
0.44208605670230317
0.450530268442487
0.38298914067869294
0.4437989094646685
0.44941180166871064
0.45049619302146493
0.7800305215059995
0.40650311577353127
0.46199032758332587
0.3586182253129277
0.40055613889471636
0.4414014723309443
0.39800349887815945
0.4505302681163136
0.3992432059214032
0.8041037169179005
0.3681675660926481
0.7745308332565283
0.3626952903539109
0.41690001561403545
0.7800305215059996
0.4505302681163136
0.9373564908219654
0.41443570382683237
0.41443570338350355
0.7800305215059995
0.45836067379558665
0.40092128976840596
0.4065031153358353
0.3949279432356533
0.40840512575574905
0.38825892625380864
0.40055613889471636
0.5135801932122557
0.42082164206827977
0.4084051269389793
0.4531686734846022
0.4038775459658105
0.3829891447925703
0.5135801922966285
0.45049619289720716
0.4187814659720846
0.4237862565660268
0.4208216435765514
0.3912646110282997
0.4606745213923568
0.40259209880228003
0.4240102698721221
0.42378625956102084
0.4437989093054821
0.41443570382683237
0.6475066248804535
0.4531686670050592
0.4323302973039617
0.41878146571713404
0.36816756465102896
0.39800349865870965
0.40650311645088155
0.45049619475297675
0.3586182248661294
0.37257805822352097
0.45049619518341366
0.4315003967413082
0.450530268442487
0.37257806193144516
0.41878146519918114
0.4138908578863104
0.4065031153358353
0.42520373142995604
0.403877545110781
0.8006982679247368
0.3882589273973336
0.3944028675717243
0.40361810635632306
0.39216574118820824
0.43434281845583694
0.35861822449789726
0.41389085644367185
0.4017928140569303
0.7745308330891121
0.4522198164686213
0.7967809635848724
0.4489940586433672
0.41227005284119245
0.8273722677911708
0.4494118009332617
0.7800305215059996
0.42378625956102084
0.4323302946070965
0.7772877802577867
0.4201440845607838
0.4787823644206512
0.3681675655928779
0.4009212917815205
0.39126461073619034
0.45221981318749993
0.4201440831930092
0.7772877802577867
0.4489940586433672
0.7745308330891121
0.41227005284119245
0.46067452057027114
0.7967809635848724
0.7745308332565283
0.4522198164686213
0.42378625909095824
0.3939003553961961
0.41690001437061613
0.39475078921698314
0.42401026858237234
0.41227005208794326
0.3944028676813167
0.4009212912982577
0.4489940596290756
0.44379891193724336
0.41690001561403545
0.38298914615126944
0.5045175277684125
0.4494118015338149
0.40840512575574905
0.4084051233390541
0.4505302677515138
0.39800349887815945
0.41690001323846326
0.4402168957940785
0.4420860602286226
0.46067452057027114
0.4352867351441173
0.39924320416707526
0.4494118009332617
0.59983506400288
0.4505302681163136
0.4437989093054821
0.38298914239555104
0.45182688966496676
0.5377578185965451
0.4201440844005562
0.41878146519918114
0.45836067798058
0.44140147357546117
0.4352867360979843
0.4476981023979017
0.4619903251959843
0.37257806183263686
0.41443570338350355
0.4452287885626347
0.40846686970684537
0.44021689382155027
0.4005561402314728
0.4078139352672299
0.42401026938850045
0.43434281775580363
0.44759428665002415
0.43233029816106894
0.4208216393871661
0.5534932073103151
0.40259209511188304
0.4138908581678532
0.3586182260393402
0.4323302973039617
0.40259209880228003
0.4208216435765514
0.4240102698721221
0.44759428615076213
0.4606745213923568
0.4343428185417861
0.3912646110282997
0.41227005208794326
0.4017928140243856
0.3939003553961961
0.39216573934337906
0.4232432501589484
0.38825892361580244
0.36816756465102896
0.4787823644206512
0.38825892646285204
0.45221981617033974
0.7967809635848724
0.45221981948901024
0.4315003967413082
0.4489940586433672
0.39390035394346246
0.425203728492603
0.36816756474372475
0.4009212917815205
0.40092128976840596
0.39216573846199065
0.40361810635632306
0.44899406035059725
0.3912646110282997
0.4522198164686213
0.4078139352672299
0.4009212912982577
0.4138908581678532
0.42520373142995604
0.4787823611983095
0.36269529012304474
0.423243251081639
0.44899405976594486
0.3681675660926481
0.48503419781653656
0.39216574118820824
0.4315003986946878
0.3939003564256699
0.43434281775580363
0.40259209880228003
0.3944028642793748
0.40055614091619385
0.774530833089112
0.40650311645088155
0.4201440844005562
0.8006982732143639
0.4038775459658105
0.7745308332565282
0.37257806183263686
0.4038775467502112
0.39475078921698314
0.406503117269193
0.3944028636870992
0.4420860602286226
0.4518268898253838
0.3829891447925703
0.4505302673237772
0.44941180231815775
0.44379891209642974
0.5135801932122557
0.403877545110781
0.4531686670050592
0.40840512465659934
0.42082163747064755
0.38298914067869294
0.3912646109459982
0.4208216393871661
0.40259209511188304
0.46067452555080063
0.45049619302146493
0.5135801922966285
0.42378625956102084
0.4187814654527856
0.42401026938850045
0.3681675655928779
0.41878146519918114
0.4065031153358353
0.39800349865870965
0.3586182260393402
0.45049619518341366
0.44379891193724336
0.4237862565660268
0.6475066248804535
0.4144357034560908
0.43233029816106894
0.4531686734846022
0.37257806193144516
0.45049619289720716
0.35861822449789726
0.4619903287206061
0.406503117269193
0.780030521505999
0.400556139827827
0.36816756474372475
0.8041037169179006
0.36269529006753065
0.774530833089112
0.39800349887815945
0.44140147357546117
0.39924320416707526
0.4505302677515138
0.41690001323846326
0.4009212917815205
0.45836067798058
0.3949279432356533
0.40650311645088155
0.38825892361580244
0.4084051233390541
0.4505302677515138
0.7800305215059992
0.4144357034560908
0.9373564908219654
0.780030521505999
0.4144357020480116
0.400556139827827
0.4315003986946878
0.45049619475297675
0.37257805822352097
0.4505302673237772
0.4138908581678532
0.41878146571713404
0.42520373142995604
0.40650311645088155
0.4437989093054821
0.4494118009332617
0.5045175277684125
0.38298914239555104
0.41690001323846326
0.4084051233390541
0.44208605670230317
0.44021689365938105
0.435286733461584
0.46067452408719256
0.4505302681163136
0.40840512575574905
0.41690001561403545
0.39800349887815945
0.3992432059214032
0.4201440845607838
0.5377578185965451
0.45836067379558665
0.41878146571713404
0.43528673361264697
0.4414014723309443
0.59983506400288
0.4494118015338149
0.44379891193724336
0.4505302677515138
0.4518268899246835
0.38298914615126944
0.4476981038642418
0.4343428185417861
0.4240102698721221
0.4323302973039617
0.44759428615076213
0.5534932073103151
0.4208216435765514
0.4138908578863104
0.40259209880228003
0.3725780577440973
0.46199032843251875
0.44522878526379295
0.4144357020480116
0.4402168920074841
0.40846686970684537
0.4078139355594178
0.40055614091619385
0.3586182248661294
0.4038775459658105
0.40361810635632306
0.3944028636870992
0.38825892646285204
0.8006982732143639
0.39216573846199065
0.45221981948901024
0.7745308332565282
0.44899406035059725
0.7967809635848724
0.3586182253129277
0.4343428185320973
0.4017928140569303
0.4138908557500359
0.41227005615755297
0.4787823644206512
0.4201440844005562
0.40092128976840596
0.36816756465102896
0.45221981617033974
0.39126461101206933
0.4494118015338149
0.8273722677911708
0.4237862565660268
0.7800305215059992
0.7772877749681595
0.4323302950684743
0.4201440829952324
0.3939003578784035
0.4237862562473066
0.3947507854499834
0.41690001176999275
0.41227005555113616
0.42401026777863005
0.4009212897776386
0.3944028642793748
0.44899406035059725
0.7772877749681595
0.41227005615755297
0.7745308332565282
0.7967809635848724
0.46067452408719256
0.45221981948901024
0.774530833089112
0.44899405976594486
0.40259209511188304
0.43233029816106894
0.42401026938850045
0.4208216393871661
0.46067452555080063
0.44759428665002415
0.3912646109459982
0.43434281775580363
0.4017928140243856
0.41227005555113616
0.48503419617262844
0.3626952903539109
0.40781393647389785
0.4078139367660857
0.36269529006753065
0.3949279432356533
0.39126461101206933
0.4138908557500359
0.3586182253129277
0.41227005615755297
0.41389085644367185
0.39126461073619034
0.41227005284119245
0.35861822449789726
0.4017928140569303
0.4201440831930092
0.4476981023979017
0.40055613889471636
0.37257805822352097
0.4025920941997856
0.43434281845583694
0.4476981038642418
0.4201440829952324
0.37257806193144516
0.400556139827827
0.4343428185320973
0.40259209870550383
0.5998350637408072
0.4414014701229624
0.4187814659720846
0.41443570382683237
0.40846687210893606
0.44759428665002415
0.42082164206827977
0.450530268442487
0.3829891447925703
0.4187814654527856
0.4414014720484856
0.40846687210893606
0.4144357034560908
0.42082163747064755
0.44759428615076213
0.38298914067869294
0.4505302673237772
0.39800349865870965
0.45182688966496676
0.4352867351441173
0.4402168957940785
0.39924320416707526
0.5534932051395869
0.46067452057027114
0.4518268895531497
0.4420860602286226
0.4606745213923568
0.39924320233361327
0.435286733461584
0.4518268899246835
0.3992432059214032
0.44021689365938105
0.46067452408719256
0.5534932051395869
0.44208605670230317
0.4518268898253838
0.39924320313830497
0.46067452555080063
0.5534932073103151
0.39924320233361327
0.41690001176999275
0.4352867360979843
0.36269529012304474
0.4505302673237772
0.4420860602286226
0.40055614091619385
0.44941180231815775
0.7745308332565282
0.4201440844005562
0.39800349865870965
0.4606745213923568
0.3586182248661294
0.4084051269389793
0.36816756465102896
0.3912646110282997
0.3829891447925703
0.40650311645088155
0.40259209880228003
0.4038775459658105
0.44759428615076213
0.46067452057027114
0.40846686970684537
0.42401026858237234
0.4208216393871661
0.41878146519918114
0.40259209870550383
0.4144357020480116
0.38298914615126944
0.4237862562473066
0.42082164206827977
0.41878146571713404
0.4208216435765514
0.5135801932122557
0.4531686734846022
0.46067452555080063
0.5534932073103151
0.41227005555113616
0.4402168920074841
0.7967809635848724
0.4138908581678532
0.4518268898253838
0.774530833089112
0.43434281775580363
0.8006982732143639
0.39924320313830497
0.44899405976594486
0.4017928140243856
0.39216573934337906
0.3944028642793748
0.5534932051395869
0.46067452408719256
0.44759428665002415
0.42082163747064755
0.4323302950684743
0.42401026777863005
0.4187814654527856
0.45182688966496676
0.3725780577440973
0.5377578183195834
0.4138908557500359
0.4476981023979017
0.4476981038642418
0.4505302677515138
0.59983506400288
0.4518268899246835
0.4414014701229624
0.4315003986946878
0.4343428185417861
0.48503419617262844
0.44379891193724336
0.41389085644367185
0.39800349887815945
0.4505302681163136
0.4187814659720846
0.37257806183263686
0.45049619302146493
0.435286733461584
0.44899406035059725
0.40259209511188304
0.36269529006753065
0.4494118015338149
0.3939003578784035
0.3586182253129277
0.42082163747064755
0.5534932051395869
0.4402168920074841
0.4323302950684743
0.8006982732143639
0.4518268898253838
0.4343428185320973
0.780030521505999
0.4518268899246835
0.8273722677911708
0.44759428665002415
0.4138908581678532
0.5534932073103151
0.43434281775580363
0.43233029816106894
0.4017928140569303
0.41690001323846326
0.3992432059214032
0.4237862565660268
0.3944028636870992
0.42401026938850045
0.46067452408719256
0.7967809635848724
0.46067452555080063
0.774530833089112
0.7772877749681595
0.41227005555113616
0.41227005615755297
0.39126461101206933
0.36816756474372475
0.44208605670230317
0.4201440829952324
0.4201440844005562
0.3912646109459982
0.40092128976840596
0.45221981948901024
0.38298914067869294
0.4518268895531497
0.4078139355594178
0.4437989094646685
0.39216573846199065
0.48503419781653656
0.5998350637408072
0.400556139827827
0.4476981038642418
0.4343428185320973
0.450530268442487
0.42520373142995604
0.4138908578863104
0.4315003967413082
0.37257806193144516
0.43434281845583694
0.4084051233390541
0.4414014723309443
0.5135801922966285
0.44379891209642974
0.45049619518341366
0.44208605670230317
0.45221981948901024
0.3912646109459982
0.36816756474372475
0.4201440829952324
0.4009212897776386
0.39126461101206933
0.4201440831930092
0.4009212917815205
0.4201440845607838
0.39126461073619034
0.4420860602286226
0.3681675655928779
0.3681675660926481
0.4787823644206512
0.4025920941997856
0.38825892361580244
0.43528673361264697
0.4038775467502112
0.44941180231815775
0.3586182260393402
0.3939003564256699
0.45221981617033974
0.4787823611983095
0.4144357034560908
0.39924320416707526
0.4144357020480116
0.4619903287206061
0.7800305215059992
0.44140147357546117
0.400556139827827
0.9373564908219654
0.4505302677515138
0.780030521505999
0.40846687210893606
0.4505302673237772
0.44759428615076213
0.4414014720484856
0.4144357034560908
0.35861822449789726
0.4505302677515138
0.39800349887815945
0.45049619289720716
0.406503117269193
0.4187814654527856
0.44021689365938105
0.7745308332565282
0.4208216393871661
0.8041037169179006
0.7800305215059992
0.41690001176999275
0.4138908557500359
0.4078139367660857
0.406503117269193
0.38298914239555104
0.45836068059791424
0.40055614091619385
0.40840512465659934
0.425203728492603
0.38825892646285204
0.41227005615755297
0.774530833089112
0.46067452408719256
0.7772877749681595
0.7745308332565282
0.46067452555080063
0.44899406035059725
0.7967809635848724
0.45221981617033974
0.37257805822352097
0.40650311645088155
0.41878146571713404
0.45049619475297675
0.4505302673237772
0.39800349865870965
0.4315003986946878
0.36816756465102896
0.4009212912982577
0.44899405976594486
0.40840512465659934
0.44021689382155027
0.39492794310093726
0.5045175276528402
0.38825892646285204
0.4078139352672299
0.44379891209642974
0.406503117269193
0.37257806183263686
0.3944028636870992
0.41690001437061613
0.4009212912982577
0.41227005208794326
0.3939003553961961
0.39475078921698314
0.4323302946070965
0.38298914239555104
0.41443570338350355
0.4531686670050592
0.6475066266639135
0.42378625909095824
0.43528673361264697
0.45221981617033974
0.3586182260393402
0.38825892361580244
0.4038775467502112
0.40361810603928916
0.4025920941997856
0.45836067523941915
0.425203728492603
0.4005561402314728
0.40781393647389785
0.38298914615126944
0.3921657403661095
0.40650311577353127
0.423243251081639
0.42401026777863005
0.39216573934337906
0.39924320313830497
0.3944028642793748
0.4237862562473066
0.4017928140243856
0.3947507854499834
0.44899405976594486
0.4009212897776386
0.44941180166871064
0.4232432501589484
0.36269529034761155
0.39390035394346246
0.40259209870550383
0.4489940596290756
0.40387754477368126
0.4787823611983095
0.45221981318749993
0.40361810603928916
0.44522878526379295
0.40055614091619385
0.40846686970684537
0.46199032843251875
0.4144357020480116
0.39924320233361327
0.3725780577440973
0.36269529012304474
0.39492794310093726
0.41227005555113616
0.3586182248661294
0.4414014720484856
0.4352867351441173
0.46199032843251875
0.45836068059791424
0.8041037169179006
0.45836067798058
0.4201440829952324
0.7800305215059992
0.4494118015338149
0.7772877749681595
0.4187814659720846
0.45049619475297675
0.4240102698721221
0.45049619289720716
0.4237862565660268
0.39126461073619034
0.44140147357546117
0.40840512575574905
0.45049619475297675
0.4038775467502112
0.5135801922966285
0.4518268899246835
0.7772877749681595
0.43233029816106894
0.780030521505999
0.8273722677911708
0.4237862562473066
0.4343428185320973
0.48503419617262844
0.45049619289720716
0.4437989093054821
0.4414014720484856
0.43434281775580363
0.5135801932122557
0.4315003967413082
0.4038775459658105
0.4138908557500359
0.8041037169179006
0.44021689365938105
0.7800305215059992
0.8006982732143639
0.4208216393871661
0.39216573846199065
0.7745308332565282
0.36816756465102896
0.4476981023979017
0.45836067798058
0.5377578185965451
0.44140147357546117
0.4518268898253838
0.41878146519918114
0.48503419781653656
0.4201440844005562
0.3912646110282997
0.36269529012304474
0.36269529006753065
0.780030521505999
0.41690001323846326
0.8041037169179006
0.774530833089112
0.42082163747064755
0.36816756474372475
0.8006982732143639
0.39216573934337906
0.7967809635848724
0.4138908581678532
0.5377578183195834
0.45836068059791424
0.4452287885626347
0.4619903287206061
0.4323302950684743
0.42401026858237234
0.4437989094646685
0.44941180231815775
0.4084051269389793
0.41690001176999275
0.4352867360979843
0.4402168920074841
0.41690001437061613
0.39924320313830497
0.36269529034761155
0.43528673361264697
0.39800349865870965
0.3681675655928779
0.40840512465659934
0.3586182260393402
0.46067452555080063
0.3912646109459982
0.450530268442487
0.7745308330891121
0.44941180166871064
0.4005561402314728
0.44208605670230317
0.4201440845607838
0.4065031153358353
0.38298914067869294
0.403877545110781
0.40259209511188304
0.4606745213923568
0.7967809635848724
0.44021689382155027
0.41227005208794326
0.5534932073103151
0.4138908578863104
0.4489940596290756
0.39924320233361327
0.3921657403661095
0.4017928140243856
0.7745308332565283
0.4518268895531497
0.8006982679247368
0.4343428185417861
0.3944028676813167
0.44759428665002415
0.4208216435765514
0.42401026777863005
0.40846686970684537
0.46067452408719256
0.41878146571713404
0.41878146519918114
0.42082163747064755
0.5135801932122557
0.4208216393871661
0.41443570338350355
0.4025920941997856
0.42378625909095824
0.38298914239555104
0.4531686670050592
0.46067452057027114
0.5534932051395869
0.42082164206827977
0.44759428615076213
0.42401026858237234
0.4323302946070965
0.42082164206827977
0.8006982679247368
0.4323302946070965
0.44021689382155027
0.5534932051395869
0.4518268895531497
0.4138908578863104
0.44759428615076213
0.4343428185417861
0.5534932073103151
0.7800305215059995
0.43434281845583694
0.8273722677911708
0.45182688966496676
0.4323302973039617
0.7967809635848724
0.46067452057027114
0.7745308332565283
0.4606745213923568
0.41227005208794326
0.7772877802577867
0.41690001561403545
0.4017928140569303
0.42378625956102084
0.39924320416707526
0.4240102698721221
0.3944028675717243
0.41227005284119245
0.4187814659720846
0.41389085644367185
0.5377578183195834
0.37257806183263686
0.4518268899246835
0.4476981038642418
0.4315003967413082
0.4414014720484856
0.48503419617262844
0.43434281775580363
0.4505302681163136
0.4476981023979017
0.45182688966496676
0.59983506400288
0.4437989093054821
0.4489940586433672
0.4352867351441173
0.3626952903539109
0.40259209880228003
0.3939003553961961
0.4494118009332617
0.39800349887815945
0.4138908557500359
0.4187814654527856
0.4505302677515138
0.45049619289720716
0.3725780577440973
0.35861822449789726
0.3681675660926481
0.39126461073619034
0.4201440831930092
0.4420860602286226
0.3912646110282997
0.4201440845607838
0.4522198164686213
0.4009212917815205
0.41443570382683237
0.7800305215059996
0.46199032758332587
0.41443570338350355
0.3992432059214032
0.4414014723309443
0.450530268442487
0.40846687210893606
0.4414014701229624
0.44759428665002415
0.9373564908219654
0.40055613889471636
0.7800305215059995
0.4505302681163136
0.41443570382683237
0.7745308330891121
0.4402168957940785
0.8041037169179005
0.4208216435765514
0.41690001437061613
0.7800305215059996
0.4505302681163136
0.3586182253129277
0.45049619302146493
0.39800349887815945
0.4187814659720846
0.40650311577353127
0.41389085644367185
0.7745308332565283
0.41227005284119245
0.7772877802577867
0.46067452057027114
0.4606745213923568
0.7745308330891121
0.7967809635848724
0.4489940586433672
0.40650311577353127
0.40781393647389785
0.45836067523941915
0.38298914615126944
0.4084051269389793
0.4005561402314728
0.3882589273973336
0.425203728492603
0.45221981318749993
0.3829891447925703
0.39216574118820824
0.44379891209642974
0.4078139352672299
0.4518268898253838
0.48503419781653656
0.42520373142995604
0.4505302673237772
0.4315003986946878
0.4138908581678532
0.40055613889471636
0.5998350637408072
0.43434281845583694
0.4476981023979017
0.37257805822352097
0.4522198164686213
0.4420860602286226
0.3681675660926481
0.3912646110282997
0.4009212912982577
0.4201440831930092
0.40840512575574905
0.4343428185320973
0.5135801922966285
0.44140147357546117
0.45049619475297675
0.4437989094646685
0.39126461073619034
0.38825892625380864
0.40259209870550383
0.40387754477368126
0.4352867360979843
0.3586182248661294
0.44941180166871064
0.45221981318749993
0.39390035394346246
0.40092128976840596
0.4201440829952324
0.39126461101206933
0.4201440844005562
0.36816756465102896
0.44208605670230317
0.4787823644206512
0.36816756474372475
0.4787823611983095
0.4065031153358353
0.37257806193144516
0.45049619518341366
0.41878146519918114
0.39800349865870965
0.450530268442487
0.3681675655928779
0.4315003967413082
0.4489940596290756
0.4009212897776386
0.4414014701229624
0.8041037169179005
0.45836067523941915
0.4619903251959843
0.435286733461584
0.45836067379558665
0.45049619518341366
0.4187814654527856
0.45049619302146493
0.42401026938850045
0.7800305215059996
0.4201440831930092
0.7772877802577867
0.4494118009332617
0.42378625956102084
0.7772877802577867
0.45182688966496676
0.7800305215059995
0.4323302973039617
0.42378625909095824
0.8273722677911708
0.4414014723309443
0.39126461101206933
0.45049619518341366
0.4084051233390541
0.5135801922966285
0.40387754477368126
0.43434281845583694
0.8041037169179005
0.41389085644367185
0.7800305215059996
0.4402168957940785
0.4208216435765514
0.8006982679247368
0.7745308330891121
0.39216574118820824
0.45049619302146493
0.48503419617262844
0.4414014701229624
0.44379891193724336
0.5135801932122557
0.4343428185417861
0.403877545110781
0.4315003986946878
0.3681675655928779
0.7800305215059995
0.3626952903539109
0.8041037169179005
0.41690001561403545
0.42082164206827977
0.7745308332565283
0.8006982679247368
0.3681675660926481
0.7967809635848724
0.3921657403661095
0.45836067379558665
0.4476981038642418
0.4414014723309443
0.5377578185965451
0.41878146571713404
0.4518268895531497
0.4201440845607838
0.48503419781653656
0.36269529034761155
0.3912646109459982
0.4138908578863104
0.4084051269389793
0.3882589273973336
0.5045175276528402
0.39492794310093726
0.4402168920074841
0.4078139355594178
0.4009212897776386
0.41690001176999275
0.3939003578784035
0.41227005555113616
0.40650311577353127
0.4437989094646685
0.3944028675717243
0.3725780577440973
0.3947507854499834
0.45221981318749993
0.4352867360979843
0.38825892625380864
0.3586182248661294
0.40361810603928916
0.40387754477368126
0.38298914615126944
0.4323302950684743
0.4531686734846022
0.4144357020480116
0.4237862562473066
0.6475066266639135
0.40259209870550383
0.3921657403661095
0.42401026858237234
0.3944028676813167
0.39924320233361327
0.4017928140243856
0.42378625909095824
0.4489940596290756
0.39475078921698314
0.425203728492603
0.45836068059791424
0.4078139367660857
0.40055614091619385
0.39216573934337906
0.38298914239555104
0.4232432501589484
0.406503117269193
0.4009212912982577
0.4005561402314728
0.4452287885626347
0.4619903251959843
0.40846686970684537
0.39924320313830497
0.41443570338350355
0.36269529034761155
0.37257806183263686
0.41227005208794326
0.39492794310093726
0.423243251081639
0.44941180231815775
0.3939003564256699
0.36269529012304474
0.44899405976594486
0.4025920941997856
0.4787823611983095
0.4038775467502112
0.40361810603928916
0.45221981617033974
0.3586182260393402
0.45836067523941915
0.5377578183195834
0.46199032758332587
0.44522878526379295
0.42401026777863005
0.4323302946070965
0.44941180166871064
0.44379891209642974
0.41690001437061613
0.40840512465659934
0.44021689382155027
0.43528673361264697
0.40846687210893606
0.4402168957940785
0.44522878526379295
0.4452287885626347
0.44021689365938105
0.5377578185965451
0.37257806193144516
0.4144357034560908
0.44379891193724336
0.43233029816106894
0.41443570382683237
0.37257805822352097
0.4323302973039617
0.4437989093054821
0.6475066248804535
0.41227005284119245
0.39924320416707526
0.41690001561403545
0.4240102698721221
0.39475078921698314
0.42378625956102084
0.3992432059214032
0.41227005615755297
0.42401026938850045
0.41690001323846326
0.4237862565660268
0.3947507854499834
0.4017928140569303
0.3626952903539109
0.35861822449789726
0.4494118009332617
0.4352867351441173
0.40259209880228003
0.403877545110781
0.4489940586433672
0.40361810635632306
0.3586182253129277
0.36269529006753065
0.435286733461584
0.4494118015338149
0.4038775459658105
0.40259209511188304
0.40361810635632306
0.44899406035059725
0.4787823644206512
0.40055613889471636
0.3949279432356533
0.45836067379558665
0.40840512575574905
0.3829891447925703
0.4065031153358353
0.39216574118820824
0.40092128976840596
0.4522198164686213
0.423243251081639
0.3949279432356533
0.400556139827827
0.4084051233390541
0.45836067798058
0.40650311645088155
0.38298914067869294
0.4009212917815205
0.39216573846199065
0.4232432501589484
0.45221981948901024
0.42520373142995604
0.46199032758332587
0.4078139367660857
0.4619903251959843
0.5045175277684125
0.4531686734846022
0.3944028676813167
0.3944028675717243
0.3939003564256699
0.3882589273973336
0.3939003578784035
0.38825892625380864
0.4078139355594178
0.40781393647389785
0.4619903287206061
0.5045175277684125
0.46199032843251875
0.3944028642793748
0.4531686670050592
0.39390035394346246
0.3944028636870992
0.3939003553961961
0.38825892646285204
0.4078139352672299
0.38825892361580244
0.5045175276528402
