6
1.00000 0.00000 0.00000 
0.00000 1.00000 0.00000 
0.00000 0.00000 1.00000 

0.00000 0.00000 0.00000

0.00000 0.00000 1.00000 
1.00000 -0.00000 -0.00000 
0.00000 1.00000 0.00000 

-0.00000 0.00000 -0.00000

0.00000 1.00000 0.00000 
-0.00000 -0.00000 1.00000 
1.00000 -0.00000 -0.00000 

-0.00000 0.00000 0.00000

0.00000 1.00000 0.00000 
1.00000 0.00000 -0.00000 
0.00000 0.00000 1.00000 

0.50000 0.50000 -0.50000

0.00000 0.00000 1.00000 
-0.00000 1.00000 0.00000 
1.00000 -0.00000 -0.00000 

-0.50000 0.50000 0.50000

1.00000 0.00000 -0.00000 
0.00000 -0.00000 1.00000 
0.00000 1.00000 0.00000 

0.50000 -0.49999 0.50000

