0.21476855946120904
0.1007297682552143
0.1018831843419928
0.1086820690079428
0.09888182026676974
0.09772840417999125
0.09772840417999125
0.10267828396304546
0.1018831843419928
0.09888182026676974
0.1007297682552143
0.04731711572367907
0.04731711572367907
0.04120997386241142
0.04431575195678648
0.04431575195678648
0.03520618843570824
0.04731711572367907
0.038207552202600824
0.03520618843570824
0.045252976143065664
0.048254339909958255
0.038207552202600824
0.04431575195678648
0.04731711572367907
0.038207552202600824
0.048254339909958255
0.038207552202600824
0.04120997386241142
0.05437392781228187
0.04431575195678648
0.05437392781228187
0.04431575195678648
0.045252976143065664
0.03520618843570824
0.03520618843570824
0.04731711572367907
0.04431575195678648
0.04731711572367907
0.03726564230235115
0.03426427853545856
0.03426427853545856
0.03726564230235115
0.03799136019898014
0.034989996432087556
0.03426427853545856
0.03799136019898014
0.03726564230235115
0.034989996432087556
0.05415773580866119
0.06297196457213156
0.03426427853545856
0.03426427853545856
0.05415773580866119
0.06597332833902414
0.034989996432087556
0.034989996432087556
0.06597332833902414
0.04099378185879073
0.03726564230235115
0.03799136019898014
0.06297196457213156
0.04099378185879073
0.03726564230235115
0.03799136019898014
0.03726564230235115
0.03426427853545856
0.04934073970770704
0.03162175053811716
0.04516342788186692
0.04516342788186692
0.03727972012998428
0.04699302552827877
0.03162175053811716
0.01994157908995879
0.027825286841841435
0.04934073970770704
0.027825286841841435
0.01994157908995879
0.03727972012998428
0.04516342788186692
0.04588914577849591
0.04699302552827877
0.01994157908995879
0.03162175053811716
0.027825286841841435
0.027825286841841435
0.04934073970770704
0.01994157908995879
0.03727972012998428
0.04588914577849591
0.04516342788186692
0.03910931777639612
0.03910931777639612
0.047718743424907756
0.0668435362362736
0.01994157908995879
0.01994157908995879
0.03162175053811716
0.027825286841841435
0.027825286841841435
0.03727972012998428
0.03910931777639612
0.027825286841841435
0.027825286841841435
0.03162175053811716
0.01994157908995879
0.01994157908995879
0.0668435362362736
0.04588914577849591
0.03727972012998428
0.03727972012998428
0.04699302552827877
0.047718743424907756
0.03910931777639612
0.01994157908995879
0.04934073970770704
0.027825286841841435
0.027825286841841435
0.03162175053811716
0.01994157908995879
0.04516342788186692
0.047718743424907756
0.04699302552827877
0.03910931777639612
0.01994157908995879
0.027825286841841435
0.04934073970770704
0.027825286841841435
0.01994157908995879
0.03162175053811716
0.04516342788186692
0.03910931777639612
0.04699302552827877
0.04699302552827877
0.03162175053811716
0.04934073970770704
0.031405558534496475
0.027825286841841435
0.027825286841841435
0.027825286841841435
0.027825286841841435
0.027825286841841435
0.031405558534496475
0.027825286841841435
0.04912454780720773
0.02645567875144226
0.02645567875144226
0.06334240671059085
0.04912454780720773
0.04417466802415351
0.045623417437879586
0.04417466802415351
0.045623417437879586
0.05307942699961273
0.10228045170091765
0.06334240671059085
0.061512809064179004
0.04379381979146775
0.04379381979146775
0.04912454780720773
0.10228045170091765
0.05124982935320089
0.04417466802415351
0.04417466802415351
0.061512809064179004
0.02645567875144226
0.02645567875144226
0.04912454780720773
0.01994157908995879
0.01994157908995879
0.01994157908995879
0.01994157908995879
0.01994157908995879
0.01994157908995879
0.01994157908995879
0.01994157908995879
0.05437392781228187
0.038207552202600824
0.038207552202600824
0.06915908827251932
0.06915908827251932
0.07333327567100484
0.0557103494716914
0.05299271266283828
0.038207552202600824
0.07187672508137247
0.06836504554591788
0.06836504554591788
0.046565327338129264
0.06653544947696045
0.027397588651691937
0.04588914577849591
0.02855100473847043
0.04473572969171742
0.06721162945913939
0.047718743424907756
0.06923419555024937
0.06653544947696045
0.027397588651691937
0.04588914577849591
0.02855100473847043
0.04473572969171742
0.06721162945913939
0.06923419555024937
0.047718743424907756
0.06538203339018196
0.06538203339018196
0.10869614682886097
0.06189315882108818
0.04473572969171742
0.04473572969171742
0.04588914577849591
0.04588914577849591
0.046565327338129264
0.04473572969171742
0.047718743424907756
0.047718743424907756
0.046565327338129264
0.046565327338129264
0.06189315882108818
0.1105257428978184
0.06721162945913939
0.06721162945913939
0.04588914577849591
0.06740459790383752
0.06538203339018196
0.046565327338129264
0.02855100473847043
0.047718743424907756
0.027397588651691937
0.06836504554591788
0.06740459790383752
0.04588914577849591
0.06538203339018196
0.046565327338129264
0.02855100473847043
0.047718743424907756
0.027397588651691937
0.06836504554591788
0.04473572969171742
0.06653544947696045
0.06653544947696045
