0.25946831329899883
0.14155798974761602
0.13855556562303292
0.13855556562303292
0.14155798974761602
0.05785662353877323
0.05485420256909894
0.05600811480696062
0.05485420256909894
0.05600811480696062
0.05901053577663491
0.04957433351871273
0.05185178159942465
0.05300569383728633
0.04356949157936415
0.05485420256909894
0.05600811480696062
0.05185178159942465
0.05485420256909894
0.05600811480696062
0.05785662353877323
0.05600811480696062
0.05600811480696062
0.0541585446816603
0.05300569383728633
0.05716096565133459
0.05716096565133459
0.04472290766614264
0.06016338662100888
0.05716096565133459
0.05901053577663491
0.05072774960549122
0.05716096565133459
0.05600811480696062
0.05600811480696062
0.0541585446816603
0.06016338662100888
0.02954282152718247
0.026540399768780976
0.026540399768780976
0.02954282152718247
0.021260035356038782
0.021260035356038782
0.026540399768780976
0.026540399768780976
0.021260035356038782
0.02954282152718247
0.021260035356038782
0.038903916507374625
0.026540399768780976
0.026540399768780976
0.018257613597637286
0.026540399768780976
0.026540399768780976
0.018257613597637286
0.02954282152718247
0.021260035356038782
0.021260035356038782
0.026540399768780976
0.026540399768780976
0.021260035356038782
0.021260035356038782
0.02954282152718247
0.038903916507374625
0.026540399768780976
0.018257613597637286
0.026540399768780976
0.026540399768780976
0.018257613597637286
0.026540399768780976
0.021260035356038782
0.02954282152718247
0.021260035356038782
0.038903916507374625
0.018257613597637286
0.026540399768780976
0.026540399768780976
0.018257613597637286
0.026540399768780976
0.026540399768780976
0.021260035356038782
0.021260035356038782
0.02954282152718247
0.038903916507374625
0.038903916507374625
0.038903916507374625
0.026540399768780976
0.026540399768780976
0.026540399768780976
0.026540399768780976
0.026540399768780976
0.026540399768780976
0.02954282152718247
0.03543691546464403
0.017718988429065875
0.02715462544458354
0.02715462544458354
0.009436202257922183
0.03543691546464403
0.02715462544458354
0.009436202257922183
0.018871839273439845
0.02715462544458354
0.03543691546464403
0.009436202257922183
0.018871839273439845
0.009436202257922183
0.009436202257922183
0.018871839273439845
0.03543691546464403
0.017718988429065875
0.02715462544458354
0.02715462544458354
0.009436202257922183
0.026540399768780976
0.026540399768780976
0.026540399768780976
0.034822689788841475
0.055468992698578815
0.06197731523342502
0.055468992698578815
0.02954282152718247
0.06497973699182652
0.03782511154724297
0.03782511154724297
0.06197731523342502
0.02954282152718247
0.03782511154724297
0.026540399768780976
0.03782511154724297
0.026540399768780976
0.034822689788841475
0.06497973699182652
0.026540399768780976
0.0
0.009436202257922183
0.009436202257922183
0.008282786171143692
0.0
0.008282786171143692
0.009436202257922183
0.008282786171143692
0.009436202257922183
0.017718988429065875
0.053155903893709916
0.008282786171143692
0.008282786171143692
0.009436202257922183
0.009436202257922183
0.053155903893709916
0.017718988429065875
0.008282786171143692
0.008282786171143692
0.008282786171143692
0.009436202257922183
0.009436202257922183
0.04356949157936415
0.05072774960549122
0.04957433351871273
0.04472290766614264
0.03528670540822046
0.04729533239246639
0.038903916507374625
0.021260035356038782
0.021260035356038782
0.038903916507374625
0.04718670267851832
0.026540399768780976
0.021260035356038782
0.021260035356038782
0.04718670267851832
0.038903916507374625
0.026540399768780976
0.0708343688747515
0.03782511154724297
0.03782511154724297
0.05018806596501417
0.021260035356038782
0.021260035356038782
0.05018806596501417
0.055468992698578815
0.026540399768780976
0.026540399768780976
0.018257613597637286
0.034822689788841475
0.06783194790507721
0.06783194790507721
0.055468992698578815
0.05018806596501417
0.018257613597637286
0.026540399768780976
0.021260035356038782
0.018257613597637286
0.026540399768780976
0.03782511154724297
0.06783194790507721
0.038903916507374625
0.04718670267851832
0.05018806596501417
0.026540399768780976
0.018257613597637286
0.021260035356038782
0.026540399768780976
0.018257613597637286
0.03782511154724297
0.06783194790507721
0.04718670267851832
0.038903916507374625
0.05018806596501417
0.05018806596501417
0.0708343688747515
0.034822689788841475
0.021260035356038782
0.021260035356038782
0.018257613597637286
0.021260035356038782
0.021260035356038782
0.038903916507374625
0.06016338662100888
0.03951708371127155
0.03836423286689758
0.06016338662100888
0.03836423286689758
0.03951708371127155
0.03951708371127155
0.03836423286689758
0.03836423286689758
0.03951708371127155
0.02715462544458354
0.03951708371127155
0.03836423286689758
0.018871839273439845
0.03951708371127155
0.017718988429065875
0.05901053577663491
0.06844617279215257
0.03836423286689758
0.05901053577663491
0.06844617279215257
0.04371970163578773
0.017718988429065875
0.03836423286689758
0.018871839273439845
0.03836423286689758
0.03836423286689758
0.03951708371127155
0.03836423286689758
0.017718988429065875
0.04371970163578773
0.06844617279215257
0.05901053577663491
0.03836423286689758
0.03951708371127155
0.06844617279215257
0.05901053577663491
0.017718988429065875
0.03836423286689758
0.02715462544458354
0.03836423286689758
0.03836423286689758
0.03836423286689758
0.03836423286689758
0.05785662353877323
0.01656507619120419
0.0372103206290359
0.0372103206290359
0.0672928257966954
0.01656507619120419
0.0372103206290359
0.0372103206290359
0.0672928257966954
0.0372103206290359
0.0372103206290359
0.02600127844912637
0.06143869154590161
0.05785662353877323
0.06143869154590161
0.02600127844912637
0.0672928257966954
0.0372103206290359
0.0672928257966954
0.0372103206290359
0.11801895326533088
0.03543691546464403
0.03543691546464403
0.05200248928797943
0.11801895326533088
0.10631180778741983
