0.1638642419481825
0.16386423924429735
0.1421530291328683
0.14215303183659128
0.17732864665932974
0.17732864936321488
0.13267209949117453
0.1155245651812988
0.13267210219505968
0.16386423924429735
0.11552456788502179
0.17141968209728645
0.11068023049674883
0.16400892151552002
0.10273006292836681
0.11581972086370333
0.16029429875169438
0.10323194352236104
0.12907216558414866
0.11802305485138676
0.13697152159759599
0.13267210219505968
0.1106802277928637
0.17141968209728645
0.10273006022448168
0.16400892151552005
0.13267209949117453
0.11552456788502179
0.1155245651812988
0.1638642419481825
0.11581971815998036
0.11802305214750161
0.12907216288026355
0.10323194081863807
0.16029429875169435
0.13697151889371081
0.15551029380504736
0.1555102965089325
0.12852314715419336
0.12852314985791632
0.15187562601553173
0.12002190734022447
0.11172672094266184
0.11451254312967693
0.16828078959052772
0.11297189209663182
0.15187562871941687
0.16828078959052772
0.11451254583356205
0.1117267236463848
0.12002191004410961
0.11297189480035479
0.11688968133248231
0.11688967862859717
0.10223454885560436
0.10223454615171923
0.11138749026225984
0.11271881462117518
0.13007517998256793
0.10051694881469263
0.10839501697100372
0.139732336923211
0.10679755801859887
0.13118058669649807
0.10672621116464387
0.11880888188183303
0.13118058630402388
0.10055343880971061
0.11597155442177921
0.12002190997737039
0.10051694879452958
0.13412720972257336
0.12433786817009697
0.14243030586449484
0.10950593715364856
0.10851535448096274
0.12499444936818892
0.1120216722645941
0.11451254583356205
0.14558050119518007
0.09939963414195407
0.14195585451780499
0.3363156722977468
0.13137385560518228
0.1455444161910196
0.10069929174859471
0.1374284551299734
0.1308008675579171
0.11528173066886098
0.12733012651648462
0.10981121108009492
0.11258782930872856
0.10175807795868866
0.11626506086865747
0.10604998366698157
0.12288601437685918
0.12482224332506814
0.10667728379640401
0.14771480795856243
0.168280790093395
0.11602364373978158
0.1116069721329935
0.13023686381426175
0.11856085654575292
0.12332216984476471
0.11802305429619576
0.11016142178425273
0.14828182353618932
0.10223454578810792
0.11959356080615821
0.11688967826417841
0.16110372422615102
0.14076806645716616
0.11085893163380366
0.12452745533250989
0.14558050185923477
0.12866256772391316
0.14771481066244754
0.1245274525343688
0.11870514220234607
0.12452745262878691
0.15365053694597514
0.1098112116967058
0.1342495422459653
0.11528173215769778
0.16189420584840422
0.11138749026225984
0.106797560722484
0.1397323345783405
0.10672621116464386
0.13118058435162755
0.13007517727868279
0.1127188146211752
0.10839501426728074
0.10051694881469264
0.11880888458555602
0.12002190727348527
0.11597155712566433
0.1005534388097106
0.13118058395915336
0.10051694879452959
0.10175807525480353
0.11258782930872856
0.10604998096325861
0.11626506086865747
0.11160697483687865
0.11802305159231063
0.1233221725484877
0.11856085654575292
0.13023686146939126
0.11016142178425271
0.12288601708074433
0.168280790093395
0.14771481066244754
0.10667728650012699
0.12482224332506812
0.11602364644350455
0.10223454849199304
0.14828182624007447
0.11688968096806356
0.11959356080615821
0.12433786546621184
0.13412720972257336
0.10950593715364856
0.14243030586449484
0.141955854517805
0.10069929445247983
0.14554441619101963
0.13137385560518225
0.33631566959386205
0.13742845512997337
0.10851535177723975
0.14558049849145704
0.11451254312967693
0.11202167226459411
0.1249944493681889
0.09939963414195409
0.11528173337258396
0.1308008675579171
0.10981121378398005
0.12733012651648462
0.16110372152226587
0.14558049915551183
0.12452745262878691
0.11085893163380366
0.14076806645716616
0.12866256772391316
0.10981121440059091
0.15365053694597514
0.11528173486142075
0.1342495422459653
0.12452745523809178
0.14771480795856243
0.12452745533250989
0.11870514220234606
0.16189420855228936
0.1281072106304011
0.12810721063040106
0.12671347039476719
0.1267134703947672
0.14720496852121923
0.11607092792788617
0.12742073264833242
0.13534897067778495
0.15228147463193298
0.15942897899370484
0.1472049658173341
0.1522814769768035
0.13534897067778495
0.12742072994460948
0.11607092792788617
0.15942897899370484
0.16696903985196287
0.166969042555848
0.14677051052197973
0.14677051052197973
0.11360360351224452
0.1314468019300852
0.11870514167971374
0.10667728652696827
0.11711776086409567
0.13614780515726882
0.08593102906880198
0.11528173337258396
0.11307745862929323
0.11726576522867847
0.1455444162964628
0.16696903985196287
0.15111722386011311
0.12742072957491313
0.14828182353618932
0.1136036008083594
0.11711776086409567
0.1066772838232453
0.11870514167971373
0.1314468019300852
0.1361478051572688
0.166969042555848
0.14554441629646275
0.12742073227863612
0.15111722386011311
0.11528173066886098
0.08593102636491685
0.11726576522867847
0.11307745862929322
0.14828182624007447
0.11172672416901712
0.11172672146529415
0.11202167274766617
0.11202167274766617
0.12332217211732976
0.12332216941360678
0.11856085654575292
0.11016142178425273
0.10604998366698157
0.10672621116464387
0.11802305429619576
0.14038048977680062
0.13435764037862616
0.12657435569146042
0.13697152108981886
0.10989169944490695
0.12499444975155533
0.10323194301458391
0.10292594737450375
0.11552456831620991
0.10273006267654257
0.13023686381426175
0.11258782930872856
0.139732336923211
0.1116069721329935
0.11626506086865747
0.13118058669649807
0.12332216984476471
0.11138749026225984
0.10175807795868866
0.10679755801859887
0.13643250659936723
0.3363156722977468
0.1308008675579171
0.12874792570995144
0.10679755810513333
0.1204566975410178
0.12733012691389878
0.12332216941360678
0.13080086795533125
0.11160697165699765
0.10395040935383881
0.10604998350660148
0.10937134292775313
0.13859808899822462
0.11239296105864642
0.11607092854412919
0.08593102629323768
0.11239296085873623
0.1714196819918433
0.11030383711385944
0.10292594756036612
0.13144680203552833
0.12907216558414866
0.10989169987609505
0.14215303082594688
0.13108509660530754
0.11307745862929323
0.10323194031086093
0.0859310289971228
0.11581971747125068
0.15425823178184447
0.1522814775323622
0.10981121108009492
0.12687261817710965
0.13007517945205185
0.13353769141061061
0.14677051077833048
0.14771480775865226
0.16696904022165918
0.12288601351746685
0.15111722380739157
0.11597155442177921
0.1455444161910196
0.11880888286780256
0.14828182435605156
0.1236622091674405
0.11258782912707098
0.1422954460947283
0.10395040995031678
0.1268726190884261
0.14304020187290586
0.11726576584528935
0.15425823174803163
0.15551029676945788
0.15453413416295195
0.12874792576267302
0.3333050086544727
0.1149622548327336
0.13643250642143112
0.11068022997414667
0.12620677798520302
0.15111722386011311
0.11172672416901712
0.14984177862248954
0.15187562868560406
0.13659662802216713
0.33330500865447277
0.13424954229868688
0.13659662707634324
0.12433786867293409
0.14563371478432557
0.14984177856976794
0.12452745523809178
0.15111722380739157
0.16110372334746334
0.35165344726800835
0.1455444162964628
0.35165344726800835
0.1419558539614087
0.15365053694597514
0.11138749067151645
0.1422954462726644
0.11856085647979095
0.11626505984318801
0.13267210285830708
0.10937134240515096
0.14677051052197973
0.11451254321621138
0.13534897030805848
0.15187562598171891
0.12733012651648462
0.12907216508128136
0.11496225481868579
0.11581972017497366
0.11688968096806356
0.14984177862248954
0.11451254592009649
0.13137385560518225
0.10851535419122726
0.14771481046253737
0.13080086795533125
0.12818754902640375
0.1477894849653072
0.14937833577757373
0.11959356086721039
0.1164452627946996
0.12482224268904649
0.14828182705993667
0.14937833577757376
0.13023686186601158
0.1248222426890465
0.1287088217823744
0.1407680653979026
0.11688968133248231
0.15516476212914806
0.11016142229202983
0.11602364580752665
0.11870514167971374
0.12332217211732976
0.14771481046253737
0.11626505984318802
0.1281875498251519
0.13023686421088213
0.16189420584840422
0.1477894849653072
0.12818754982515188
0.11644526009097664
0.11959356086721039
0.16189420855228936
0.14828182435605156
0.12818754902640375
0.13424954229868688
0.14828182353618932
0.15365053694597514
0.11644525949452886
0.16189420584840422
0.11519238885010731
0.11711776146138107
0.10223454615171923
0.15516476212914804
0.14038048928798108
0.12015016893308116
0.12742073264833242
0.13080086795533125
0.16696904292554432
0.13643250642143112
0.1120216722645941
0.10323194081863807
0.1117267236463848
0.10989169987609504
0.1233221725484877
0.11726576584528935
0.11688967826417841
0.11528173215769778
0.12870882288171964
0.14828182705993667
0.12332216984476471
0.12648649241954535
0.1422954460947283
0.11959356086721039
0.14937833577757373
0.10395040995031678
0.12671347039476719
0.13534897067778495
0.10981121440059091
0.14677051077833048
0.15425823174803163
0.13137385560518228
0.08593102906880198
0.14984177856976794
0.11239296356245922
0.14771481066244754
0.1149622548327336
0.10223454849199304
0.12733012691389878
0.11519239114460385
0.11688968133248231
0.1308008675579171
0.10055343880971061
0.12907216237739624
0.10055343873803142
0.10292594737450375
0.11597155712566433
0.10323194352236104
0.10323194301458391
0.11856085654575292
0.13435764037862616
0.1403804897768006
0.13697151838593374
0.12657435569146042
0.10604998096325861
0.11016142178425271
0.11802305159231063
0.10672621116464386
0.10989169944490697
0.11552456561248695
0.10292594737450375
0.10323194031086093
0.12499444975155533
0.10273005997265743
0.10604998080287853
0.1039504093538388
0.1385980862943395
0.10937134292775313
0.10292594756036612
0.14215302812222388
0.10989169987609504
0.12907216288026355
0.13144680203552836
0.13108509390158454
0.11239296376236939
0.1714196819918433
0.11239296356245922
0.0859310289971228
0.11607092854412919
0.11030383981774458
0.10323194301458391
0.11307745862929322
0.11581972017497366
0.08593102629323768
0.11258782930872856
0.13023686146939126
0.11160697483687865
0.1397323345783405
0.13643250659936723
0.10679756080901845
0.12874792570995144
0.1308008675579171
0.33631566959386205
0.12045669754101779
0.11626506086865747
0.10175807525480353
0.11138749026225984
0.1233221725484877
0.13118058435162755
0.106797560722484
0.12332217211732976
0.12733012691389883
0.1116069743608828
0.13080086795533125
0.1542582317818445
0.13007517674816674
0.12687261817710965
0.10981121378398005
0.1522814751874917
0.13353769411433355
0.11597155712566433
0.15111722380739154
0.11880888557152552
0.14554441619101963
0.14771481046253737
0.14677051077833048
0.12288601622135199
0.16696904292554432
0.14828182705993667
0.1477894849653072
0.12818754902640375
0.11959356086721039
0.14937833577757376
0.12870882178237442
0.11016142229202987
0.15516476212914804
0.11688967862859717
0.1407680653979026
0.11602364310380368
0.11644526009097664
0.13023686421088213
0.14937833577757373
0.14828182435605156
0.1248222426890465
0.12482224268904649
0.12332216941360678
0.11870514167971373
0.11626505984318801
0.14771480775865226
0.1151923915538303
0.14038048928798108
0.15516476212914806
0.10223454885560436
0.11711776146138107
0.12015016893308116
0.10323194352236104
0.11202167226459411
0.10989169987609505
0.11172672094266184
0.13080086795533125
0.12742072994460948
0.13643250642143112
0.16696904022165918
0.12332216984476471
0.12818754982515188
0.1281875498251519
0.1477894849653072
0.16189420855228936
0.13023686186601158
0.1164452627946996
0.14828182624007447
0.13424954229868685
0.11644526219825183
0.15365053694597514
0.16189420584840422
0.11959356086721039
0.12818754902640375
0.14828182705993667
0.16189420855228936
0.11688968096806356
0.11726576584528933
0.12870882288171964
0.11528173486142075
0.1233221725484877
0.14828182435605156
0.11258782912707099
0.1236622091674405
0.10395040995031678
0.14229544609472833
0.128747925762673
0.11068022727026154
0.13643250642143112
0.11496225717760412
0.3333050086544727
0.12620678033007354
0.12687261908842606
0.15551029406557276
0.15425823174803163
0.11726576584528933
0.14304020187290584
0.15453413416295197
0.11172672146529415
0.15111722386011311
0.15187562598171891
0.14984178096736006
0.11138749067151645
0.13267210015442193
0.11626505984318802
0.11856085647979094
0.14229544627266438
0.10937134240515096
0.12907216237739624
0.12733012651648462
0.11581971747125068
0.1149622571635563
0.11451254592009649
0.14677051052197973
0.15187562868560406
0.13534897030805845
0.11688967826417841
0.13659663036703765
0.12433786596904897
0.13659662942121376
0.13424954229868685
0.3333050086544727
0.1456337147843256
0.14554441629646275
0.351653449971893
0.1419558539614087
0.351653449971893
0.1245274525343688
0.14984178091463846
0.16110372064357822
0.15111722380739154
0.15365053694597514
0.11451254321621138
0.14984178096736006
0.10851535148750428
0.13137385560518228
0.13080086795533125
0.14771480775865226
0.12648649241954535
0.10395040995031678
0.14937833577757376
0.11959356086721039
0.14229544609472833
0.1267134703947672
0.08593102636491685
0.13137385560518225
0.11239296085873623
0.14984178091463846
0.1098112116967058
0.13534897067778495
0.15425823174803163
0.14677051077833048
0.14771480795856243
0.12907216508128136
0.1005534388097106
0.10292594737450375
0.10055343873803142
0.10323194081863807
0.11597155442177921
0.10223454578810792
0.11496225717760412
0.11519238844088088
0.12733012691389883
0.1308008675579171
0.11688967862859717
0.10323194031086093
0.14778948473855572
0.14778948473855572
0.12648649241954535
0.12648649241954535
0.15516476203553736
0.11271881460141014
0.12870882288171964
0.11519238844088088
0.1341272102246332
0.12849222292389373
0.15516476203553736
0.1341272102246332
0.11519239114460385
0.12870882288171964
0.11271881460141013
0.12849222562777887
0.11202167274766617
0.11202167274766617
0.10851535419122726
0.10851535148750428
0.14937833568394948
0.1397323369759326
0.11644525949452886
0.12648649130043504
0.12810721137635736
0.15142283045138966
0.10055343873803142
0.11870514220234606
0.11880888286780256
0.113603600513286
0.13137385560518225
0.12742072957491313
0.1419558539614087
0.1472049659117522
0.11528173215769778
0.14937833568394945
0.1281072113763574
0.12648649130043504
0.11644526219825183
0.13973233463106205
0.15142283315527477
0.12742073227863612
0.13137385560518228
0.14720496861563737
0.1419558539614087
0.11870514220234607
0.10055343873803142
0.11360360321717113
0.11880888557152552
0.11528173486142075
0.13534897030805848
0.13534897030805845
0.1472049659117522
0.14720496861563737
0.16696904292554432
0.16696904022165918
0.14778948473855572
0.1236622091674405
0.1477894849653072
0.12818754902640375
0.11258782912707099
0.1281072106304011
0.11726576522867847
0.11085893163380366
0.12687261817710965
0.16110372064357822
0.1342495422459653
0.10667728652696827
0.13659662707634324
0.12288601622135199
0.12452745533250989
0.11496225481868579
0.10667728650012699
0.12874792570995144
0.11360360321717113
0.1117267236463848
0.1455444161910196
0.11959356080615821
0.11856085647979094
0.12648649130043504
0.1116069743608828
0.10981121378398005
0.10223454885560436
0.0859310289971228
0.14778948473855572
0.11258782912707098
0.12818754902640375
0.1477894849653072
0.1236622091674405
0.12810721063040106
0.1066772838232453
0.1342495422459653
0.12288601351746685
0.13659662942121376
0.11085893163380366
0.11726576522867847
0.16110372334746334
0.12687261817710965
0.12452745262878691
0.11856085647979095
0.11959356080615821
0.11160697165699765
0.12648649130043504
0.10223454615171923
0.10981121108009492
0.10667728379640401
0.1149622571635563
0.113603600513286
0.12874792570995144
0.14554441619101963
0.11172672094266184
0.08593102629323768
0.11856085654575292
0.11856085654575292
0.11138749026225984
0.11138749026225984
0.11451254312967693
0.11451254583356205
0.12907216558414866
0.12907216288026355
0.12907216558414866
0.13108509660530754
0.13859808899822462
0.13697152108981886
0.14215303082594688
0.16400892151552002
0.13697152159759599
0.16029429875169438
0.17732864665932974
0.13108509717985403
0.1640089220183873
0.14215302812222388
0.12907216508128136
0.16386424245595957
0.16386423975207445
0.13144680203552833
0.10395040935383881
0.14038048977680062
0.10292594756036612
0.10937134292775313
0.12657435569146042
0.10989169987609505
0.11856085654575292
0.10604998350660148
0.13435764037862616
0.1262067786652026
0.3226066684752576
0.12499444936818892
0.11496225481868579
0.1067262113971225
0.1265743557301442
0.1149622548327336
0.11016142229202987
0.14038048928798108
0.11856085647979095
0.11068023049674883
0.11802305485138676
0.11581972086370333
0.14215303183659128
0.11030383731376961
0.11030384001765475
0.13108509390158454
0.08593102636491685
0.16400892201838732
0.13108509447613104
0.10273006292836681
0.17141968209728645
0.16386423924429735
0.10323194352236104
0.17732864936321488
0.1421530291328683
0.08593102906880198
0.13697151838593374
0.1385980862943395
0.12907216237739624
0.1545341348129777
0.15631839407785286
0.09939963414195407
0.11726576522867847
0.10839501703737509
0.12412795433809018
0.13534897067778495
0.11602364310380368
0.12015016893308116
0.1066772838232453
0.14984177856976794
0.10051694881469263
0.14243030586449484
0.10055343873803142
0.11959356086721039
0.12874792570995144
0.11160697165699765
0.12733012691389878
0.10292594737450375
0.13353769131619248
0.13742845518269498
0.12412795445186395
0.1098112116967058
0.12852314938269777
0.09939963370585614
0.1204566975410178
0.3363156722977468
0.12657435569146042
0.13080086795533125
0.10273006267654257
0.12499444975155533
0.1455444162964628
0.11297189482011984
0.142430305969938
0.11451254592009649
0.1456337153407219
0.3412114949344996
0.1826416701289065
0.1342495422459653
0.10950593705923045
0.18264167012890647
0.13137385560518228
0.1286625666237605
0.1826416701289065
0.11085893163380366
0.35165344726800835
0.13742845518269498
0.3412114949344996
0.13137385560518225
0.13424954229868688
0.10679755810513333
0.13643250659936723
0.13435764037862616
0.12332216941360678
0.11552456831620991
0.10989169944490695
0.16696903985196287
0.11297189211639685
0.1201501684499789
0.11172672146529415
0.1308008675579171
0.13697152108981886
0.14038048977680062
0.10323194301458391
0.10223454849199304
0.15111722386011311
0.09939963370585614
0.18264167012890647
0.11202167274766617
0.11870514167971374
0.12733012691389878
0.11360360321717113
0.12648649130043504
0.11519239114460385
0.10055343873803142
0.15142283315527477
0.12849222562777887
0.11880888557152552
0.12648649241954535
0.13973233463106205
0.11271881460141013
0.12849222598431387
0.16698068226234908
0.12002190734022447
0.1151923915538303
0.1067262113971225
0.1083950143336521
0.11360360351224452
0.10679756080901845
0.13007517674816674
0.11138749067151645
0.1281072113763574
0.1341272102246332
0.11870514220234607
0.14778948473855572
0.14937833568394945
0.15516476203553736
0.12648649241954535
0.11644526219825183
0.12870882288171964
0.14778948473855572
0.13659662802216713
0.12482224332506814
0.14076806645716616
0.14937833568394948
0.1281875498251519
0.12849222328042875
0.11963239528308914
0.11297189209663182
0.12870882178237442
0.1265743557301442
0.12412795433809018
0.14720496852121923
0.12045669754101779
0.13353769411433355
0.128747925762673
0.10851535448096274
0.10273006022448168
0.12852314715419336
0.10292594756036612
0.11160697483687865
0.1268726190884261
0.11602364373978158
0.12866256772391316
0.15516476203553736
0.1164452627946996
0.11626506086865747
0.15142283045138966
0.14563371478432557
0.12015016893308116
0.11644526009097664
0.10937134240515096
0.13614780515726882
0.1472049658173341
0.13353769401991547
0.147760613893504
0.12687261908842606
0.14195585451780499
0.11030384001765475
0.15631839407785286
0.11239296376236939
0.12288601708074433
0.12874792576267302
0.1201501684499789
0.18264167012890647
0.15516476203553736
0.1287088217823744
0.13643250659936723
0.11880888188183303
0.13108509447613104
0.12412795433809018
0.10989169944490697
0.11880888458555602
0.11581972086370333
0.10989169944490695
0.11496225481868579
0.11856085647979095
0.1149622548327336
0.12907216508128136
0.10937134240515096
0.12620677798520302
0.11581972017497366
0.10395040995031678
0.13267210285830708
0.11068022997414667
0.1265743557301442
0.3226066684752576
0.16029429875169438
0.14038048928798108
0.16386423975207445
0.1640089220183873
0.1314468019300852
0.11552456561248695
0.1714196819918433
0.13267210015442193
0.1422954462726644
0.3333050086544727
0.12733012651648462
0.1236622091674405
0.11138749067151645
0.12874792576267302
0.1422954460947283
0.11626505984318801
0.13643250642143112
0.11258782912707098
0.33330500865447277
0.13118058630402388
0.3363156722977468
0.1397323369759326
0.13023686421088213
0.1067262113971225
0.1262067786652026
0.13697152159759599
0.11016142229202987
0.16386424245595957
0.13108509717985403
0.11607092792788617
0.10273005997265743
0.11030383981774458
0.11068022727026154
0.12499444936818892
0.17732864665932974
0.16400892151552002
0.14215302812222388
0.11802305159231063
0.14304020187290586
0.10051694879452958
0.1374284551299734
0.11271881460141014
0.12482224268904649
0.13118058669649807
0.1397323369759326
0.33330500865447277
0.14038048928798108
0.13023686421088213
0.13267210015442193
0.1314468019300852
0.1522814769768035
0.12852314667897474
0.15631839352226398
0.15551029406557276
0.3363156722977468
0.1640089220183873
0.3226066684752576
0.1714196819918433
0.168280790093395
0.3333050086544727
0.142430305969938
0.3412114949344996
0.1341272102246332
0.1407680653979026
0.3363156722977468
0.13118058630402388
0.16386423975207445
0.1265743557301442
0.11552456561248695
0.12002190727348527
0.16029429875169438
0.12499444975155533
0.12648649130043504
0.13659662707634324
0.10223454885560436
0.1477894849653072
0.11856085647979094
0.10667728652696827
0.1281072106304011
0.1116069743608828
0.12288601622135199
0.11258782912707099
0.13412720972257336
0.11802305214750161
0.16828078959052772
0.10604998080287853
0.10175807525480353
0.1236622091674405
0.11959356080615821
0.1342495422459653
0.14778948473855572
0.12818754902640375
0.13023686381426175
0.11271881462117518
0.13697151889371081
0.11297189480035479
0.13435764037862616
0.106797560722484
0.1155245651812988
0.11016142178425273
0.139732336923211
0.1385980862943395
0.14243030586449484
0.10604998096325861
0.13007517727868279
0.17141968209728645
0.14038048977680062
0.1421530291328683
0.10667728650012699
0.11959356080615821
0.10223454849199304
0.1005534388097106
0.12015016844997892
0.11297189482011984
0.12412795445186395
0.10223454578810792
0.14243030596993794
0.11297189211639685
0.11602364644350455
0.168280790093395
0.10839501426728074
0.11688968096806356
0.10051694879452959
0.12002190727348527
0.11172672416901712
0.09939963370585614
0.12852314667897474
0.11451254321621138
0.12671347052792156
0.142430305969938
0.13614780529040957
0.11959356080615821
0.12671347052792156
0.1201501684499789
0.10055343880971061
0.13614780529040957
0.12412795445186395
0.10667728379640401
0.14984177862248954
0.1594289792204563
0.15631839352226398
0.13534897030805848
0.11726576584528935
0.12482224332506812
0.12288601708074433
0.1127188146211752
0.14828182624007447
0.13118058395915336
0.11880888458555602
0.166969042555848
0.13742845518269498
0.13353769401991547
0.14554441629646275
0.14771481066244754
0.10051694881469264
0.13007517727868279
0.11597155712566433
0.10981121440059091
0.14677051052197973
0.1594289792204563
0.147760613893504
0.12742073227863612
0.12742073264833242
0.14677051077833048
0.11644525949452886
0.13424954229868688
0.15516476212914806
0.16189420584840422
0.11626505984318802
0.11870514167971374
0.11528173066886098
0.1286625666237605
0.1286625666237605
0.1245274525343688
0.15365053694597514
0.11602364580752665
0.1407680653979026
0.14771481046253737
0.12452745523809178
0.12733012651648462
0.13614780529040957
0.1826416701289065
0.11870514220234607
0.1120216722645941
0.15111722380739157
0.14828182353618932
0.11016142229202983
0.1287088217823744
0.12332217211732976
0.11528173337258396
0.11688968133248231
0.11307745862929323
0.12810721137635736
0.12433786867293409
0.11711776146138107
0.12818754982515188
0.14229544627266438
0.11711776086409567
0.1136036008083594
0.1456337153407219
0.11963239267378428
0.13659663036703765
0.16110372422615102
0.15453413481297767
0.1883166315466347
0.1542582317818445
0.16110372152226587
0.11138749067151645
0.12671347052792156
0.10950593705923045
0.14937833568394945
0.11519238885010731
0.15425823178184447
0.12288601437685918
0.12620678101007313
0.11963239257936616
0.13643250659936723
0.141955854517805
0.15187562601553173
0.11239296105864642
0.1116069721329935
0.10937134292775313
0.10950593715364856
0.11626506086865747
0.10851535177723975
0.15187562871941687
0.10292594756036612
0.11581971815998036
0.14937833568394948
0.13659662802216713
0.1151923915538303
0.1281875498251519
0.11138749067151645
0.11360360351224452
0.11711776086409567
0.10950593705923045
0.11963239537750726
0.12433786596904897
0.14076806645716616
0.1083950143336521
0.16698068226234908
0.13007517674816674
0.14558049915551183
0.1422954462726644
0.12671347052792156
0.1456337153407219
0.1281072113763574
0.11711776146138107
0.1522814775323622
0.12482224332506814
0.1067262113971225
0.12849222598431387
0.10679756080901845
0.10069929445247983
0.12002190734022447
0.11607092854412919
0.13023686381426175
0.10604998080287853
0.13412720972257336
0.10175807525480353
0.14558049849145704
0.16828078959052772
0.13144680203552833
0.11802305214750161
0.11258782930872856
0.1039504093538388
0.12433786817009697
0.11258782930872856
0.12433786546621184
0.15551029380504736
0.10395040935383881
0.1106802277928637
0.13267209949117453
0.12907216288026355
0.13697151889371081
0.16400892151552005
0.17732864936321488
0.16029429875169435
0.1385980862943395
0.13108509390158454
0.14215302812222388
0.13697151838593374
0.13108509447613104
0.16386423975207445
0.12907216237739624
0.14215303082594688
0.16400892201838732
0.16386424245595957
0.11802305214750161
0.1106802277928637
0.1421530291328683
0.11581971815998036
0.10273006022448168
0.17732864665932974
0.10323194081863807
0.1638642419481825
0.17141968209728645
0.14215303183659128
0.11030384001765475
0.1640089220183873
0.08593102906880198
0.13108509660530754
0.11030383731376961
0.13108509717985403
0.13697152108981886
0.08593102636491685
0.12907216508128136
0.13859808899822462
0.1039504093538388
0.13144680203552836
0.10292594756036612
0.1403804897768006
0.12620678101007313
0.1067262113971225
0.1149622571635563
0.1249944493681889
0.3226066711791423
0.1265743557301442
0.10937134292775313
0.10604998080287853
0.11856085654575292
0.10989169987609504
0.12657435569146042
0.13435764037862616
0.11016142229202983
0.11496225717760412
0.11856085647979094
0.14038048928798108
0.15453413481297767
0.1083950143336521
0.11726576522867847
0.09939963414195409
0.15631839407785283
0.12412795433809018
0.10051694881469264
0.14984178091463846
0.10055343873803142
0.14243030586449484
0.11602364580752665
0.13534897067778495
0.10667728652696827
0.12015016893308116
0.11959356086721039
0.12648649130043504
0.113603600513286
0.10055343873803142
0.11519238844088088
0.12849222328042875
0.1067262113971225
0.11519238885010731
0.12002191004410961
0.16698068226234905
0.10839501703737509
0.15142283045138966
0.1397323369759326
0.12648649241954535
0.11880888286780256
0.12849222292389373
0.11271881460141014
0.10679755810513333
0.1136036008083594
0.11138749067151645
0.13007517945205185
0.12849222598431387
0.1265743557301442
0.1287088217823744
0.11297189480035479
0.11963239257936616
0.12412795433809018
0.10273006292836681
0.10851535177723975
0.10292594756036612
0.12852314985791632
0.1204566975410178
0.1472049658173341
0.12874792576267302
0.13353769141061061
0.1116069721329935
0.12810721137635736
0.14937833568394948
0.14778948473855572
0.11870514220234606
0.1341272102246332
0.15516476203553736
0.12482224332506812
0.13659663036703765
0.14937833568394945
0.14076806645716616
0.11644525949452886
0.12648649241954535
0.14778948473855572
0.12870882288171964
0.12818754982515188
0.11602364644350455
0.12687261908842606
0.15516476203553736
0.12866256772391316
0.11626506086865747
0.11644526009097664
0.1116069743608828
0.12874792570995144
0.10292594737450375
0.12733012691389883
0.12045669754101779
0.10273005997265743
0.13080086795533125
0.12657435569146042
0.33631566959386205
0.12499444975155533
0.13353769401991547
0.12852314667897474
0.10981121440059091
0.12412795445186395
0.13742845518269498
0.09939963370585614
0.11297189211639685
0.14554441629646275
0.11451254321621138
0.14243030596993794
0.10679756080901845
0.11552456561248695
0.12332217211732976
0.13435764037862616
0.13643250659936723
0.10989169944490697
0.13697151838593374
0.1308008675579171
0.10323194031086093
0.1403804897768006
0.11297189482011984
0.166969042555848
0.11172672416901712
0.12015016844997892
0.10223454578810792
0.1456337153407219
0.10950593705923045
0.1342495422459653
0.1826416701289065
0.3412114949344996
0.1826416701289065
0.13742845518269498
0.351653449971893
0.13137385560518228
0.3412114949344996
0.1286625666237605
0.13137385560518225
0.11085893163380366
0.1826416701289065
0.13424954229868685
0.09939963370585614
0.15111722386011311
0.11202167274766617
0.1826416701289065
0.12733012691389883
0.11870514167971373
0.15142283315527477
0.10937134240515096
0.1164452627946996
0.12015016893308116
0.1456337147843256
0.1361478051572688
0.11030383731376961
0.141955854517805
0.11239296105864642
0.15631839407785283
0.13353769131619248
0.14720496852121923
0.1268726190884261
0.14776061389350398
0.12288601437685918
0.13108509717985403
0.11880888458555602
0.10989169944490695
0.12412795433809018
0.11581971815998036
0.11880888188183303
0.12015016844997892
0.128747925762673
0.15516476203553736
0.1826416701289065
0.13643250659936723
0.12870882178237442
0.10989169944490697
0.11959356080615821
0.10667728379640401
0.10055343880971061
0.10223454578810792
0.11602364373978158
0.10051694879452958
0.11688967826417841
0.10839501697100372
0.168280790093395
0.12002190997737039
0.1201501684499789
0.142430305969938
0.10223454849199304
0.12412795445186395
0.11297189211639685
0.11297189482011984
0.09939963370585614
0.11172672146529415
0.11451254592009649
0.12852314938269777
0.12482224332506814
0.13118058630402388
0.14828182353618932
0.11271881462117518
0.12288601437685918
0.11880888188183303
0.10051694881469263
0.14771480795856243
0.11597155442177921
0.13007517998256793
0.13742845518269498
0.16696903985196287
0.1455444162964628
0.13353769131619248
0.1098112116967058
0.12671347052792156
0.12671347052792156
0.11959356080615821
0.13614780529040957
0.14243030596993794
0.12015016844997892
0.1594289792204563
0.14984178096736006
0.13534897030805845
0.156318393522264
0.13614780529040957
0.1005534388097106
0.10667728650012699
0.12412795445186395
0.11726576584528933
0.1594289792204563
0.14677051052197973
0.12742072957491313
0.14776061389350398
0.14677051077833048
0.12742072994460948
0.1281072113763574
0.1422954462726644
0.1281875498251519
0.11711776146138107
0.12433786596904897
0.11711776086409567
0.1545341348129777
0.16110372152226587
0.15425823178184447
0.1883166342505198
0.1456337153407219
0.11360360351224452
0.13659662802216713
0.11963239537750726
0.16110372422615102
0.1262067786652026
0.12288601708074433
0.13643250659936723
0.11963239528308914
0.15187562871941687
0.14195585451780499
0.12671347052792156
0.11138749067151645
0.14937833568394948
0.10950593705923045
0.1542582317818445
0.1151923915538303
0.11239296376236939
0.11644526219825183
0.11626505984318801
0.16189420855228936
0.15516476212914804
0.13424954229868685
0.11870514167971373
0.11602364310380368
0.15365053694597514
0.14771480775865226
0.1407680653979026
0.1286625666237605
0.11528173337258396
0.12452745523809178
0.1286625666237605
0.1245274525343688
0.11016142229202987
0.14828182624007447
0.12332216941360678
0.12870882178237442
0.11688967862859717
0.11528173066886098
0.13614780529040957
0.12733012651648462
0.11870514220234606
0.1826416701289065
0.15111722380739154
0.11202167226459411
0.11307745862929322
0.10937134292775313
0.11160697483687865
0.11626506086865747
0.10950593715364856
0.15187562601553173
0.10851535448096274
0.11581972086370333
0.10292594756036612
0.11856085647979094
0.1149622571635563
0.12907216237739624
0.11496225717760412
0.1265743557301442
0.16386424245595957
0.14038048928798108
0.16029429875169435
0.3226066711791423
0.16400892201838732
0.10937134240515096
0.13267210015442193
0.10395040995031678
0.11581971747125068
0.12620678033007354
0.11068022727026154
0.11552456831620991
0.1314468019300852
0.13267210285830708
0.1714196819918433
0.1067262113971225
0.16386423975207445
0.11016142229202983
0.13697151889371081
0.12620678101007313
0.13108509447613104
0.17732864936321488
0.1249944493681889
0.14215303082594688
0.16400892151552005
0.10273006267654257
0.11607092792788617
0.11068022997414667
0.11030383711385944
0.11802305429619576
0.14229544627266438
0.11138749067151645
0.1236622091674405
0.12733012651648462
0.3333050086544727
0.128747925762673
0.13118058395915336
0.3333050086544727
0.13973233463106205
0.33631566959386205
0.11626505984318802
0.14229544609472833
0.11258782912707099
0.13643250642143112
0.13023686186601158
0.10051694879452959
0.14304020187290584
0.11271881460141013
0.13742845512997337
0.13118058435162755
0.1248222426890465
0.12648649130043504
0.11856085647979095
0.1477894849653072
0.10223454615171923
0.13659662942121376
0.1066772838232453
0.11802305485138676
0.13412720972257336
0.10604998350660148
0.16828078959052772
0.11160697165699765
0.12810721063040106
0.11258782912707098
0.12288601351746685
0.10175807795868866
0.13697152159759599
0.1127188146211752
0.13435764037862616
0.11297189209663182
0.11552456788502179
0.10679755801859887
0.11959356080615821
0.1236622091674405
0.14778948473855572
0.1342495422459653
0.13023686146939126
0.12818754902640375
0.11016142178425271
0.13973233463106205
0.13267210285830708
0.13023686186601158
0.14038048928798108
0.3333050086544727
0.1314468019300852
0.16400892201838732
0.33631566959386205
0.1714196819918433
0.3226066711791423
0.12852314938269777
0.15228147463193298
0.15551029676945788
0.156318393522264
0.168280790093395
0.16386424245595957
0.13118058395915336
0.11552456831620991
0.1265743557301442
0.16029429875169435
0.12002190997737039
0.14243030596993794
0.3333050086544727
0.1341272102246332
0.3412114949344996
0.33631566959386205
0.1407680653979026
0.12499444975155533
0.13859808899822462
0.1397323345783405
0.10604998366698157
0.14243030586449484
0.17141968209728645
0.13007517998256793
0.14215303183659128
0.1403804897768006
0.14937833568394945
0.11138749067151645
0.12818754982515188
0.11519238885010731
0.13659663036703765
0.1136036008083594
0.10839501703737509
0.14076806645716616
0.13007517945205185
0.16698068226234905
0.10950593705923045
0.11711776086409567
0.12433786867293409
0.11963239267378428
0.14558050185923477
0.1067262113971225
0.12482224332506812
0.10679755810513333
0.12849222328042875
0.12002191004410961
0.10069929174859471
0.12671347052792156
0.14229544627266438
0.12810721137635736
0.1456337153407219
0.1522814751874917
0.11711776146138107
0.11607092854412919
0.10395040935383881
0.11258782930872856
0.11258782930872856
0.12433786546621184
0.1555102965089325
0.12433786817009697
0.11068023049674883
0.1039504093538388
0.10604998350660148
0.13023686146939126
0.10175807795868866
0.13412720972257336
0.16828078959052772
0.14558050119518007
0.11802305485138676
0.13144680203552836
0.13267210219505968
0.0859310289971228
0.08593102629323768
0.10323194301458391
0.10323194031086093
0.11030383711385944
0.10273006267654257
0.11581971747125068
0.11802305429619576
0.1714196819918433
0.11552456831620991
0.11030383981774458
0.1714196819918433
0.11802305159231063
0.11581972017497366
0.10273005997265743
0.11552456561248695
0.11068022997414667
0.11068022727026154
0.13267210015442193
0.13267210285830708
0.11607092854412919
0.12499444975155533
0.11307745862929323
0.11016142178425273
0.11239296105864642
0.10989169944490695
0.10672621116464387
0.11239296085873623
0.10292594737450375
0.10604998366698157
0.12620677798520302
0.11607092792788617
0.1314468019300852
0.10937134240515096
0.10395040995031678
0.11607092854412919
0.11239296376236939
0.11016142178425271
0.11307745862929322
0.12499444975155533
0.10989169944490697
0.11607092792788617
0.12620678033007354
0.10937134240515096
0.1314468019300852
0.11239296356245922
0.10672621116464386
0.10604998096325861
0.10292594737450375
0.10395040995031678
0.15942897899370484
0.15942897899370484
0.13614780515726882
0.1361478051572688
0.1267134703947672
0.12671347039476719
0.1472049659117522
0.13137385560518225
0.12870882288171964
0.11528173215769778
0.10851535148750428
0.11202167274766617
0.10069929174859471
0.11963239267378428
0.10950593705923045
0.14558050185923477
0.1419558539614087
0.12849222562777887
0.1341272102246332
0.10851535419122726
0.12433786867293409
0.1374284551299734
0.147760613893504
0.18264167012890647
0.12866256772391316
0.10950593715364856
0.14563371478432557
0.12742072957491313
0.11271881460141013
0.15516476203553736
0.11202167274766617
0.11711776086409567
0.11519239114460385
0.13614780515726882
0.14720496861563737
0.10851535419122726
0.11528173486142075
0.12870882288171964
0.13137385560518228
0.11202167274766617
0.12849222292389373
0.1419558539614087
0.10851535148750428
0.1341272102246332
0.11963239537750726
0.10069929445247983
0.14558049915551183
0.10950593705923045
0.12433786596904897
0.11271881460141014
0.12742073227863612
0.11202167274766617
0.15516476203553736
0.11519238844088088
0.11711776086409567
0.14776061389350398
0.13742845512997337
0.12866256772391316
0.1826416701289065
0.1456337147843256
0.10950593715364856
0.1361478051572688
0.13353769141061061
0.13353769411433355
0.12866256772391316
0.12866256772391316
0.11963239257936616
0.11963239528308914
0.12412795433809018
0.12412795433809018
0.13534897030805848
0.14984177862248954
0.11688968096806356
0.11726576584528935
0.11451254321621138
0.11172672416901712
0.15453413416295195
0.15187562598171891
0.15187562868560406
0.15551029676945788
0.15631839352226398
0.12002190727348527
0.168280790093395
0.12852314667897474
0.15551029406557276
0.14304020187290586
0.14677051052197973
0.15111722386011311
0.1268726190884261
0.15425823174803163
0.1522814769768035
0.1594289792204563
0.10051694879452959
0.11602364644350455
0.09939963370585614
0.15453413416295197
0.10839501426728074
0.15942897899370484
0.1522814775323622
0.13007517674816674
0.14076806645716616
0.14558049915551183
0.1883166315466347
0.16698068226234908
0.15631839407785286
0.1083950143336521
0.12687261817710965
0.10981121378398005
0.12452745533250989
0.11085893163380366
0.16110372064357822
0.14558049849145704
0.11726576522867847
0.09939963414195409
0.12852314715419336
0.13534897030805845
0.11451254592009649
0.11726576584528933
0.11688967826417841
0.14984178096736006
0.11172672146529415
0.12002190997737039
0.156318393522264
0.12852314938269777
0.168280790093395
0.15187562868560406
0.15453413416295197
0.15551029406557276
0.15187562598171891
0.15551029676945788
0.10051694879452958
0.1594289792204563
0.09939963370585614
0.11602364373978158
0.10839501697100372
0.15453413416295195
0.14677051052197973
0.14304020187290584
0.12687261908842606
0.15111722386011311
0.15228147463193298
0.15425823174803163
0.15942897899370484
0.10981121108009492
0.12687261817710965
0.11085893163380366
0.12452745262878691
0.14558050119518007
0.16110372334746334
0.09939963414195407
0.11726576522867847
0.13007517945205185
0.1522814751874917
0.14558050185923477
0.14076806645716616
0.16698068226234905
0.1883166342505198
0.10839501703737509
0.15631839407785283
0.12852314985791632
0.15425823178184447
0.1542582317818445
0.16110372422615102
0.16110372152226587
0.1883166342505198
0.1883166315466347
0.1545341348129777
0.15453413481297767
0.15551029380504736
0.1555102965089325
0.11451254312967693
0.09939963414195409
0.14243030586449484
0.10051694881469264
0.1249944493681889
0.12852314715419336
0.11297189209663182
0.12002190734022447
0.10273006022448168
0.12412795433809018
0.1083950143336521
0.10292594756036612
0.10055343873803142
0.1265743557301442
0.1067262113971225
0.14558049849145704
0.12433786546621184
0.13007517727868279
0.10851535177723975
0.10950593715364856
0.10839501426728074
0.11202167226459411
0.11138749026225984
0.13412720972257336
0.1127188146211752
0.11963239528308914
0.16698068226234908
0.10851535448096274
0.11360360321717113
0.12849222328042875
0.12849222598431387
0.11519239114460385
0.12870882178237442
0.1151923915538303
0.12648649130043504
0.1555102965089325
0.16828078959052772
0.15187562601553173
0.17141968209728645
0.15631839407785283
0.15453413481297767
0.13144680203552836
0.14984178091463846
0.3226066711791423
0.12620678101007313
0.12852314985791632
0.15551029380504736
0.13267210219505968
0.11172672094266184
0.16400892151552005
0.1106802277928637
0.11726576522867847
0.1403804897768006
0.1039504093538388
0.1149622571635563
0.1883166342505198
0.1883166315466347
0.14558050119518007
0.16110372064357822
0.16698068226234905
0.11963239257936616
0.15425823174803163
0.1407680653979026
0.11711776146138107
0.13659662942121376
0.16110372334746334
0.13007517998256793
0.12433786817009697
0.113603600513286
0.12818754902640375
0.12687261817710965
0.12288601351746685
0.14677051077833048
0.11239296085873623
0.14776061389350398
0.1594289792204563
0.13614780529040957
0.14677051077833048
0.156318393522264
0.1594289792204563
0.13353769141061061
0.1522814775323622
0.10937134292775313
0.16696904022165918
0.11030383711385944
0.11607092854412919
0.12742072957491313
0.12015016844997892
0.12671347052792156
0.13534897030805845
0.11963239537750726
0.15631839352226398
0.1286625666237605
0.12288601622135199
0.11963239267378428
0.147760613893504
0.11239296356245922
0.1286625666237605
0.13614780529040957
0.12687261817710965
0.1419558539614087
0.13353769131619248
0.1456337153407219
0.1472049659117522
0.11644525949452886
0.13007517945205185
0.15425823178184447
0.10604998350660148
0.14771480775865226
0.1714196819918433
0.11239296105864642
0.14677051052197973
0.14243030596993794
0.12671347052792156
0.14984178096736006
0.10981121108009492
0.13859808899822462
0.10395040935383881
0.08593102629323768
0.11959356080615821
0.15187562868560406
0.12852314938269777
0.10950593705923045
0.10851535148750428
0.11626505984318802
0.11160697165699765
0.16110372064357822
0.13659662942121376
0.15425823174803163
0.14984178091463846
0.1456337147843256
0.15453413416295197
0.15111722380739154
0.14229544609472833
0.3333050086544727
0.14304020187290584
0.11963239257936616
0.1883166315466347
0.15187562601553173
0.11711776146138107
0.12620678101007313
0.15453413481297767
0.11711776086409567
0.13643250659936723
0.1542582317818445
0.14229544627266438
0.12433786596904897
0.15551029406557276
0.1245274525343688
0.11258782912707099
0.13659663036703765
0.12687261908842606
0.10395040995031678
0.13424954229868685
0.11726576584528933
0.1236622091674405
0.12433786867293409
0.12288601437685918
0.16110372422615102
0.12810721137635736
0.12818754982515188
0.16698068226234905
0.1883166342505198
0.16828078959052772
0.1407680653979026
0.3226066711791423
0.15631839407785283
0.15228147463193298
0.33631566959386205
0.1522814751874917
0.3333050086544727
0.14558050119518007
0.17141968209728645
0.1555102965089325
0.13144680203552836
0.13023686146939126
0.15551029676945788
0.168280790093395
0.14558050185923477
0.1341272102246332
0.13023686186601158
0.10175807795868866
0.12849222292389373
0.15453413416295195
0.11602364310380368
0.1248222426890465
0.12620678033007354
0.15942897899370484
0.11607092792788617
0.13742845518269498
0.1594289792204563
0.14304020187290584
0.10069929174859471
0.11030383731376961
0.1545341348129777
0.11607092854412919
0.12482224332506812
0.11068022997414667
0.11297189211639685
0.09939963370585614
0.11271881460141013
0.11016142229202983
0.10679755810513333
0.12002190997737039
0.16400892201838732
0.10839501703737509
0.12499444975155533
0.13118058395915336
0.11802305485138676
0.11552456831620991
0.11726576522867847
0.1066772838232453
0.13534897067778495
0.08593102636491685
0.1361478051572688
0.15942897899370484
0.11307745862929322
0.1267134703947672
0.1314468019300852
0.11607092792788617
0.12412795433809018
0.15631839407785286
0.11581972086370333
0.12015016893308116
0.13108509447613104
0.11030384001765475
0.13614780515726882
0.10989169944490697
0.11239296376236939
0.10937134240515096
0.11711776086409567
0.1522814769768035
0.11528173066886098
0.1281072106304011
0.1136036008083594
0.1472049658173341
0.12671347039476719
0.11870514167971373
0.12742072994460948
0.12810721063040106
0.14563371478432557
0.11880888188183303
0.14195585451780499
0.15142283045138966
0.11644526009097664
0.10839501703737509
0.1545341348129777
0.11802305485138676
0.11602364310380368
0.16400892201838732
0.11030383731376961
0.15942897899370484
0.12499444975155533
0.11607092854412919
0.12620678033007354
0.09939963414195407
0.14215303183659128
0.11068023049674883
0.13108509390158454
0.11016142178425271
0.15453413416295195
0.12002190997737039
0.10069929174859471
0.12849222292389373
0.1248222426890465
0.10679755801859887
0.11271881460141014
0.14304020187290586
0.11016142229202987
0.12482224268904649
0.11068022727026154
0.11607092792788617
0.15942897899370484
0.09939963370585614
0.1594289792204563
0.15453413416295197
0.1374284551299734
0.13108509717985403
0.1262067786652026
0.11030383981774458
0.11602364644350455
0.12620677798520302
0.11297189482011984
0.13742845518269498
0.12849222562777887
0.11602364580752665
0.1204566975410178
0.10051694879452958
0.16386424245595957
0.1067262113971225
0.10273005997265743
0.10051694879452959
0.13697152159759599
0.10273006267654257
0.11519238844088088
0.15425823174803163
0.11688967862859717
0.14937833577757376
0.11496225717760412
0.13534897067778495
0.1267134703947672
0.12733012691389883
0.14677051077833048
0.14229544609472833
0.10950593715364856
0.11581971815998036
0.15187562871941687
0.10937134292775313
0.11626506086865747
0.10395040995031678
0.10223454578810792
0.1098112116967058
0.12648649241954535
0.11959356086721039
0.1116069721329935
0.10839501697100372
0.16029429875169435
0.12002191004410961
0.12657435569146042
0.13118058435162755
0.11552456788502179
0.11802305429619576
0.10672621116464387
0.13697151838593374
0.10051694881469263
0.10672621116464386
0.10051694881469264
0.10273006292836681
0.13697152108981886
0.17732864936321488
0.11085893163380366
0.1342495422459653
0.10981121440059091
0.13137385560518225
0.1826416701289065
0.09939963370585614
0.1826416701289065
0.12733012691389883
0.3412114949344996
0.13742845518269498
0.12866256772391316
0.14558049915551183
0.10950593715364856
0.11528173486142075
0.13742845512997337
0.10069929445247983
0.11202167274766617
0.1826416701289065
0.10950593705923045
0.13137385560518228
0.10950593705923045
0.12852314667897474
0.1286625666237605
0.1116069743608828
0.1456337153407219
0.13353769401991547
0.10292594737450375
0.1826416701289065
0.12412795445186395
0.12874792570995144
0.10851535419122726
0.14776061389350398
0.11963239537750726
0.14720496861563737
0.12870882288171964
0.14076806645716616
0.16110372152226587
0.13412720972257336
0.15365053694597514
0.33631566959386205
0.141955854517805
0.15111722386011311
0.3412114949344996
0.1456337153407219
0.351653449971893
0.12452745262878691
0.14243030586449484
0.12433786546621184
0.14554441619101963
0.1342495422459653
0.15187562598171891
0.156318393522264
0.11963239267378428
0.1419558539614087
0.13643250642143112
0.12288601351746685
0.12870882288171964
0.11726576584528935
0.15516476212914804
0.14828182705993667
0.13643250642143112
0.12742073264833242
0.11307745862929322
0.1826416701289065
0.13614780529040957
0.15111722380739154
0.11528173215769778
0.12015016893308116
0.11711776146138107
0.16696904292554432
0.11870514220234606
0.11581972017497366
0.12412795445186395
0.12412795445186395
0.11880888557152552
0.10989169987609504
0.11880888286780256
0.11688967826417841
0.14038048928798108
0.11519238885010731
0.13080086795533125
0.12733012651648462
0.10223454615171923
0.11581971747125068
0.1341272102246332
0.15551029676945788
0.1407680653979026
0.13023686186601158
0.3333050086544727
0.15228147463193298
0.1314468019300852
0.3412114949344996
0.156318393522264
0.3333050086544727
0.14558050185923477
0.15631839407785283
0.1883166342505198
0.1522814751874917
0.14076806645716616
0.13267210285830708
0.14243030596993794
0.12852314938269777
0.13973233463106205
0.14038048928798108
0.13007517945205185
0.168280790093395
0.3226066711791423
0.16698068226234905
0.33631566959386205
0.33631566959386205
0.16828078959052772
0.1714196819918433
0.11802305429619576
0.12657435569146042
0.10839501697100372
0.13118058435162755
0.1249944493681889
0.12002191004410961
0.14215303082594688
0.16029429875169435
0.15516476203553736
0.1268726190884261
0.12870882178237442
0.1164452627946996
0.128747925762673
0.14720496852121923
0.1361478051572688
0.1826416701289065
0.14776061389350398
0.1456337147843256
0.12866256772391316
0.12412795433809018
0.11963239528308914
0.13353769411433355
0.12866256772391316
0.10937134240515096
0.12015016844997892
0.13353769131619248
0.15142283315527477
0.12015016893308116
0.13353769141061061
0.11602364373978158
0.1265743557301442
0.12849222328042875
0.12045669754101779
0.13742845512997337
0.11297189209663182
0.11030383711385944
0.11016142178425273
0.13435764037862616
0.11271881462117518
0.106797560722484
0.09939963414195409
0.11297189480035479
0.13108509660530754
0.13697151889371081
0.10604998366698157
0.1403804897768006
0.13007517998256793
0.1397323345783405
0.14243030586449484
0.12852314985791632
0.13859808899822462
0.16400892151552005
0.1638642419481825
0.1117267236463848
0.10223454615171923
0.11688968133248231
0.10323194081863807
0.12015016893308116
0.11602364580752665
0.10989169987609504
0.11959356086721039
0.14038048928798108
0.11016142229202983
0.11297189480035479
0.16828078959052772
0.1155245651812988
0.10223454885560436
0.13697151889371081
0.11802305214750161
0.10667728652696827
0.13435764037862616
0.10604998080287853
0.11856085647979094
0.11711776146138107
0.1407680653979026
0.1120216722645941
0.12818754902640375
0.11519238885010731
0.1287088217823744
0.14937833577757373
0.15516476212914804
0.15516476212914806
0.1477894849653072
0.13659662707634324
0.11271881462117518
0.13412720972257336
0.12648649130043504
0.1477894849653072
0.12002191004410961
0.15187562871941687
0.11552456788502179
0.11688967862859717
0.16029429875169435
0.11581971815998036
0.13534897067778495
0.12657435569146042
0.10937134292775313
0.11496225717760412
0.11451254583356205
0.1638642419481825
0.13267209949117453
0.12907216288026355
0.11856085654575292
0.15425823174803163
0.10839501697100372
0.10950593715364856
0.11519238844088088
0.14937833577757376
0.11138749026225984
0.11880888286780256
0.15111722380739157
0.10989169987609505
0.14828182435605156
0.11581971747125068
0.11307745862929323
0.12742072994460948
0.12412795445186395
0.13614780529040957
0.11726576584528933
0.1455444161910196
0.13108509660530754
0.13144680203552833
0.0859310289971228
0.10667728650012699
0.13643250642143112
0.12412795445186395
0.1826416701289065
0.12870882288171964
0.15516476212914806
0.12874792570995144
0.11597155442177921
0.14215303082594688
0.10292594756036612
0.10323194031086093
0.1005534388097106
0.12907216558414866
0.10292594737450375
0.113603600513286
0.16110372334746334
0.11172672094266184
0.12818754902640375
0.1149622571635563
0.11726576522867847
0.12810721063040106
0.12874792570995144
0.12687261817710965
0.1236622091674405
0.12433786817009697
0.1106802277928637
0.15551029380504736
0.1039504093538388
0.11258782930872856
0.11258782912707098
0.10667728379640401
0.11085893163380366
0.14778948473855572
0.1477894849653072
0.11258782930872856
0.13007517998256793
0.16400892151552005
0.12852314985791632
0.1403804897768006
0.1397323345783405
0.13267210219505968
0.10604998366698157
0.10679755801859887
0.13108509390158454
0.09939963414195407
0.11016142178425271
0.1127188146211752
0.11068023049674883
0.13435764037862616
0.14215303183659128
0.10055343873803142
0.14984177856976794
0.10323194352236104
0.11959356086721039
0.12907216237739624
0.08593102906880198
0.12671347039476719
0.10292594737450375
0.11239296356245922
0.10395040995031678
0.14243030586449484
0.1421530291328683
0.17141968209728645
0.1385980862943395
0.10604998096325861
0.1422954460947283
0.10055343880971061
0.13137385560518228
0.12648649241954535
0.14937833577757373
0.139732336923211
0.10051694881469263
0.17732864936321488
0.10273006292836681
0.13697151838593374
0.10672621116464386
0.16386423924429735
0.10672621116464387
0.13118058669649807
0.14215302812222388
0.12499444936818892
0.11802305159231063
0.10839501426728074
0.16400892151552002
0.12657435569146042
0.17732864665932974
0.11138749026225984
0.12907216288026355
0.11451254583356205
0.11856085654575292
0.11138749026225984
0.13267209949117453
0.11856085654575292
0.1638642419481825
0.16386423924429735
0.11870514220234606
0.12452745523809178
0.11202167226459411
0.16189420855228936
0.12733012651648462
0.11528173337258396
0.11870514167971373
0.1826416701289065
0.1286625666237605
0.13424954229868685
0.12452745533250989
0.09939963414195409
0.14558049849145704
0.10981121378398005
0.11085893163380366
0.11626505984318801
0.13614780529040957
0.1286625666237605
0.11644526219825183
0.15516476212914804
0.12687261817710965
0.14771480795856243
0.1249944493681889
0.10851535177723975
0.1308008675579171
0.13137385560518225
0.11451254312967693
0.11239296085873623
0.12332216984476471
0.10989169987609504
0.1120216722645941
0.1233221725484877
0.11202167226459411
0.1117267236463848
0.10989169987609505
0.10323194081863807
0.10175807795868866
0.13144680203552836
0.14558050119518007
0.13023686146939126
0.13412720972257336
0.1555102965089325
0.10604998350660148
0.17141968209728645
0.11552456788502179
0.11626506086865747
0.10292594756036612
0.10851535448096274
0.11160697483687865
0.10950593715364856
0.12852314715419336
0.10937134292775313
0.10273006022448168
0.1155245651812988
0.13267210219505968
0.10981121378398005
0.14554441619101963
0.11597155712566433
0.1308008675579171
0.13742845512997337
0.10051694879452959
0.12733012651648462
0.13118058435162755
0.33631566959386205
0.13118058395915336
0.13353769411433355
0.13007517674816674
0.11160697483687865
0.11880888557152552
0.12045669754101779
0.10679756080901845
0.11271881460141013
0.128747925762673
0.11138749067151645
0.13973233463106205
0.10069929445247983
0.12002190727348527
0.11528173337258396
0.106797560722484
0.141955854517805
0.11880888458555602
0.10672621116464386
0.13137385560518225
0.1005534388097106
0.1397323345783405
0.12849222562777887
0.14720496852121923
0.11360360351224452
0.15142283315527477
0.12648649241954535
0.1522814751874917
0.1542582317818445
0.13023686146939126
0.15111722380739154
0.33631566959386205
0.13643250659936723
0.14304020187290584
0.3333050086544727
0.14229544627266438
0.3333050086544727
0.12687261817710965
0.1397323345783405
0.11258782930872856
0.12874792570995144
0.1236622091674405
0.15453413416295197
0.15228147463193298
0.11711776086409567
0.1456337147843256
0.14229544609472833
0.12810721063040106
0.14720496861563737
0.13534897030805848
0.11644526219825183
0.16696904292554432
0.1419558539614087
0.12742073227863612
0.11607092854412919
0.1456337153407219
0.12671347052792156
0.1522814751874917
0.1472049659117522
0.15142283315527477
0.1281072113763574
0.14720496861563737
0.12810721137635736
0.11030383981774458
0.13353769401991547
0.1201501684499789
0.13353769411433355
0.10937134292775313
0.15142283045138966
0.13534897030805845
0.13973233463106205
0.14937833568394945
0.13137385560518228
0.14229544627266438
0.12648649130043504
0.10937134240515096
0.1419558539614087
0.15187562598171891
0.15365053694597514
0.13643250642143112
0.351653449971893
0.15111722386011311
0.12620678033007354
0.351653449971893
0.14984178096736006
0.3333050086544727
0.11963239267378428
0.141955854517805
0.16110372152226587
0.1456337153407219
0.13659663036703765
0.11068022727026154
0.14554441629646275
0.11172672146529415
0.128747925762673
0.11496225717760412
0.1136036008083594
0.156318393522264
0.33631566959386205
0.14076806645716616
0.3412114949344996
0.3333050086544727
0.13412720972257336
0.1314468019300852
0.11030383711385944
0.12045669754101779
0.11602364373978158
0.13742845512997337
0.12620678101007313
0.12849222328042875
0.13108509447613104
0.1265743557301442
0.12742073227863612
0.14677051052197973
0.14828182624007447
0.12742073264833242
0.14554441629646275
0.166969042555848
0.15942897899370484
0.15111722386011311
0.14677051052197973
0.15228147463193298
0.147760613893504
0.11880888458555602
0.12288601708074433
0.13353769401991547
0.12687261908842606
0.11607092792788617
0.166969042555848
0.16696903985196287
0.14720496852121923
0.13534897067778495
0.1472049658173341
0.1594289792204563
0.13118058395915336
0.12482224332506812
0.13742845518269498
0.14304020187290584
0.1127188146211752
0.11607092792788617
0.11607092854412919
0.10679756080901845
0.12482224332506814
0.10069929445247983
0.15453413481297767
0.12849222598431387
0.11030384001765475
0.1067262113971225
0.11239296085873623
0.1308008675579171
0.14771480795856243
0.13137385560518225
0.14984178091463846
0.10851535177723975
0.08593102636491685
0.1249944493681889
0.10273006022448168
0.13137385560518228
0.11451254321621138
0.13424954229868685
0.13080086795533125
0.351653449971893
0.14554441629646275
0.12499444975155533
0.3412114949344996
0.14243030596993794
0.33631566959386205
0.10851535148750428
0.1456337147843256
0.12433786596904897
0.1419558539614087
0.1341272102246332
0.10273005997265743
0.13742845518269498
0.11297189211639685
0.12045669754101779
0.12657435569146042
0.12849222292389373
0.14984178096736006
0.3333050086544727
0.13659663036703765
0.351653449971893
0.3333050086544727
0.13659662942121376
0.12620678033007354
0.08593102629323768
0.12874792570995144
0.10667728379640401
0.14554441619101963
0.13144680203552836
0.113603600513286
0.13108509390158454
0.1149622571635563
0.1714196819918433
0.33631566959386205
0.168280790093395
0.33631566959386205
0.3226066711791423
0.16698068226234905
0.16400892201838732
0.3226066711791423
0.16400892151552005
0.11239296105864642
0.13643250659936723
0.12288601437685918
0.141955854517805
0.15631839407785283
0.11963239257936616
0.11030383731376961
0.12620678101007313
0.1106802277928637
0.17141968209728645
0.16696904292554432
0.14771481046253737
0.1233221725484877
0.14828182705993667
0.13080086795533125
0.12332217211732976
0.1248222426890465
0.13643250642143112
0.11626505984318802
0.13023686186601158
0.12288601622135199
0.106797560722484
0.10175807525480353
0.1116069743608828
0.11258782912707099
0.12482224268904649
0.12742073264833242
0.11870514167971374
0.1164452627946996
0.14937833577757376
0.1281072106304011
0.14677051077833048
0.13118058435162755
0.11626506086865747
0.12733012691389883
0.14229544609472833
0.11138749026225984
0.1267134703947672
0.16696904022165918
0.11880888557152552
0.11870514220234607
0.11528173486142075
0.11711776146138107
0.11360360321717113
0.12015016893308116
0.10055343873803142
0.12288601351746685
0.14554441619101963
0.12452745262878691
0.1342495422459653
0.13659662942121376
0.12433786546621184
0.1066772838232453
0.14243030586449484
0.11297189209663182
0.14677051077833048
0.11597155712566433
0.14771481066244754
0.10981121440059091
0.15425823174803163
0.13007517727868279
0.13534897067778495
0.10051694881469264
0.12002190734022447
0.11451254312967693
0.14771480775865226
0.15111722380739154
0.1245274525343688
0.15365053694597514
0.1407680653979026
0.16110372064357822
0.11602364310380368
0.14984178091463846
0.11172672094266184
0.16828078959052772
0.15187562601553173
0.11451254583356205
0.11297189480035479
0.12852314985791632
0.10273006292836681
0.12002191004410961
0.14243030586449484
0.09939963414195407
0.12499444936818892
0.10051694881469263
0.12412795433809018
0.1265743557301442
0.10055343873803142
0.10292594756036612
0.10839501703737509
0.1067262113971225
0.16828078959052772
0.15551029380504736
0.17141968209728645
0.15187562871941687
0.12852314715419336
0.16400892151552002
0.1117267236463848
0.13267209949117453
0.1555102965089325
0.11068023049674883
0.15631839407785286
0.3226066684752576
0.14984177856976794
0.13144680203552833
0.1545341348129777
0.1262067786652026
0.14038048977680062
0.11726576522867847
0.11496225481868579
0.10395040935383881
0.12433786817009697
0.14558050119518007
0.10851535448096274
0.13007517998256793
0.11963239257936616
0.12849222598431387
0.113603600513286
0.10851535177723975
0.16698068226234905
0.12849222328042875
0.10950593715364856
0.13412720972257336
0.11138749026225984
0.1120216722645941
0.10839501697100372
0.11271881462117518
0.1287088217823744
0.11519238844088088
0.12648649130043504
0.11519238885010731
0.1883166315466347
0.16698068226234908
0.16110372334746334
0.14558049849145704
0.1883166342505198
0.11963239528308914
0.13007517727868279
0.16110372064357822
0.11360360321717113
0.12433786546621184
0.1407680653979026
0.15425823174803163
0.13659662707634324
0.11711776146138107
0.12818754902640375
0.13659662707634324
0.16110372334746334
0.14984177856976794
0.15425823174803163
0.11963239528308914
0.1262067786652026
0.11711776146138107
0.15187562871941687
0.1883166342505198
0.1545341348129777
0.14563371478432557
0.33330500865447277
0.1422954460947283
0.15111722380739157
0.15453413416295195
0.14304020187290586
0.13643250659936723
0.11711776086409567
0.1422954462726644
0.15425823178184447
0.16698068226234908
0.3226066684752576
0.1407680653979026
0.16828078959052772
0.1883166315466347
0.15631839407785286
0.17141968209728645
0.14558049849145704
0.13144680203552833
0.15551029380504736
0.3363156722977468
0.1522814769768035
0.3333050086544727
0.1522814775323622
0.13023686381426175
0.12433786867293409
0.13659662802216713
0.11258782912707098
0.12452745523809178
0.15551029676945788
0.1268726190884261
0.12288601708074433
0.12433786596904897
0.1281072113763574
0.16110372152226587
0.13424954229868688
0.10395040995031678
0.1236622091674405
0.11726576584528935
0.1281875498251519
0.168280790093395
0.15551029406557276
0.1341272102246332
0.14558049915551183
0.10175807525480353
0.13023686421088213
0.12288601622135199
0.12687261817710965
0.11239296356245922
0.14677051077833048
0.13353769411433355
0.11030383981774458
0.16696904292554432
0.10937134292775313
0.1522814751874917
0.11607092854412919
0.147760613893504
0.15631839352226398
0.14677051077833048
0.13614780529040957
0.1594289792204563
0.1594289792204563
0.1201501684499789
0.12742073227863612
0.13534897030805848
0.12671347052792156
0.13007517674816674
0.1714196819918433
0.14771481046253737
0.10604998080287853
0.1542582317818445
0.11239296376236939
0.1385980862943395
0.10981121378398005
0.0859310289971228
0.1039504093538388
0.142430305969938
0.14677051052197973
0.14984177862248954
0.12671347052792156
0.11959356080615821
0.11963239267378428
0.11963239537750726
0.12288601351746685
0.1286625666237605
0.156318393522264
0.14776061389350398
0.13353769401991547
0.1419558539614087
0.14720496861563737
0.1456337153407219
0.1286625666237605
0.11239296085873623
0.12687261817710965
0.13614780529040957
0.11644526219825183
0.12852314667897474
0.15187562598171891
0.10851535419122726
0.10950593705923045
0.1116069743608828
0.11626505984318801
0.12849222562777887
0.12620677798520302
0.12482224268904649
0.11602364580752665
0.15453413416295197
0.15942897899370484
0.11030384001765475
0.10069929445247983
0.11607092854412919
0.15453413481297767
0.13742845518269498
0.11607092792788617
0.14304020187290586
0.1594289792204563
0.12482224332506814
0.1640089220183873
0.12002190727348527
0.12499444975155533
0.1083950143336521
0.11802305214750161
0.13118058630402388
0.11297189482011984
0.11068022727026154
0.11271881460141014
0.09939963370585614
0.10679756080901845
0.11016142229202987
0.11552456561248695
0.1342495422459653
0.11085893163380366
0.13137385560518228
0.1098112116967058
0.12866256772391316
0.1374284551299734
0.11528173215769778
0.10950593715364856
0.14558050185923477
0.10069929174859471
0.18264167012890647
0.3412114949344996
0.12733012691389878
0.1826416701289065
0.09939963370585614
0.13742845518269498
0.18264167012890647
0.11202167274766617
0.13137385560518225
0.10950593705923045
0.14076806645716616
0.3363156722977468
0.15365053694597514
0.13412720972257336
0.16110372422615102
0.14195585451780499
0.14243030586449484
0.12452745533250989
0.1455444161910196
0.12433786817009697
0.3412114949344996
0.15111722386011311
0.35165344726800835
0.1456337153407219
0.1342495422459653
0.10950593705923045
0.1456337153407219
0.11160697165699765
0.1286625666237605
0.12852314938269777
0.13353769131619248
0.147760613893504
0.10851535148750428
0.1472049659117522
0.11963239267378428
0.1826416701289065
0.10292594737450375
0.12874792570995144
0.12412795445186395
0.12870882288171964
0.15631839352226398
0.15187562868560406
0.1419558539614087
0.11963239537750726
0.12288601622135199
0.13643250642143112
0.1341272102246332
0.3333050086544727
0.13023686421088213
0.1407680653979026
0.15551029406557276
0.1522814769768035
0.15631839407785286
0.14558049915551183
0.1522814775323622
0.1883166315466347
0.3412114949344996
0.1314468019300852
0.33330500865447277
0.15631839352226398
0.14076806645716616
0.3226066684752576
0.168280790093395
0.3363156722977468
0.16698068226234908
0.16828078959052772
0.3363156722977468
0.142430305969938
0.13267210015442193
0.1397323369759326
0.12852314667897474
0.13007517674816674
0.14038048928798108
0.1714196819918433
0.12870882288171964
0.13643250642143112
0.14828182435605156
0.15516476212914806
0.11726576584528933
0.12742072994460948
0.12015016893308116
0.11528173486142075
0.16696904022165918
0.11711776146138107
0.1826416701289065
0.11307745862929323
0.15111722380739157
0.13614780529040957
0.11870514220234607
0.14038048928798108
0.11688968096806356
0.13080086795533125
0.1151923915538303
0.10223454885560436
0.12733012651648462
0.12412795445186395
0.11581971747125068
0.11880888286780256
0.12412795445186395
0.11880888557152552
0.10989169987609505
0.11581972017497366
0.12657435569146042
0.11802305159231063
0.13118058669649807
0.10839501426728074
0.12002190734022447
0.12499444936818892
0.16029429875169438
0.14215302812222388
0.10667728652696827
0.11726576522867847
0.08593102906880198
0.13534897067778495
0.12412795433809018
0.13108509717985403
0.12015016893308116
0.11581971815998036
0.15631839407785283
0.11030383731376961
0.13614780515726882
0.1314468019300852
0.12671347039476719
0.11307745862929323
0.15942897899370484
0.11607092792788617
0.10989169944490695
0.1361478051572688
0.10937134240515096
0.11239296105864642
0.1083950143336521
0.1640089220183873
0.11602364580752665
0.11802305214750161
0.15453413481297767
0.11030384001765475
0.1421530291328683
0.09939963414195409
0.13108509660530754
0.1106802277928637
0.12499444975155533
0.15942897899370484
0.12620677798520302
0.11607092854412919
0.11016142178425273
0.11711776086409567
0.11360360351224452
0.12810721063040106
0.11528173337258396
0.15228147463193298
0.14720496852121923
0.11880888458555602
0.1456337147843256
0.15142283315527477
0.141955854517805
0.11870514167971374
0.1267134703947672
0.1281072106304011
0.12742073264833242
0.1164452627946996
0.12002190727348527
0.15453413416295197
0.12849222562777887
0.10069929445247983
0.106797560722484
0.12482224268904649
0.11519239114460385
0.1149622548327336
0.14937833577757373
0.11688968133248231
0.15425823174803163
0.13534897067778495
0.11581972086370333
0.10950593715364856
0.10937134292775313
0.15187562601553173
0.12733012691389878
0.12671347039476719
0.1422954460947283
0.14677051077833048
0.11626506086865747
0.16029429875169438
0.10839501426728074
0.12657435569146042
0.12002190734022447
0.1155245651812988
0.13118058669649807
0.10223454849199304
0.10395040995031678
0.12648649241954535
0.10981121440059091
0.11160697483687865
0.11959356086721039
0.11802305159231063
0.11271881460141013
0.11068022997414667
0.1248222426890465
0.11016142229202983
0.14304020187290584
0.11607092792788617
0.13108509447613104
0.13742845512997337
0.11030383711385944
0.12620678101007313
0.09939963370585614
0.15942897899370484
0.15453413416295195
0.1594289792204563
0.11602364373978158
0.16386423975207445
0.10051694879452959
0.10273006267654257
0.1067262113971225
0.13697151889371081
0.10051694879452958
0.11297189211639685
0.12620678033007354
0.12849222292389373
0.13742845518269498
0.12045669754101779
0.11602364310380368
0.10273005997265743
0.13697152108981886
0.10672621116464386
0.10672621116464387
0.10051694881469264
0.10273006022448168
0.10051694881469263
0.17732864665932974
0.13697151838593374
0.15516476203553736
0.12874792576267302
0.11644526009097664
0.1287088217823744
0.12687261908842606
0.1472049658173341
0.12412795433809018
0.12866256772391316
0.13353769141061061
0.11963239257936616
0.18264167012890647
0.13614780515726882
0.14563371478432557
0.147760613893504
0.12866256772391316
0.1265743557301442
0.11602364644350455
0.1204566975410178
0.12849222598431387
0.11297189480035479
0.1374284551299734
0.1201501684499789
0.10937134240515096
0.15142283045138966
0.13353769401991547
0.13353769411433355
0.12015016893308116
0.11030383981774458
0.14038048977680062
0.10604998096325861
0.139732336923211
0.13007517727868279
0.12852314715419336
0.14243030586449484
0.16400892151552002
0.1385980862943395
0.13435764037862616
0.11016142178425271
0.10679755801859887
0.1127188146211752
0.11297189209663182
0.09939963414195407
0.13697152159759599
0.13108509390158454
0.16386423924429735
0.1455444161910196
0.10981121108009492
0.1308008675579171
0.11597155442177921
0.13353769141061061
0.1204566975410178
0.11880888286780256
0.1116069721329935
0.13007517945205185
0.10679755810513333
0.1374284551299734
0.3363156722977468
0.13118058669649807
0.12733012651648462
0.10051694879452958
0.13118058630402388
0.12874792576267302
0.11271881460141014
0.1397323369759326
0.11138749067151645
0.1522814775323622
0.3363156722977468
0.15111722380739157
0.13023686381426175
0.15425823178184447
0.13643250659936723
0.139732336923211
0.12687261817710965
0.12874792570995144
0.11258782930872856
0.3333050086544727
0.14304020187290586
0.33330500865447277
0.1422954462726644
0.1236622091674405
0.10069929174859471
0.14195585451780499
0.10679755801859887
0.11528173066886098
0.12002190997737039
0.11880888188183303
0.1472049658173341
0.12849222292389373
0.15142283045138966
0.1136036008083594
0.13137385560518228
0.10672621116464387
0.139732336923211
0.10055343880971061
0.12648649241954535
0.1522814769768035
0.15453413416295195
0.14563371478432557
0.11711776086409567
0.1281072106304011
0.1422954460947283
0.1419558539614087
0.35165344726800835
0.13643250642143112
0.15365053694597514
0.15187562868560406
0.15111722386011311
0.14195585451780499
0.11963239537750726
0.1456337153407219
0.16110372422615102
0.35165344726800835
0.12620677798520302
0.3333050086544727
0.14984177862248954
0.13659662802216713
0.3363156722977468
0.15631839352226398
0.3412114949344996
0.14076806645716616
0.13412720972257336
0.33330500865447277
0.1455444162964628
0.11068022997414667
0.12874792576267302
0.11172672416901712
0.11360360351224452
0.1149622548327336
0.1314468019300852
0.1472049659117522
0.1419558539614087
0.16696904022165918
0.11644525949452886
0.13534897030805845
0.12742072957491313
0.15142283045138966
0.14720496861563737
0.1472049659117522
0.12810721137635736
0.1456337153407219
0.11607092854412919
0.1522814775323622
0.12671347052792156
0.1281072113763574
0.1397323369759326
0.13534897030805848
0.13137385560518225
0.14937833568394948
0.12648649130043504
0.1422954462726644
0.13353769131619248
0.11030383711385944
0.13353769141061061
0.12015016844997892
0.15142283315527477
0.10937134292775313
0.10937134240515096
0.1204566975410178
0.11030383981774458
0.1374284551299734
0.11602364644350455
0.12849222598431387
0.1262067786652026
0.1265743557301442
0.13108509717985403
0.13137385560518225
0.35165344726800835
0.13080086795533125
0.13424954229868688
0.11451254592009649
0.1455444162964628
0.14563371478432557
0.10851535419122726
0.1419558539614087
0.12433786867293409
0.3412114949344996
0.12499444975155533
0.3363156722977468
0.142430305969938
0.1341272102246332
0.33330500865447277
0.14984177862248954
0.35165344726800835
0.13659662802216713
0.13659662707634324
0.3333050086544727
0.13742845518269498
0.10273006267654257
0.1204566975410178
0.11297189482011984
0.12849222562777887
0.12657435569146042
0.12620677798520302
0.3363156722977468
0.1714196819918433
0.3363156722977468
0.168280790093395
0.16698068226234908
0.3226066684752576
0.3226066684752576
0.1640089220183873
0.12874792570995144
0.0859310289971228
0.1455444161910196
0.10667728650012699
0.11360360321717113
0.13144680203552833
0.11496225481868579
0.13108509660530754
0.16400892151552002
0.12742072957491313
0.1455444162964628
0.12742072994460948
0.14828182353618932
0.14677051052197973
0.16696903985196287
0.11880888188183303
0.14776061389350398
0.13353769131619248
0.12288601437685918
0.15111722386011311
0.15942897899370484
0.1522814769768035
0.14677051052197973
0.1268726190884261
0.13118058630402388
0.1594289792204563
0.13742845518269498
0.12482224332506814
0.11271881462117518
0.14304020187290586
0.16696903985196287
0.11607092792788617
0.1472049658173341
0.166969042555848
0.14720496852121923
0.13534897067778495
0.11607092792788617
0.1308008675579171
0.11239296356245922
0.13137385560518228
0.14771481066244754
0.10851535448096274
0.14984177856976794
0.12499444936818892
0.08593102906880198
0.10679755810513333
0.11607092854412919
0.10069929174859471
0.12482224332506812
0.12849222328042875
0.1545341348129777
0.1067262113971225
0.11030383731376961
0.10273006292836681
0.13643250659936723
0.11239296376236939
0.14195585451780499
0.12288601708074433
0.11963239528308914
0.15631839407785286
0.1262067786652026
0.11030384001765475
0.17141968209728645
0.11068023049674883
0.10223454885560436
0.11172672094266184
0.10323194352236104
0.11688967862859717
0.11297189209663182
0.13697152159759599
0.10223454615171923
0.11552456788502179
0.16828078959052772
0.11802305485138676
0.12015016893308116
0.14038048928798108
0.11959356086721039
0.10989169987609505
0.11602364310380368
0.11016142229202987
0.13435764037862616
0.1066772838232453
0.11856085647979095
0.10604998350660148
0.12002190734022447
0.16029429875169438
0.11688968133248231
0.1155245651812988
0.15187562601553173
0.11581972086370333
0.16386423924429735
0.11451254312967693
0.12907216558414866
0.13267210219505968
0.12657435569146042
0.13534897067778495
0.1149622548327336
0.10937134292775313
0.11856085654575292
0.11711776146138107
0.1151923915538303
0.12818754902640375
0.11202167226459411
0.1407680653979026
0.12870882178237442
0.1127188146211752
0.13659662942121376
0.12648649130043504
0.13412720972257336
0.15516476212914806
0.14937833577757376
0.1477894849653072
0.15516476212914804
0.1477894849653072
0.10839501426728074
0.15425823174803163
0.11519239114460385
0.10950593715364856
0.11138749026225984
0.14937833577757373
0.11360360321717113
0.11496225481868579
0.12818754902640375
0.1117267236463848
0.16110372064357822
0.11726576522867847
0.11068023049674883
0.12433786546621184
0.10395040935383881
0.1555102965089325
0.12874792570995144
0.1281072106304011
0.1236622091674405
0.12687261817710965
0.11258782930872856
0.16400892151552002
0.13007517727868279
0.14038048977680062
0.12852314715419336
0.13267209949117453
0.139732336923211
0.10667728650012699
0.11258782912707099
0.14778948473855572
0.11085893163380366
0.11258782930872856
0.1477894849653072
0.10604998096325861
0.11880888557152552
0.11581972017497366
0.14828182705993667
0.10989169987609504
0.15111722380739154
0.11307745862929322
0.13108509390158454
0.14554441619101963
0.08593102629323768
0.13144680203552836
0.12412795445186395
0.12742073264833242
0.11726576584528935
0.13614780529040957
0.10667728379640401
0.14215302812222388
0.11597155712566433
0.10323194301458391
0.10292594756036612
0.12907216288026355
0.10055343880971061
0.12412795445186395
0.13643250642143112
0.12870882288171964
0.1826416701289065
0.12874792570995144
0.15516476212914804
0.10292594737450375
0.13108509660530754
0.106797560722484
0.11016142178425273
0.09939963414195409
0.1106802277928637
0.11271881462117518
0.1421530291328683
0.13435764037862616
0.11870514220234607
0.12733012651648462
0.16189420584840422
0.1120216722645941
0.1245274525343688
0.11528173066886098
0.09939963414195407
0.12452745262878691
0.10981121108009492
0.14558050119518007
0.1826416701289065
0.11870514167971374
0.13424954229868688
0.1286625666237605
0.11085893163380366
0.12499444936818892
0.14771481066244754
0.1308008675579171
0.10851535448096274
0.11451254583356205
0.13137385560518228
0.13614780529040957
0.11626505984318802
0.11644525949452886
0.1286625666237605
0.12687261817710965
0.15516476212914806
0.11239296356245922
0.13144680203552833
0.10175807525480353
0.13023686381426175
0.14558049849145704
0.15551029380504736
0.13412720972257336
0.17141968209728645
0.10604998080287853
0.10989169987609505
0.1233221725484877
0.12332216984476471
0.11202167226459411
0.11172672094266184
0.1120216722645941
0.10323194352236104
0.10989169987609504
0.1155245651812988
0.10055343873803142
0.12907216508128136
0.11959356086721039
0.10323194081863807
0.14984178091463846
0.08593102636491685
0.14215303183659128
0.14243030586449484
0.13859808899822462
0.17141968209728645
0.10292594737450375
0.1267134703947672
0.10395040995031678
0.11239296085873623
0.10604998366698157
0.17732864665932974
0.10051694881469264
0.13697152108981886
0.10273006022448168
0.1638642419481825
0.10672621116464387
0.1005534388097106
0.14229544609472833
0.12648649241954535
0.13137385560518225
0.1397323345783405
0.14937833577757376
0.10672621116464386
0.12907216558414866
0.11138749026225984
0.11856085654575292
0.11451254312967693
0.13267210219505968
0.11138749026225984
0.16386423924429735
0.11856085654575292
0.14215303082594688
0.13118058435162755
0.11802305429619576
0.1249944493681889
0.16400892151552005
0.10839501697100372
0.17732864936321488
0.12657435569146042
0.1638642419481825
0.10292594756036612
0.11626506086865747
0.1116069721329935
0.10851535177723975
0.12852314985791632
0.10950593715364856
0.10273006292836681
0.10937134292775313
0.13267209949117453
0.11552456788502179
0.16696904022165918
0.13080086795533125
0.14828182435605156
0.12332216984476471
0.14771480775865226
0.12332216941360678
0.10679755801859887
0.12288601351746685
0.11160697165699765
0.10175807795868866
0.13643250642143112
0.12482224268904649
0.13023686421088213
0.11626505984318801
0.11258782912707098
0.13118058669649807
0.14677051077833048
0.12733012691389878
0.11626506086865747
0.11138749026225984
0.1422954460947283
0.12742072994460948
0.1248222426890465
0.11644526009097664
0.11870514167971373
0.12810721063040106
0.14937833577757373
0.12671347039476719
0.1455444161910196
0.12288601622135199
0.1342495422459653
0.12452745533250989
0.12433786817009697
0.13659662707634324
0.14243030586449484
0.10667728652696827
0.11880888286780256
0.16696904292554432
0.11528173215769778
0.11870514220234606
0.113603600513286
0.11711776146138107
0.10055343873803142
0.12015016893308116
0.11297189480035479
0.15111722380739157
0.14771481046253737
0.15365053694597514
0.12452745523809178
0.16110372334746334
0.1407680653979026
0.14984177856976794
0.11602364580752665
0.16828078959052772
0.1117267236463848
0.11597155442177921
0.14677051077833048
0.1098112116967058
0.14771480795856243
0.13007517998256793
0.15425823174803163
0.10051694881469263
0.13534897067778495
0.11451254583356205
0.12002191004410961
0.15187562871941687
0.12452745533250989
0.12452745262878691
0.14771481066244754
0.14771480795856243
0.12866256772391316
0.11602364644350455
0.11870514220234606
0.11626506086865747
0.14076806645716616
0.12482224332506812
0.12866256772391316
0.14076806645716616
0.11626506086865747
0.11870514220234607
0.11602364373978158
0.12482224332506814
0.15516476203553736
0.15516476203553736
0.14937833568394948
0.14937833568394945
0.14558049915551183
0.168280790093395
0.12452745523809178
0.10175807525480353
0.16110372152226587
0.12288601708074433
0.10604998096325861
0.11085893163380366
0.10667728650012699
0.11258782930872856
0.1341272102246332
0.1268726190884261
0.13659662802216713
0.1281072113763574
0.14778948473855572
0.14558050185923477
0.16110372422615102
0.10175807795868866
0.1245274525343688
0.168280790093395
0.12288601437685918
0.12687261908842606
0.1341272102246332
0.12810721137635736
0.13659663036703765
0.11085893163380366
0.10604998366698157
0.11258782930872856
0.10667728379640401
0.14778948473855572
0.15551029406557276
0.15551029676945788
0.12433786867293409
0.12433786596904897
0.11258782912707099
0.11258782912707098
0.10851535419122726
0.14984177862248954
0.11626505984318801
0.14771481046253737
0.15187562598171891
0.14677051052197973
0.11239296376236939
0.10950593705923045
0.12671347052792156
0.1542582317818445
0.13137385560518225
0.10937134240515096
0.1422954462726644
0.13534897030805848
0.14937833568394948
0.1714196819918433
0.12852314667897474
0.142430305969938
0.13007517674816674
0.10604998080287853
0.1397323369759326
0.11451254592009649
0.13267210285830708
0.11138749067151645
0.11451254321621138
0.11138749067151645
0.11856085647979095
0.13267210015442193
0.10851535148750428
0.15187562868560406
0.14771480775865226
0.11626505984318802
0.14984178096736006
0.14677051052197973
0.10937134240515096
0.13137385560518228
0.13534897030805845
0.14229544627266438
0.10950593705923045
0.11239296105864642
0.15425823178184447
0.12671347052792156
0.14937833568394945
0.13267210015442193
0.11451254321621138
0.11451254592009649
0.11138749067151645
0.11856085647979094
0.11138749067151645
0.12852314938269777
0.1714196819918433
0.13007517945205185
0.14243030596993794
0.13973233463106205
0.10604998350660148
0.13267210285830708
0.10273006267654257
0.10273005997265743
0.10051694879452958
0.10051694879452959
0.1067262113971225
0.1067262113971225
0.16386423975207445
0.16386424245595957
0.11202167274766617
0.15111722386011311
0.12332216941360678
0.11870514167971374
0.11172672146529415
0.16696903985196287
0.13614780515726882
0.11202167274766617
0.12742072957491313
0.11711776086409567
0.18264167012890647
0.10989169944490695
0.13643250659936723
0.1201501684499789
0.15516476203553736
0.1314468019300852
0.11172672416901712
0.1455444162964628
0.11360360351224452
0.10667728652696827
0.12874792576267302
0.09939963370585614
0.11552456831620991
0.10679755810513333
0.11297189211639685
0.11271881460141013
0.13435764037862616
0.11068022997414667
0.12499444975155533
0.11552456561248695
0.13118058630402388
0.12002190727348527
0.1083950143336521
0.1265743557301442
0.1640089220183873
0.16386423975207445
0.10292594737450375
0.10323194031086093
0.11597155442177921
0.1005534388097106
0.10055343873803142
0.10292594756036612
0.12907216508128136
0.14215303082594688
0.17732864665932974
0.11202167274766617
0.11172672416901712
0.11870514167971373
0.12332217211732976
0.15111722386011311
0.166969042555848
0.10989169944490697
0.1826416701289065
0.12015016844997892
0.13643250659936723
0.11202167274766617
0.1361478051572688
0.11711776086409567
0.12742073227863612
0.15516476203553736
0.11552456561248695
0.09939963370585614
0.11297189482011984
0.10679756080901845
0.13435764037862616
0.11271881460141014
0.11172672146529415
0.1314468019300852
0.1136036008083594
0.14554441629646275
0.128747925762673
0.1066772838232453
0.11068022727026154
0.10323194301458391
0.10292594737450375
0.10055343880971061
0.11597155712566433
0.10292594756036612
0.10055343873803142
0.14215302812222388
0.12907216237739624
0.11552456831620991
0.12499444975155533
0.12002190997737039
0.13118058395915336
0.1265743557301442
0.10839501703737509
0.16386424245595957
0.16400892201838732
0.17732864936321488
0.10989169944490695
0.10989169944490697
0.11880888188183303
0.11880888458555602
0.12412795433809018
0.12412795433809018
0.13108509717985403
0.13108509447613104
0.1421530291328683
0.14215303183659128
0.11528173215769778
0.15365053694597514
0.12332216984476471
0.16189420584840422
0.11688967826417841
0.14828182353618932
0.11644526009097664
0.12870882288171964
0.11644525949452886
0.12818754982515188
0.1342495422459653
0.11016142178425273
0.13023686381426175
0.11959356080615821
0.14778948473855572
0.13023686421088213
0.11726576584528935
0.13424954229868688
0.1281875498251519
0.1477894849653072
0.1236622091674405
0.1098112116967058
0.11802305429619576
0.1116069721329935
0.10223454578810792
0.12648649241954535
0.11856085654575292
0.10395040995031678
0.13080086795533125
0.11581972017497366
0.12733012651648462
0.11688968096806356
0.1151923915538303
0.11496225481868579
0.14038048928798108
0.12907216508128136
0.11160697165699765
0.08593102629323768
0.10981121108009492
0.11959356080615821
0.12648649130043504
0.10395040935383881
0.11856085647979095
0.13859808899822462
0.13697152159759599
0.12733012691389878
0.10323194301458391
0.1308008675579171
0.10223454849199304
0.11519239114460385
0.14038048977680062
0.1149622548327336
0.13697152108981886
0.16029429875169438
0.12907216558414866
0.12332216941360678
0.11307745862929322
0.11528173066886098
0.14828182624007447
0.12870882178237442
0.11726576522867847
0.11016142229202987
0.08593102636491685
0.10323194352236104
0.11802305485138676
0.11581972086370333
0.11528173486142075
0.11688968096806356
0.16189420855228936
0.1233221725484877
0.15365053694597514
0.14828182624007447
0.11016142178425271
0.1342495422459653
0.11959356080615821
0.13023686146939126
0.12870882288171964
0.1164452627946996
0.1281875498251519
0.11644526219825183
0.14778948473855572
0.11802305159231063
0.10981121440059091
0.10223454849199304
0.11160697483687865
0.11856085654575292
0.12648649241954535
0.11726576584528933
0.13023686186601158
0.12818754982515188
0.13424954229868685
0.1236622091674405
0.1477894849653072
0.10395040995031678
0.0859310289971228
0.1116069743608828
0.11959356080615821
0.10981121378398005
0.1039504093538388
0.12648649130043504
0.1385980862943395
0.11856085647979094
0.11581971747125068
0.13080086795533125
0.11688967826417841
0.12733012651648462
0.1149622571635563
0.11519238885010731
0.12907216237739624
0.14038048928798108
0.13697151889371081
0.11307745862929323
0.12332217211732976
0.14828182353618932
0.11528173337258396
0.11726576522867847
0.1287088217823744
0.08593102906880198
0.11016142229202983
0.11802305214750161
0.10323194081863807
0.10323194031086093
0.12733012691389883
0.10223454578810792
0.1308008675579171
0.1403804897768006
0.11519238844088088
0.13697151838593374
0.11496225717760412
0.12907216288026355
0.16029429875169435
0.11581971815998036
0.14828182435605156
0.14828182705993667
0.16189420584840422
0.16189420855228936
0.12818754902640375
0.12818754902640375
0.11959356086721039
0.11959356086721039
0.10223454885560436
0.10223454615171923
0.11688968133248231
0.11688967862859717
