0.08991104444067664
0.08671797131512443
0.09630255233186527
0.11214019476506935
0.09314147402846237
0.09630255233186526
0.08671797131512445
0.09314147402846237
0.11214019476506935
0.07463729169996208
0.0931414748354698
0.08796494928361623
0.08796494928361623
0.0931414748354698
0.11214019588411943
0.09423690249878681
0.08652882686314149
0.09630255233186526
0.05998200183368504
0.05998200183368503
0.09314147402846237
0.05856279533081774
0.08991104444067664
0.0942369024987868
0.08671797131512445
0.07810042388444433
0.185317451475439
0.06312249126726516
0.06467948179091558
0.07048104514375653
0.06563774535568993
0.06610224291312987
0.06806364546468233
0.06610224291312987
0.0814611495499225
0.08652882686314149
0.0942369024987868
0.05998200183368503
0.09630255233186527
0.07810042388444431
0.07048104514375653
0.06467948179091558
0.06312249126726516
0.185317451475439
0.06563774535568995
0.05998200183368504
0.09423690249878681
0.08991104444067664
0.05856279533081774
0.09314147402846237
0.08671797131512443
0.06806364546468233
0.06610224291312986
0.0814611495499225
0.06610224291312987
0.14829747210301658
0.10657101942000487
0.08332884336394895
0.08332884336394895
0.10657101942000487
0.06384693284216524
0.0938747746019171
0.0952082169328254
0.07175304382174855
0.0781018394052181
0.0952082169328254
0.0938747746019171
0.07810183940521812
0.07175304382174855
0.09849380014056729
0.06838765273903567
0.08081502621750722
0.07359701773603226
0.06543855801667324
0.08161531167975457
0.06765144434579884
0.04645288156911898
0.0938747746019171
0.10657101928196203
0.07905625223681273
0.08867204997301326
0.186397749936481
0.0536243834168385
0.0945316444574985
0.07048104477894863
0.06765144417969159
0.09453164417345641
0.0717530433189114
0.07359701745202032
0.09387477446387425
0.0837846237692504
0.16913208284179748
0.07489037061266503
0.07810183940521812
0.08999471680977061
0.0836545855552151
0.06312249126726516
0.07837557778360463
0.07275317558532324
0.08332884336394895
0.2021645524297169
0.09480672901299797
0.18494744734509982
0.09480672896027639
0.08918752156550741
0.08081502694369487
0.08257788888541759
0.06666078205852033
0.09208393837822536
0.09423690306228173
0.055486985053219987
0.13189825079840473
0.07810183984739746
0.08259507099943358
0.09520821748838411
0.08918752156550741
0.08146114899436381
0.0608472968961734
0.06806364580141222
0.09849380019329519
0.09520821748838412
0.08332884386678611
0.07489037111553232
0.07837557895538617
0.09208393837822536
0.08918752196292523
0.08081502621750722
0.06838765273903566
0.06543855801667324
0.07359701773603225
0.08867204997301326
0.07048104477894863
0.09453164445749848
0.053624383416838506
0.186397749936481
0.06765144417969159
0.08161531167975458
0.10657101928196203
0.0938747746019171
0.046452881569118976
0.06765144434579885
0.07905625223681273
0.0717530433189114
0.09453164417345641
0.09387477446387425
0.07359701745202034
0.08081502694369487
0.09423690306228173
0.09208393837822536
0.06666078205852033
0.08257788888541759
0.055486985053219987
0.08146114899436381
0.08918752156550741
0.06806364580141222
0.0608472968961734
0.07810183984739746
0.13189825079840473
0.09520821748838412
0.08259507099943358
0.09849380019329519
0.0837846237692504
0.08999471680977061
0.0781018394052181
0.07489037061266503
0.16913208284179748
0.0836545855552151
0.09480672901299797
0.2021645524297169
0.09480672896027639
0.18494744734509982
0.07837557778360463
0.06312249126726516
0.08332884336394895
0.07275317558532322
0.08918752156550741
0.08332884386678611
0.09520821748838411
0.07837557895538617
0.07489037111553232
0.08918752196292523
0.09208393837822536
0.12082168213948277
0.08313011125557111
0.08259507099943358
0.08259507099943358
0.08313011125557113
0.11315069131898904
0.09374843073771272
0.09480672901299797
0.1042327313299711
0.1001930249399197
0.09480672901299797
0.09374843073771272
0.1001930249399197
0.1042327313299711
0.13189825079840473
0.06467948179091558
0.0717530433189114
0.07275317553259171
0.046452881066281836
0.06806364546468233
0.09453164417345641
0.0717530433189114
0.06467948179091558
0.046452881066281836
0.07275317553259171
0.09453164417345641
0.06806364546468233
0.05856279533081775
0.0608472968961734
0.06666078205852033
0.0536243834168385
0.08146114899436381
0.055486985053219987
0.06765144417969159
0.06806364580141222
0.06543855801667324
0.09423690306228173
0.07048104477894863
0.0575461067804987
0.16913208284179748
0.06610224291312987
0.05754610717788638
0.08671797131512445
0.0656377453029584
0.07275317553259171
0.05856279533081775
0.06312249121453363
0.059982001330847884
0.08257788888541759
0.186397749936481
0.08918752156550741
0.06838765273903567
0.08081502694369487
0.08867204997301326
0.07359701773603226
0.09208393837822536
0.0945316444574985
0.08081502621750722
0.18494744734509982
0.09453164417345641
0.2021645524297169
0.08867204997301326
0.08918752196292523
0.06543855801667324
0.0831301118111663
0.0814611495499225
0.05548698455038285
0.09630255233186526
0.07308966692504223
0.1042327313299711
0.06312249121453363
0.09374843062433698
0.07810042332887929
0.07275317558532324
0.08796494928361623
0.06467948179091558
0.07463729103101771
0.06806364580141222
0.1001930249399197
0.09387477446387425
0.09480672896027639
0.08161531184586185
0.131898250685029
0.0945316444574985
0.06838765312852357
0.18715280332073392
0.0608472973462926
0.0825778884432081
0.08652882714262812
0.08313011125557111
0.1001930249399197
0.08332884386678611
0.1001930249399197
0.14829747181900466
0.18494744734509982
0.06467948179091558
0.1871034888152447
0.07810042332887927
0.09520821748838412
0.1871034888152447
0.07810183984739746
0.18494744734509982
0.08378462349314818
0.0952082169328254
0.2021645524297169
0.07359701745202032
0.08991104449339823
0.053624383019450834
0.05998200133084789
0.09387477446387425
0.06610224291312987
0.06312249121453363
0.08764275388409434
0.0825778884432081
0.09849380014056729
0.11920857041562215
0.0608472973462926
0.08259507099943358
0.08259507099943358
0.08918752196292523
0.131898250685029
0.0825778884432081
0.07489037061266503
0.06806364546468233
0.0952082169328254
0.05548698455038284
0.09208393837822536
0.0608472973462926
0.09849380019329519
0.08918752196292523
0.08764275388409434
0.09849380014056729
0.08918752156550741
0.04645288156911898
0.06610224291312987
0.07175304382174855
0.05754610717788637
0.09453164445749848
0.05856279533081774
0.06806364580141222
0.0536243834168385
0.08146114899436381
0.07359701773603226
0.06543855801667324
0.0938747746019171
0.06312249126726516
0.06610224291312987
0.08796494928361623
0.06666078205852033
0.0608472968961734
0.08146114899436381
0.053624383416838506
0.05754610678049871
0.08671797131512445
0.05754610717788637
0.06610224291312986
0.16913208284179748
0.0656377453029584
0.055486985053219987
0.09423690306228173
0.06543855801667324
0.06806364580141222
0.06765144417969159
0.07048104477894863
0.05856279533081775
0.07275317553259171
0.05998200133084789
0.06312249121453363
0.06543855801667324
0.09630255233186527
0.05548698455038284
0.0814611495499225
0.08313011181116631
0.07308966692504223
0.08796494928361623
0.07275317558532322
0.07463729103101771
0.06467948179091558
0.06312249121453363
0.1042327313299711
0.07810042332887927
0.09374843062433698
0.06806364580141222
0.08257788888541759
0.08081502694369487
0.06838765273903566
0.08918752156550741
0.186397749936481
0.08867204997301326
0.09453164417345641
0.18494744734509982
0.08867204997301326
0.2021645524297169
0.09208393837822536
0.07359701773603225
0.08081502621750722
0.09453164445749848
0.08918752196292523
0.09387477446387425
0.1001930249399197
0.08161531184586183
0.09480672896027639
0.09453164445749848
0.131898250685029
0.08764275388409434
0.0608472973462926
0.11920857041562215
0.09849380014056729
0.0825778884432081
0.08259507099943358
0.06806364546468233
0.07489037061266503
0.05548698455038285
0.0952082169328254
0.08918752196292523
0.08259507099943358
0.0825778884432081
0.131898250685029
0.09208393837822536
0.06610224291312987
0.046452881569118976
0.05754610717788638
0.07175304382174855
0.05856279533081774
0.0945316444574985
0.09849380019329519
0.0608472973462926
0.08764275388409434
0.08918752196292523
0.08918752156550741
0.09849380014056729
0.06806364580141222
0.06838765312852359
0.08652882714262812
0.0825778884432081
0.0608472973462926
0.18715280332073392
0.08313011125557113
0.06467948179091558
0.18494744734509982
0.07810042332887929
0.1871034888152447
0.08332884386678611
0.1001930249399197
0.14829747181900466
0.1001930249399197
0.09520821748838411
0.08991104449339823
0.07359701745202034
0.059982001330847884
0.053624383019450834
0.06610224291312987
0.09387477446387425
0.07810183984739746
0.1871034888152447
0.08378462349314818
0.18494744734509982
0.2021645524297169
0.0952082169328254
0.06312249121453363
0.08146114899436381
0.053624383416838506
0.06543855801667324
0.07359701773603225
0.06312249126726516
0.0938747746019171
0.08796494928361623
0.06610224291312986
0.1192085701888571
0.06838765312852357
0.08764275388409434
0.08764275388409434
0.06838765312852359
0.12082168213948277
0.046452881066281836
0.07489037111553232
0.08161531184586185
0.08378462349314818
0.07489037111553232
0.046452881066281836
0.08378462349314818
0.08161531184586183
0.07837557895538617
0.053624383019450834
0.08259507099943358
0.08867204997301326
0.12082168202609708
0.07175304382174855
0.09480672896027639
0.08259507099943358
0.053624383019450834
0.12082168202609708
0.08867204997301326
0.09480672896027639
0.07175304382174855
0.09374843062433698
0.0608472968961734
0.06666078205852033
0.06838765273903567
0.08081502621750722
0.08332884336394895
0.07810183940521812
0.06467948179091558
0.0814611495499225
0.06666078205852033
0.0608472968961734
0.08081502621750722
0.06838765273903566
0.0781018394052181
0.08332884336394895
0.0814611495499225
0.06467948179091558
0.08991104444067664
0.06467948179091558
0.0814611495499225
0.06610224291312987
0.08796494928361623
0.07308966692504223
0.0656377453029584
0.07463729103101771
0.08146114899436381
0.09630255233186526
0.08671797131512445
0.06563774535568993
0.185317451475439
0.09314147402846237
0.06610224291312987
0.11214019588411943
0.0931414748354698
0.06467948179091558
0.08671797131512445
0.09630255233186527
0.08991104449339823
0.0831301118111663
0.16913208284179748
0.07275317558532324
0.0608472968961734
0.06543855801667324
0.0575461067804987
0.0536243834168385
0.05548698455038285
0.05754610717788638
0.06666078205852033
0.1871034888152447
0.06765144434579884
0.16913208284179748
0.053624383019450834
0.0608472973462926
0.07048104514375653
0.07810042388444433
0.08671797131512445
0.06806364546468233
0.0931414748354698
0.07463729169996208
0.09374843073771272
0.0656377453029584
0.07308966692504223
0.06467948179091558
0.06312249126726516
0.11214019476506935
0.09630255233186526
0.08796494928361623
0.08146114899436381
0.1001930249399197
0.07905625223681273
0.0836545855552151
0.046452881066281836
0.08259507099943358
0.07359701773603226
0.08867204997301326
0.18494744734509982
0.05754610717788638
0.08918752196292523
0.059982001330847884
0.07275317553259171
0.09480672901299797
0.06384693284216524
0.08365458560793668
0.08332884386678611
0.2021645524297169
0.0656377453029584
0.16913208284179748
0.06312249121453363
0.07810183984739746
0.18494744734509982
0.08365458560793668
0.17534246295750894
0.07489037111553232
0.07489037061266503
0.18494744734509982
0.09453164417345641
0.08671797131512445
0.0575461067804987
0.05856279533081775
0.0717530433189114
0.06610224291312987
0.07275317553259171
0.12082168202609708
0.08378462349314818
0.07175304382174855
0.08764275388409434
0.053624383019450834
0.046452881066281836
0.12082168213948277
0.08867204997301326
0.08161531184586183
0.06838765312852359
0.0837846237692504
0.07048104514375653
0.10657101942000487
0.06543855801667324
0.08081502694369487
0.06838765312852357
0.08259507099943358
0.07489037111553232
0.1192085701888571
0.08764275388409434
0.08257788888541759
0.08161531167975457
0.06563774535568995
0.06384693284216524
0.05754610678049871
0.08867204997301326
0.05998200183368503
0.055486985053219987
0.08867204997301326
0.07308966692504223
0.0836545855552151
0.055486985053219987
0.08161531167975458
0.07810042388444433
0.0575461067804987
0.07463729169996208
0.053624383019450834
0.1871034888152447
0.06610224291312987
0.0608472973462926
0.08991104449339823
0.06467948179091558
0.08313011125557111
0.05998200133084789
0.07810042332887927
0.08652882714262812
0.16913208284179748
0.0931414748354698
0.185317451475439
0.09630255233186527
0.09423690306228173
0.18715280332073392
0.07359701745202032
0.18494744734509982
0.06838765312852357
0.0825778884432081
0.186397749936481
0.06765144434579884
0.11214019588411943
0.06563774535568993
0.08671797131512445
0.07048104477894863
0.09314147402846237
0.06765144417969159
0.186397749936481
0.09630255233186527
0.16913208284179748
0.09423690306228173
0.10657101928196203
0.185317451475439
0.16913208284179748
0.0931414748354698
0.06838765273903567
0.0814611495499225
0.07810183940521812
0.06666078205852033
0.08081502621750722
0.09423690249878681
0.0608472968961734
0.08671797131512443
0.09630255233186526
0.08259507099943358
0.07810183984739746
0.046452881569118976
0.09849380019329519
0.07359701745202034
0.0717530433189114
0.0717530433189114
0.08365458560793668
0.06384693284216524
0.07810183984739746
0.09520821748838412
0.07905625223681273
0.10657101928196203
0.09387477446387425
0.08332884386678611
0.07359701745202032
0.11315069154575409
0.08365458560793668
0.08259507099943358
0.04645288156911898
0.1001930249399197
0.13189825079840473
0.06765144434579885
0.08161531167975458
0.09453164417345641
0.09480672901299797
0.0938747746019171
0.1042327313299711
0.08918752156550741
0.05548698455038284
0.07489037061266503
0.09208393837822536
0.07837557778360463
0.0952082169328254
0.07275317558532324
0.06806364546468233
0.08081502694369487
0.08313011181116631
0.08999471680977061
0.08257788888541759
0.0837846237692504
0.14829747210301658
0.06543855801667324
0.07810042388444431
0.05998200183368504
0.08257788888541759
0.06543855801667324
0.0837846237692504
0.08081502694369487
0.08999471680977061
0.10657101942000487
0.0831301118111663
0.07048104514375653
0.09423690249878681
0.08652882686314149
0.0814611495499225
0.06467948179091558
0.08796494928361623
0.06610224291312986
0.06563774535568995
0.11214019588411943
0.06610224291312987
0.09314147402846237
0.185317451475439
0.0931414748354698
0.07308966692504223
0.09630255233186527
0.08146114899436381
0.07463729103101771
0.0656377453029584
0.08671797131512445
0.08671797131512445
0.06467948179091558
0.08991104449339823
0.09630255233186526
0.07048104514375653
0.0931414748354698
0.06806364546468233
0.08671797131512443
0.07810042388444431
0.07463729169996208
0.11214019476506935
0.06312249126726516
0.08796494928361623
0.09630255233186527
0.0656377453029584
0.09374843073771272
0.06467948179091558
0.07308966692504223
0.08146114899436381
0.08313011181116631
0.06543855801667324
0.0608472968961734
0.07275317558532322
0.16913208284179748
0.05754610678049871
0.06765144434579885
0.1871034888152447
0.053624383019450834
0.16913208284179748
0.05548698455038284
0.053624383416838506
0.06666078205852033
0.05754610717788637
0.0608472973462926
0.07905625223681273
0.1001930249399197
0.046452881066281836
0.0836545855552151
0.07359701773603225
0.08259507099943358
0.12082168202609708
0.053624383019450834
0.08764275388409434
0.07175304382174855
0.08378462349314818
0.046452881066281836
0.07048104514375653
0.0837846237692504
0.06543855801667324
0.10657101942000487
0.08867204997301326
0.12082168213948277
0.06838765312852357
0.08161531184586185
0.08081502694369487
0.06563774535568993
0.08161531167975458
0.0575461067804987
0.06384693284216524
0.05998200183368504
0.08867204997301326
0.08259507099943358
0.06838765312852359
0.1192085701888571
0.07489037111553232
0.08257788888541759
0.08764275388409434
0.055486985053219987
0.08867204997301326
0.05998200133084789
0.08918752196292523
0.05754610717788637
0.18494744734509982
0.07275317553259171
0.0656377453029584
0.2021645524297169
0.06312249121453363
0.16913208284179748
0.06384693284216524
0.09480672901299797
0.08332884386678611
0.08365458560793668
0.07810183984739746
0.08671797131512445
0.09453164417345641
0.05856279533081775
0.05754610678049871
0.06610224291312986
0.0717530433189114
0.08365458560793668
0.18494744734509982
0.07489037111553232
0.17534246295750894
0.18494744734509982
0.07489037061266503
0.07275317553259171
0.07308966692504223
0.08867204997301326
0.055486985053219987
0.0836545855552151
0.07810042388444431
0.08161531167975457
0.07463729169996208
0.05754610678049871
0.08259507099943358
0.07359701745202032
0.09849380019329519
0.04645288156911898
0.07810183984739746
0.0717530433189114
0.07905625223681273
0.09520821748838411
0.09387477446387425
0.10657101928196203
0.08365458560793668
0.0717530433189114
0.07810183984739746
0.06384693284216524
0.08332884386678611
0.06765144434579884
0.13189825079840473
0.09453164417345641
0.08161531167975457
0.0938747746019171
0.09480672901299797
0.11315069154575409
0.07359701745202034
0.08259507099943358
0.08365458560793668
0.1001930249399197
0.046452881569118976
0.1042327313299711
0.0831301118111663
0.08081502694369487
0.08257788888541759
0.08999471680977061
0.14829747210301658
0.0837846237692504
0.07810042388444433
0.06543855801667324
0.05548698455038285
0.08918752156550741
0.09208393837822536
0.07489037061266503
0.0952082169328254
0.07837557778360463
0.06806364546468233
0.07275317558532322
0.05998200183368503
0.053624383019450834
0.08991104449339823
0.0608472973462926
0.06610224291312987
0.1871034888152447
0.06467948179091558
0.0931414748354698
0.16913208284179748
0.09630255233186526
0.185317451475439
0.059982001330847884
0.08313011125557113
0.08652882714262812
0.07810042332887929
0.09423690306228173
0.11214019588411943
0.06765144434579885
0.08671797131512445
0.06563774535568995
0.09314147402846237
0.07048104477894863
0.07359701745202034
0.18715280332073392
0.06838765312852359
0.18494744734509982
0.186397749936481
0.0825778884432081
0.06765144417969159
0.0814611495499225
0.06838765273903566
0.06666078205852033
0.0781018394052181
0.0942369024987868
0.08081502621750722
0.08671797131512445
0.0608472968961734
0.09630255233186526
0.186397749936481
0.09423690306228173
0.16913208284179748
0.185317451475439
0.10657101928196203
0.0931414748354698
0.16913208284179748
0.09630255233186527
0.06543855801667324
0.08257788888541759
0.08081502694369487
0.0837846237692504
0.10657101942000487
0.08999471680977061
0.07048104514375653
0.08313011181116631
0.08652882686314149
0.0942369024987868
0.09374843062433698
0.06312249121453363
0.06806364580141222
0.06806364580141222
0.06312249121453363
0.05856279533081775
0.07048104477894863
0.07810042332887929
0.059982001330847884
0.09423690306228173
0.07810042332887927
0.07048104477894863
0.09423690306228173
0.05998200133084789
0.08652882714262812
0.06765144417969159
0.1042327313299711
0.07275317553259171
0.055486985053219987
0.06543855801667324
0.08313011125557111
0.1042327313299711
0.06765144417969159
0.055486985053219987
0.07275317553259171
0.08313011125557113
0.06543855801667324
0.11315069131898904
0.09480672896027639
0.08161531184586183
0.07489037111553232
0.07837557895538617
0.08999471680977061
0.08378462349314818
0.0836545855552151
0.046452881066281836
0.08161531184586185
0.09480672896027639
0.07837557895538617
0.07489037111553232
0.08378462349314818
0.08999471680977061
0.046452881066281836
0.0836545855552151
0.06384693284216524
0.1001930249399197
0.09387477446387425
0.09520821748838412
0.08332884386678611
0.14829747181900466
0.10657101928196203
0.1001930249399197
0.07905625223681273
0.10657101942000487
0.08332884336394895
0.09387477446387425
0.1001930249399197
0.08332884386678611
0.09520821748838411
0.10657101928196203
0.14829747181900466
0.07905625223681273
0.1001930249399197
0.08332884336394895
0.10657101942000487
0.14829747210301658
0.08332884336394895
0.0781018394052181
0.0938747746019171
0.06312249126726516
0.0836545855552151
0.07905625223681273
0.07275317558532322
0.07359701773603225
0.16913208284179748
0.06765144434579885
0.06384693284216524
0.10657101942000487
0.05998200183368503
0.07175304382174855
0.06563774535568995
0.07048104514375653
0.046452881066281836
0.05754610678049871
0.06543855801667324
0.053624383019450834
0.08999471680977061
0.10657101928196203
0.07837557778360463
0.08081502621750722
0.0837846237692504
0.08161531167975458
0.06543855801667324
0.07489037061266503
0.046452881569118976
0.06838765273903566
0.08378462349314818
0.08161531167975457
0.0837846237692504
0.12082168202609708
0.08764275388409434
0.10657101942000487
0.14829747210301658
0.0942369024987868
0.0952082169328254
0.185317451475439
0.07810042388444431
0.1001930249399197
0.16913208284179748
0.08313011181116631
0.1871034888152447
0.08332884336394895
0.09630255233186527
0.08652882686314149
0.06467948179091558
0.0608472968961734
0.14829747181900466
0.10657101928196203
0.08999471680977061
0.08378462349314818
0.0825778884432081
0.08081502621750722
0.08161531184586185
0.1001930249399197
0.05548698455038285
0.131898250685029
0.07810042332887929
0.1042327313299711
0.1042327313299711
0.08365458560793668
0.11315069154575409
0.1001930249399197
0.09480672896027639
0.07308966692504223
0.0831301118111663
0.09374843062433698
0.08259507099943358
0.07810042332887927
0.06384693284216524
0.08365458560793668
0.08161531184586183
0.05548698455038284
0.08867204997301326
0.09387477446387425
0.09630255233186526
0.06543855801667324
0.06312249121453363
0.07359701745202034
0.0814611495499225
0.059982001330847884
0.08378462349314818
0.14829747181900466
0.0952082169328254
0.0825778884432081
0.1871034888152447
0.1001930249399197
0.08313011125557113
0.18494744734509982
0.1001930249399197
0.18715280332073392
0.08999471680977061
0.07810042388444431
0.14829747210301658
0.08313011181116631
0.08257788888541759
0.08652882714262812
0.07810183984739746
0.08332884386678611
0.06838765312852359
0.0608472973462926
0.08081502694369487
0.10657101928196203
0.185317451475439
0.10657101942000487
0.16913208284179748
0.186397749936481
0.0942369024987868
0.09423690306228173
0.07048104477894863
0.0656377453029584
0.07905625223681273
0.06765144417969159
0.06765144434579885
0.07048104514375653
0.08671797131512445
0.0931414748354698
0.046452881066281836
0.1001930249399197
0.06806364546468233
0.08259507099943358
0.06467948179091558
0.09374843073771272
0.11315069131898904
0.07275317553259171
0.1042327313299711
0.08313011125557113
0.0836545855552151
0.07463729169996208
0.07810042388444433
0.07308966692504223
0.055486985053219987
0.08313011125557111
0.0717530433189114
0.09480672901299797
0.12082168213948277
0.08259507099943358
0.08867204997301326
0.07905625223681273
0.0931414748354698
0.07048104514375653
0.0656377453029584
0.06765144417969159
0.08671797131512445
0.07048104477894863
0.06765144417969159
0.08671797131512445
0.06765144434579884
0.07048104477894863
0.07905625223681273
0.06563774535568993
0.0656377453029584
0.11214019588411943
0.06543855801667324
0.06610224291312986
0.0938747746019171
0.053624383416838506
0.07359701773603225
0.05998200183368504
0.08146114899436381
0.09314147402846237
0.11214019476506935
0.07489037111553232
0.08332884386678611
0.07489037061266503
0.08918752196292523
0.18494744734509982
0.09480672901299797
0.07275317553259171
0.17534246295750894
0.08365458560793668
0.18494744734509982
0.07837557895538617
0.0836545855552151
0.08999471680977061
0.09480672896027639
0.07489037111553232
0.05998200133084789
0.08365458560793668
0.06384693284216524
0.08867204997301326
0.05754610717788637
0.08161531184586185
0.09520821748838411
0.16913208284179748
0.0837846237692504
0.2021645524297169
0.18494744734509982
0.0781018394052181
0.07810042332887929
0.06806364580141222
0.05754610717788637
0.04645288156911898
0.09453164445749848
0.07275317558532322
0.07175304382174855
0.07463729103101771
0.06610224291312987
0.09423690306228173
0.16913208284179748
0.10657101928196203
0.186397749936481
0.16913208284179748
0.10657101942000487
0.09630255233186526
0.185317451475439
0.09314147402846237
0.055486985053219987
0.05754610678049871
0.08161531167975457
0.08867204997301326
0.0836545855552151
0.06384693284216524
0.07308966692504223
0.06563774535568995
0.08671797131512443
0.09630255233186527
0.07175304382174855
0.0952082169328254
0.05856279533081774
0.09849380014056729
0.06610224291312987
0.06806364546468233
0.08259507099943358
0.05754610717788637
0.05548698455038284
0.0608472973462926
0.07810183940521812
0.08671797131512443
0.09423690249878681
0.0814611495499225
0.06666078205852033
0.0825778884432081
0.04645288156911898
0.07489037061266503
0.08764275388409434
0.11920857041562215
0.06838765273903567
0.0938747746019171
0.09314147402846237
0.05998200183368504
0.06610224291312986
0.053624383416838506
0.08991104444067664
0.06543855801667324
0.0945316444574985
0.07463729103101771
0.07275317558532324
0.06806364580141222
0.046452881569118976
0.06467948179091558
0.05754610717788638
0.08796494928361623
0.08081502621750722
0.06467948179091558
0.08332884336394895
0.0608472968961734
0.06838765273903566
0.08652882686314149
0.06666078205852033
0.09630255233186527
0.08671797131512445
0.07359701773603226
0.08796494928361623
0.06312249126726516
0.08146114899436381
0.06543855801667324
0.09630255233186526
0.0536243834168385
0.11214019476506935
0.09314147402846237
0.08991104444067664
0.09208393837822536
0.07275317558532322
0.07837557778360463
0.08918752156550741
0.07489037061266503
0.08332884336394895
0.05548698455038285
0.06312249126726516
0.05856279533081774
0.0942369024987868
0.05998200183368503
0.09480672896027639
0.09387477446387425
0.08918752156550741
0.09453164445749848
0.2021645524297169
0.09453164417345641
0.06765144417969159
0.18494744734509982
0.07359701745202034
0.186397749936481
0.08161531184586183
0.08867204997301326
0.08081502694369487
0.08867204997301326
0.06838765312852359
0.07048104477894863
0.09480672901299797
0.0717530433189114
0.08867204997301326
0.053624383416838506
0.12082168213948277
0.1001930249399197
0.186397749936481
0.08257788888541759
0.18494744734509982
0.18715280332073392
0.06838765273903566
0.08313011125557113
0.09374843062433698
0.08867204997301326
0.08259507099943358
0.09480672896027639
0.08313011181116631
0.12082168202609708
0.07308966692504223
0.053624383019450834
0.07810042332887929
0.2021645524297169
0.09520821748838411
0.18494744734509982
0.1871034888152447
0.0837846237692504
0.06467948179091558
0.16913208284179748
0.06563774535568995
0.1042327313299711
0.09453164417345641
0.13189825079840473
0.09480672901299797
0.1001930249399197
0.08161531167975458
0.09374843073771272
0.06765144434579885
0.07048104514375653
0.06312249126726516
0.06312249121453363
0.18494744734509982
0.07810183984739746
0.2021645524297169
0.16913208284179748
0.08378462349314818
0.0656377453029584
0.1871034888152447
0.06467948179091558
0.185317451475439
0.07810042388444431
0.131898250685029
0.09453164445749848
0.09208393837822536
0.08918752196292523
0.0825778884432081
0.08081502621750722
0.08259507099943358
0.07359701773603225
0.07175304382174855
0.0781018394052181
0.0938747746019171
0.0952082169328254
0.07810183940521812
0.08332884336394895
0.06312249126726516
0.0938747746019171
0.06384693284216524
0.06563774535568993
0.07175304382174855
0.05998200183368504
0.10657101942000487
0.07048104514375653
0.0836545855552151
0.16913208284179748
0.07359701773603226
0.07275317558532324
0.07905625223681273
0.06765144434579884
0.0575461067804987
0.046452881066281836
0.053624383019450834
0.06543855801667324
0.10657101942000487
0.185317451475439
0.0952082169328254
0.09423690249878681
0.14829747210301658
0.07810042388444433
0.09630255233186526
0.08332884336394895
0.06467948179091558
0.08652882686314149
0.16913208284179748
0.1001930249399197
0.1871034888152447
0.0831301118111663
0.0608472968961734
0.08999471680977061
0.0837846237692504
0.08081502621750722
0.07837557778360463
0.10657101928196203
0.08161531167975457
0.08161531167975458
0.08378462349314818
0.12082168202609708
0.0837846237692504
0.07489037061266503
0.06543855801667324
0.06838765273903567
0.04645288156911898
0.08764275388409434
0.10657101928196203
0.14829747181900466
0.08378462349314818
0.08999471680977061
0.08081502621750722
0.0825778884432081
0.08378462349314818
0.1871034888152447
0.0825778884432081
0.0952082169328254
0.14829747181900466
0.1001930249399197
0.07810042388444433
0.08999471680977061
0.0831301118111663
0.14829747210301658
0.18494744734509982
0.08313011125557111
0.18715280332073392
0.1001930249399197
0.08257788888541759
0.185317451475439
0.10657101928196203
0.16913208284179748
0.10657101942000487
0.09423690249878681
0.186397749936481
0.07810183984739746
0.08652882714262812
0.06838765312852357
0.08332884386678611
0.08081502694369487
0.0608472973462926
0.09423690306228173
0.08161531184586183
0.07810042332887927
0.131898250685029
0.05548698455038284
0.1001930249399197
0.1042327313299711
0.07308966692504223
0.09480672896027639
0.09374843062433698
0.08313011181116631
0.08365458560793668
0.1042327313299711
0.1001930249399197
0.11315069154575409
0.08259507099943358
0.09630255233186527
0.09387477446387425
0.06312249121453363
0.06543855801667324
0.0814611495499225
0.07359701745202032
0.06384693284216524
0.07810042332887929
0.08161531184586185
0.08365458560793668
0.08867204997301326
0.05548698455038285
0.05998200133084789
0.0656377453029584
0.07048104477894863
0.06765144417969159
0.07905625223681273
0.07048104514375653
0.06765144434579884
0.0931414748354698
0.08671797131512445
0.07489037111553232
0.18494744734509982
0.08918752196292523
0.07489037061266503
0.08332884386678611
0.09480672901299797
0.0836545855552151
0.07837557895538617
0.09480672896027639
0.08999471680977061
0.17534246295750894
0.07275317553259171
0.18494744734509982
0.08365458560793668
0.07489037111553232
0.16913208284179748
0.09520821748838412
0.2021645524297169
0.0837846237692504
0.07810183940521812
0.18494744734509982
0.08365458560793668
0.059982001330847884
0.08867204997301326
0.06384693284216524
0.08161531184586183
0.05754610717788638
0.07810042332887927
0.16913208284179748
0.09423690306228173
0.186397749936481
0.10657101928196203
0.10657101942000487
0.16913208284179748
0.185317451475439
0.09630255233186527
0.05754610717788638
0.06806364580141222
0.0945316444574985
0.046452881569118976
0.07175304382174855
0.07275317558532324
0.06610224291312987
0.07463729103101771
0.09314147402846237
0.046452881066281836
0.06467948179091558
0.08259507099943358
0.06806364546468233
0.1001930249399197
0.09374843073771272
0.07463729169996208
0.0836545855552151
0.07308966692504223
0.07810042388444431
0.07275317553259171
0.11315069131898904
0.08313011125557111
0.1042327313299711
0.055486985053219987
0.0931414748354698
0.07905625223681273
0.0656377453029584
0.07048104514375653
0.08671797131512443
0.06765144417969159
0.0717530433189114
0.08313011125557113
0.12082168213948277
0.09480672901299797
0.08867204997301326
0.08259507099943358
0.07048104477894863
0.06610224291312987
0.06543855801667324
0.0536243834168385
0.0938747746019171
0.05998200183368503
0.07359701773603226
0.09314147402846237
0.08146114899436381
0.08671797131512445
0.06765144417969159
0.07048104477894863
0.06765144434579885
0.06563774535568995
0.07905625223681273
0.11214019588411943
0.0656377453029584
0.11214019476506935
0.0575461067804987
0.055486985053219987
0.08867204997301326
0.08161531167975458
0.06384693284216524
0.0836545855552151
0.06563774535568993
0.07308966692504223
0.09630255233186526
0.08671797131512445
0.09480672896027639
0.2021645524297169
0.0945316444574985
0.08918752156550741
0.09387477446387425
0.09453164417345641
0.08867204997301326
0.08161531184586185
0.08867204997301326
0.08081502694369487
0.18494744734509982
0.06765144417969159
0.186397749936481
0.07359701745202032
0.06838765312852357
0.186397749936481
0.1001930249399197
0.18494744734509982
0.08257788888541759
0.06838765273903567
0.18715280332073392
0.09480672901299797
0.07048104477894863
0.08867204997301326
0.0717530433189114
0.12082168213948277
0.0536243834168385
0.08313011125557111
0.2021645524297169
0.07810042332887927
0.18494744734509982
0.09520821748838412
0.0837846237692504
0.1871034888152447
0.16913208284179748
0.06467948179091558
0.08867204997301326
0.09374843062433698
0.09480672896027639
0.08259507099943358
0.12082168202609708
0.0831301118111663
0.053624383019450834
0.07308966692504223
0.06563774535568993
0.18494744734509982
0.06312249121453363
0.2021645524297169
0.07810183984739746
0.08378462349314818
0.16913208284179748
0.1871034888152447
0.0656377453029584
0.185317451475439
0.06467948179091558
0.09453164417345641
0.1042327313299711
0.09480672901299797
0.13189825079840473
0.08161531167975457
0.1001930249399197
0.06765144434579884
0.09374843073771272
0.06312249126726516
0.07048104514375653
0.07810042388444433
0.07175304382174855
0.06610224291312987
0.09849380014056729
0.05856279533081774
0.0952082169328254
0.06806364546468233
0.08671797131512445
0.0781018394052181
0.0814611495499225
0.0942369024987868
0.05754610717788638
0.08259507099943358
0.0608472973462926
0.05548698455038285
0.06666078205852033
0.09314147402846237
0.0938747746019171
0.06610224291312987
0.05998200183368503
0.08991104444067664
0.0536243834168385
0.046452881569118976
0.0825778884432081
0.08764275388409434
0.07489037061266503
0.06838765273903566
0.11920857041562215
0.06543855801667324
0.06467948179091558
0.08081502621750722
0.0608472968961734
0.08332884336394895
0.08652882686314149
0.06838765273903567
0.09630255233186526
0.06666078205852033
0.07463729103101771
0.09453164445749848
0.06806364580141222
0.07275317558532322
0.06467948179091558
0.04645288156911898
0.08796494928361623
0.05754610717788637
0.08671797131512443
0.07275317558532324
0.09208393837822536
0.08918752156550741
0.07837557778360463
0.08332884336394895
0.07489037061266503
0.06312249126726516
0.05548698455038284
0.09423690249878681
0.05856279533081774
0.08796494928361623
0.07359701773603225
0.08146114899436381
0.06312249126726516
0.09630255233186527
0.06543855801667324
0.11214019476506935
0.053624383416838506
0.08991104444067664
0.09314147402846237
0.05998200183368504
0.0945316444574985
0.131898250685029
0.08918752196292523
0.09208393837822536
0.08081502621750722
0.0825778884432081
0.07359701773603226
0.08259507099943358
0.07810183940521812
0.07175304382174855
0.0952082169328254
0.0938747746019171
0.07837557895538617
0.09520821748838412
0.09208393837822536
0.09208393837822536
0.09520821748838411
0.13189825079840473
0.055486985053219987
0.07489037111553232
0.08259507099943358
0.08257788888541759
0.07489037111553232
0.055486985053219987
0.08257788888541759
0.08259507099943358
0.1192085701888571
0.09423690306228173
0.08332884386678611
0.07810183984739746
0.08081502694369487
0.06666078205852033
0.06838765312852357
0.08332884386678611
0.09423690306228173
0.08081502694369487
0.07810183984739746
0.06838765312852359
0.06666078205852033
0.08652882714262812
0.06312249121453363
0.05998200133084789
0.07359701745202032
0.09387477446387425
0.06543855801667324
0.053624383019450834
0.09630255233186527
0.08991104449339823
0.059982001330847884
0.06312249121453363
0.09387477446387425
0.07359701745202034
0.053624383019450834
0.06543855801667324
0.08991104449339823
0.09630255233186526
0.11214019588411943
0.07275317553259171
0.05856279533081775
0.09453164417345641
0.0717530433189114
0.046452881066281836
0.0575461067804987
0.06467948179091558
0.08671797131512445
0.0931414748354698
0.08796494928361623
0.05856279533081775
0.07275317553259171
0.0717530433189114
0.09453164417345641
0.05754610678049871
0.046452881066281836
0.08671797131512445
0.06467948179091558
0.08796494928361623
0.0931414748354698
0.07463729169996208
0.08918752196292523
0.06806364580141222
0.08918752156550741
0.09849380019329519
0.08764275388409434
0.0608472968961734
0.0608472973462926
0.08146114899436381
0.06610224291312987
0.0814611495499225
0.06610224291312987
0.06806364546468233
0.06806364580141222
0.08918752196292523
0.09849380019329519
0.08918752156550741
0.0608472968961734
0.08764275388409434
0.08146114899436381
0.0608472973462926
0.0814611495499225
0.06610224291312987
0.06806364546468233
0.06610224291312986
0.09849380014056729
