0.14094473790945106
0.1420981542024723
0.13266195025725935
0.058396786306338766
0.058396786306338766
0.058396786306338766
0.05011449628627826
0.05311586036150133
0.06691551497916139
0.05311586036150133
0.055394365336664475
0.0639130940094871
0.047112075316603975
0.047112075316603975
0.06691551497916139
0.055394365336664475
0.047112075316603975
0.058396786306338766
0.047112075316603975
0.058396786306338766
0.05011449628627826
0.0639130940094871
0.058396786306338766
0.036006082439726826
0.01828759016174415
0.02772379241966633
0.035136390217608955
0.023629367379130056
0.036006082439726826
0.035136390217608955
0.023629367379130056
0.05371187254678957
0.04245712109716694
0.030950098258688028
0.01828759016174415
0.02772379241966633
0.04245712109716694
0.036006082439726826
0.016216769581187427
0.016216769581187427
0.02565297183910961
0.035136390217608955
0.030950098258688028
0.016216769581187427
0.02565297183910961
0.054012876920913146
0.016216769581187427
0.023629367379130056
0.01828759016174415
0.02772379241966633
0.035136390217608955
0.023629367379130056
0.061032602637620344
0.04245712109716694
0.030950098258688028
0.036006082439726826
0.04245712109716694
0.030950098258688028
0.01828759016174415
0.02772379241966633
0.036006082439726826
0.01828759016174415
0.018575961456269104
0.023629367379130056
0.023629367379130056
0.026858747627412798
0.030950098258688028
0.018575961456269104
0.026858747627412798
0.030950098258688028
0.01828759016174415
0.016216769581187427
0.041592076304913406
0.03427134542535542
0.016216769581187427
0.02449955575233112
0.016216769581187427
0.01828759016174415
0.041592076304913406
0.03427134542535542
0.02449955575233112
0.016216769581187427
0.041592076304913406
0.041592076304913406
0.05987918655084185
0.07173186703726976
0.018575961456269104
0.030950098258688028
0.030950098258688028
0.026858747627412798
0.03427134542535542
0.03427134542535542
0.07173186703726976
0.05255845646001108
0.023629367379130056
0.018575961456269104
0.026858747627412798
0.023629367379130056
0.01828759016174415
0.03363570896872463
0.02331255711949236
0.02331255711949236
0.02331255711949236
0.02331255711949236
0.02331255711949236
0.022447512327238826
0.041888039448672976
0.041888039448672976
0.041888039448672976
0.03363570896872463
0.03156488838816791
0.03156488838816791
0.022447512327238826
0.02331255711949236
0.02124173653893564
0.02331255711949236
0.02124173653893564
0.041888039448672976
0.03156488838816791
0.03363570896872463
0.03156488838816791
0.022447512327238826
0.02124173653893564
0.02331255711949236
0.02331255711949236
0.02124173653893564
0.041888039448672976
0.03277066417647109
0.03156488838816791
0.03156488838816791
0.022447512327238826
0.03156488838816791
0.03156488838816791
0.03277066417647109
0.02124173653893564
0.02124173653893564
0.022447512327238826
0.022447512327238826
0.041888039448672976
0.03156488838816791
0.03156488838816791
0.03156488838816791
0.03156488838816791
0.02772379241966633
0.06820757964111512
0.030729802347299325
0.0410529541965316
0.0410529541965316
0.05788442779188286
0.0410529541965316
0.0410529541965316
0.05137610525703666
0.05137610525703666
0.030729802347299325
0.016216769581187427
0.016216769581187427
0.061032602637620344
0.05987918655084185
0.05371187254678957
0.02449955575233112
0.02565297183910961
0.02565297183910961
0.02449955575233112
0.06931538880876405
0.05255845646001108
0.06199465871793327
0.06229566309205683
0.08113922190688064
0.06049291978587051
0.06049291978587051
0.05017082561981667
0.07081607084637556
0.029524522710079333
0.029524522710079333
0.05017082561981667
0.07081607084637556
0.029524522710079333
0.029524522710079333
0.06049291978587051
