0.10035043455256049
0.1053008119677459
0.10265719911584416
0.04883679454431927
0.043503140793096876
0.03311089878666608
0.03311089878666608
0.03647380209073616
0.043503140793096876
0.03347138033233467
0.03611332054506757
0.03347138033233467
0.03611332054506757
0.046757335625012775
0.08578760727114838
0.03647380209073616
0.04081528691912217
0.04045480537345359
0.04045480537345359
0.043503140793096876
0.08578760727114838
0.051098820453398794
0.03347138033233467
0.03347138033233467
0.04081528691912217
0.04883679454431927
0.03311089878666608
0.03311089878666608
0.043503140793096876
0.03969072808550066
0.037861131227816015
0.03969072808550066
0.037861131227816015
0.03706826582958812
0.02782937076705381
0.02782937076705381
0.04847461599361272
0.037861131227816015
0.04847461599361272
0.05030421206257015
0.03969072808550066
0.029658967624738443
0.038897862687272765
0.029658967624738443
0.037861131227816015
0.03969072808550066
0.029658967624738443
0.037861131227816015
0.02782937076705381
0.038897862687272765
0.029658967624738443
0.02782937076705381
0.03706826582958812
0.037861131227816015
0.05030421206257015
0.03969072808550066
0.03969072808550066
0.027666440617552975
0.025836843759868337
0.025836843759868337
0.025836843759868337
0.05661685111633864
0.04732126904971624
0.026676023823157327
0.026676023823157327
0.027666440617552975
0.02850562068084197
0.04915086511867367
0.05478725425865401
0.027666440617552975
0.02850562068084197
0.025836843759868337
0.027666440617552975
0.02850562068084197
0.026676023823157327
0.025836843759868337
0.02850562068084197
0.027666440617552975
0.026676023823157327
0.05661685111633864
0.04915086511867367
0.027666440617552975
0.04732126904971624
0.05478725425865401
0.025836843759868337
0.04847461599361272
0.029658967624738443
0.029658967624738443
0.029658967624738443
0.03973753927190695
0.058553187640781226
0.09246441289312546
0.06998957159760913
0.06998957159760913
0.05117392322873485
