0.25544258492067773
0.2557046333711818
0.29161797177154947
0.3387611209263412
0.31368450622476707
0.29161797048852894
0.2557046333711818
0.31368450489168
0.3387611209263412
0.2586281282299332
0.3136845078805363
0.29707633736697053
0.29707633736697053
0.3136845092511725
0.33876112394144475
0.2838042327633705
0.26803299712680206
0.29161797048852894
0.21888862009767496
0.21888862009767496
0.31368450489168
0.2422890906154724
0.25544258492067773
0.2838042341214908
0.2557046333711818
0.26709090580593353
0.5063837014276915
0.24023061805418228
0.2469061659606692
0.2387356147868594
0.23841039915197754
0.2569999396386041
0.2533738568476467
0.2569999408857049
0.2452248929884797
0.26803299712680206
0.2838042341214908
0.21888862009767496
0.29161797177154947
0.26709090493146814
0.2387356144919374
0.24690616377565733
0.24023061751673894
0.5063837014276915
0.23841039733973668
0.21888862009767496
0.2838042327633705
0.25544258492067773
0.2422890906154724
0.31368450622476707
0.2557046333711818
0.2533738564402842
0.2569999374019413
0.24522489127052824
0.2569999386490421
0.3763743687546728
0.3114938901978454
0.2550177938217563
0.25501779380298173
0.31149389155596574
0.2293892777398709
0.27828824568974625
0.290051882641166
0.25782946662325945
0.2723284564822207
0.29005188325700154
0.2782882441267861
0.27232845700898545
0.2578294665138493
0.32167450990189717
0.25309847038970706
0.26812929048083156
0.2787594676340486
0.24404278694209292
0.25746398710676577
0.25228083726202555
0.20636062035501113
0.2782882441267861
0.31149389057264865
0.26323177499133804
0.3096338473753625
0.47570981931107387
0.23605982251096902
0.3229375199663245
0.23873561441191116
0.25228083589425093
0.32293751816586813
0.2578294653256311
0.2787594670527537
0.2782882436114726
0.2745553793664253
0.48624897507659604
0.27725109190904096
0.27232845700898545
0.28423272499617613
0.28950536681245687
0.24023061805418228
0.2676902019245205
0.2722881628364614
0.2550177938217563
0.5302547115893899
0.30661762493165773
0.49200520063108033
0.3066176235957135
0.3145470400258127
0.26812929157403126
0.27230573055670093
0.24015724158617924
0.2815010707897382
0.283804235149515
0.2063482845230381
0.37311491071065167
0.2723284577412166
0.28289737700307993
0.2900518843063492
0.3145470400258127
0.24522489205960427
0.2329294573506736
0.2533738580692716
0.3216745100174695
0.29005188488463574
0.25501779598692287
0.2772510926701763
0.26769020420227224
0.2815010722994101
0.314547041216523
0.2681292908806782
0.25309846954612936
0.24404278692331832
0.278759468345084
0.3096338465555637
0.23873561411698918
0.32293752338233017
0.23605982167778347
0.475709813903303
0.2522808363528725
0.2574639870900796
0.3114938892270457
0.27828824568974625
0.20636062033676367
0.25228083775819626
0.26323177499133804
0.25782946543504126
0.32293752161942285
0.27828824522449935
0.27875946785140476
0.2681292920239445
0.2838042338039121
0.2815010722994101
0.24015724158617924
0.2723057318251658
0.2063482845292968
0.24522489034165282
0.31454704146641604
0.25337385766190923
0.23292945646590774
0.2723284581303023
0.37311491071065167
0.29005188488463574
0.28289737660478
0.3216745100174695
0.27455537721479384
0.28423272499617613
0.2723284564822207
0.27725109190278224
0.4862489750578215
0.28950536679368233
0.30661762630229394
0.5302547115893899
0.3066176249288005
0.4920052006310804
0.2676902019245205
0.24023061751673894
0.25501779380298173
0.27228816283020274
0.31454704146641604
0.25501779600569746
0.2900518843063492
0.26769020420227224
0.277251092676435
0.3145470426195772
0.2815010707897382
0.34489838472767714
0.27249426730417103
0.2828973771622664
0.2828973767639663
0.2724942665130783
0.38868958136144593
0.3033721189949399
0.30661762630229394
0.2998610520063977
0.2912603820938288
0.30661762493165773
0.3033721189949399
0.2912603812544272
0.2998610503401118
0.37311491071065167
0.24690616593102432
0.25782946543504126
0.2722881616798105
0.20636061938138295
0.2533738564402842
0.32293751816586813
0.2578294653256311
0.24690616374601249
0.20636061939963038
0.2722881616860692
0.32293752161942285
0.2533738568476467
0.24228909145522953
0.2329294573506736
0.24015724158617924
0.23605982251096902
0.24522489205960427
0.2063482845230381
0.25228083589425093
0.2533738580692716
0.24404278694209292
0.283804235149515
0.23873561441191116
0.25505321274554593
0.4862489750578215
0.2569999396386041
0.2550532134364286
0.25570463338023885
0.23841039917644474
0.2722881616798105
0.24228909145522953
0.24023061801080034
0.21888861929952183
0.27230573055670093
0.47570981931107387
0.3145470400258127
0.25309847038970706
0.26812929157403126
0.3096338473753625
0.2787594676340486
0.2815010707897382
0.3229375199663245
0.26812929048083156
0.49200520063108033
0.32293751816586813
0.5302547115893899
0.30963384586048864
0.314547041216523
0.2440427870733052
0.2724942671060029
0.2452248929884797
0.2063482843437999
0.29161797163986247
0.2655421691866468
0.2998610520063977
0.24023061751090619
0.303372118376521
0.2670909031670441
0.2722881628364614
0.29707633736697053
0.2469061659606692
0.25862812541691904
0.25337385766190923
0.2912603813662442
0.2782882436114726
0.3066176235957135
0.25746398733601
0.3731149104336899
0.3229375199663245
0.25309847083496195
0.4714141843753571
0.23292945706190904
0.27230572835927863
0.2680329971593467
0.27249426730417103
0.2912603812544272
0.25501779600569746
0.2912603813662442
0.3763743663767063
0.49200520063108033
0.24690616593102432
0.47981022366558085
0.2670909040415095
0.29005188488463574
0.47981022366558085
0.2723284581303023
0.49200520063108033
0.27455537819737263
0.29005188325700154
0.5302547115893899
0.2787594670527537
0.2554425852377116
0.23605982234948802
0.21888861929952186
0.27828824522449935
0.2569999408857049
0.24023061801080034
0.2761302981650205
0.27230572835927863
0.32167450990189717
0.416594438980585
0.23292945617714317
0.2828973767639663
0.2828973771622664
0.3145470426195772
0.3731149104336899
0.27230572959019445
0.27725109190904096
0.2533738564402842
0.29005188325700154
0.20634828433754118
0.2815010722994101
0.23292945706190904
0.3216745100174695
0.314547041216523
0.2761303006644013
0.32167450990189717
0.3145470400258127
0.20636062035501113
0.2569999386490421
0.2578294665138493
0.25505321343016996
0.32293752338233017
0.2422890906154724
0.2533738580692716
0.23605982251096902
0.24522489034165282
0.2787594676340486
0.24404278692331832
0.27828824568974625
0.24023061805418228
0.2569999396386041
0.29707633736697053
0.24015724158617924
0.23292945646590774
0.24522489034165282
0.23605982167778347
0.2550532127518046
0.25570463338023885
0.25505321343016996
0.2569999374019413
0.486248975076596
0.23841039745181952
0.2063482845292968
0.2838042338039121
0.24404278692331832
0.25337385766190923
0.2522808363528725
0.23873561411698918
0.24228909145522953
0.2722881616860692
0.21888861929952186
0.24023061751090619
0.24404278709207977
0.2916179702191598
0.20634828433754118
0.24522489127052824
0.2724942663524592
0.26554216835350397
0.29707633736697053
0.27228816283020274
0.25862812541691904
0.24690616377565733
0.24023061801080034
0.2998610503401118
0.2670909040415095
0.303372118376521
0.2533738580692716
0.2723057318251658
0.2681292920239445
0.25309846954612936
0.31454704146641604
0.475709813903303
0.3096338465555637
0.32293752161942285
0.49200520063108033
0.30963384507823905
0.5302547115893899
0.2815010722994101
0.278759468345084
0.2681292908806782
0.32293752338233017
0.3145470426195772
0.27828824522449935
0.2912603821931285
0.25746398736939036
0.3066176249288005
0.32293752338233017
0.3731149104336899
0.2761303006644013
0.23292945706190904
0.416594438980585
0.32167450990189717
0.27230572959019445
0.2828973771622664
0.2533738568476467
0.27725109190278224
0.2063482843437999
0.290051882641166
0.314547041216523
0.2828973767639663
0.27230572835927863
0.3731149104336899
0.2815010707897382
0.2569999408857049
0.20636062033676367
0.2550532134364286
0.25782946662325945
0.2422890906154724
0.3229375199663245
0.3216745100174695
0.23292945617714317
0.2761302981650205
0.3145470426195772
0.31454704146641604
0.32167450990189717
0.25337385766190923
0.2530984700289334
0.2680329971593467
0.27230572959019445
0.23292945617714317
0.4714141843753572
0.2724942665130783
0.24690616374601249
0.4920052006310804
0.2670909031670441
0.4798102290733517
0.25501779598692287
0.2912603820938288
0.3763743663767063
0.2912603821931285
0.2900518843063492
0.2554425852377116
0.27875946785140476
0.21888861929952183
0.23605982151630248
0.2569999386490421
0.2782882436114726
0.2723284577412166
0.4798102290733517
0.2745553759956746
0.49200520063108033
0.5302547115893899
0.290051882641166
0.24023061751090619
0.24522489205960427
0.23605982167778347
0.24404278694209292
0.278759468345084
0.24023061751673894
0.2782882441267861
0.29707633736697053
0.2569999374019413
0.4165944370048439
0.25309847083496195
0.2761303006644013
0.2761302981650205
0.2530984700289334
0.34489838472767714
0.20636061939963038
0.277251092676435
0.25746398733601
0.2745553759956746
0.2772510926701763
0.20636061938138295
0.27455537819737263
0.25746398736939036
0.26769020420227224
0.23605982234948802
0.28289737660478
0.30963384586048864
0.3448983853228256
0.2578294665138493
0.3066176235957135
0.28289737700307993
0.23605982151630248
0.3448983853228256
0.30963384507823905
0.3066176249288005
0.25782946662325945
0.303372118376521
0.2329294573506736
0.24015724158617924
0.25309847038970706
0.2681292908806782
0.25501779380298173
0.27232845700898545
0.2469061659606692
0.24522489127052824
0.24015724158617924
0.23292945646590774
0.26812929048083156
0.25309846954612936
0.2723284564822207
0.2550177938217563
0.2452248929884797
0.24690616377565733
0.25544258492067773
0.2469061659606692
0.2452248929884797
0.2569999396386041
0.29707633736697053
0.2655421691866468
0.23841039917644474
0.25862812541691904
0.24522489205960427
0.29161797163986247
0.25570463338023885
0.23841039915197754
0.5063837014276915
0.31368450489168
0.2569999408857049
0.33876112394144475
0.3136845078805363
0.24690616593102432
0.25570463338023885
0.2916179702191598
0.2554425852377116
0.2724942671060029
0.4862489750578215
0.2722881628364614
0.2329294573506736
0.2440427870733052
0.25505321274554593
0.23605982251096902
0.2063482843437999
0.2550532134364286
0.24015724158617924
0.47981022366558085
0.25228083726202555
0.48624897507659604
0.23605982234948802
0.23292945706190904
0.2387356147868594
0.26709090580593353
0.2557046333711818
0.2533738568476467
0.3136845092511725
0.2586281282299332
0.3033721189949399
0.23841039745181952
0.26554216835350397
0.24690616374601249
0.24023061805418228
0.3387611209263412
0.29161797048852894
0.29707633736697053
0.24522489034165282
0.2912603812544272
0.26323177499133804
0.28950536681245687
0.20636061939963038
0.2828973771622664
0.2787594676340486
0.30963384586048864
0.49200520063108033
0.2550532134364286
0.314547041216523
0.21888861929952183
0.2722881616798105
0.30661762493165773
0.22938927795932063
0.2895053668444638
0.25501779598692287
0.5302547115893899
0.23841039917644474
0.4862489750578215
0.24023061801080034
0.2723284581303023
0.49200520063108033
0.2895053668444638
0.6108803841146095
0.2772510926701763
0.27725109190904096
0.49200520063108033
0.32293751816586813
0.25570463338023885
0.25505321274554593
0.24228909145522953
0.25782946543504126
0.2569999396386041
0.2722881616798105
0.3448983853228256
0.27455537819737263
0.25782946662325945
0.2761303006644013
0.23605982151630248
0.20636061938138295
0.34489838472767714
0.30963384507823905
0.25746398736939036
0.2530984700289334
0.2745553793664253
0.2387356144919374
0.3114938901978454
0.24404278709207977
0.2681292920239445
0.25309847083496195
0.28289737700307993
0.2772510926701763
0.4165944370048439
0.2761302981650205
0.27230573055670093
0.25746398710676577
0.23841039733973668
0.2293892777398709
0.2550532127518046
0.3096338465555637
0.21888862009767496
0.2063482845230381
0.3096338473753625
0.26554216835350397
0.28950536681245687
0.2063482845292968
0.2574639870900796
0.26709090580593353
0.25505321274554593
0.2586281282299332
0.23605982234948802
0.47981022366558085
0.2569999408857049
0.23292945706190904
0.2554425852377116
0.24690616593102432
0.27249426730417103
0.21888861929952186
0.2670909040415095
0.2680329971593467
0.48624897507659604
0.3136845078805363
0.5063837014276915
0.2916179702191598
0.2838042338039121
0.4714141843753571
0.2787594670527537
0.49200520063108033
0.25309847083496195
0.27230572835927863
0.47570981931107387
0.25228083726202555
0.33876112394144475
0.23841039915197754
0.25570463338023885
0.23873561411698918
0.31368450489168
0.25228083589425093
0.47570981931107387
0.2916179702191598
0.48624897507659604
0.2838042338039121
0.3114938892270457
0.5063837014276915
0.4862489750578215
0.3136845078805363
0.25309847038970706
0.24522489127052824
0.27232845700898545
0.24015724158617924
0.2681292908806782
0.2838042327633705
0.2329294573506736
0.2557046333711818
0.29161797048852894
0.28289737660478
0.2723284581303023
0.20636062033676367
0.3216745100174695
0.27875946785140476
0.25782946543504126
0.2578294653256311
0.2895053668632384
0.22938927795932063
0.2723284577412166
0.29005188488463574
0.26323177499133804
0.3114938892270457
0.27828824522449935
0.25501779600569746
0.2787594670527537
0.3886895816235187
0.2895053668444638
0.28289737700307993
0.20636062035501113
0.2912603813662442
0.37311491071065167
0.25228083775819626
0.2574639870900796
0.32293752161942285
0.30661762630229394
0.27828824568974625
0.2998610520063977
0.3145470400258127
0.20634828433754118
0.27725109190904096
0.2815010722994101
0.2676902019245205
0.29005188325700154
0.2722881628364614
0.2533738564402842
0.26812929157403126
0.2724942663524592
0.28423272499617613
0.2723057318251658
0.27455537721479384
0.3763743687546728
0.2440427870733052
0.26709090493146814
0.21888862009767496
0.27230573055670093
0.24404278709207977
0.2745553793664253
0.2681292920239445
0.28423272499617613
0.3114938901978454
0.2724942671060029
0.2387356144919374
0.2838042327633705
0.26803299712680206
0.24522489127052824
0.24690616377565733
0.29707633736697053
0.2569999374019413
0.23841039733973668
0.33876112394144475
0.2569999386490421
0.31368450622476707
0.5063837014276915
0.3136845092511725
0.26554216835350397
0.2916179702191598
0.24522489034165282
0.25862812541691904
0.23841039745181952
0.25570463338023885
0.25570463338023885
0.24690616374601249
0.2554425852377116
0.29161797163986247
0.2387356144919374
0.3136845078805363
0.2533738564402842
0.2557046333711818
0.26709090493146814
0.2586281282299332
0.3387611209263412
0.24023061751673894
0.29707633736697053
0.29161797177154947
0.23841039917644474
0.3033721189949399
0.24690616593102432
0.2655421691866468
0.24522489205960427
0.2724942663524592
0.24404278709207977
0.23292945646590774
0.27228816283020274
0.486248975076596
0.2550532127518046
0.25228083775819626
0.4798102290733517
0.23605982151630248
0.4862489750578215
0.20634828433754118
0.23605982167778347
0.24015724158617924
0.25505321343016996
0.23292945617714317
0.26323177499133804
0.2912603820938288
0.20636061938138295
0.28950536679368233
0.278759468345084
0.2828973767639663
0.3448983853228256
0.23605982234948802
0.2761302981650205
0.2578294665138493
0.2745553759956746
0.20636061939963038
0.2387356147868594
0.27455537721479384
0.2440427870733052
0.31149389155596574
0.30963384586048864
0.34489838472767714
0.25309847083496195
0.25746398733601
0.26812929157403126
0.23841039915197754
0.2574639870900796
0.25505321274554593
0.2293892777398709
0.21888862009767496
0.3096338473753625
0.28289737660478
0.2530984700289334
0.4165944370048439
0.277251092676435
0.2723057318251658
0.2761303006644013
0.2063482845292968
0.30963384507823905
0.21888861929952186
0.3145470426195772
0.25505321343016996
0.49200520063108033
0.2722881616860692
0.23841039745181952
0.5302547115893899
0.24023061751090619
0.486248975076596
0.22938927795932063
0.30661762630229394
0.25501779600569746
0.2895053668632384
0.2723284577412166
0.25570463338023885
0.32293752161942285
0.24228909145522953
0.2550532127518046
0.2569999374019413
0.2578294653256311
0.2895053668632384
0.4920052006310804
0.277251092676435
0.6108803841146095
0.49200520063108033
0.27725109190278224
0.2722881616860692
0.2655421691866468
0.3096338465555637
0.2063482845230381
0.28950536679368233
0.26709090493146814
0.25746398710676577
0.2586281282299332
0.2550532127518046
0.28289737700307993
0.2787594670527537
0.3216745100174695
0.20636062035501113
0.2723284577412166
0.2578294653256311
0.26323177499133804
0.2900518843063492
0.2782882436114726
0.31149389057264865
0.2895053668444638
0.25782946543504126
0.2723284581303023
0.22938927795932063
0.25501779598692287
0.25228083726202555
0.37311491071065167
0.32293751816586813
0.25746398710676577
0.2782882441267861
0.30661762493165773
0.3886895816235187
0.27875946785140476
0.28289737660478
0.2895053668632384
0.2912603821931285
0.20636062033676367
0.2998610503401118
0.2724942671060029
0.2681292920239445
0.27230573055670093
0.28423272499617613
0.3763743687546728
0.2745553793664253
0.26709090580593353
0.24404278709207977
0.2063482843437999
0.31454704146641604
0.2815010707897382
0.27725109190278224
0.290051882641166
0.2676902019245205
0.2533738568476467
0.27228816283020274
0.21888862009767496
0.23605982151630248
0.2554425852377116
0.23292945617714317
0.2569999386490421
0.4798102290733517
0.24690616374601249
0.3136845092511725
0.4862489750578215
0.29161797163986247
0.5063837014276915
0.21888861929952183
0.2724942665130783
0.2680329971593467
0.2670909031670441
0.283804235149515
0.33876112394144475
0.25228083775819626
0.25570463338023885
0.23841039733973668
0.31368450622476707
0.23873561441191116
0.27875946785140476
0.4714141843753572
0.2530984700289334
0.4920052006310804
0.475709813903303
0.27230572959019445
0.2522808363528725
0.2452248929884797
0.25309846954612936
0.24015724158617924
0.2723284564822207
0.2838042341214908
0.26812929048083156
0.2557046333711818
0.23292945646590774
0.29161797163986247
0.475709813903303
0.283804235149515
0.4862489750578215
0.5063837014276915
0.31149389057264865
0.3136845092511725
0.486248975076596
0.29161797177154947
0.2440427870733052
0.2723057318251658
0.26812929157403126
0.27455537721479384
0.31149389155596574
0.28423272499617613
0.2387356147868594
0.2724942663524592
0.26803299712680206
0.2838042341214908
0.303372118376521
0.24023061801080034
0.25337385766190923
0.2533738580692716
0.24023061751090619
0.24228909145522953
0.23873561441191116
0.2670909031670441
0.21888861929952183
0.283804235149515
0.2670909040415095
0.23873561411698918
0.2838042338039121
0.21888861929952186
0.2680329971593467
0.25228083589425093
0.2998610520063977
0.2722881616798105
0.2063482845230381
0.24404278694209292
0.27249426730417103
0.2998610503401118
0.2522808363528725
0.2063482845292968
0.2722881616860692
0.2724942665130783
0.24404278692331832
0.38868958136144593
0.3066176235957135
0.25746398736939036
0.2772510926701763
0.26769020420227224
0.28423272499617613
0.27455537819737263
0.28950536681245687
0.20636061938138295
0.25746398733601
0.3066176249288005
0.26769020420227224
0.277251092676435
0.2745553759956746
0.28423272499617613
0.20636061939963038
0.28950536679368233
0.2293892777398709
0.2912603813662442
0.27828824522449935
0.29005188488463574
0.25501779600569746
0.3763743663767063
0.3114938892270457
0.2912603812544272
0.26323177499133804
0.3114938901978454
0.25501779380298173
0.2782882436114726
0.2912603821931285
0.25501779598692287
0.2900518843063492
0.31149389057264865
0.3763743663767063
0.26323177499133804
0.2912603820938288
0.2550177938217563
0.31149389155596574
0.3763743687546728
0.25501779380298173
0.2723284564822207
0.27828824568974625
0.24023061751673894
0.28950536679368233
0.26323177499133804
0.27228816283020274
0.278759468345084
0.4862489750578215
0.25228083775819626
0.2293892777398709
0.3114938901978454
0.21888862009767496
0.25782946662325945
0.23841039733973668
0.2387356144919374
0.20636061938138295
0.2550532127518046
0.24404278709207977
0.23605982151630248
0.28423272499617613
0.3114938892270457
0.2676902019245205
0.2681292908806782
0.27455537721479384
0.2574639870900796
0.24404278692331832
0.27725109190278224
0.20636062033676367
0.25309846954612936
0.27455537819737263
0.25746398710676577
0.2745553793664253
0.3448983853228256
0.2761303006644013
0.31149389155596574
0.3763743687546728
0.2838042341214908
0.290051882641166
0.5063837014276915
0.26709090493146814
0.2912603820938288
0.486248975076596
0.2724942663524592
0.4798102290733517
0.2550177938217563
0.29161797177154947
0.26803299712680206
0.24690616377565733
0.23292945646590774
0.3763743663767063
0.31149389057264865
0.28423272499617613
0.2745553759956746
0.27230572959019445
0.26812929048083156
0.25746398733601
0.2912603813662442
0.2063482843437999
0.3731149104336899
0.2670909031670441
0.2998610520063977
0.2998610503401118
0.2895053668632384
0.3886895816235187
0.2912603821931285
0.3066176235957135
0.2655421691866468
0.2724942671060029
0.303372118376521
0.28289737660478
0.2670909040415095
0.22938927795932063
0.2895053668444638
0.25746398736939036
0.20634828433754118
0.30963384586048864
0.2782882436114726
0.29161797163986247
0.2440427870733052
0.24023061751090619
0.27875946785140476
0.2452248929884797
0.21888861929952183
0.2745553759956746
0.3763743663767063
0.290051882641166
0.27230572959019445
0.4798102290733517
0.2912603820938288
0.2724942665130783
0.49200520063108033
0.2912603821931285
0.4714141843753572
0.28423272499617613
0.26709090493146814
0.3763743687546728
0.2724942663524592
0.2723057318251658
0.2680329971593467
0.2723284577412166
0.25501779598692287
0.2530984700289334
0.23292945617714317
0.26812929157403126
0.31149389057264865
0.5063837014276915
0.31149389155596574
0.486248975076596
0.475709813903303
0.2838042341214908
0.283804235149515
0.23873561441191116
0.23841039745181952
0.26323177499133804
0.2522808363528725
0.25228083775819626
0.2387356147868594
0.25570463338023885
0.3136845092511725
0.20636061939963038
0.2912603812544272
0.2533738568476467
0.2828973771622664
0.24690616374601249
0.3033721189949399
0.38868958136144593
0.2722881616860692
0.2998610503401118
0.2724942665130783
0.28950536681245687
0.2586281282299332
0.26709090580593353
0.26554216835350397
0.2063482845292968
0.27249426730417103
0.2578294653256311
0.30661762493165773
0.34489838472767714
0.2828973767639663
0.3096338473753625
0.26323177499133804
0.3136845092511725
0.2387356147868594
0.23841039745181952
0.2522808363528725
0.2557046333711818
0.23873561441191116
0.25228083589425093
0.25570463338023885
0.25228083726202555
0.23873561411698918
0.26323177499133804
0.23841039915197754
0.23841039917644474
0.33876112394144475
0.24404278694209292
0.2569999374019413
0.2782882441267861
0.23605982167778347
0.278759468345084
0.21888862009767496
0.24522489205960427
0.31368450622476707
0.3387611209263412
0.277251092676435
0.25501779600569746
0.27725109190278224
0.3145470426195772
0.4920052006310804
0.30661762630229394
0.2722881616860692
0.6108803841146095
0.2895053668632384
0.49200520063108033
0.26769020420227224
0.28950536679368233
0.28423272499617613
0.3066176249288005
0.277251092676435
0.21888861929952186
0.2895053668632384
0.22938927795932063
0.30963384507823905
0.25505321343016996
0.25746398733601
0.2900518843063492
0.4862489750578215
0.27455537721479384
0.5302547115893899
0.4920052006310804
0.2723284564822207
0.2670909031670441
0.2533738580692716
0.25505321343016996
0.20636062035501113
0.32293752338233017
0.27228816283020274
0.2578294665138493
0.25862812541691904
0.2569999386490421
0.283804235149515
0.486248975076596
0.31149389057264865
0.475709813903303
0.4862489750578215
0.31149389155596574
0.29161797163986247
0.5063837014276915
0.31368450622476707
0.2063482845230381
0.2550532127518046
0.25746398710676577
0.3096338465555637
0.28950536679368233
0.2293892777398709
0.2655421691866468
0.23841039733973668
0.2557046333711818
0.29161797177154947
0.2578294665138493
0.29005188325700154
0.2422890906154724
0.32167450990189717
0.2569999386490421
0.2533738564402842
0.2828973767639663
0.25505321343016996
0.20634828433754118
0.23292945617714317
0.27232845700898545
0.2557046333711818
0.2838042327633705
0.24522489127052824
0.24015724158617924
0.27230572835927863
0.20636062035501113
0.27725109190904096
0.2761302981650205
0.416594438980585
0.25309847038970706
0.2782882441267861
0.31368450622476707
0.21888862009767496
0.2569999374019413
0.23605982167778347
0.25544258492067773
0.24404278694209292
0.3229375199663245
0.25862812541691904
0.2722881628364614
0.25337385766190923
0.20636062033676367
0.2469061659606692
0.2550532134364286
0.29707633736697053
0.26812929048083156
0.24690616377565733
0.2550177938217563
0.23292945646590774
0.25309846954612936
0.26803299712680206
0.24015724158617924
0.29161797177154947
0.2557046333711818
0.2787594676340486
0.29707633736697053
0.24023061805418228
0.24522489034165282
0.24404278692331832
0.29161797048852894
0.23605982251096902
0.3387611209263412
0.31368450489168
0.25544258492067773
0.2815010707897382
0.27228816283020274
0.2676902019245205
0.31454704146641604
0.27725109190278224
0.25501779380298173
0.2063482843437999
0.24023061751673894
0.2422890906154724
0.2838042341214908
0.21888862009767496
0.3066176249288005
0.27828824522449935
0.31454704146641604
0.32293752338233017
0.5302547115893899
0.32293752161942285
0.2522808363528725
0.4920052006310804
0.27875946785140476
0.475709813903303
0.25746398736939036
0.3096338465555637
0.2681292920239445
0.30963384507823905
0.2530984700289334
0.23873561411698918
0.30661762630229394
0.25782946543504126
0.3096338465555637
0.23605982167778347
0.34489838472767714
0.2912603821931285
0.475709813903303
0.2723057318251658
0.49200520063108033
0.4714141843753572
0.25309846954612936
0.2724942665130783
0.303372118376521
0.30963384507823905
0.28289737700307993
0.3066176249288005
0.2724942663524592
0.3448983853228256
0.26554216835350397
0.23605982151630248
0.2670909031670441
0.5302547115893899
0.2900518843063492
0.4920052006310804
0.4798102290733517
0.27455537721479384
0.24690616374601249
0.4862489750578215
0.23841039733973668
0.2998610520063977
0.32293752161942285
0.37311491071065167
0.30661762630229394
0.2912603820938288
0.2574639870900796
0.3033721189949399
0.25228083775819626
0.2387356144919374
0.24023061751673894
0.24023061751090619
0.49200520063108033
0.2723284577412166
0.5302547115893899
0.486248975076596
0.2745553759956746
0.23841039745181952
0.4798102290733517
0.24690616377565733
0.5063837014276915
0.26709090493146814
0.3731149104336899
0.32293752338233017
0.2815010722994101
0.3145470426195772
0.27230572959019445
0.2681292908806782
0.2828973771622664
0.278759468345084
0.25782946662325945
0.2723284564822207
0.27828824568974625
0.290051882641166
0.27232845700898545
0.2550177938217563
0.24023061805418228
0.2782882441267861
0.2293892777398709
0.23841039915197754
0.2578294665138493
0.21888862009767496
0.31149389155596574
0.2387356147868594
0.28950536681245687
0.48624897507659604
0.2787594676340486
0.2722881628364614
0.26323177499133804
0.25228083726202555
0.25505321274554593
0.20636061939963038
0.23605982234948802
0.2440427870733052
0.3114938901978454
0.5063837014276915
0.29005188325700154
0.2838042327633705
0.3763743687546728
0.26709090580593353
0.29161797048852894
0.25501779380298173
0.2469061659606692
0.26803299712680206
0.4862489750578215
0.2912603812544272
0.47981022366558085
0.2724942671060029
0.2329294573506736
0.28423272499617613
0.2745553793664253
0.26812929048083156
0.2676902019245205
0.31149389057264865
0.25746398710676577
0.2574639870900796
0.2745553759956746
0.3448983853228256
0.27455537721479384
0.27725109190904096
0.24404278694209292
0.25309847038970706
0.20636062035501113
0.2761302981650205
0.3114938892270457
0.3763743663767063
0.27455537819737263
0.28423272499617613
0.2681292908806782
0.27230572835927863
0.27455537819737263
0.47981022366558085
0.27230572835927863
0.29005188325700154
0.3763743663767063
0.2912603812544272
0.26709090580593353
0.28423272499617613
0.2724942671060029
0.3763743687546728
0.49200520063108033
0.27249426730417103
0.4714141843753571
0.2912603813662442
0.27230573055670093
0.5063837014276915
0.3114938892270457
0.4862489750578215
0.3114938901978454
0.2838042327633705
0.47570981931107387
0.2723284581303023
0.2680329971593467
0.25309847083496195
0.25501779600569746
0.2681292920239445
0.23292945706190904
0.2838042338039121
0.25746398736939036
0.2670909040415095
0.3731149104336899
0.20634828433754118
0.2912603821931285
0.2998610503401118
0.26554216835350397
0.3066176249288005
0.303372118376521
0.2724942663524592
0.2895053668444638
0.2998610520063977
0.2912603813662442
0.3886895816235187
0.28289737700307993
0.2916179702191598
0.27828824522449935
0.24023061801080034
0.24404278709207977
0.24522489127052824
0.2787594670527537
0.22938927795932063
0.2670909031670441
0.25746398733601
0.2895053668632384
0.30963384507823905
0.2063482843437999
0.21888861929952186
0.23841039917644474
0.23873561411698918
0.25228083589425093
0.26323177499133804
0.2387356144919374
0.25228083726202555
0.3136845078805363
0.25570463338023885
0.2772510926701763
0.49200520063108033
0.314547041216523
0.27725109190904096
0.25501779598692287
0.30661762493165773
0.28950536681245687
0.26769020420227224
0.3066176235957135
0.28423272499617613
0.6108803841146095
0.2722881616798105
0.49200520063108033
0.2895053668444638
0.2772510926701763
0.48624897507659604
0.29005188488463574
0.5302547115893899
0.2745553793664253
0.27232845700898545
0.49200520063108033
0.2895053668444638
0.21888861929952183
0.30963384586048864
0.22938927795932063
0.25746398736939036
0.2550532134364286
0.2670909040415095
0.4862489750578215
0.2838042338039121
0.47570981931107387
0.3114938892270457
0.3114938901978454
0.48624897507659604
0.5063837014276915
0.2916179702191598
0.2550532134364286
0.25337385766190923
0.3229375199663245
0.20636062033676367
0.25782946662325945
0.2722881628364614
0.2569999408857049
0.25862812541691904
0.31368450489168
0.20636061938138295
0.24690616593102432
0.2828973767639663
0.2533738564402842
0.2912603820938288
0.3033721189949399
0.2586281282299332
0.28950536679368233
0.2655421691866468
0.26709090493146814
0.2722881616798105
0.38868958136144593
0.27249426730417103
0.2998610520063977
0.2063482845230381
0.3136845078805363
0.26323177499133804
0.23841039917644474
0.2387356144919374
0.2557046333711818
0.25228083589425093
0.25782946543504126
0.2724942665130783
0.34489838472767714
0.30661762630229394
0.3096338465555637
0.2828973771622664
0.23873561411698918
0.2569999396386041
0.24404278692331832
0.23605982251096902
0.27828824568974625
0.21888862009767496
0.2787594676340486
0.31368450489168
0.24522489034165282
0.25570463338023885
0.2522808363528725
0.23873561441191116
0.25228083775819626
0.23841039733973668
0.26323177499133804
0.33876112394144475
0.23841039745181952
0.3387611209263412
0.25505321274554593
0.2063482845292968
0.3096338473753625
0.2574639870900796
0.2293892777398709
0.28950536681245687
0.23841039915197754
0.26554216835350397
0.29161797048852894
0.2557046333711818
0.3066176235957135
0.5302547115893899
0.3229375199663245
0.3145470400258127
0.2782882436114726
0.32293751816586813
0.3096338473753625
0.25746398733601
0.30963384586048864
0.26812929157403126
0.49200520063108033
0.25228083589425093
0.47570981931107387
0.2787594670527537
0.25309847083496195
0.47570981931107387
0.2912603813662442
0.49200520063108033
0.27230573055670093
0.25309847038970706
0.4714141843753571
0.30661762493165773
0.23873561441191116
0.3096338473753625
0.2578294653256311
0.34489838472767714
0.23605982251096902
0.27249426730417103
0.5302547115893899
0.2670909040415095
0.49200520063108033
0.29005188488463574
0.2745553793664253
0.47981022366558085
0.48624897507659604
0.24690616593102432
0.30963384586048864
0.303372118376521
0.3066176235957135
0.28289737660478
0.3448983853228256
0.2724942671060029
0.23605982234948802
0.2655421691866468
0.23841039915197754
0.49200520063108033
0.24023061801080034
0.5302547115893899
0.2723284581303023
0.27455537819737263
0.4862489750578215
0.47981022366558085
0.23841039917644474
0.5063837014276915
0.2469061659606692
0.32293751816586813
0.2998610503401118
0.30661762493165773
0.37311491071065167
0.25746398710676577
0.2912603812544272
0.25228083726202555
0.3033721189949399
0.24023061805418228
0.2387356147868594
0.26709090580593353
0.25782946662325945
0.2569999408857049
0.32167450990189717
0.2422890906154724
0.290051882641166
0.2533738568476467
0.2557046333711818
0.2723284564822207
0.2452248929884797
0.2838042341214908
0.2550532134364286
0.2828973771622664
0.23292945706190904
0.2063482843437999
0.24015724158617924
0.31368450489168
0.27828824568974625
0.2569999396386041
0.21888862009767496
0.25544258492067773
0.23605982251096902
0.20636062033676367
0.27230572959019445
0.2761303006644013
0.27725109190278224
0.25309846954612936
0.416594438980585
0.24404278692331832
0.2469061659606692
0.2681292908806782
0.2329294573506736
0.25501779380298173
0.26803299712680206
0.25309847038970706
0.29161797048852894
0.24015724158617924
0.25862812541691904
0.32293752338233017
0.2533738580692716
0.27228816283020274
0.24690616377565733
0.20636062035501113
0.29707633736697053
0.25505321343016996
0.2557046333711818
0.2722881628364614
0.2815010722994101
0.3145470400258127
0.2676902019245205
0.2550177938217563
0.27725109190904096
0.24023061805418228
0.20634828433754118
0.2838042327633705
0.2422890906154724
0.29707633736697053
0.278759468345084
0.24522489205960427
0.24023061751673894
0.29161797177154947
0.24404278694209292
0.3387611209263412
0.23605982167778347
0.25544258492067773
0.31368450622476707
0.21888862009767496
0.3229375199663245
0.3731149104336899
0.314547041216523
0.2815010707897382
0.26812929048083156
0.27230572835927863
0.2787594676340486
0.2828973767639663
0.27232845700898545
0.2578294665138493
0.29005188325700154
0.2782882441267861
0.26769020420227224
0.29005188488463574
0.2815010707897382
0.2815010722994101
0.2900518843063492
0.37311491071065167
0.2063482845292968
0.277251092676435
0.28289737660478
0.2723057318251658
0.2772510926701763
0.2063482845230381
0.27230573055670093
0.28289737700307993
0.4165944370048439
0.2838042338039121
0.25501779600569746
0.2723284581303023
0.2681292920239445
0.24015724158617924
0.25309847083496195
0.25501779598692287
0.283804235149515
0.26812929157403126
0.2723284577412166
0.2530984700289334
0.24015724158617924
0.2680329971593467
0.24023061801080034
0.21888861929952186
0.2787594670527537
0.27828824522449935
0.24404278709207977
0.23605982234948802
0.2916179702191598
0.2554425852377116
0.21888861929952183
0.24023061751090619
0.2782882436114726
0.27875946785140476
0.23605982151630248
0.2440427870733052
0.2554425852377116
0.29161797163986247
0.33876112394144475
0.2722881616798105
0.24228909145522953
0.32293751816586813
0.25782946543504126
0.20636061938138295
0.25505321274554593
0.24690616593102432
0.25570463338023885
0.3136845078805363
0.29707633736697053
0.24228909145522953
0.2722881616860692
0.2578294653256311
0.32293752161942285
0.2550532127518046
0.20636061939963038
0.25570463338023885
0.24690616374601249
0.29707633736697053
0.3136845092511725
0.2586281282299332
0.314547041216523
0.2533738580692716
0.3145470400258127
0.3216745100174695
0.2761303006644013
0.2329294573506736
0.23292945706190904
0.24522489205960427
0.2569999408857049
0.2452248929884797
0.2569999396386041
0.2533738568476467
0.25337385766190923
0.3145470426195772
0.3216745100174695
0.31454704146641604
0.23292945646590774
0.2761302981650205
0.24522489034165282
0.23292945617714317
0.24522489127052824
0.2569999386490421
0.2533738564402842
0.2569999374019413
0.32167450990189717
