0.15440458313714678
0.15440458043326163
0.1321267158459874
0.13212671854971036
0.16215738503537971
0.16215738773926489
0.12245503231869086
0.10880676101492068
0.12245503502257597
0.15440458043326163
0.10880676371864365
0.15480878531238154
0.10250670209180635
0.15337969880162058
0.09536523110102305
0.10237443070741621
0.15565374381058264
0.08672739531896605
0.1187165865096402
0.113382499910275
0.12757492682137822
0.12245503502257597
0.10250669938792122
0.15480878531238154
0.09536522839713794
0.15337969880162056
0.12245503231869086
0.10880676371864365
0.10880676101492068
0.15440458313714678
0.10237442800369324
0.11338249720638989
0.1187165838057551
0.08672739261524309
0.15565374381058264
0.1275749241174931
0.14458331468058383
0.14458331738446897
0.11830607998170964
0.1183060826854326
0.13422133964321245
0.10569202505949958
0.094164225341724
0.0967011541908702
0.15669258293956043
0.10180761644452467
0.1342213423470976
0.15669258293956043
0.09670115689475531
0.09416422804544697
0.10569202776338468
0.10180761914824765
0.10497316637385927
0.10497316366997414
0.0954978260837284
0.09549782337984326
0.10068405475063036
0.10597192518121372
0.11346428319766301
0.09377005937473115
0.10167721280462558
0.12732640418726776
0.10525954567128688
0.12421353116890912
0.09504860188424617
0.10772497935177908
0.12421353077643492
0.09309663741776929
0.1023129125099821
0.10569202769664549
0.09377005935456809
0.1246562227725027
0.11494127339387926
0.13215062233682542
0.10796792480633659
0.10176846504100126
0.11552346241811831
0.10484302795773837
0.09670115689475531
0.1388626970288019
0.09786162179464207
0.13167617099013562
0.323579132466222
0.12124893737341899
0.13185761817912134
0.09352064744173895
0.13071065096359533
0.12052118403024768
0.113743718321549
0.12061232235010648
0.09872730855004096
0.0988251357499912
0.09239857133898843
0.10556162535702798
0.09664161276748294
0.11371135406289377
0.11808552055319214
0.0992204824044627
0.13143201598904455
0.1566925834424277
0.10485936808767443
0.10463991660540456
0.12326980828667282
0.11094695273332121
0.12178415749745272
0.11338249935508403
0.10341453234429125
0.138922316916489
0.09549782301623193
0.11041890049219279
0.10497316330555537
0.14694834310944208
0.12968650083001265
0.10074064878232519
0.11336317968040277
0.13886269769285664
0.12240560369801265
0.13143201869292964
0.11336317688226168
0.10727403797186921
0.11336317697667979
0.14855064523737185
0.09872730916665184
0.12753173807958718
0.11374371981038578
0.14314573129734676
0.10068405475063036
0.10525954837517201
0.12732640184239724
0.09504860188424617
0.12421352882403863
0.11346428049377788
0.10597192518121372
0.10167721010090262
0.09377005937473115
0.10772498205550207
0.10569202499276036
0.10231291521386723
0.09309663741776929
0.12421352843156441
0.09377005935456809
0.0923985686351033
0.0988251357499912
0.09664161006375999
0.10556162535702798
0.10463991930928968
0.11338249665119891
0.12178416020117569
0.11094695273332122
0.12326980594180231
0.10341453234429125
0.1137113567667789
0.15669258344242767
0.13143201869292964
0.09922048510818565
0.11808552055319214
0.1048593707913974
0.09549782572011706
0.13892231962037419
0.1049731660094405
0.11041890049219279
0.11494127068999414
0.12465622277250268
0.10796792480633659
0.13215062233682542
0.13167617099013562
0.09352065014562407
0.13185761817912134
0.12124893737341899
0.3235791297623373
0.13071065096359527
0.10176846233727829
0.1388626943250789
0.0967011541908702
0.10484302795773837
0.11552346241811831
0.09786162179464208
0.11374372102527196
0.12052118403024768
0.09872731125392607
0.1206123223501065
0.14694834040555693
0.13886269498913362
0.11336317697667979
0.10074064878232519
0.12968650083001265
0.12240560369801265
0.09872731187053695
0.14855064523737185
0.11374372251410875
0.12753173807958718
0.11336317958598463
0.13143201598904455
0.11336317968040277
0.1072740379718692
0.1431457340012319
0.118471710175958
0.118471710175958
0.11829087000473675
0.11829087000473673
0.13561676187025187
0.1093342051560102
0.11633683011827849
0.11565926831519242
0.14119757210187903
0.14725322555549406
0.13561675916636676
0.14119757444674957
0.11565926831519244
0.1163368274145555
0.1093342051560102
0.14725322555549406
0.14599204428453827
0.14599204698842344
0.13033079520550805
0.13033079520550805
0.10695885030496612
0.1211671184024158
0.10727403744923687
0.09922048513502695
0.10321163056733092
0.12918074962967988
0.07578719223154086
0.11374372102527196
0.10843690368818149
0.10382047507239135
0.1318576182845645
0.14599204428453827
0.14019024473564962
0.11633682704485919
0.138922316916489
0.10695884760108099
0.10321163056733092
0.09922048243130398
0.10727403744923689
0.12116711840241579
0.12918074962967988
0.14599204698842344
0.1318576182845645
0.11633682974858214
0.14019024473564962
0.113743718321549
0.07578718952765573
0.10382047507239135
0.10843690368818149
0.13892231962037419
0.09416422856807928
0.09416422586435633
0.10484302844081043
0.10484302844081043
0.12178415977001775
0.1217841570662948
0.11094695273332121
0.10341453234429125
0.09664161276748294
0.09504860188424617
0.11338249935508403
0.12411895348926677
0.12565918143110738
0.11620270255109547
0.12757492631360112
0.09967463227242328
0.11552346280148472
0.08672739481118892
0.09360972541572556
0.10880676414983179
0.0953652308491988
0.12326980828667282
0.0988251357499912
0.12732640418726776
0.10463991660540456
0.10556162535702798
0.12421353116890912
0.12178415749745272
0.10068405475063036
0.09239857133898843
0.10525954567128688
0.12630758836760397
0.323579132466222
0.12052118403024768
0.11924077048944759
0.10525954575782133
0.11535680583241456
0.12061232274752065
0.1217841570662948
0.12052118442766184
0.10463991612940872
0.0905051191975517
0.09664161260710287
0.10175743911532142
0.12831690209756907
0.10168952554701692
0.1093342057722532
0.07578718945597655
0.10168952534710675
0.1548087852069384
0.09498702263103315
0.09360972560158792
0.12116711850785895
0.1187165865096402
0.09967463270361138
0.13212671753906596
0.12362829521336618
0.10843690368818149
0.08672739210746597
0.07578719215986168
0.10237442731496357
0.1337049881983801
0.14119757500230828
0.09872730855004096
0.11327022602664967
0.11346428266714693
0.12082436865518886
0.1303307954618588
0.13143201578913438
0.1459920446542346
0.11371135320350144
0.14019024468292804
0.1023129125099821
0.13185761817912134
0.1077249803377486
0.13892231773635128
0.12212419682012851
0.09882513556833362
0.13217052786296504
0.09050511979402967
0.1132702269379661
0.14150218952559385
0.10382047568900223
0.13370498816456725
0.14458331764499435
0.14062800386618712
0.11924077054216917
0.3230064063650374
0.10579632089926103
0.12630758818966786
0.10250670156920418
0.11877888249072219
0.14019024473564962
0.09416422856807928
0.1360160214477779
0.13422134231328478
0.12916873252768632
0.3230064063650374
0.12753173813230873
0.12916873158186246
0.11494127389671638
0.1389159106179475
0.13601602139505634
0.11336317958598463
0.14019024468292804
0.14694834223075443
0.33700148043691897
0.1318576182845645
0.33700148043691897
0.13167617043373933
0.14855064523737185
0.10068405515988695
0.13217052804090115
0.11094695266735925
0.10556162433155854
0.12245503568582336
0.10175743859271925
0.13033079520550805
0.09670115427740465
0.11565926794546592
0.13422133960939964
0.12061232235010648
0.1187165860067729
0.10579632088521321
0.10237443001868655
0.1049731660094405
0.1360160214477779
0.09670115698128975
0.12124893737341899
0.1017684647512658
0.13143201849301947
0.12052118442766184
0.11367261627538061
0.13692556908913692
0.13480694564123769
0.11041890055324496
0.10947820726711067
0.11808551991717049
0.13892232044023642
0.13480694564123766
0.12326980633842263
0.11808551991717049
0.11660746051801651
0.1296864997707491
0.10497316637385927
0.1450398438973848
0.10341453285206838
0.1048593701554195
0.10727403744923687
0.12178415977001775
0.13143201849301947
0.10556162433155852
0.11367261707412876
0.12326980868329314
0.14314573129734676
0.13692556908913692
0.11367261707412876
0.10947820456338771
0.11041890055324496
0.1431457340012319
0.13892231773635128
0.11367261627538063
0.12753173813230873
0.138922316916489
0.14855064523737185
0.10947820396693991
0.14314573129734676
0.102555616262977
0.10321163116461632
0.09549782337984326
0.1450398438973848
0.12411895300044723
0.1070898233704326
0.11633683011827849
0.12052118442766184
0.14599204735811977
0.12630758818966786
0.10484302795773837
0.08672739261524309
0.09416422804544697
0.09967463270361138
0.12178416020117569
0.10382047568900223
0.10497316330555537
0.11374371981038578
0.11660746161736177
0.13892232044023642
0.12178415749745272
0.1204596815996492
0.13217052786296504
0.11041890055324496
0.13480694564123769
0.09050511979402967
0.11829087000473675
0.11565926831519244
0.09872731187053695
0.1303307954618588
0.13370498816456725
0.12124893737341899
0.07578719223154086
0.13601602139505634
0.1016895280508297
0.13143201869292964
0.10579632089926103
0.09549782572011706
0.12061232274752065
0.10255561855747353
0.10497316637385927
0.12052118403024768
0.09309663741776929
0.11871658330288778
0.0930966373460901
0.09360972541572557
0.10231291521386723
0.08672739531896605
0.08672739481118892
0.11094695273332122
0.12565918143110738
0.12411895348926677
0.127574923609716
0.11620270255109547
0.09664161006375999
0.10341453234429125
0.11338249665119891
0.09504860188424617
0.09967463227242328
0.1088067614461088
0.09360972541572557
0.08672739210746597
0.11552346280148473
0.09536522814531369
0.0966416099033799
0.09050511919755169
0.12831689939368393
0.10175743911532142
0.09360972560158792
0.13212671483534297
0.09967463270361138
0.1187165838057551
0.12116711850785895
0.12362829250964319
0.10168952825073989
0.1548087852069384
0.1016895280508297
0.07578719215986168
0.10933420577225318
0.09498702533491826
0.08672739481118892
0.10843690368818149
0.10237443001868655
0.07578718945597655
0.0988251357499912
0.12326980594180231
0.10463991930928968
0.12732640184239724
0.12630758836760397
0.10525954846170646
0.11924077048944759
0.12052118403024768
0.3235791297623373
0.11535680583241456
0.10556162535702798
0.0923985686351033
0.10068405475063036
0.12178416020117569
0.12421352882403863
0.10525954837517201
0.12178415977001775
0.12061232274752066
0.10463991883329384
0.12052118442766184
0.1337049881983801
0.11346427996326182
0.11327022602664967
0.09872731125392607
0.14119757265743774
0.12082437135891183
0.10231291521386723
0.14019024468292804
0.10772498304147157
0.13185761817912134
0.13143201849301947
0.1303307954618588
0.11371135590738655
0.14599204735811977
0.13892232044023642
0.13692556908913692
0.11367261627538063
0.11041890055324496
0.13480694564123766
0.1166074605180165
0.10341453285206836
0.1450398438973848
0.10497316366997414
0.12968649977074911
0.10485936745169654
0.10947820456338771
0.12326980868329314
0.13480694564123769
0.13892231773635128
0.11808551991717049
0.11808551991717049
0.1217841570662948
0.10727403744923689
0.10556162433155854
0.13143201578913438
0.10255561896669997
0.12411895300044723
0.1450398438973848
0.0954978260837284
0.10321163116461632
0.10708982337043262
0.08672739531896605
0.10484302795773837
0.09967463270361138
0.094164225341724
0.12052118442766184
0.1163368274145555
0.12630758818966786
0.1459920446542346
0.12178415749745272
0.11367261707412876
0.11367261707412876
0.13692556908913692
0.1431457340012319
0.12326980633842263
0.10947820726711067
0.13892231962037419
0.12753173813230873
0.10947820667066288
0.14855064523737185
0.14314573129734676
0.11041890055324496
0.11367261627538061
0.13892232044023642
0.1431457340012319
0.1049731660094405
0.10382047568900221
0.11660746161736175
0.11374372251410875
0.12178416020117569
0.13892231773635128
0.09882513556833362
0.12212419682012851
0.09050511979402967
0.13217052786296504
0.11924077054216917
0.10250669886531906
0.12630758818966786
0.10579632324413153
0.3230064063650374
0.11877888483559268
0.1132702269379661
0.1445833149411092
0.13370498816456725
0.10382047568900221
0.14150218952559385
0.1406280038661871
0.09416422586435633
0.14019024473564962
0.13422133960939964
0.1360160237926485
0.10068405515988695
0.12245503298193824
0.10556162433155852
0.11094695266735925
0.13217052804090115
0.10175743859271927
0.11871658330288778
0.1206123223501065
0.10237442731496357
0.10579632323008371
0.09670115698128975
0.13033079520550805
0.13422134231328478
0.11565926794546592
0.10497316330555537
0.1291687348725568
0.11494127119283125
0.12916873392673295
0.12753173813230873
0.3230064063650374
0.1389159106179475
0.1318576182845645
0.33700148314080364
0.13167617043373933
0.33700148314080364
0.11336317688226168
0.1360160237399269
0.14694833952686925
0.14019024468292804
0.14855064523737185
0.09670115427740465
0.1360160237926485
0.10176846204754285
0.12124893737341899
0.12052118442766184
0.13143201578913438
0.1204596815996492
0.09050511979402967
0.13480694564123766
0.11041890055324496
0.13217052786296504
0.11829087000473673
0.07578718952765573
0.12124893737341899
0.10168952534710675
0.1360160237399269
0.09872730916665184
0.11565926831519242
0.13370498816456725
0.1303307954618588
0.13143201598904455
0.1187165860067729
0.09309663741776929
0.09360972541572556
0.09309663734609011
0.08672739261524309
0.1023129125099821
0.09549782301623193
0.10579632324413153
0.10255561585375057
0.12061232274752066
0.12052118403024768
0.10497316366997414
0.08672739210746597
0.13692556886238547
0.13692556886238547
0.1204596815996492
0.1204596815996492
0.14503984380377413
0.10597192516144867
0.11660746161736177
0.10255561585375057
0.12465622327456254
0.11924905192421527
0.14503984380377413
0.12465622327456254
0.10255561855747353
0.11660746161736175
0.10597192516144867
0.11924905462810038
0.10484302844081043
0.10484302844081043
0.1017684647512658
0.10176846204754285
0.13480694554761338
0.12732640423998934
0.10947820396693991
0.12045968048053893
0.1184717109219143
0.1372363849086922
0.0930966373460901
0.1072740379718692
0.1077249803377486
0.10695884730600758
0.12124893737341899
0.11633682704485919
0.13167617043373933
0.1356167592607849
0.11374371981038578
0.13480694554761338
0.11847171092191429
0.12045968048053893
0.10947820667066288
0.12732640189511882
0.1372363876125773
0.11633682974858214
0.12124893737341899
0.13561676196467
0.13167617043373933
0.10727403797186921
0.09309663734609011
0.1069588500098927
0.10772498304147157
0.11374372251410875
0.11565926794546592
0.11565926794546592
0.1356167592607849
0.13561676196467
0.14599204735811977
0.1459920446542346
0.13692556886238547
0.12212419682012851
0.13692556908913692
0.11367261627538061
0.09882513556833362
0.118471710175958
0.10382047507239135
0.10074064878232519
0.11327022602664967
0.14694833952686925
0.12753173807958718
0.09922048513502695
0.12916873158186246
0.11371135590738655
0.11336317968040277
0.10579632088521321
0.09922048510818565
0.11924077048944759
0.1069588500098927
0.09416422804544697
0.13185761817912134
0.11041890049219279
0.11094695266735925
0.12045968048053893
0.10463991883329384
0.09872731125392607
0.0954978260837284
0.07578719215986168
0.13692556886238547
0.09882513556833362
0.11367261627538063
0.13692556908913692
0.12212419682012851
0.118471710175958
0.09922048243130398
0.12753173807958718
0.11371135320350144
0.12916873392673295
0.10074064878232519
0.10382047507239135
0.14694834223075443
0.11327022602664967
0.11336317697667979
0.11094695266735925
0.11041890049219279
0.10463991612940872
0.12045968048053893
0.09549782337984326
0.09872730855004096
0.0992204824044627
0.10579632323008371
0.10695884730600758
0.11924077048944759
0.13185761817912134
0.094164225341724
0.07578718945597655
0.11094695273332121
0.11094695273332122
0.10068405475063036
0.10068405475063036
0.0967011541908702
0.09670115689475531
0.1187165865096402
0.1187165838057551
0.1187165865096402
0.12362829521336618
0.12831690209756907
0.12757492631360112
0.13212671753906596
0.15337969880162058
0.12757492682137822
0.15565374381058264
0.16215738503537971
0.12362829578791268
0.15337969930448786
0.13212671483534297
0.1187165860067729
0.15440458364492388
0.15440458094103873
0.12116711850785895
0.0905051191975517
0.12411895348926677
0.09360972560158792
0.10175743911532142
0.11620270255109547
0.09967463270361138
0.11094695273332121
0.09664161260710287
0.12565918143110738
0.11877888317072174
0.3108636715517402
0.11552346241811831
0.10579632088521321
0.09504860211672482
0.11620270258977922
0.10579632089926103
0.10341453285206836
0.12411895300044723
0.11094695266735925
0.10250670209180635
0.113382499910275
0.10237443070741621
0.13212671854971036
0.09498702283094332
0.09498702553482843
0.12362829250964319
0.07578718952765573
0.15337969930448783
0.12362829308418968
0.09536523110102305
0.15480878531238154
0.15440458043326163
0.08672739531896605
0.16215738773926489
0.1321267158459874
0.07578719223154086
0.127574923609716
0.12831689939368393
0.11871658330288778
0.14062800451621285
0.13980778527042242
0.09786162179464207
0.10382047507239135
0.10167721287099696
0.1137537847451161
0.11565926831519244
0.10485936745169654
0.10708982337043262
0.09922048243130398
0.13601602139505634
0.09377005937473115
0.13215062233682542
0.0930966373460901
0.11041890055324496
0.11924077048944759
0.10463991612940872
0.12061232274752065
0.09360972541572556
0.12082436856077075
0.13071065101631688
0.11375378485888987
0.09872730916665184
0.11830608221021403
0.09786162135854413
0.11535680583241456
0.323579132466222
0.11620270255109547
0.12052118442766184
0.0953652308491988
0.11552346280148472
0.1318576182845645
0.10180761916801269
0.13215062244226858
0.09670115698128975
0.13891591117434376
0.32962542141657286
0.17150829782516683
0.12753173807958718
0.10796792471191846
0.1715082978251668
0.12124893737341899
0.12240560259785999
0.17150829782516683
0.10074064878232519
0.33700148043691897
0.13071065101631688
0.32962542141657286
0.12124893737341899
0.12753173813230873
0.10525954575782133
0.12630758836760397
0.12565918143110738
0.1217841570662948
0.10880676414983179
0.09967463227242328
0.14599204428453827
0.10180761646428972
0.10708982288733038
0.09416422586435633
0.12052118403024768
0.12757492631360112
0.12411895348926677
0.08672739481118892
0.09549782572011706
0.14019024473564962
0.09786162135854413
0.1715082978251668
0.10484302844081043
0.10727403744923687
0.12061232274752065
0.1069588500098927
0.12045968048053893
0.10255561855747353
0.09309663734609011
0.1372363876125773
0.11924905462810038
0.10772498304147157
0.1204596815996492
0.12732640189511882
0.10597192516144867
0.1192490549846354
0.16234012732123732
0.10569202505949958
0.10255561896669997
0.09504860211672482
0.101677210167274
0.10695885030496612
0.10525954846170646
0.11346427996326182
0.10068405515988695
0.11847171092191429
0.12465622327456254
0.10727403797186921
0.13692556886238547
0.13480694554761338
0.14503984380377413
0.1204596815996492
0.10947820667066288
0.11660746161736175
0.13692556886238547
0.12916873252768632
0.11808552055319214
0.12968650083001265
0.13480694554761338
0.11367261707412876
0.11924905228075028
0.11288550584312766
0.10180761644452467
0.1166074605180165
0.11620270258977922
0.1137537847451161
0.13561676187025187
0.11535680583241456
0.12082437135891183
0.11924077054216917
0.10176846504100126
0.09536522839713794
0.11830607998170964
0.09360972560158792
0.10463991930928968
0.1132702269379661
0.10485936808767443
0.12240560369801265
0.14503984380377413
0.10947820726711067
0.10556162535702798
0.1372363849086922
0.1389159106179475
0.10708982337043262
0.10947820456338771
0.10175743859271927
0.12918074962967988
0.13561675916636676
0.12082437126449372
0.13226197259183833
0.1132702269379661
0.13167617099013562
0.09498702553482843
0.13980778527042242
0.10168952825073989
0.1137113567667789
0.11924077054216917
0.10708982288733038
0.1715082978251668
0.14503984380377413
0.11660746051801651
0.12630758836760397
0.10772497935177908
0.12362829308418968
0.1137537847451161
0.09967463227242328
0.10772498205550207
0.10237443070741621
0.09967463227242328
0.10579632088521321
0.11094695266735925
0.10579632089926103
0.1187165860067729
0.10175743859271925
0.11877888249072219
0.10237443001868655
0.09050511979402967
0.12245503568582336
0.10250670156920418
0.11620270258977922
0.3108636715517402
0.15565374381058264
0.12411895300044723
0.15440458094103873
0.15337969930448786
0.1211671184024158
0.1088067614461088
0.1548087852069384
0.12245503298193824
0.13217052804090115
0.3230064063650374
0.12061232235010648
0.12212419682012851
0.10068405515988695
0.11924077054216917
0.13217052786296504
0.10556162433155854
0.12630758818966786
0.09882513556833362
0.3230064063650374
0.12421353077643492
0.323579132466222
0.12732640423998934
0.12326980868329314
0.09504860211672482
0.11877888317072174
0.12757492682137822
0.10341453285206836
0.15440458364492388
0.12362829578791268
0.1093342051560102
0.09536522814531369
0.09498702533491826
0.10250669886531906
0.11552346241811831
0.16215738503537971
0.15337969880162058
0.13212671483534297
0.11338249665119891
0.14150218952559385
0.09377005935456809
0.13071065096359533
0.10597192516144867
0.11808551991717049
0.12421353116890912
0.12732640423998934
0.3230064063650374
0.12411895300044723
0.12326980868329314
0.12245503298193824
0.1211671184024158
0.14119757444674957
0.11830607950649105
0.1398077847148336
0.1445833149411092
0.323579132466222
0.15337969930448786
0.3108636715517402
0.1548087852069384
0.15669258344242767
0.3230064063650374
0.13215062244226858
0.32962542141657286
0.12465622327456254
0.1296864997707491
0.323579132466222
0.12421353077643492
0.15440458094103873
0.11620270258977922
0.1088067614461088
0.10569202499276036
0.15565374381058264
0.11552346280148472
0.12045968048053893
0.12916873158186246
0.0954978260837284
0.13692556908913692
0.11094695266735925
0.09922048513502695
0.118471710175958
0.10463991883329384
0.11371135590738655
0.09882513556833362
0.1246562227725027
0.11338249720638989
0.15669258293956043
0.0966416099033799
0.0923985686351033
0.12212419682012851
0.11041890049219279
0.12753173807958718
0.13692556886238547
0.11367261627538061
0.12326980828667282
0.10597192518121372
0.1275749241174931
0.10180761914824765
0.12565918143110738
0.10525954837517201
0.10880676101492068
0.10341453234429125
0.12732640418726776
0.12831689939368393
0.13215062233682542
0.09664161006375999
0.11346428049377788
0.15480878531238154
0.12411895348926677
0.1321267158459874
0.09922048510818565
0.11041890049219279
0.09549782572011706
0.09309663741776929
0.10708982288733036
0.10180761916801269
0.11375378485888987
0.09549782301623193
0.13215062244226858
0.10180761646428972
0.1048593707913974
0.15669258344242767
0.10167721010090262
0.1049731660094405
0.09377005935456809
0.10569202499276036
0.09416422856807928
0.09786162135854413
0.11830607950649105
0.09670115427740465
0.11829087013789111
0.13215062244226858
0.12918074976282068
0.11041890049219279
0.11829087013789111
0.10708982288733038
0.09309663741776929
0.12918074976282065
0.11375378485888987
0.0992204824044627
0.1360160214477779
0.14725322578224548
0.1398077847148336
0.11565926794546592
0.10382047568900223
0.11808552055319214
0.1137113567667789
0.10597192518121372
0.13892231962037419
0.12421352843156441
0.10772498205550207
0.14599204698842344
0.13071065101631688
0.12082437126449372
0.1318576182845645
0.13143201869292964
0.09377005937473115
0.11346428049377788
0.10231291521386723
0.09872731187053695
0.13033079520550805
0.14725322578224548
0.13226197259183833
0.11633682974858214
0.11633683011827849
0.1303307954618588
0.10947820396693991
0.12753173813230873
0.1450398438973848
0.14314573129734676
0.10556162433155852
0.10727403744923687
0.113743718321549
0.12240560259786
0.12240560259785999
0.11336317688226168
0.14855064523737185
0.1048593701554195
0.1296864997707491
0.13143201849301947
0.11336317958598463
0.12061232235010648
0.12918074976282068
0.17150829782516683
0.10727403797186921
0.10484302795773837
0.14019024468292804
0.138922316916489
0.10341453285206838
0.11660746051801651
0.12178415977001775
0.11374372102527196
0.10497316637385927
0.10843690368818149
0.1184717109219143
0.11494127389671638
0.10321163116461632
0.11367261707412876
0.13217052804090115
0.10321163056733092
0.10695884760108099
0.13891591117434376
0.11288550323382282
0.1291687348725568
0.14694834310944208
0.14062800451621285
0.17174901972726547
0.1337049881983801
0.14694834040555693
0.10068405515988695
0.11829087013789111
0.10796792471191846
0.13480694554761338
0.102555616262977
0.1337049881983801
0.11371135406289377
0.11877888551559225
0.11288550313940471
0.12630758836760397
0.13167617099013562
0.13422133964321245
0.10168952554701692
0.10463991660540456
0.10175743911532142
0.10796792480633659
0.10556162535702798
0.10176846233727829
0.1342213423470976
0.09360972560158792
0.10237442800369324
0.13480694554761338
0.12916873252768632
0.10255561896669997
0.11367261707412876
0.10068405515988695
0.10695885030496612
0.10321163056733092
0.10796792471191846
0.11288550593754579
0.11494127119283125
0.12968650083001265
0.101677210167274
0.16234012732123732
0.11346427996326182
0.13886269498913362
0.13217052804090115
0.11829087013789111
0.13891591117434376
0.11847171092191429
0.10321163116461632
0.14119757500230828
0.11808552055319214
0.09504860211672482
0.1192490549846354
0.10525954846170646
0.09352065014562407
0.10569202505949958
0.1093342057722532
0.12326980828667282
0.0966416099033799
0.1246562227725027
0.0923985686351033
0.1388626943250789
0.15669258293956043
0.12116711850785895
0.11338249720638989
0.0988251357499912
0.09050511919755169
0.11494127339387926
0.0988251357499912
0.11494127068999414
0.14458331468058383
0.0905051191975517
0.10250669938792122
0.12245503231869086
0.1187165838057551
0.1275749241174931
0.15337969880162056
0.16215738773926489
0.15565374381058264
0.12831689939368393
0.12362829250964319
0.13212671483534297
0.127574923609716
0.12362829308418968
0.15440458094103873
0.11871658330288778
0.13212671753906596
0.15337969930448783
0.15440458364492388
0.11338249720638989
0.10250669938792122
0.1321267158459874
0.10237442800369324
0.09536522839713794
0.16215738503537971
0.08672739261524309
0.15440458313714678
0.15480878531238154
0.13212671854971036
0.09498702553482843
0.15337969930448786
0.07578719223154086
0.12362829521336618
0.09498702283094332
0.12362829578791268
0.12757492631360112
0.07578718952765573
0.1187165860067729
0.12831690209756907
0.09050511919755169
0.12116711850785895
0.09360972560158792
0.12411895348926677
0.11877888551559225
0.09504860211672482
0.10579632323008371
0.11552346241811831
0.3108636742556249
0.11620270258977922
0.10175743911532142
0.0966416099033799
0.11094695273332122
0.09967463270361138
0.11620270255109547
0.12565918143110738
0.10341453285206838
0.10579632324413153
0.11094695266735925
0.12411895300044723
0.14062800451621285
0.101677210167274
0.10382047507239135
0.09786162179464208
0.13980778527042242
0.1137537847451161
0.09377005937473115
0.1360160237399269
0.09309663734609011
0.13215062233682542
0.1048593701554195
0.11565926831519242
0.09922048513502695
0.1070898233704326
0.11041890055324496
0.12045968048053893
0.10695884730600758
0.0930966373460901
0.10255561585375057
0.11924905228075028
0.09504860211672482
0.102555616262977
0.10569202776338468
0.16234012732123734
0.10167721287099696
0.1372363849086922
0.12732640423998934
0.1204596815996492
0.1077249803377486
0.11924905192421527
0.10597192516144867
0.10525954575782133
0.10695884760108099
0.10068405515988695
0.11346428266714693
0.1192490549846354
0.11620270258977922
0.11660746051801651
0.10180761914824765
0.11288550313940471
0.1137537847451161
0.09536523110102305
0.10176846233727829
0.09360972560158792
0.1183060826854326
0.11535680583241456
0.13561675916636676
0.11924077054216917
0.12082436865518886
0.10463991660540456
0.1184717109219143
0.13480694554761338
0.13692556886238547
0.1072740379718692
0.12465622327456254
0.14503984380377413
0.11808552055319214
0.1291687348725568
0.13480694554761338
0.12968650083001265
0.10947820396693991
0.1204596815996492
0.13692556886238547
0.11660746161736177
0.11367261707412876
0.1048593707913974
0.1132702269379661
0.14503984380377413
0.12240560369801265
0.10556162535702798
0.10947820456338771
0.10463991883329384
0.11924077048944759
0.09360972541572557
0.12061232274752066
0.11535680583241456
0.09536522814531369
0.12052118442766184
0.11620270255109547
0.3235791297623373
0.11552346280148473
0.12082437126449372
0.11830607950649105
0.09872731187053695
0.11375378485888987
0.13071065101631688
0.09786162135854413
0.10180761646428972
0.1318576182845645
0.09670115427740465
0.13215062244226858
0.10525954846170646
0.1088067614461088
0.12178415977001775
0.12565918143110738
0.12630758836760397
0.09967463227242328
0.127574923609716
0.12052118403024768
0.08672739210746597
0.12411895348926677
0.10180761916801269
0.14599204698842344
0.09416422856807928
0.10708982288733036
0.09549782301623193
0.13891591117434376
0.10796792471191846
0.12753173807958718
0.1715082978251668
0.32962542141657286
0.17150829782516683
0.13071065101631688
0.33700148314080364
0.12124893737341899
0.32962542141657286
0.12240560259786
0.12124893737341899
0.10074064878232519
0.1715082978251668
0.12753173813230873
0.09786162135854413
0.14019024473564962
0.10484302844081043
0.17150829782516683
0.12061232274752066
0.10727403744923689
0.1372363876125773
0.10175743859271925
0.10947820726711067
0.1070898233704326
0.1389159106179475
0.12918074962967988
0.09498702283094332
0.13167617099013562
0.10168952554701692
0.13980778527042242
0.12082436856077075
0.13561676187025187
0.1132702269379661
0.13226197259183833
0.11371135406289377
0.12362829578791268
0.10772498205550207
0.09967463227242328
0.1137537847451161
0.10237442800369324
0.10772497935177908
0.10708982288733036
0.11924077054216917
0.14503984380377413
0.17150829782516683
0.12630758836760397
0.1166074605180165
0.09967463227242328
0.11041890049219279
0.0992204824044627
0.09309663741776929
0.09549782301623193
0.10485936808767443
0.09377005935456809
0.10497316330555537
0.10167721280462558
0.1566925834424277
0.10569202769664549
0.10708982288733038
0.13215062244226858
0.09549782572011706
0.11375378485888987
0.10180761646428972
0.10180761916801269
0.09786162135854413
0.09416422586435633
0.09670115698128975
0.11830608221021403
0.11808552055319214
0.12421353077643492
0.138922316916489
0.10597192518121372
0.11371135406289377
0.10772497935177908
0.09377005937473115
0.13143201598904455
0.1023129125099821
0.11346428319766301
0.13071065101631688
0.14599204428453827
0.1318576182845645
0.12082436856077075
0.09872730916665184
0.11829087013789111
0.11829087013789111
0.11041890049219279
0.12918074976282065
0.13215062244226858
0.10708982288733036
0.14725322578224548
0.1360160237926485
0.11565926794546592
0.13980778471483357
0.12918074976282068
0.09309663741776929
0.09922048510818565
0.11375378485888987
0.10382047568900221
0.14725322578224548
0.13033079520550805
0.11633682704485919
0.13226197259183833
0.1303307954618588
0.1163368274145555
0.11847171092191429
0.13217052804090115
0.11367261707412876
0.10321163116461632
0.11494127119283125
0.10321163056733092
0.14062800451621285
0.14694834040555693
0.1337049881983801
0.17174902243115062
0.13891591117434376
0.10695885030496612
0.12916873252768632
0.11288550593754579
0.14694834310944208
0.11877888317072174
0.1137113567667789
0.12630758836760397
0.11288550584312766
0.1342213423470976
0.13167617099013562
0.11829087013789111
0.10068405515988695
0.13480694554761338
0.10796792471191846
0.1337049881983801
0.10255561896669997
0.10168952825073989
0.10947820667066288
0.10556162433155854
0.1431457340012319
0.1450398438973848
0.12753173813230873
0.10727403744923689
0.10485936745169654
0.14855064523737185
0.13143201578913438
0.12968649977074911
0.12240560259785999
0.11374372102527196
0.11336317958598463
0.12240560259786
0.11336317688226168
0.10341453285206836
0.13892231962037419
0.1217841570662948
0.1166074605180165
0.10497316366997414
0.113743718321549
0.12918074976282065
0.1206123223501065
0.1072740379718692
0.1715082978251668
0.14019024468292804
0.10484302795773837
0.10843690368818149
0.10175743911532142
0.10463991930928968
0.10556162535702798
0.10796792480633659
0.13422133964321245
0.10176846504100126
0.10237443070741621
0.09360972560158792
0.11094695266735925
0.10579632323008371
0.11871658330288778
0.10579632324413153
0.11620270258977922
0.15440458364492388
0.12411895300044723
0.15565374381058264
0.3108636742556249
0.15337969930448783
0.10175743859271927
0.12245503298193824
0.09050511979402967
0.10237442731496357
0.11877888483559268
0.10250669886531906
0.10880676414983179
0.12116711840241579
0.12245503568582336
0.1548087852069384
0.09504860211672482
0.15440458094103873
0.10341453285206838
0.1275749241174931
0.11877888551559225
0.12362829308418968
0.16215738773926489
0.11552346241811831
0.13212671753906596
0.15337969880162056
0.0953652308491988
0.1093342051560102
0.10250670156920418
0.09498702263103315
0.11338249935508403
0.13217052804090115
0.10068405515988695
0.12212419682012851
0.1206123223501065
0.3230064063650374
0.11924077054216917
0.12421352843156441
0.3230064063650374
0.12732640189511882
0.3235791297623373
0.10556162433155852
0.13217052786296504
0.09882513556833362
0.12630758818966786
0.12326980633842263
0.09377005935456809
0.14150218952559385
0.10597192516144867
0.13071065096359527
0.12421352882403863
0.11808551991717049
0.12045968048053893
0.11094695266735925
0.13692556908913692
0.09549782337984326
0.12916873392673295
0.09922048243130398
0.113382499910275
0.12465622277250268
0.09664161260710287
0.15669258293956043
0.10463991612940872
0.118471710175958
0.09882513556833362
0.11371135320350144
0.09239857133898843
0.12757492682137822
0.10597192518121372
0.12565918143110738
0.10180761644452467
0.10880676371864365
0.10525954567128688
0.11041890049219279
0.12212419682012851
0.13692556886238547
0.12753173807958718
0.12326980594180231
0.11367261627538063
0.10341453234429125
0.12732640189511882
0.12245503568582336
0.12326980633842263
0.12411895300044723
0.3230064063650374
0.12116711840241579
0.15337969930448783
0.3235791297623373
0.1548087852069384
0.3108636742556249
0.11830608221021403
0.14119757210187903
0.14458331764499435
0.13980778471483357
0.1566925834424277
0.15440458364492388
0.12421352843156441
0.10880676414983179
0.11620270258977922
0.15565374381058264
0.10569202769664549
0.13215062244226858
0.3230064063650374
0.12465622327456254
0.32962542141657286
0.3235791297623373
0.12968649977074911
0.11552346280148473
0.12831690209756907
0.12732640184239724
0.09664161276748294
0.13215062233682542
0.15480878531238154
0.11346428319766301
0.13212671854971036
0.12411895348926677
0.13480694554761338
0.10068405515988695
0.11367261707412876
0.102555616262977
0.1291687348725568
0.10695884760108099
0.10167721287099696
0.12968650083001265
0.11346428266714693
0.16234012732123734
0.10796792471191846
0.10321163056733092
0.11494127389671638
0.11288550323382282
0.13886269769285664
0.09504860211672482
0.11808552055319214
0.10525954575782133
0.11924905228075028
0.10569202776338468
0.09352064744173895
0.11829087013789111
0.13217052804090115
0.1184717109219143
0.13891591117434376
0.14119757265743774
0.10321163116461632
0.10933420577225318
0.0905051191975517
0.0988251357499912
0.0988251357499912
0.11494127068999414
0.14458331738446897
0.11494127339387926
0.10250670209180635
0.09050511919755169
0.09664161260710287
0.12326980594180231
0.09239857133898843
0.12465622277250268
0.15669258293956043
0.1388626970288019
0.113382499910275
0.12116711850785895
0.12245503502257597
0.07578719215986168
0.07578718945597655
0.08672739481118892
0.08672739210746597
0.09498702263103315
0.0953652308491988
0.10237442731496357
0.11338249935508403
0.1548087852069384
0.10880676414983179
0.09498702533491826
0.1548087852069384
0.11338249665119891
0.10237443001868655
0.09536522814531369
0.1088067614461088
0.10250670156920418
0.10250669886531906
0.12245503298193824
0.12245503568582336
0.1093342057722532
0.11552346280148472
0.10843690368818149
0.10341453234429125
0.10168952554701692
0.09967463227242328
0.09504860188424617
0.10168952534710675
0.09360972541572556
0.09664161276748294
0.11877888249072219
0.1093342051560102
0.1211671184024158
0.10175743859271925
0.09050511979402967
0.10933420577225318
0.10168952825073989
0.10341453234429125
0.10843690368818149
0.11552346280148473
0.09967463227242328
0.1093342051560102
0.11877888483559268
0.10175743859271927
0.12116711840241579
0.1016895280508297
0.09504860188424617
0.09664161006375999
0.09360972541572557
0.09050511979402967
0.14725322555549406
0.14725322555549406
0.12918074962967988
0.12918074962967988
0.11829087000473673
0.11829087000473675
0.1356167592607849
0.12124893737341899
0.11660746161736175
0.11374371981038578
0.10176846204754285
0.10484302844081043
0.09352064744173895
0.11288550323382282
0.10796792471191846
0.13886269769285664
0.13167617043373933
0.11924905462810038
0.12465622327456254
0.1017684647512658
0.11494127389671638
0.13071065096359533
0.13226197259183833
0.1715082978251668
0.12240560369801265
0.10796792480633659
0.1389159106179475
0.11633682704485919
0.10597192516144867
0.14503984380377413
0.10484302844081043
0.10321163056733092
0.10255561855747353
0.12918074962967988
0.13561676196467
0.1017684647512658
0.11374372251410875
0.11660746161736177
0.12124893737341899
0.10484302844081043
0.11924905192421527
0.13167617043373933
0.10176846204754285
0.12465622327456254
0.11288550593754579
0.09352065014562407
0.13886269498913362
0.10796792471191846
0.11494127119283125
0.10597192516144867
0.11633682974858214
0.10484302844081043
0.14503984380377413
0.10255561585375057
0.10321163056733092
0.13226197259183833
0.13071065096359527
0.12240560369801265
0.17150829782516683
0.1389159106179475
0.10796792480633659
0.12918074962967988
0.12082436865518886
0.12082437135891183
0.12240560369801265
0.12240560369801265
0.11288550313940471
0.11288550584312766
0.1137537847451161
0.1137537847451161
0.11565926794546592
0.1360160214477779
0.1049731660094405
0.10382047568900223
0.09670115427740465
0.09416422856807928
0.14062800386618712
0.13422133960939964
0.13422134231328478
0.14458331764499435
0.1398077847148336
0.10569202499276036
0.15669258344242767
0.11830607950649105
0.1445833149411092
0.14150218952559385
0.13033079520550805
0.14019024473564962
0.1132702269379661
0.13370498816456725
0.14119757444674957
0.14725322578224548
0.09377005935456809
0.1048593707913974
0.09786162135854413
0.1406280038661871
0.10167721010090262
0.14725322555549406
0.14119757500230828
0.11346427996326182
0.12968650083001265
0.13886269498913362
0.17174901972726547
0.16234012732123732
0.13980778527042242
0.101677210167274
0.11327022602664967
0.09872731125392607
0.11336317968040277
0.10074064878232519
0.14694833952686925
0.1388626943250789
0.10382047507239135
0.09786162179464208
0.11830607998170964
0.11565926794546592
0.09670115698128975
0.10382047568900221
0.10497316330555537
0.1360160237926485
0.09416422586435633
0.10569202769664549
0.13980778471483357
0.11830608221021403
0.1566925834424277
0.13422134231328478
0.1406280038661871
0.1445833149411092
0.13422133960939964
0.14458331764499435
0.09377005935456809
0.14725322578224548
0.09786162135854413
0.10485936808767443
0.10167721280462558
0.14062800386618712
0.13033079520550805
0.14150218952559385
0.1132702269379661
0.14019024473564962
0.14119757210187903
0.13370498816456725
0.14725322555549406
0.09872730855004096
0.11327022602664967
0.10074064878232519
0.11336317697667979
0.1388626970288019
0.14694834223075443
0.09786162179464207
0.10382047507239135
0.11346428266714693
0.14119757265743774
0.13886269769285664
0.12968650083001265
0.16234012732123734
0.17174902243115062
0.10167721287099696
0.13980778527042242
0.1183060826854326
0.1337049881983801
0.1337049881983801
0.14694834310944208
0.14694834040555693
0.17174902243115062
0.17174901972726547
0.14062800451621285
0.14062800451621285
0.14458331468058383
0.14458331738446897
0.0967011541908702
0.09786162179464208
0.13215062233682542
0.09377005937473115
0.11552346241811831
0.11830607998170964
0.10180761644452467
0.10569202505949958
0.09536522839713794
0.1137537847451161
0.101677210167274
0.09360972560158792
0.09309663734609011
0.11620270258977922
0.09504860211672482
0.1388626943250789
0.11494127068999414
0.11346428049377788
0.10176846233727829
0.10796792480633659
0.10167721010090262
0.10484302795773837
0.10068405475063036
0.12465622277250268
0.10597192518121372
0.11288550584312766
0.16234012732123732
0.10176846504100126
0.1069588500098927
0.11924905228075028
0.1192490549846354
0.10255561855747353
0.1166074605180165
0.10255561896669997
0.12045968048053893
0.14458331738446897
0.15669258293956043
0.13422133964321245
0.15480878531238154
0.13980778527042242
0.14062800451621285
0.12116711850785895
0.1360160237399269
0.3108636742556249
0.11877888551559225
0.1183060826854326
0.14458331468058383
0.12245503502257597
0.094164225341724
0.15337969880162056
0.10250669938792122
0.10382047507239135
0.12411895348926677
0.09050511919755169
0.10579632323008371
0.17174902243115062
0.17174901972726547
0.1388626970288019
0.14694833952686925
0.16234012732123734
0.11288550313940471
0.13370498816456725
0.12968649977074911
0.10321163116461632
0.12916873392673295
0.14694834223075443
0.11346428319766301
0.11494127339387926
0.10695884730600758
0.11367261627538063
0.11327022602664967
0.11371135320350144
0.1303307954618588
0.10168952534710675
0.13226197259183833
0.14725322578224548
0.12918074976282065
0.1303307954618588
0.13980778471483357
0.14725322578224548
0.12082436865518886
0.14119757500230828
0.10175743911532142
0.1459920446542346
0.09498702263103315
0.1093342057722532
0.11633682704485919
0.10708982288733036
0.11829087013789111
0.11565926794546592
0.11288550593754579
0.1398077847148336
0.12240560259785999
0.11371135590738655
0.11288550323382282
0.13226197259183833
0.1016895280508297
0.12240560259786
0.12918074976282068
0.11327022602664967
0.13167617043373933
0.12082436856077075
0.13891591117434376
0.1356167592607849
0.10947820396693991
0.11346428266714693
0.1337049881983801
0.09664161260710287
0.13143201578913438
0.1548087852069384
0.10168952554701692
0.13033079520550805
0.13215062244226858
0.11829087013789111
0.1360160237926485
0.09872730855004096
0.12831690209756907
0.0905051191975517
0.07578718945597655
0.11041890049219279
0.13422134231328478
0.11830608221021403
0.10796792471191846
0.10176846204754285
0.10556162433155852
0.10463991612940872
0.14694833952686925
0.12916873392673295
0.13370498816456725
0.1360160237399269
0.1389159106179475
0.1406280038661871
0.14019024468292804
0.13217052786296504
0.3230064063650374
0.14150218952559385
0.11288550313940471
0.17174901972726547
0.13422133964321245
0.10321163116461632
0.11877888551559225
0.14062800451621285
0.10321163056733092
0.12630758836760397
0.1337049881983801
0.13217052804090115
0.11494127119283125
0.1445833149411092
0.11336317688226168
0.09882513556833362
0.1291687348725568
0.1132702269379661
0.09050511979402967
0.12753173813230873
0.10382047568900221
0.12212419682012851
0.11494127389671638
0.11371135406289377
0.14694834310944208
0.1184717109219143
0.11367261707412876
0.16234012732123734
0.17174902243115062
0.15669258293956043
0.12968649977074911
0.3108636742556249
0.13980778527042242
0.14119757210187903
0.3235791297623373
0.14119757265743774
0.3230064063650374
0.1388626970288019
0.15480878531238154
0.14458331738446897
0.12116711850785895
0.12326980594180231
0.14458331764499435
0.1566925834424277
0.13886269769285664
0.12465622327456254
0.12326980633842263
0.09239857133898843
0.11924905192421527
0.14062800386618712
0.10485936745169654
0.11808551991717049
0.11877888483559268
0.14725322555549406
0.1093342051560102
0.13071065101631688
0.14725322578224548
0.14150218952559385
0.09352064744173895
0.09498702283094332
0.14062800451621285
0.10933420577225318
0.11808552055319214
0.10250670156920418
0.10180761646428972
0.09786162135854413
0.10597192516144867
0.10341453285206838
0.10525954575782133
0.10569202769664549
0.15337969930448783
0.10167721287099696
0.11552346280148473
0.12421352843156441
0.113382499910275
0.10880676414983179
0.10382047507239135
0.09922048243130398
0.11565926831519244
0.07578718952765573
0.12918074962967988
0.14725322555549406
0.10843690368818149
0.11829087000473673
0.12116711840241579
0.1093342051560102
0.1137537847451161
0.13980778527042242
0.10237443070741621
0.10708982337043262
0.12362829308418968
0.09498702553482843
0.12918074962967988
0.09967463227242328
0.10168952825073989
0.10175743859271927
0.10321163056733092
0.14119757444674957
0.113743718321549
0.118471710175958
0.10695884760108099
0.13561675916636676
0.11829087000473675
0.10727403744923689
0.1163368274145555
0.118471710175958
0.1389159106179475
0.10772497935177908
0.13167617099013562
0.1372363849086922
0.10947820456338771
0.10167721287099696
0.14062800451621285
0.113382499910275
0.10485936745169654
0.15337969930448783
0.09498702283094332
0.14725322555549406
0.11552346280148473
0.10933420577225318
0.11877888483559268
0.09786162179464207
0.13212671854971036
0.10250670209180635
0.12362829250964319
0.10341453234429125
0.14062800386618712
0.10569202769664549
0.09352064744173895
0.11924905192421527
0.11808551991717049
0.10525954567128688
0.10597192516144867
0.14150218952559385
0.10341453285206836
0.11808551991717049
0.10250669886531906
0.1093342051560102
0.14725322555549406
0.09786162135854413
0.14725322578224548
0.1406280038661871
0.13071065096359533
0.12362829578791268
0.11877888317072174
0.09498702533491826
0.1048593707913974
0.11877888249072219
0.10180761916801269
0.13071065101631688
0.11924905462810038
0.1048593701554195
0.11535680583241456
0.09377005935456809
0.15440458364492388
0.09504860211672482
0.09536522814531369
0.09377005935456809
0.12757492682137822
0.0953652308491988
0.10255561585375057
0.13370498816456725
0.10497316366997414
0.13480694564123766
0.10579632324413153
0.11565926831519242
0.11829087000473673
0.12061232274752066
0.1303307954618588
0.13217052786296504
0.10796792480633659
0.10237442800369324
0.1342213423470976
0.10175743911532142
0.10556162535702798
0.09050511979402967
0.09549782301623193
0.09872730916665184
0.1204596815996492
0.11041890055324496
0.10463991660540456
0.10167721280462558
0.15565374381058264
0.10569202776338468
0.11620270255109547
0.12421352882403863
0.10880676371864365
0.11338249935508403
0.09504860188424617
0.127574923609716
0.09377005937473115
0.09504860188424617
0.09377005937473115
0.09536523110102305
0.12757492631360112
0.16215738773926489
0.10074064878232519
0.12753173807958718
0.09872731187053695
0.12124893737341899
0.17150829782516683
0.09786162135854413
0.1715082978251668
0.12061232274752066
0.32962542141657286
0.13071065101631688
0.12240560369801265
0.13886269498913362
0.10796792480633659
0.11374372251410875
0.13071065096359527
0.09352065014562407
0.10484302844081043
0.17150829782516683
0.10796792471191846
0.12124893737341899
0.10796792471191846
0.11830607950649105
0.12240560259786
0.10463991883329384
0.13891591117434376
0.12082437126449372
0.09360972541572557
0.1715082978251668
0.11375378485888987
0.11924077048944759
0.1017684647512658
0.13226197259183833
0.11288550593754579
0.13561676196467
0.11660746161736177
0.12968650083001265
0.14694834040555693
0.12465622277250268
0.14855064523737185
0.3235791297623373
0.13167617099013562
0.14019024473564962
0.32962542141657286
0.13891591117434376
0.33700148314080364
0.11336317697667979
0.13215062233682542
0.11494127068999414
0.13185761817912134
0.12753173807958718
0.13422133960939964
0.13980778471483357
0.11288550323382282
0.13167617043373933
0.12630758818966786
0.11371135320350144
0.11660746161736177
0.10382047568900223
0.1450398438973848
0.13892232044023642
0.12630758818966786
0.11633683011827849
0.10843690368818149
0.1715082978251668
0.12918074976282065
0.14019024468292804
0.11374371981038578
0.1070898233704326
0.10321163116461632
0.14599204735811977
0.1072740379718692
0.10237443001868655
0.11375378485888987
0.11375378485888987
0.10772498304147157
0.09967463270361138
0.1077249803377486
0.10497316330555537
0.12411895300044723
0.102555616262977
0.12052118442766184
0.1206123223501065
0.09549782337984326
0.10237442731496357
0.12465622327456254
0.14458331764499435
0.12968649977074911
0.12326980633842263
0.3230064063650374
0.14119757210187903
0.12116711840241579
0.32962542141657286
0.13980778471483357
0.3230064063650374
0.13886269769285664
0.13980778527042242
0.17174902243115062
0.14119757265743774
0.12968650083001265
0.12245503568582336
0.13215062244226858
0.11830608221021403
0.12732640189511882
0.12411895300044723
0.11346428266714693
0.1566925834424277
0.3108636742556249
0.16234012732123734
0.3235791297623373
0.3235791297623373
0.15669258293956043
0.1548087852069384
0.11338249935508403
0.11620270255109547
0.10167721280462558
0.12421352882403863
0.11552346241811831
0.10569202776338468
0.13212671753906596
0.15565374381058264
0.14503984380377413
0.1132702269379661
0.1166074605180165
0.10947820726711067
0.11924077054216917
0.13561676187025187
0.12918074962967988
0.17150829782516683
0.13226197259183833
0.1389159106179475
0.12240560369801265
0.1137537847451161
0.11288550584312766
0.12082437135891183
0.12240560369801265
0.10175743859271925
0.10708982288733036
0.12082436856077075
0.1372363876125773
0.1070898233704326
0.12082436865518886
0.10485936808767443
0.11620270258977922
0.11924905228075028
0.11535680583241456
0.13071065096359527
0.10180761644452467
0.09498702263103315
0.10341453234429125
0.12565918143110738
0.10597192518121372
0.10525954837517201
0.09786162179464208
0.10180761914824765
0.12362829521336618
0.1275749241174931
0.09664161276748294
0.12411895348926677
0.11346428319766301
0.12732640184239724
0.13215062233682542
0.1183060826854326
0.12831690209756907
0.15337969880162056
0.15440458313714678
0.09416422804544697
0.09549782337984326
0.10497316637385927
0.08672739261524309
0.1070898233704326
0.1048593701554195
0.09967463270361138
0.11041890055324496
0.12411895300044723
0.10341453285206838
0.10180761914824765
0.15669258293956043
0.10880676101492068
0.0954978260837284
0.1275749241174931
0.11338249720638989
0.09922048513502695
0.12565918143110738
0.0966416099033799
0.11094695266735925
0.10321163116461632
0.1296864997707491
0.10484302795773837
0.11367261627538061
0.102555616262977
0.11660746051801651
0.13480694564123769
0.1450398438973848
0.1450398438973848
0.13692556908913692
0.12916873158186246
0.10597192518121372
0.1246562227725027
0.12045968048053893
0.13692556908913692
0.10569202776338468
0.1342213423470976
0.10880676371864365
0.10497316366997414
0.15565374381058264
0.10237442800369324
0.11565926831519242
0.11620270255109547
0.10175743911532142
0.10579632324413153
0.09670115689475531
0.15440458313714678
0.12245503231869086
0.1187165838057551
0.11094695273332122
0.13370498816456725
0.10167721280462558
0.10796792480633659
0.10255561585375057
0.13480694564123766
0.10068405475063036
0.1077249803377486
0.14019024468292804
0.09967463270361138
0.13892231773635128
0.10237442731496357
0.10843690368818149
0.1163368274145555
0.11375378485888987
0.12918074976282068
0.10382047568900221
0.13185761817912134
0.12362829521336618
0.12116711850785895
0.07578719215986168
0.09922048510818565
0.12630758818966786
0.11375378485888987
0.17150829782516683
0.11660746161736175
0.1450398438973848
0.11924077048944759
0.1023129125099821
0.13212671753906596
0.09360972560158792
0.08672739210746597
0.09309663741776929
0.1187165865096402
0.09360972541572556
0.10695884730600758
0.14694834223075443
0.094164225341724
0.11367261627538063
0.10579632323008371
0.10382047507239135
0.118471710175958
0.11924077048944759
0.11327022602664967
0.12212419682012851
0.11494127339387926
0.10250669938792122
0.14458331468058383
0.09050511919755169
0.0988251357499912
0.09882513556833362
0.0992204824044627
0.10074064878232519
0.13692556886238547
0.13692556908913692
0.0988251357499912
0.11346428319766301
0.15337969880162056
0.1183060826854326
0.12411895348926677
0.12732640184239724
0.12245503502257597
0.09664161276748294
0.10525954567128688
0.12362829250964319
0.09786162179464207
0.10341453234429125
0.10597192518121372
0.10250670209180635
0.12565918143110738
0.13212671854971036
0.0930966373460901
0.13601602139505634
0.08672739531896605
0.11041890055324496
0.11871658330288778
0.07578719223154086
0.11829087000473675
0.09360972541572557
0.1016895280508297
0.09050511979402967
0.13215062233682542
0.1321267158459874
0.15480878531238154
0.12831689939368393
0.09664161006375999
0.13217052786296504
0.09309663741776929
0.12124893737341899
0.1204596815996492
0.13480694564123769
0.12732640418726776
0.09377005937473115
0.16215738773926489
0.09536523110102305
0.127574923609716
0.09504860188424617
0.15440458043326163
0.09504860188424617
0.12421353116890912
0.13212671483534297
0.11552346241811831
0.11338249665119891
0.10167721010090262
0.15337969880162058
0.11620270255109547
0.16215738503537971
0.10068405475063036
0.1187165838057551
0.09670115689475531
0.11094695273332122
0.10068405475063036
0.12245503231869086
0.11094695273332121
0.15440458313714678
0.15440458043326163
0.1072740379718692
0.11336317958598463
0.10484302795773837
0.1431457340012319
0.1206123223501065
0.11374372102527196
0.10727403744923689
0.1715082978251668
0.12240560259786
0.12753173813230873
0.11336317968040277
0.09786162179464208
0.1388626943250789
0.09872731125392607
0.10074064878232519
0.10556162433155854
0.12918074976282065
0.12240560259785999
0.10947820667066288
0.1450398438973848
0.11327022602664967
0.13143201598904455
0.11552346241811831
0.10176846233727829
0.12052118403024768
0.12124893737341899
0.0967011541908702
0.10168952534710675
0.12178415749745272
0.09967463270361138
0.10484302795773837
0.12178416020117569
0.10484302795773837
0.09416422804544697
0.09967463270361138
0.08672739261524309
0.09239857133898843
0.12116711850785895
0.1388626970288019
0.12326980594180231
0.12465622277250268
0.14458331738446897
0.09664161260710287
0.15480878531238154
0.10880676371864365
0.10556162535702798
0.09360972560158792
0.10176846504100126
0.10463991930928968
0.10796792480633659
0.11830607998170964
0.10175743911532142
0.09536522839713794
0.10880676101492068
0.12245503502257597
0.09872731125392607
0.13185761817912134
0.10231291521386723
0.12052118403024768
0.13071065096359527
0.09377005935456809
0.1206123223501065
0.12421352882403863
0.3235791297623373
0.12421352843156441
0.12082437135891183
0.11346427996326182
0.10463991930928968
0.10772498304147157
0.11535680583241456
0.10525954846170646
0.10597192516144867
0.11924077054216917
0.10068405515988695
0.12732640189511882
0.09352065014562407
0.10569202499276036
0.11374372102527196
0.10525954837517201
0.13167617099013562
0.10772498205550207
0.09504860188424617
0.12124893737341899
0.09309663741776929
0.12732640184239724
0.11924905462810038
0.13561676187025187
0.10695885030496612
0.1372363876125773
0.1204596815996492
0.14119757265743774
0.1337049881983801
0.12326980594180231
0.14019024468292804
0.3235791297623373
0.12630758836760397
0.14150218952559385
0.3230064063650374
0.13217052804090115
0.3230064063650374
0.11327022602664967
0.12732640184239724
0.0988251357499912
0.11924077048944759
0.12212419682012851
0.1406280038661871
0.14119757210187903
0.10321163056733092
0.1389159106179475
0.13217052786296504
0.118471710175958
0.13561676196467
0.11565926794546592
0.10947820667066288
0.14599204735811977
0.13167617043373933
0.11633682974858214
0.10933420577225318
0.13891591117434376
0.11829087013789111
0.14119757265743774
0.1356167592607849
0.1372363876125773
0.11847171092191429
0.13561676196467
0.1184717109219143
0.09498702533491826
0.12082437126449372
0.10708982288733038
0.12082437135891183
0.10175743911532142
0.1372363849086922
0.11565926794546592
0.12732640189511882
0.13480694554761338
0.12124893737341899
0.13217052804090115
0.12045968048053893
0.10175743859271927
0.13167617043373933
0.13422133960939964
0.14855064523737185
0.12630758818966786
0.33700148314080364
0.14019024473564962
0.11877888483559268
0.33700148314080364
0.1360160237926485
0.3230064063650374
0.11288550323382282
0.13167617099013562
0.14694834040555693
0.13891591117434376
0.1291687348725568
0.10250669886531906
0.1318576182845645
0.09416422586435633
0.11924077054216917
0.10579632324413153
0.10695884760108099
0.13980778471483357
0.3235791297623373
0.12968650083001265
0.32962542141657286
0.3230064063650374
0.12465622277250268
0.12116711840241579
0.09498702263103315
0.11535680583241456
0.10485936808767443
0.13071065096359527
0.11877888551559225
0.11924905228075028
0.12362829308418968
0.11620270258977922
0.11633682974858214
0.13033079520550805
0.13892231962037419
0.11633683011827849
0.1318576182845645
0.14599204698842344
0.14725322555549406
0.14019024473564962
0.13033079520550805
0.14119757210187903
0.13226197259183833
0.10772498205550207
0.1137113567667789
0.12082437126449372
0.1132702269379661
0.1093342051560102
0.14599204698842344
0.14599204428453827
0.13561676187025187
0.11565926831519242
0.13561675916636676
0.14725322578224548
0.12421352843156441
0.11808552055319214
0.13071065101631688
0.14150218952559385
0.10597192518121372
0.1093342051560102
0.1093342057722532
0.10525954846170646
0.11808552055319214
0.09352065014562407
0.14062800451621285
0.1192490549846354
0.09498702553482843
0.09504860211672482
0.10168952534710675
0.12052118403024768
0.13143201598904455
0.12124893737341899
0.1360160237399269
0.10176846233727829
0.07578718952765573
0.11552346241811831
0.09536522839713794
0.12124893737341899
0.09670115427740465
0.12753173813230873
0.12052118442766184
0.33700148314080364
0.1318576182845645
0.11552346280148473
0.32962542141657286
0.13215062244226858
0.3235791297623373
0.10176846204754285
0.1389159106179475
0.11494127119283125
0.13167617043373933
0.12465622327456254
0.09536522814531369
0.13071065101631688
0.10180761646428972
0.11535680583241456
0.11620270255109547
0.11924905192421527
0.1360160237926485
0.3230064063650374
0.1291687348725568
0.33700148314080364
0.3230064063650374
0.12916873392673295
0.11877888483559268
0.07578718945597655
0.11924077048944759
0.0992204824044627
0.13185761817912134
0.12116711850785895
0.10695884730600758
0.12362829250964319
0.10579632323008371
0.1548087852069384
0.3235791297623373
0.1566925834424277
0.3235791297623373
0.3108636742556249
0.16234012732123734
0.15337969930448783
0.3108636742556249
0.15337969880162056
0.10168952554701692
0.12630758836760397
0.11371135406289377
0.13167617099013562
0.13980778527042242
0.11288550313940471
0.09498702283094332
0.11877888551559225
0.10250669938792122
0.15480878531238154
0.14599204735811977
0.13143201849301947
0.12178416020117569
0.13892232044023642
0.12052118442766184
0.12178415977001775
0.11808551991717049
0.12630758818966786
0.10556162433155852
0.12326980633842263
0.11371135590738655
0.10525954837517201
0.0923985686351033
0.10463991883329384
0.09882513556833362
0.11808551991717049
0.11633683011827849
0.10727403744923687
0.10947820726711067
0.13480694564123766
0.118471710175958
0.1303307954618588
0.12421352882403863
0.10556162535702798
0.12061232274752066
0.13217052786296504
0.10068405475063036
0.11829087000473673
0.1459920446542346
0.10772498304147157
0.10727403797186921
0.11374372251410875
0.10321163116461632
0.1069588500098927
0.10708982337043262
0.09309663734609011
0.11371135320350144
0.13185761817912134
0.11336317697667979
0.12753173807958718
0.12916873392673295
0.11494127068999414
0.09922048243130398
0.13215062233682542
0.10180761644452467
0.1303307954618588
0.10231291521386723
0.13143201869292964
0.09872731187053695
0.13370498816456725
0.11346428049377788
0.11565926831519244
0.09377005937473115
0.10569202505949958
0.0967011541908702
0.13143201578913438
0.14019024468292804
0.11336317688226168
0.14855064523737185
0.12968649977074911
0.14694833952686925
0.10485936745169654
0.1360160237399269
0.094164225341724
0.15669258293956043
0.13422133964321245
0.09670115689475531
0.10180761914824765
0.1183060826854326
0.09536523110102305
0.10569202776338468
0.13215062233682542
0.09786162179464207
0.11552346241811831
0.09377005937473115
0.1137537847451161
0.11620270258977922
0.0930966373460901
0.09360972560158792
0.10167721287099696
0.09504860211672482
0.15669258293956043
0.14458331468058383
0.15480878531238154
0.1342213423470976
0.11830607998170964
0.15337969880162058
0.09416422804544697
0.12245503231869086
0.14458331738446897
0.10250670209180635
0.13980778527042242
0.3108636715517402
0.13601602139505634
0.12116711850785895
0.14062800451621285
0.11877888317072174
0.12411895348926677
0.10382047507239135
0.10579632088521321
0.0905051191975517
0.11494127339387926
0.1388626970288019
0.10176846504100126
0.11346428319766301
0.11288550313940471
0.1192490549846354
0.10695884730600758
0.10176846233727829
0.16234012732123734
0.11924905228075028
0.10796792480633659
0.1246562227725027
0.10068405475063036
0.10484302795773837
0.10167721280462558
0.10597192518121372
0.11660746051801651
0.10255561585375057
0.12045968048053893
0.102555616262977
0.17174901972726547
0.16234012732123732
0.14694834223075443
0.1388626943250789
0.17174902243115062
0.11288550584312766
0.11346428049377788
0.14694833952686925
0.1069588500098927
0.11494127068999414
0.1296864997707491
0.13370498816456725
0.12916873158186246
0.10321163116461632
0.11367261627538061
0.12916873158186246
0.14694834223075443
0.13601602139505634
0.13370498816456725
0.11288550584312766
0.11877888317072174
0.10321163116461632
0.1342213423470976
0.17174902243115062
0.14062800451621285
0.1389159106179475
0.3230064063650374
0.13217052786296504
0.14019024468292804
0.14062800386618712
0.14150218952559385
0.12630758836760397
0.10321163056733092
0.13217052804090115
0.1337049881983801
0.16234012732123732
0.3108636715517402
0.1296864997707491
0.15669258293956043
0.17174901972726547
0.13980778527042242
0.15480878531238154
0.1388626943250789
0.12116711850785895
0.14458331468058383
0.323579132466222
0.14119757444674957
0.3230064063650374
0.14119757500230828
0.12326980828667282
0.11494127389671638
0.12916873252768632
0.09882513556833362
0.11336317958598463
0.14458331764499435
0.1132702269379661
0.1137113567667789
0.11494127119283125
0.11847171092191429
0.14694834040555693
0.12753173813230873
0.09050511979402967
0.12212419682012851
0.10382047568900223
0.11367261707412876
0.15669258344242767
0.1445833149411092
0.12465622327456254
0.13886269498913362
0.0923985686351033
0.12326980868329314
0.11371135590738655
0.11327022602664967
0.1016895280508297
0.1303307954618588
0.12082437135891183
0.09498702533491826
0.14599204735811977
0.10175743911532142
0.14119757265743774
0.10933420577225318
0.13226197259183833
0.1398077847148336
0.1303307954618588
0.12918074976282068
0.14725322578224548
0.14725322578224548
0.10708982288733038
0.11633682974858214
0.11565926794546592
0.11829087013789111
0.11346427996326182
0.1548087852069384
0.13143201849301947
0.0966416099033799
0.1337049881983801
0.10168952825073989
0.12831689939368393
0.09872731125392607
0.07578719215986168
0.09050511919755169
0.13215062244226858
0.13033079520550805
0.1360160214477779
0.11829087013789111
0.11041890049219279
0.11288550323382282
0.11288550593754579
0.11371135320350144
0.12240560259786
0.13980778471483357
0.13226197259183833
0.12082437126449372
0.13167617043373933
0.13561676196467
0.13891591117434376
0.12240560259785999
0.10168952534710675
0.11327022602664967
0.12918074976282065
0.10947820667066288
0.11830607950649105
0.13422133960939964
0.1017684647512658
0.10796792471191846
0.10463991883329384
0.10556162433155854
0.11924905462810038
0.11877888249072219
0.11808551991717049
0.1048593701554195
0.1406280038661871
0.14725322555549406
0.09498702553482843
0.09352065014562407
0.1093342057722532
0.14062800451621285
0.13071065101631688
0.1093342051560102
0.14150218952559385
0.14725322578224548
0.11808552055319214
0.15337969930448786
0.10569202499276036
0.11552346280148472
0.101677210167274
0.11338249720638989
0.12421353077643492
0.10180761916801269
0.10250669886531906
0.10597192516144867
0.09786162135854413
0.10525954846170646
0.10341453285206836
0.1088067614461088
0.12753173807958718
0.10074064878232519
0.12124893737341899
0.09872730916665184
0.12240560369801265
0.13071065096359533
0.11374371981038578
0.10796792480633659
0.13886269769285664
0.09352064744173895
0.1715082978251668
0.32962542141657286
0.12061232274752065
0.17150829782516683
0.09786162135854413
0.13071065101631688
0.1715082978251668
0.10484302844081043
0.12124893737341899
0.10796792471191846
0.12968650083001265
0.323579132466222
0.14855064523737185
0.1246562227725027
0.14694834310944208
0.13167617099013562
0.13215062233682542
0.11336317968040277
0.13185761817912134
0.11494127339387926
0.32962542141657286
0.14019024473564962
0.33700148043691897
0.13891591117434376
0.12753173807958718
0.10796792471191846
0.13891591117434376
0.10463991612940872
0.12240560259785999
0.11830608221021403
0.12082436856077075
0.13226197259183833
0.10176846204754285
0.1356167592607849
0.11288550323382282
0.17150829782516683
0.09360972541572556
0.11924077048944759
0.11375378485888987
0.11660746161736175
0.1398077847148336
0.13422134231328478
0.13167617043373933
0.11288550593754579
0.11371135590738655
0.12630758818966786
0.12465622327456254
0.3230064063650374
0.12326980868329314
0.1296864997707491
0.1445833149411092
0.14119757444674957
0.13980778527042242
0.13886269498913362
0.14119757500230828
0.17174901972726547
0.32962542141657286
0.1211671184024158
0.3230064063650374
0.1398077847148336
0.12968650083001265
0.3108636715517402
0.15669258344242767
0.323579132466222
0.16234012732123732
0.15669258293956043
0.323579132466222
0.13215062244226858
0.12245503298193824
0.12732640423998934
0.11830607950649105
0.11346427996326182
0.12411895300044723
0.1548087852069384
0.11660746161736175
0.12630758818966786
0.13892231773635128
0.1450398438973848
0.10382047568900221
0.1163368274145555
0.10708982337043262
0.11374372251410875
0.1459920446542346
0.10321163116461632
0.17150829782516683
0.10843690368818149
0.14019024468292804
0.12918074976282068
0.10727403797186921
0.12411895300044723
0.1049731660094405
0.12052118442766184
0.10255561896669997
0.0954978260837284
0.12061232235010648
0.11375378485888987
0.10237442731496357
0.1077249803377486
0.11375378485888987
0.10772498304147157
0.09967463270361138
0.10237443001868655
0.11620270255109547
0.11338249665119891
0.12421353116890912
0.10167721010090262
0.10569202505949958
0.11552346241811831
0.15565374381058264
0.13212671483534297
0.09922048513502695
0.10382047507239135
0.07578719223154086
0.11565926831519242
0.1137537847451161
0.12362829578791268
0.1070898233704326
0.10237442800369324
0.13980778527042242
0.09498702283094332
0.12918074962967988
0.1211671184024158
0.11829087000473675
0.10843690368818149
0.14725322555549406
0.1093342051560102
0.09967463227242328
0.12918074962967988
0.10175743859271925
0.10168952554701692
0.101677210167274
0.15337969930448786
0.1048593701554195
0.11338249720638989
0.14062800451621285
0.09498702553482843
0.1321267158459874
0.09786162179464208
0.12362829521336618
0.10250669938792122
0.11552346280148472
0.14725322555549406
0.11877888249072219
0.1093342057722532
0.10341453234429125
0.10321163056733092
0.10695885030496612
0.118471710175958
0.11374372102527196
0.14119757210187903
0.13561676187025187
0.10772498205550207
0.1389159106179475
0.1372363876125773
0.13167617099013562
0.10727403744923687
0.11829087000473673
0.118471710175958
0.11633683011827849
0.10947820726711067
0.10569202499276036
0.1406280038661871
0.11924905462810038
0.09352065014562407
0.10525954837517201
0.11808551991717049
0.10255561855747353
0.10579632089926103
0.13480694564123769
0.10497316637385927
0.13370498816456725
0.11565926831519244
0.10237443070741621
0.10796792480633659
0.10175743911532142
0.13422133964321245
0.12061232274752065
0.11829087000473675
0.13217052786296504
0.1303307954618588
0.10556162535702798
0.15565374381058264
0.10167721010090262
0.11620270255109547
0.10569202505949958
0.10880676101492068
0.12421353116890912
0.09549782572011706
0.09050511979402967
0.1204596815996492
0.09872731187053695
0.10463991930928968
0.11041890055324496
0.11338249665119891
0.10597192516144867
0.10250670156920418
0.11808551991717049
0.10341453285206838
0.14150218952559385
0.1093342051560102
0.12362829308418968
0.13071065096359527
0.09498702263103315
0.11877888551559225
0.09786162135854413
0.14725322555549406
0.14062800386618712
0.14725322578224548
0.10485936808767443
0.15440458094103873
0.09377005935456809
0.0953652308491988
0.09504860211672482
0.1275749241174931
0.09377005935456809
0.10180761646428972
0.11877888483559268
0.11924905192421527
0.13071065101631688
0.11535680583241456
0.10485936745169654
0.09536522814531369
0.12757492631360112
0.09504860188424617
0.09504860188424617
0.09377005937473115
0.09536522839713794
0.09377005937473115
0.16215738503537971
0.127574923609716
0.14503984380377413
0.11924077054216917
0.10947820456338771
0.11660746051801651
0.1132702269379661
0.13561675916636676
0.1137537847451161
0.12240560369801265
0.12082436865518886
0.11288550313940471
0.1715082978251668
0.12918074962967988
0.1389159106179475
0.13226197259183833
0.12240560369801265
0.11620270258977922
0.1048593707913974
0.11535680583241456
0.1192490549846354
0.10180761914824765
0.13071065096359533
0.10708982288733038
0.10175743859271927
0.1372363849086922
0.12082437126449372
0.12082437135891183
0.10708982337043262
0.09498702533491826
0.12411895348926677
0.09664161006375999
0.12732640418726776
0.11346428049377788
0.11830607998170964
0.13215062233682542
0.15337969880162058
0.12831689939368393
0.12565918143110738
0.10341453234429125
0.10525954567128688
0.10597192518121372
0.10180761644452467
0.09786162179464207
0.12757492682137822
0.12362829250964319
0.15440458043326163
0.13185761817912134
0.09872730855004096
0.12052118403024768
0.1023129125099821
0.12082436865518886
0.11535680583241456
0.1077249803377486
0.10463991660540456
0.11346428266714693
0.10525954575782133
0.13071065096359533
0.323579132466222
0.12421353116890912
0.12061232235010648
0.09377005935456809
0.12421353077643492
0.11924077054216917
0.10597192516144867
0.12732640423998934
0.10068405515988695
0.14119757500230828
0.323579132466222
0.14019024468292804
0.12326980828667282
0.1337049881983801
0.12630758836760397
0.12732640418726776
0.11327022602664967
0.11924077048944759
0.0988251357499912
0.3230064063650374
0.14150218952559385
0.3230064063650374
0.13217052804090115
0.12212419682012851
0.09352064744173895
0.13167617099013562
0.10525954567128688
0.113743718321549
0.10569202769664549
0.10772497935177908
0.13561675916636676
0.11924905192421527
0.1372363849086922
0.10695884760108099
0.12124893737341899
0.09504860188424617
0.12732640418726776
0.09309663741776929
0.1204596815996492
0.14119757444674957
0.14062800386618712
0.1389159106179475
0.10321163056733092
0.118471710175958
0.13217052786296504
0.13167617043373933
0.33700148043691897
0.12630758818966786
0.14855064523737185
0.13422134231328478
0.14019024473564962
0.13167617099013562
0.11288550593754579
0.13891591117434376
0.14694834310944208
0.33700148043691897
0.11877888249072219
0.3230064063650374
0.1360160214477779
0.12916873252768632
0.323579132466222
0.1398077847148336
0.32962542141657286
0.12968650083001265
0.1246562227725027
0.3230064063650374
0.1318576182845645
0.10250670156920418
0.11924077054216917
0.09416422856807928
0.10695885030496612
0.10579632089926103
0.1211671184024158
0.1356167592607849
0.13167617043373933
0.1459920446542346
0.10947820396693991
0.11565926794546592
0.11633682704485919
0.1372363849086922
0.13561676196467
0.1356167592607849
0.1184717109219143
0.13891591117434376
0.1093342057722532
0.14119757500230828
0.11829087013789111
0.11847171092191429
0.12732640423998934
0.11565926794546592
0.12124893737341899
0.13480694554761338
0.12045968048053893
0.13217052804090115
0.12082436856077075
0.09498702263103315
0.12082436865518886
0.10708982288733036
0.1372363876125773
0.10175743911532142
0.10175743859271925
0.11535680583241456
0.09498702533491826
0.13071065096359533
0.1048593707913974
0.1192490549846354
0.11877888317072174
0.11620270258977922
0.12362829578791268
0.12124893737341899
0.33700148043691897
0.12052118442766184
0.12753173813230873
0.09670115698128975
0.1318576182845645
0.1389159106179475
0.1017684647512658
0.13167617043373933
0.11494127389671638
0.32962542141657286
0.11552346280148472
0.323579132466222
0.13215062244226858
0.12465622327456254
0.3230064063650374
0.1360160214477779
0.33700148043691897
0.12916873252768632
0.12916873158186246
0.3230064063650374
0.13071065101631688
0.0953652308491988
0.11535680583241456
0.10180761916801269
0.11924905462810038
0.11620270255109547
0.11877888249072219
0.323579132466222
0.1548087852069384
0.323579132466222
0.15669258344242767
0.16234012732123732
0.3108636715517402
0.3108636715517402
0.15337969930448786
0.11924077048944759
0.07578719215986168
0.13185761817912134
0.09922048510818565
0.1069588500098927
0.12116711850785895
0.10579632088521321
0.12362829521336618
0.15337969880162058
0.11633682704485919
0.1318576182845645
0.1163368274145555
0.138922316916489
0.13033079520550805
0.14599204428453827
0.10772497935177908
0.13226197259183833
0.12082436856077075
0.11371135406289377
0.14019024473564962
0.14725322555549406
0.14119757444674957
0.13033079520550805
0.1132702269379661
0.12421353077643492
0.14725322578224548
0.13071065101631688
0.11808552055319214
0.10597192518121372
0.14150218952559385
0.14599204428453827
0.1093342051560102
0.13561675916636676
0.14599204698842344
0.13561676187025187
0.11565926831519244
0.1093342051560102
0.12052118403024768
0.1016895280508297
0.12124893737341899
0.13143201869292964
0.10176846504100126
0.13601602139505634
0.11552346241811831
0.07578719223154086
0.10525954575782133
0.10933420577225318
0.09352064744173895
0.11808552055319214
0.11924905228075028
0.14062800451621285
0.09504860211672482
0.09498702283094332
0.09536523110102305
0.12630758836760397
0.10168952825073989
0.13167617099013562
0.1137113567667789
0.11288550584312766
0.13980778527042242
0.11877888317072174
0.09498702553482843
0.15480878531238154
0.10250670209180635
0.0954978260837284
0.094164225341724
0.08672739531896605
0.10497316366997414
0.10180761644452467
0.12757492682137822
0.09549782337984326
0.10880676371864365
0.15669258293956043
0.113382499910275
0.10708982337043262
0.12411895300044723
0.11041890055324496
0.09967463270361138
0.10485936745169654
0.10341453285206836
0.12565918143110738
0.09922048243130398
0.11094695266735925
0.09664161260710287
0.10569202505949958
0.15565374381058264
0.10497316637385927
0.10880676101492068
0.13422133964321245
0.10237443070741621
0.15440458043326163
0.0967011541908702
0.1187165865096402
0.12245503502257597
0.11620270255109547
0.11565926831519244
0.10579632089926103
0.10175743911532142
0.11094695273332121
0.10321163116461632
0.10255561896669997
0.11367261627538063
0.10484302795773837
0.12968649977074911
0.1166074605180165
0.10597192518121372
0.12916873392673295
0.12045968048053893
0.12465622277250268
0.1450398438973848
0.13480694564123766
0.13692556908913692
0.1450398438973848
0.13692556908913692
0.10167721010090262
0.13370498816456725
0.10255561855747353
0.10796792480633659
0.10068405475063036
0.13480694564123769
0.1069588500098927
0.10579632088521321
0.11367261627538061
0.09416422804544697
0.14694833952686925
0.10382047507239135
0.10250670209180635
0.11494127068999414
0.0905051191975517
0.14458331738446897
0.11924077048944759
0.118471710175958
0.12212419682012851
0.11327022602664967
0.0988251357499912
0.15337969880162058
0.11346428049377788
0.12411895348926677
0.11830607998170964
0.12245503231869086
0.12732640418726776
0.09922048510818565
0.09882513556833362
0.13692556886238547
0.10074064878232519
0.0988251357499912
0.13692556908913692
0.09664161006375999
0.10772498304147157
0.10237443001868655
0.13892232044023642
0.09967463270361138
0.14019024468292804
0.10843690368818149
0.12362829250964319
0.13185761817912134
0.07578718945597655
0.12116711850785895
0.11375378485888987
0.11633683011827849
0.10382047568900223
0.12918074976282065
0.0992204824044627
0.13212671483534297
0.10231291521386723
0.08672739481118892
0.09360972560158792
0.1187165838057551
0.09309663741776929
0.11375378485888987
0.12630758818966786
0.11660746161736177
0.1715082978251668
0.11924077048944759
0.1450398438973848
0.09360972541572557
0.12362829521336618
0.10525954837517201
0.10341453234429125
0.09786162179464208
0.10250669938792122
0.10597192518121372
0.1321267158459874
0.12565918143110738
0.10727403797186921
0.12061232235010648
0.14314573129734676
0.10484302795773837
0.11336317688226168
0.113743718321549
0.09786162179464207
0.11336317697667979
0.09872730855004096
0.1388626970288019
0.17150829782516683
0.10727403744923687
0.12753173813230873
0.12240560259785999
0.10074064878232519
0.11552346241811831
0.13143201869292964
0.12052118403024768
0.10176846504100126
0.09670115689475531
0.12124893737341899
0.12918074976282068
0.10556162433155852
0.10947820396693991
0.12240560259786
0.11327022602664967
0.1450398438973848
0.1016895280508297
0.12116711850785895
0.0923985686351033
0.12326980828667282
0.1388626943250789
0.14458331468058383
0.1246562227725027
0.15480878531238154
0.0966416099033799
0.09967463270361138
0.12178416020117569
0.12178415749745272
0.10484302795773837
0.094164225341724
0.10484302795773837
0.08672739531896605
0.09967463270361138
0.10880676101492068
0.09309663734609011
0.1187165860067729
0.11041890055324496
0.08672739261524309
0.1360160237399269
0.07578718952765573
0.13212671854971036
0.13215062233682542
0.12831690209756907
0.15480878531238154
0.09360972541572556
0.11829087000473673
0.09050511979402967
0.10168952534710675
0.09664161276748294
0.16215738503537971
0.09377005937473115
0.12757492631360112
0.09536522839713794
0.15440458313714678
0.09504860188424617
0.09309663741776929
0.13217052786296504
0.1204596815996492
0.12124893737341899
0.12732640184239724
0.13480694564123766
0.09504860188424617
0.1187165865096402
0.10068405475063036
0.11094695273332121
0.0967011541908702
0.12245503502257597
0.10068405475063036
0.15440458043326163
0.11094695273332122
0.13212671753906596
0.12421352882403863
0.11338249935508403
0.11552346241811831
0.15337969880162056
0.10167721280462558
0.16215738773926489
0.11620270255109547
0.15440458313714678
0.09360972560158792
0.10556162535702798
0.10463991660540456
0.10176846233727829
0.1183060826854326
0.10796792480633659
0.09536523110102305
0.10175743911532142
0.12245503231869086
0.10880676371864365
0.1459920446542346
0.12052118442766184
0.13892231773635128
0.12178415749745272
0.13143201578913438
0.1217841570662948
0.10525954567128688
0.11371135320350144
0.10463991612940872
0.09239857133898843
0.12630758818966786
0.11808551991717049
0.12326980868329314
0.10556162433155854
0.09882513556833362
0.12421353116890912
0.1303307954618588
0.12061232274752065
0.10556162535702798
0.10068405475063036
0.13217052786296504
0.1163368274145555
0.11808551991717049
0.10947820456338771
0.10727403744923689
0.118471710175958
0.13480694564123769
0.11829087000473675
0.13185761817912134
0.11371135590738655
0.12753173807958718
0.11336317968040277
0.11494127339387926
0.12916873158186246
0.13215062233682542
0.09922048513502695
0.1077249803377486
0.14599204735811977
0.11374371981038578
0.1072740379718692
0.10695884730600758
0.10321163116461632
0.0930966373460901
0.1070898233704326
0.10180761914824765
0.14019024468292804
0.13143201849301947
0.14855064523737185
0.11336317958598463
0.14694834223075443
0.1296864997707491
0.13601602139505634
0.1048593701554195
0.15669258293956043
0.09416422804544697
0.1023129125099821
0.1303307954618588
0.09872730916665184
0.13143201598904455
0.11346428319766301
0.13370498816456725
0.09377005937473115
0.11565926831519242
0.09670115689475531
0.10569202776338468
0.1342213423470976
0.11336317968040277
0.11336317697667979
0.13143201869292964
0.13143201598904455
0.12240560369801265
0.1048593707913974
0.1072740379718692
0.10556162535702798
0.12968650083001265
0.11808552055319214
0.12240560369801265
0.12968650083001265
0.10556162535702798
0.10727403797186921
0.10485936808767443
0.11808552055319214
0.14503984380377413
0.14503984380377413
0.13480694554761338
0.13480694554761338
0.13886269498913362
0.15669258344242767
0.11336317958598463
0.0923985686351033
0.14694834040555693
0.1137113567667789
0.09664161006375999
0.10074064878232519
0.09922048510818565
0.0988251357499912
0.12465622327456254
0.1132702269379661
0.12916873252768632
0.11847171092191429
0.13692556886238547
0.13886269769285664
0.14694834310944208
0.09239857133898843
0.11336317688226168
0.1566925834424277
0.11371135406289377
0.1132702269379661
0.12465622327456254
0.1184717109219143
0.1291687348725568
0.10074064878232519
0.09664161276748294
0.0988251357499912
0.0992204824044627
0.13692556886238547
0.1445833149411092
0.14458331764499435
0.11494127389671638
0.11494127119283125
0.09882513556833362
0.09882513556833362
0.1017684647512658
0.1360160214477779
0.10556162433155854
0.13143201849301947
0.13422133960939964
0.13033079520550805
0.10168952825073989
0.10796792471191846
0.11829087013789111
0.1337049881983801
0.12124893737341899
0.10175743859271925
0.13217052804090115
0.11565926794546592
0.13480694554761338
0.1548087852069384
0.11830607950649105
0.13215062244226858
0.11346427996326182
0.0966416099033799
0.12732640423998934
0.09670115698128975
0.12245503568582336
0.10068405515988695
0.09670115427740465
0.10068405515988695
0.11094695266735925
0.12245503298193824
0.10176846204754285
0.13422134231328478
0.13143201578913438
0.10556162433155852
0.1360160237926485
0.13033079520550805
0.10175743859271927
0.12124893737341899
0.11565926794546592
0.13217052804090115
0.10796792471191846
0.10168952554701692
0.1337049881983801
0.11829087013789111
0.13480694554761338
0.12245503298193824
0.09670115427740465
0.09670115698128975
0.10068405515988695
0.11094695266735925
0.10068405515988695
0.11830608221021403
0.1548087852069384
0.11346428266714693
0.13215062244226858
0.12732640189511882
0.09664161260710287
0.12245503568582336
0.0953652308491988
0.09536522814531369
0.09377005935456809
0.09377005935456809
0.09504860211672482
0.09504860211672482
0.15440458094103873
0.15440458364492388
0.10484302844081043
0.14019024473564962
0.1217841570662948
0.10727403744923687
0.09416422586435633
0.14599204428453827
0.12918074962967988
0.10484302844081043
0.11633682704485919
0.10321163056733092
0.1715082978251668
0.09967463227242328
0.12630758836760397
0.10708982288733038
0.14503984380377413
0.1211671184024158
0.09416422856807928
0.1318576182845645
0.10695885030496612
0.09922048513502695
0.11924077054216917
0.09786162135854413
0.10880676414983179
0.10525954575782133
0.10180761646428972
0.10597192516144867
0.12565918143110738
0.10250670156920418
0.11552346280148472
0.1088067614461088
0.12421353077643492
0.10569202499276036
0.101677210167274
0.11620270258977922
0.15337969930448786
0.15440458094103873
0.09360972541572556
0.08672739210746597
0.1023129125099821
0.09309663741776929
0.09309663734609011
0.09360972560158792
0.1187165860067729
0.13212671753906596
0.16215738503537971
0.10484302844081043
0.09416422856807928
0.10727403744923689
0.12178415977001775
0.14019024473564962
0.14599204698842344
0.09967463227242328
0.17150829782516683
0.10708982288733036
0.12630758836760397
0.10484302844081043
0.12918074962967988
0.10321163056733092
0.11633682974858214
0.14503984380377413
0.1088067614461088
0.09786162135854413
0.10180761916801269
0.10525954846170646
0.12565918143110738
0.10597192516144867
0.09416422586435633
0.12116711840241579
0.10695884760108099
0.1318576182845645
0.11924077054216917
0.09922048243130398
0.10250669886531906
0.08672739481118892
0.09360972541572557
0.09309663741776929
0.10231291521386723
0.09360972560158792
0.0930966373460901
0.13212671483534297
0.11871658330288778
0.10880676414983179
0.11552346280148473
0.10569202769664549
0.12421352843156441
0.11620270258977922
0.10167721287099696
0.15440458364492388
0.15337969930448783
0.16215738773926489
0.09967463227242328
0.09967463227242328
0.10772497935177908
0.10772498205550207
0.1137537847451161
0.1137537847451161
0.12362829578791268
0.12362829308418968
0.1321267158459874
0.13212671854971036
0.11374371981038578
0.14855064523737185
0.12178415749745272
0.14314573129734676
0.10497316330555537
0.138922316916489
0.10947820456338771
0.11660746161736177
0.10947820396693991
0.11367261707412876
0.12753173807958718
0.10341453234429125
0.12326980828667282
0.11041890049219279
0.13692556886238547
0.12326980868329314
0.10382047568900223
0.12753173813230873
0.11367261707412876
0.13692556908913692
0.12212419682012851
0.09872730916665184
0.11338249935508403
0.10463991660540456
0.09549782301623193
0.1204596815996492
0.11094695273332121
0.09050511979402967
0.12052118442766184
0.10237443001868655
0.12061232235010648
0.1049731660094405
0.10255561896669997
0.10579632088521321
0.12411895300044723
0.1187165860067729
0.10463991612940872
0.07578718945597655
0.09872730855004096
0.11041890049219279
0.12045968048053893
0.0905051191975517
0.11094695266735925
0.12831690209756907
0.12757492682137822
0.12061232274752065
0.08672739481118892
0.12052118403024768
0.09549782572011706
0.10255561855747353
0.12411895348926677
0.10579632089926103
0.12757492631360112
0.15565374381058264
0.1187165865096402
0.1217841570662948
0.10843690368818149
0.113743718321549
0.13892231962037419
0.1166074605180165
0.10382047507239135
0.10341453285206836
0.07578718952765573
0.08672739531896605
0.113382499910275
0.10237443070741621
0.11374372251410875
0.1049731660094405
0.1431457340012319
0.12178416020117569
0.14855064523737185
0.13892231962037419
0.10341453234429125
0.12753173807958718
0.11041890049219279
0.12326980594180231
0.11660746161736175
0.10947820726711067
0.11367261707412876
0.10947820667066288
0.13692556886238547
0.11338249665119891
0.09872731187053695
0.09549782572011706
0.10463991930928968
0.11094695273332122
0.1204596815996492
0.10382047568900221
0.12326980633842263
0.11367261707412876
0.12753173813230873
0.12212419682012851
0.13692556908913692
0.09050511979402967
0.07578719215986168
0.10463991883329384
0.11041890049219279
0.09872731125392607
0.09050511919755169
0.12045968048053893
0.12831689939368393
0.11094695266735925
0.10237442731496357
0.12052118442766184
0.10497316330555537
0.1206123223501065
0.10579632323008371
0.102555616262977
0.11871658330288778
0.12411895300044723
0.1275749241174931
0.10843690368818149
0.12178415977001775
0.138922316916489
0.11374372102527196
0.10382047507239135
0.11660746051801651
0.07578719223154086
0.10341453285206838
0.11338249720638989
0.08672739261524309
0.08672739210746597
0.12061232274752066
0.09549782301623193
0.12052118403024768
0.12411895348926677
0.10255561585375057
0.127574923609716
0.10579632324413153
0.1187165838057551
0.15565374381058264
0.10237442800369324
0.13892231773635128
0.13892232044023642
0.14314573129734676
0.1431457340012319
0.11367261627538063
0.11367261627538061
0.11041890055324496
0.11041890055324496
0.0954978260837284
0.09549782337984326
0.10497316637385927
0.10497316366997414
