0.3101546775616685
0.3425834456907325
0.24189215733883268
0.24189215733883268
0.34258344464656587
0.24120670711539868
0.24120670711539868
0.33035492045679377
0.24120670709606704
0.34258344464656587
0.3303549204567937
0.24120670711539868
0.3425834456907325
0.24120670709606704
0.24189215765839583
0.3425834456907325
0.43567733914247264
0.3303549204567937
0.3101546775616685
0.24189215733883268
0.46701125133206445
0.43567733914247264
0.34258344464656587
0.3101546775616685
0.33035492045679377
0.4670112502878978
0.24189215733883268
0.4356773389578914
0.46701125133206445
0.31015467779778083
0.4357116405484524
0.4356773389578914
0.43567733914247264
0.46701125133206445
0.3303549204567937
0.24189215765839583
0.31015467779778083
0.4670112502878978
0.4356773389578914
0.43571164067914603
0.4670112502878978
0.43567733914247264
0.24189215765839583
0.33035492045679377
0.24120670711539868
0.4357116405484524
0.24189215765839583
0.46701125133206445
0.31015467779778083
0.4356773389578914
0.3303549204567937
0.46701125133206445
0.24120670709606704
0.3425834456907325
0.24189215733883268
0.24189215765839583
0.43571164067914603
0.31015467779778083
0.4670112502878978
0.33035492045679377
0.4356773389578914
0.24120670709606704
0.4670112502878978
0.24189215733883268
0.34258344464656587
0.3101546775616685
0.46701125133206445
0.24120670709606704
0.3303549204567937
0.24189215765839583
0.31015467779778083
0.3425834456907325
0.4357116405484524
0.24120670711539868
0.3303549204567937
0.3101546775616685
0.3425834456907325
0.43567733914247264
0.24120670709606704
0.4670112502878978
0.24189215765839583
0.33035492045679377
0.34258344464656587
0.31015467779778083
0.24120670711539868
0.43571164067914603
0.3101546775616685
0.33035492045679377
0.43567733914247264
0.34258344464656587
0.4356773389578914
0.4356773389578914
0.33035492045679377
0.43567733914247264
0.4670112502878978
0.43571164067914603
0.3101546775616685
0.31015467779778083
0.34258344464656587
0.24120670709606704
0.34258344464656587
0.24120670711539868
0.33035492045679377
0.24189215733883268
0.4670112502878978
0.3303549204567937
0.4356773389578914
0.46701125133206445
0.43567733914247264
0.3101546775616685
0.4357116405484524
0.3425834456907325
0.31015467779778083
0.3425834456907325
0.24120670709606704
0.3303549204567937
0.24120670711539868
0.46701125133206445
0.24189215733883268
0.24189215765839583
