0.06410818001457876
0.06410818001457876
0.06538000245506173
0.06538000245506173
0.05380693284647814
0.06746865148148642
0.05434611559575975
0.06538000245506173
0.12673964080418823
0.06746865148148642
0.05380693284647813
0.12673964080418823
0.06538000245506173
0.054346115595759754
0.06746865148148642
0.06746865148148642
0.05434611545138129
0.05434611545138129
0.06538000281352042
0.06538000281352042
0.0800378243841173
0.12673964080418823
0.06028689315411026
0.06410818001457876
0.0800378243841173
0.05380693284647813
0.06538000245506173
0.06028689315411026
0.054346115595759754
0.06410818001457876
0.11615804726534827
0.08719258613027547
0.11615804726534827
0.07012276077647583
0.06329734855511022
0.0800378243841173
0.0800378243841173
0.06410818001457876
0.06028689315411026
0.12673964080418823
0.05380693284647814
0.08719258613027547
0.11615804726534827
0.07012276077647583
0.11615804726534827
0.06028689315411026
0.06538000245506173
0.06410818001457876
0.05434611559575975
0.06329734855511022
0.10622036085113103
0.10622036085113103
0.07249566135206034
0.07249566135206034
0.09237005273192912
0.09237005273192912
0.0867330461318234
0.11620638699872632
0.06107347466457223
0.09237005273192912
0.08003782402761238
0.07592071628170739
0.08719258613027547
0.07249566125764222
0.07592071641484817
0.10622036085113103
0.13791055232379676
0.07012276075671078
0.11620638699872632
0.0871925859971347
0.09237005275169417
0.11615804726534827
0.07249566125764222
0.10806771902674564
0.07249566135206034
0.06028689315411026
0.13791055232379676
0.09237005275169417
0.06410818023063641
0.061073474570961545
0.06028689363718238
0.09237005275169417
0.06329734855511022
0.06028689363718238
0.0867330461318234
0.08003782402761238
0.09237005273192912
0.06107347466457223
0.11620638699872632
0.07592071628170739
0.07012276075671078
0.13791055232379676
0.0871925859971347
0.11620638699872632
0.07249566125764222
0.08719258613027547
0.10622036085113103
0.07592071641484817
0.09237005275169417
0.06410818023063641
0.09237005275169417
0.06028689363718238
0.061073474570961545
0.06329734855511022
0.09237005275169417
0.07249566125764222
0.11615804726534827
0.07249566135206034
0.10806771902674564
0.13791055232379676
0.06028689315411026
0.06028689363718238
0.07012276075671078
0.07012276075671078
0.07592071628170739
0.07592071628170739
0.08719258613027547
0.08719258613027547
0.05434611545138129
0.05434611545138129
0.061073474570961545
0.11620638699872632
0.06329734855511022
0.06107347466457223
0.06410818023063641
0.07012276075671078
0.07592071628170739
0.06028689363718238
0.0871925859971347
0.08003782402761238
0.10806771902674564
0.05434611545138129
0.11615804726534827
0.05380693282671309
0.06028689363718238
0.11620638699872632
0.09237005275169417
0.13791055232379676
0.0867330461318234
0.09237005273192912
0.13791055232379676
0.07592071641484817
0.06538000281352042
0.07012276077647583
0.05380693282671309
0.0871925859971347
0.054346115595759754
0.0871925859971347
0.11620638699872632
0.06410818023063641
0.11620638699872632
0.08003782402761238
0.10622036085113103
0.11615804726534827
0.11615804726534827
0.06538000281352042
0.06107347466457223
0.06329734855511022
0.09237005273192912
0.06107347466457223
0.09237005273192912
0.06028689315411026
0.06329734855511022
0.05434611559575975
0.06538000245506173
0.061073474570961545
0.06410818023063641
0.06107347466457223
0.06329734855511022
0.11620638699872632
0.07012276075671078
0.05434611545138129
0.10806771902674564
0.05380693282671309
0.11615804726534827
0.06028689363718238
0.07592071628170739
0.08003782402761238
0.0871925859971347
0.06028689363718238
0.06538000281352042
0.07592071641484817
0.05380693282671309
0.07012276077647583
0.05434611559575975
0.0871925859971347
0.09237005275169417
0.11620638699872632
0.0867330461318234
0.13791055232379676
0.13791055232379676
0.09237005273192912
0.0871925859971347
0.06329734855511022
0.06107347466457223
0.06107347466457223
0.09237005273192912
0.06028689315411026
0.09237005273192912
0.054346115595759754
0.06329734855511022
0.06410818023063641
0.11620638699872632
0.08003782402761238
0.11620638699872632
0.11615804726534827
0.10622036085113103
0.06538000281352042
0.11615804726534827
0.06538000245506173
0.061073474570961545
0.061073474570961545
0.0867330461318234
0.0867330461318234
0.07249566135206034
0.07249566135206034
0.07012276077647583
0.07012276077647583
0.06410818001457876
0.06410818001457876
0.07012276077647583
0.11615804726534827
0.054346115595759754
0.06329734855511022
0.06538000281352042
0.05434611545138129
0.07012276075671078
0.05380693282671309
0.05380693282671309
0.06410818023063641
0.11615804726534827
0.06746865148148642
0.12673964080418823
0.06538000281352042
0.06410818023063641
0.11620638699872632
0.07592071641484817
0.10806771902674564
0.061073474570961545
0.06107347466457223
0.11620638699872632
0.08719258613027547
0.06746865148148642
0.05380693284647813
0.05434611545138129
0.07012276075671078
0.06538000245506173
0.07592071628170739
0.13791055232379676
0.05380693282671309
0.10806771902674564
0.06028689363718238
0.07249566125764222
0.11615804726534827
0.10806771902674564
0.05434611545138129
0.0867330461318234
0.07012276077647583
0.07249566135206034
0.061073474570961545
0.0867330461318234
0.0800378243841173
0.061073474570961545
0.05380693284647814
0.05380693284647813
0.11620638699872632
0.06538000281352042
0.11615804726534827
0.06410818023063641
0.08003782402761238
0.12673964080418823
0.11620638699872632
0.06746865148148642
0.12673964080418823
0.06410818001457876
0.09237005275169417
0.07592071641484817
0.07249566125764222
0.09237005275169417
0.07249566125764222
0.10622036085113103
0.07592071641484817
0.08719258613027547
0.06028689315411026
0.0800378243841173
0.0800378243841173
0.07012276077647583
0.06538000281352042
0.06329734855511022
0.05434611559575975
0.11615804726534827
0.05434611545138129
0.06746865148148642
0.11615804726534827
0.06538000281352042
0.12673964080418823
0.05380693282671309
0.07012276075671078
0.06410818023063641
0.05380693282671309
0.06410818023063641
0.06746865148148642
0.08719258613027547
0.05434611545138129
0.05380693284647814
0.06538000245506173
0.07012276075671078
0.07592071641484817
0.11620638699872632
0.061073474570961545
0.10806771902674564
0.11620638699872632
0.06107347466457223
0.07592071628170739
0.07012276077647583
0.0867330461318234
0.061073474570961545
0.07249566135206034
0.0800378243841173
0.0867330461318234
0.05380693284647813
0.061073474570961545
0.05380693282671309
0.13791055232379676
0.06028689363718238
0.10806771902674564
0.11615804726534827
0.07249566125764222
0.05434611545138129
0.10806771902674564
0.05380693284647814
0.07592071641484817
0.09237005275169417
0.09237005275169417
0.07249566125764222
0.10622036085113103
0.07249566125764222
0.08719258613027547
0.07592071641484817
0.0800378243841173
0.06028689315411026
0.06538000281352042
0.11620638699872632
0.06410818023063641
0.11615804726534827
0.12673964080418823
0.08003782402761238
0.06746865148148642
0.11620638699872632
0.06410818001457876
0.12673964080418823
0.0800378243841173
0.0871925859971347
0.0871925859971347
0.06028689363718238
0.06028689363718238
0.08003782402761238
0.08003782402761238
0.07592071628170739
0.07592071628170739
0.07249566135206034
0.07249566135206034
0.10622036085113103
0.10622036085113103
0.07249566135206034
0.10622036085113103
0.06028689315411026
0.09237005273192912
0.11615804726534827
0.08719258613027547
0.07592071628170739
0.10806771902674564
0.07592071641484817
0.11620638699872632
0.07249566135206034
0.05380693284647814
0.0800378243841173
0.07012276077647583
0.061073474570961545
0.08003782402761238
0.07249566125764222
0.07249566125764222
0.0867330461318234
0.06107347466457223
0.0867330461318234
0.10622036085113103
0.12673964080418823
0.0800378243841173
0.11615804726534827
0.11620638699872632
0.06410818001457876
0.08003782402761238
0.0871925859971347
0.05380693282671309
0.07592071641484817
0.0871925859971347
0.07592071641484817
0.07012276077647583
0.05380693282671309
0.06538000281352042
0.08003782402761238
0.11615804726534827
0.10622036085113103
0.11620638699872632
0.11620638699872632
0.0800378243841173
0.06410818023063641
0.12673964080418823
0.06746865148148642
0.07592071628170739
0.05434611545138129
0.08719258613027547
0.07012276075671078
0.07592071628170739
0.05380693284647813
0.07012276075671078
0.06746865148148642
0.06746865148148642
0.06538000245506173
0.06028689363718238
0.10806771902674564
0.07249566125764222
0.13791055232379676
0.10806771902674564
0.07249566135206034
0.05380693282671309
0.11615804726534827
0.05434611559575975
0.12673964080418823
0.05380693284647814
0.09237005273192912
0.05434611559575975
0.06028689315411026
0.06329734855511022
0.06107347466457223
0.06410818001457876
0.06107347466457223
0.06538000245506173
0.054346115595759754
0.06410818001457876
0.06538000245506173
0.06028689315411026
0.0871925859971347
0.13791055232379676
0.09237005275169417
0.13791055232379676
0.11620638699872632
0.0867330461318234
0.07012276075671078
0.11620638699872632
0.07012276077647583
0.11615804726534827
0.08719258613027547
0.11615804726534827
0.09237005273192912
0.07249566135206034
0.11615804726534827
0.09237005273192912
0.06028689315411026
0.10622036085113103
0.08719258613027547
0.05380693284647813
0.07249566135206034
0.07012276077647583
0.0800378243841173
0.10806771902674564
0.07592071628170739
0.11620638699872632
0.07592071641484817
0.061073474570961545
0.12673964080418823
0.10622036085113103
0.11615804726534827
0.0800378243841173
0.06410818001457876
0.11620638699872632
0.07249566125764222
0.08003782402761238
0.0867330461318234
0.07249566125764222
0.0867330461318234
0.06107347466457223
0.08003782402761238
0.11615804726534827
0.08003782402761238
0.11620638699872632
0.10622036085113103
0.0800378243841173
0.11620638699872632
0.12673964080418823
0.06410818023063641
0.05380693282671309
0.0871925859971347
0.0871925859971347
0.07592071641484817
0.07012276077647583
0.07592071641484817
0.06538000281352042
0.05380693282671309
0.06746865148148642
0.10806771902674564
0.06028689363718238
0.13791055232379676
0.07249566125764222
0.07249566135206034
0.10806771902674564
0.11615804726534827
0.05380693282671309
0.12673964080418823
0.054346115595759754
0.05434611545138129
0.07592071628170739
0.07012276075671078
0.08719258613027547
0.05380693284647814
0.07592071628170739
0.06746865148148642
0.07012276075671078
0.06538000245506173
0.06746865148148642
0.05380693284647813
0.13791055232379676
0.0871925859971347
0.13791055232379676
0.09237005275169417
0.0867330461318234
0.11620638699872632
0.11620638699872632
0.07012276075671078
0.11615804726534827
0.07012276077647583
0.11615804726534827
0.08719258613027547
0.054346115595759754
0.09237005273192912
0.06329734855511022
0.06028689315411026
0.06410818001457876
0.06107347466457223
0.06538000245506173
0.06107347466457223
0.06410818001457876
0.05434611559575975
0.06028689315411026
0.06538000245506173
0.09237005273192912
0.06028689363718238
0.06028689363718238
0.09237005275169417
0.09237005275169417
0.061073474570961545
0.061073474570961545
0.06410818023063641
0.06410818023063641
0.06538000281352042
0.06538000281352042
0.05434611545138129
0.05434611545138129
0.06329734855511022
0.06329734855511022
