0.19533294883461744
0.09452682358282062
0.09568023966959911
0.08924645838135122
0.09267887559437606
0.09152545950759756
0.09152545950759756
0.08324267333645387
0.09568023966959911
0.09267887559437606
0.09452682358282062
0.04028739444187484
0.04028739444187484
0.03500702919001774
0.03728603067498225
0.03728603067498225
0.02900324376331456
0.04028739444187484
0.032004607530207146
0.02900324376331456
0.038223254861261435
0.041224618628154026
0.032004607530207146
0.03728603067498225
0.04028739444187484
0.032004607530207146
0.041224618628154026
0.032004607530207146
0.03500702919001774
0.04817098313988819
0.03728603067498225
0.04817098313988819
0.03728603067498225
0.038223254861261435
0.02900324376331456
0.02900324376331456
0.04028739444187484
0.03728603067498225
0.04028739444187484
0.03023592102054692
0.027234557253654333
0.027234557253654333
0.03023592102054692
0.03178841552658646
0.028787051759693875
0.027234557253654333
0.03178841552658646
0.03023592102054692
0.028787051759693875
0.047954791136267515
0.05594224329032732
0.027234557253654333
0.027234557253654333
0.047954791136267515
0.05894360705721991
0.028787051759693875
0.028787051759693875
0.05894360705721991
0.034790837186397056
0.03023592102054692
0.03178841552658646
0.05594224329032732
0.034790837186397056
0.03023592102054692
0.03178841552658646
0.03023592102054692
0.027234557253654333
0.029078352471704903
0.01135936330211502
0.03813370660006269
0.03813370660006269
0.030249998848180054
0.03996330424647454
0.01135936330211502
0.012911857808154563
0.020795565560037206
0.029078352471704903
0.020795565560037206
0.012911857808154563
0.030249998848180054
0.03813370660006269
0.039686201106102235
0.03996330424647454
0.012911857808154563
0.01135936330211502
0.020795565560037206
0.020795565560037206
0.029078352471704903
0.012911857808154563
0.030249998848180054
0.039686201106102235
0.03813370660006269
0.03207959649459189
0.03207959649459189
0.04151579875251408
0.046581149000271466
0.012911857808154563
0.012911857808154563
0.01135936330211502
0.020795565560037206
0.020795565560037206
0.030249998848180054
0.03207959649459189
0.020795565560037206
0.020795565560037206
0.01135936330211502
0.012911857808154563
0.012911857808154563
0.046581149000271466
0.039686201106102235
0.030249998848180054
0.030249998848180054
0.03996330424647454
0.04151579875251408
0.03207959649459189
0.012911857808154563
0.029078352471704903
0.020795565560037206
0.020795565560037206
0.01135936330211502
0.012911857808154563
0.03813370660006269
0.04151579875251408
0.03996330424647454
0.03207959649459189
0.012911857808154563
0.020795565560037206
0.029078352471704903
0.020795565560037206
0.012911857808154563
0.01135936330211502
0.03813370660006269
0.03207959649459189
0.03996330424647454
0.03996330424647454
0.01135936330211502
0.029078352471704903
0.011143171298494337
0.020795565560037206
0.020795565560037206
0.020795565560037206
0.020795565560037206
0.020795565560037206
0.011143171298494337
0.020795565560037206
0.02886216057120559
0.01942595746963803
0.01942595746963803
0.05631268542878662
0.02886216057120559
0.037144946742349284
0.03859369615607536
0.037144946742349284
0.03859369615607536
0.046876482327219055
0.08201806446491551
0.05631268542878662
0.054483087782374776
0.03676409850966352
0.03676409850966352
0.02886216057120559
0.08201806446491551
0.04504688468080721
0.037144946742349284
0.037144946742349284
0.054483087782374776
0.01942595746963803
0.01942595746963803
0.02886216057120559
0.012911857808154563
0.012911857808154563
0.012911857808154563
0.012911857808154563
0.012911857808154563
0.012911857808154563
0.012911857808154563
0.012911857808154563
0.04817098313988819
0.032004607530207146
0.032004607530207146
0.04972347764592774
0.04972347764592774
0.05389766504441325
0.04950740479929772
0.03355710203624669
0.032004607530207146
0.06567378040897878
0.0621621008735242
0.0621621008735242
0.04036238266573559
0.060332504804566776
0.021194643979298256
0.039686201106102235
0.022348060066076748
0.038532785019323744
0.06100868478674571
0.04151579875251408
0.049798584923657775
0.060332504804566776
0.021194643979298256
0.039686201106102235
0.022348060066076748
0.038532785019323744
0.06100868478674571
0.049798584923657775
0.04151579875251408
0.059179088717788285
0.059179088717788285
0.08926053620226938
0.05486343753928395
0.038532785019323744
0.038532785019323744
0.039686201106102235
0.039686201106102235
0.04036238266573559
0.038532785019323744
0.04151579875251408
0.04151579875251408
0.04036238266573559
0.04036238266573559
0.05486343753928395
0.09109013227122681
0.06100868478674571
0.06100868478674571
0.039686201106102235
0.04796898727724593
0.059179088717788285
0.04036238266573559
0.022348060066076748
0.04151579875251408
0.021194643979298256
0.0621621008735242
0.04796898727724593
0.039686201106102235
0.059179088717788285
0.04036238266573559
0.022348060066076748
0.04151579875251408
0.021194643979298256
0.0621621008735242
0.038532785019323744
0.060332504804566776
0.060332504804566776
