0.0111432
0.0111432
0.0113594
0.0113594
0.0113594
0.0113594
0.0113594
0.0113594
0.0113594
0.0113594
0.0129119
0.0129119
0.0129119
0.0129119
0.0129119
0.0129119
0.0129119
0.0129119
0.0129119
0.0129119
0.0129119
0.0129119
0.0129119
0.0129119
0.0129119
0.0129119
0.0129119
0.0129119
0.0129119
0.0129119
0.019426
0.019426
0.019426
0.019426
0.0207956
0.0207956
0.0207956
0.0207956
0.0207956
0.0207956
0.0207956
0.0207956
0.0207956
0.0207956
0.0207956
0.0207956
0.0207956
0.0207956
0.0207956
0.0207956
0.0207956
0.0207956
