0.9660689681486183
0.9660689647327025
0.8937148302151161
0.8937148336682834
1.0518637401257123
1.0518637401827338
0.9198804080974081
0.8432760704421205
0.9198804096369444
0.9660689647327025
0.8432760729376843
1.0874717824357647
0.8462560069907983
1.0482269014334815
0.8728047583198791
0.8603138240693429
1.0087892401477079
0.8430060614703694
0.8684027449556759
0.8951085433328413
0.906660667982323
0.9198804096369444
0.8462560041772157
1.0874717878839548
0.8728047551476186
1.0482269016417602
0.9198804080974081
0.8432760729376843
0.8432760704421205
0.9660689681486183
0.8603138204968009
0.8951085416021978
0.8684027386426095
0.8430060588922093
1.0087892415055952
0.9066606646618789
0.9690502205616939
0.9690502214811789
0.8313050409732095
0.831305044386313
0.9258672835511791
0.8896744533964647
0.8366010063420755
0.8560020917352027
1.05572557505614
0.8282028462734029
0.9258672872260825
1.055725576441084
0.8560020914696015
0.8366010087197415
0.8896744538563846
0.8282028510167898
0.8582344709919145
0.8582344669497
0.8543856385676063
0.8543856323301058
0.889463667927897
0.8895452809946001
0.8787078396540636
0.8936951717515444
0.8440880663841317
1.0150062561030033
0.8745478824556433
1.0285201261153225
0.8874681608730521
0.8606061884490634
1.02852012497294
0.8854450167856113
0.8784496245151444
0.8896744574722724
0.8936951719472854
0.9817579313148854
0.899119253100091
1.0583108289569791
0.8379329321693888
0.8482399770058076
0.9983837807892599
0.8981277975339101
0.8560020914696015
0.8953014242540093
0.8596116946199137
0.9742963210425064
1.501116062198271
0.9321145187041305
0.9668779190366649
0.8530657345377104
0.949210854023258
0.9752045782713927
0.8696692177797135
1.0024328486998941
0.8556182179762908
0.852442883671218
0.8807237284951582
0.8716425313818774
0.8604159569131418
0.9412095861860146
0.9086410162598678
0.8633144426851758
0.9498829473317976
1.0557255769663083
0.8791836100329348
0.8527173072159407
0.971237333407291
0.8667764079174549
0.8620012197711836
0.8951085409389561
0.8583051400421426
0.9929067150856226
0.8543856330682049
0.8838105032713315
0.8582344700256875
0.9619465450027838
0.9463234148763351
0.8414523643095857
0.870933847146493
0.8953014278849495
0.8993440162787988
0.9498829482846664
0.870933844218261
0.869987750468548
0.8709338455608677
1.0011391379365269
0.8556182182370479
0.9584783981989266
0.8696692202164911
1.03048394707798
0.8894636681286014
0.8745478817676327
1.0150062463416236
0.8874681576944901
1.028520125986986
0.8787078401981772
0.8895452817801606
0.8440880669712019
0.8936951746165019
0.8606061940397765
0.8896744560690731
0.8784496361275593
0.8854450144270625
1.0285201247775517
0.893695174862309
0.8807237254992917
0.8524428812639062
0.860415956058345
0.8716425362683358
0.8527173040262177
0.8951085388454115
0.8620012262525496
0.866776410599243
0.9712373311399194
0.8583051368221979
0.9412095924749139
1.0557255786133906
0.9498829482846664
0.8633144520295567
0.9086410169622512
0.8791836144179662
0.8543856388776458
0.9929067182374387
0.8582344738458871
0.8838105054665569
0.8991192515273965
0.9817579316378484
0.8379329326406655
1.058310824807147
0.9742963173081914
0.8530657392885889
0.9668779223663625
0.9321145234435048
1.501116061352191
0.9492108523852952
0.8482399691619009
0.8953014186746533
0.8560020917352027
0.8981277979394657
0.9983837829229121
0.8596116958989499
0.8696692251738392
0.9752045767619871
0.8556182198638704
1.0024328469188961
0.9619465410200672
0.8953014215810818
0.8709338455608677
0.841452362863244
0.9463234176070202
0.8993440164841072
0.8556182202752567
1.0011391364065583
0.8696692267703797
0.958478392732762
0.8709338448155883
0.9498829473317976
0.870933847146493
0.8699877495829049
1.03048395038329
0.8898916961360483
0.8898916955284324
0.9786729110335182
0.9786729097439496
1.024445148813238
0.876143238896101
0.8983224182151
0.8670742758166009
0.9414403997438417
1.0359241464651063
1.0244451476176226
0.9414403993460017
0.8670742725446468
0.8983224148388593
0.876143239969733
1.035924147585826
1.0192232548069915
1.0192232566430075
0.9113411022441277
0.911341102279162
0.8779741155503835
0.952188617504343
0.8699877519160932
0.8633144541574889
0.9003820677598742
1.0052363286025956
0.8456149442541333
0.8696692251738392
0.88606329788804
0.8830413495834146
0.9668779206031157
1.0192232548069915
0.9946849385908523
0.8983224137406001
0.9929067150856226
0.8779741071259175
0.9003820621441394
0.8633144451410106
0.8699877506722911
0.9521886184744511
1.0052363247075784
1.0192232566430075
0.9668779219680097
0.8983224167525372
0.9946849414455807
0.8696692177797135
0.845614941583481
0.8830413492074533
0.8860633006128256
0.9929067182374387
0.8366010079759074
0.8366010049466681
0.8981277960750925
0.8981277974501727
0.8620012231196315
0.8620012168533362
0.8667764079174549
0.8583051400421426
0.8604159569131418
0.8874681608730521
0.8951085409389561
0.9452938924811161
0.833732557281966
0.9366054921467349
0.9066606670277684
0.9230915535090126
0.9983837830919752
0.8430060583115309
0.827751251424631
0.8432760730564164
0.8728047570800823
0.971237333407291
0.852442883671218
1.0150062561030033
0.8527173072159407
0.8716425313818774
1.0285201261153225
0.8620012197711836
0.889463667927897
0.8807237284951582
0.8745478824556433
0.9617047094228635
1.5011160621354964
0.9752045782713927
0.9650654146197478
0.8745478829292439
0.9557244528733952
1.0024328473019155
0.8620012168533362
0.9752045800672189
0.8527173062931084
0.8697089259340848
0.860415955468521
0.8464190293197267
0.8963883463091283
0.8667596046954295
0.8761432370801417
0.8456149396891897
0.8667596028682037
1.0874717873829989
0.8427200502921679
0.8277512527753388
0.9521886178150164
0.8684027449556759
0.9230915549610125
0.8937148300600822
0.8623965028987298
0.88606329788804
0.8430060570261745
0.845614941956004
0.8603138184402017
0.9102437498687845
0.9414403995570612
0.8556182179762908
0.898758965798662
0.8787078411152565
0.8463317812389697
0.9113411034713844
0.9498829483649609
1.0192232546510351
0.9412095855737757
0.9946849406857058
0.8784496245151444
0.9668779190366649
0.8606061882959047
0.99290671648914
0.993282103963254
0.8524428841002896
1.0078971425399317
0.8697089253370432
0.8987589645104468
1.0274393229293723
0.8830413541250418
0.9102437502088468
0.9690502211446557
0.9182692737324678
0.9650654178662282
1.4997097057400883
0.9375367110787572
0.961704708985986
0.8462560076601469
0.9652801562132486
0.9946849385908523
0.8366010079759074
1.0227861478653644
0.9258672866274844
1.0286023940862008
1.4997097063731082
0.9584783979074871
1.0286023913896825
0.8991192535656075
0.9974889531763471
1.022786144687493
0.8709338448155883
0.9946849406857058
0.9619465408715728
1.7512045532307698
0.9668779206031157
1.7512045532307698
0.974296318805066
1.0011391379365269
0.8894636688288176
1.0078971430169228
0.866776408433264
0.871642530442638
0.9198804093826923
0.8464190290400377
0.9113411022441277
0.8560020920778845
0.8670742715902373
0.9258672831160566
1.0024328486998941
0.8684027454633653
0.9375367113630952
0.8603138225630832
0.8582344738458871
1.0227861478653644
0.856002093056716
0.932114518342527
0.8482399748700112
0.9498829494770863
0.9752045800672189
0.8929157499559581
1.0388683983014575
1.0603112066659535
0.8838105047412528
0.8552196838150099
0.9086410165398525
0.9929067189660467
1.0603112050934858
0.9712373288689816
0.9086410168157502
0.8952609823546027
0.9463234163803629
0.8582344709919145
1.0616667853356088
0.8583051386535973
0.879183613922611
0.8699877519160932
0.8620012231196315
0.9498829494770863
0.871642535341027
0.8929157518100117
0.9712373323030857
1.03048394707798
1.0388684052703212
0.8929157483382412
0.8552196896823433
0.8838105031797135
1.03048395038329
0.99290671648914
0.8929157457022939
0.9584783979074871
0.9929067150856226
1.0011391379365269
0.8552196878603457
1.03048394707798
0.8975246486843915
0.9003820619092479
0.8543856323301058
1.0616667860656666
0.9452938952274252
0.8795796053693781
0.8983224182151
0.9752045777759448
1.0192232572102502
0.9617047094381465
0.8981277975339101
0.8430060588922093
0.8366010087197415
0.9230915547744944
0.8620012262525496
0.8830413541250418
0.8582344700256875
0.8696692202164911
0.8952609810678193
0.9929067189660467
0.8620012197711836
0.9079309055736954
1.0078971425399317
0.8838105031797135
1.0603112066659535
0.8697089275250435
0.9786729110335182
0.8670742725446468
0.8556182202752567
0.9113411034713844
0.9102437530869706
0.9321145187041305
0.8456149442541333
1.022786144687493
0.8667596085969432
0.9498829482846664
0.9375367110787572
0.8543856388776458
1.0024328473019155
0.8975246535678725
0.8582344709919145
0.9752045782713927
0.8854450167856113
0.8684027384974377
0.885445017678266
0.8277512541776998
0.8784496361275593
0.8430060614703694
0.8430060583115309
0.866776410599243
0.8337325653217271
0.9452938952465143
0.9066606627836422
0.9366054963978552
0.860415956058345
0.8583051368221979
0.8951085388454115
0.8874681576944901
0.9230915563417446
0.8432760695500592
0.8277512541776998
0.8430060570261745
0.9983837851359697
0.8728047542166759
0.8604159554484229
0.8697089264415676
0.8963883442195815
0.846419029283975
0.8277512544001002
0.8937148265447483
0.9230915547744944
0.8684027386426095
0.9521886182341998
0.8623965014840976
0.8667596103768471
1.0874717822209787
0.8667596085969432
0.845614941956004
0.8761432378705876
0.8427200522538851
0.8430060583115309
0.8860633006128256
0.8603138225630832
0.8456149396891897
0.8524428812639062
0.9712373311399194
0.8527173040262177
1.0150062463416236
0.96170471032118
0.8745478815018097
0.9650654146653554
0.9752045767619871
1.5011160614149657
0.9557244490285819
0.8716425362683358
0.8807237254992917
0.8894636681286014
0.8620012262525496
1.028520125986986
0.8745478817676327
0.8620012231196315
1.0024328449427469
0.8527173015816876
0.9752045777759448
0.9102437510671729
0.878707840748409
0.8987589659846489
0.8556182198638704
0.9414404000867096
0.8463317817362047
0.8784496361275593
0.9946849440982619
0.8606061931721172
0.9668779223663625
0.9498829494770863
0.9113411032796916
0.94120959190842
1.0192232572102502
0.9929067189660467
1.0388684052703212
0.8929157457022939
0.8838105031797135
1.0603112050934858
0.8952609818049022
0.8583051420469182
1.0616667860656666
0.8582344669497
0.9463234175465618
0.8791836090436291
0.8552196896823433
0.9712373323030857
1.0603112066659535
0.99290671648914
0.9086410168157502
0.9086410165398525
0.8620012168533362
0.8699877506722911
0.871642530442638
0.9498829483649609
0.8975246546789062
0.9452938916239517
1.0616667853356088
0.8543856385676063
0.9003820662430674
0.8795796113492467
0.8430060614703694
0.8981277979394657
0.9230915549610125
0.8366010063420755
0.9752045800672189
0.8983224148388593
0.961704708985986
1.0192232546510351
0.8620012197711836
0.8929157483382412
0.8929157518100117
1.0388683983014575
1.03048395038329
0.9712373288689816
0.8552196838150099
0.9929067182374387
0.9584783928713851
0.855219681816316
1.0011391364065583
1.03048394707798
0.8838105047412528
0.8929157499559581
0.9929067189660467
1.03048395038329
0.8582344738458871
0.8830413531412084
0.895260980421526
0.8696692267703797
0.8620012262525496
0.99290671648914
0.8524428815513471
0.9932820993311651
0.8697089275250435
1.0078971483917634
0.965065417326538
0.8462560054685486
0.9617047094381465
0.9375367171259481
1.4997097079712671
0.9652801626390191
0.8987589643102696
0.9690502193231489
0.9102437530869706
0.8830413531412084
1.0274393252801024
0.9182692718008385
0.8366010049466681
0.9946849414455807
0.9258672831160566
1.0227861506603615
0.8894636682126865
0.9198804075382465
0.871642535341027
0.8667764118609912
1.0078971473119922
0.8464190280641521
0.8684027384974377
1.0024328469188961
0.8603138184402017
0.9375367177843826
0.856002093056716
0.911341102279162
0.9258672866274844
0.867074273917332
0.8582344700256875
1.0286023966856077
0.8991192516969151
1.0286023936909765
0.9584783928713851
1.4997097084329223
0.9974889476419868
0.9668779219680097
1.751204554045842
0.9742963144459009
1.751204554045842
0.870933844218261
1.0227861474910962
0.9619465364813147
0.9946849440982619
1.0011391364065583
0.8560020920778845
1.0227861506603615
0.8482399680745849
0.9321145232006609
0.9752045777759448
0.9498829483649609
0.9079309110553304
0.8697089253370432
1.0603112050934858
0.8838105047412528
1.0078971483917634
0.9786729097439496
0.845614941583481
0.9321145234435048
0.8667596028682037
1.0227861474910962
0.8556182182370479
0.8670742758166009
0.9102437502088468
0.9113411032796916
0.9498829473317976
0.8684027454633653
0.8854450144270625
0.827751251424631
0.8854450158420453
0.8430060588922093
0.8784496245151444
0.8543856330682049
0.9375367171259481
0.8975246476188821
1.0024328449427469
0.9752045767619871
0.8582344669497
0.8430060570261745
1.0388684041427518
1.0388683975235662
0.9079309055736954
0.9079309110553304
1.061666786367728
0.8895452793126989
0.8952609810678193
0.8975246476188821
0.9817579301542534
0.9078132587210648
1.0616667840075245
0.981757929773739
0.8975246535678725
0.895260980421526
0.8895452804006135
0.9078132617481046
0.8981277960750925
0.8981277974501727
0.8482399748700112
0.8482399680745849
1.0603112054294996
1.0150062526598238
0.8552196878603457
0.9079309051753323
0.8898916958611055
0.9776479081038794
0.885445017678266
0.8699877495829049
0.8606061882959047
0.8779741101907523
0.932114518342527
0.8983224137406001
0.974296318805066
1.0244451474287297
0.8696692202164911
1.06031120357407
0.8898916971238494
0.9079309106085449
0.855219681816316
1.0150062430384303
0.9776479086962369
0.8983224167525372
0.9321145232006609
1.024445149659615
0.9742963144459009
0.869987750468548
0.8854450158420453
0.8779741176698915
0.8606061931721172
0.8696692267703797
0.8670742715902373
0.867074273917332
1.0244451474287297
1.024445149659615
1.0192232572102502
1.0192232546510351
1.0388684041427518
0.993282103963254
1.0388684052703212
0.8929157499559581
0.8524428815513471
0.8898916961360483
0.8830413492074533
0.841452362863244
0.898758965798662
0.9619465364813147
0.9584783981989266
0.8633144541574889
1.0286023913896825
0.94120959190842
0.870933847146493
0.9375367113630952
0.8633144520295567
0.9650654146197478
0.8779741176698915
0.8366010087197415
0.9668779190366649
0.8838105032713315
0.8667764118609912
0.9079309051753323
0.8527173015816876
0.8556182198638704
0.8543856385676063
0.845614941956004
1.0388683975235662
0.8524428841002896
0.8929157457022939
1.0388683983014575
0.9932820993311651
0.8898916955284324
0.8633144451410106
0.958478392732762
0.9412095855737757
1.0286023936909765
0.8414523643095857
0.8830413495834146
0.9619465408715728
0.8987589659846489
0.8709338455608677
0.866776408433264
0.8838105054665569
0.8527173062931084
0.9079309106085449
0.8543856323301058
0.8556182179762908
0.8633144426851758
0.9375367177843826
0.8779741101907523
0.9650654146653554
0.9668779223663625
0.8366010063420755
0.8456149396891897
0.8667764079174549
0.866776410599243
0.889463667927897
0.8894636681286014
0.8560020917352027
0.8560020914696015
0.8684027449556759
0.8684027386426095
0.8684027449556759
0.8623965028987298
0.8963883463091283
0.9066606670277684
0.8937148300600822
1.0482269014334815
0.906660667982323
1.0087892401477079
1.0518637401257123
0.8623965052948964
1.048226901550155
0.8937148265447483
0.8684027454633653
0.9660689717133988
0.9660689677692472
0.9521886178150164
0.8697089259340848
0.9452938924811161
0.8277512527753388
0.8464190293197267
0.9366054921467349
0.9230915549610125
0.8667764079174549
0.860415955468521
0.833732557281966
0.9652801550558194
1.6711159176875556
0.9983837807892599
0.9375367113630952
0.8874681618470532
0.936605494844621
0.9375367110787572
0.8583051420469182
0.9452938916239517
0.866776408433264
0.8462560069907983
0.8951085433328413
0.8603138240693429
0.8937148336682834
0.8427200517362587
0.8427200523706364
0.8623965014840976
0.845614941583481
1.048226900209345
0.8623965022523734
0.8728047583198791
1.0874717824357647
0.9660689647327025
0.8430060614703694
1.0518637401827338
0.8937148302151161
0.8456149442541333
0.9066606627836422
0.8963883442195815
0.8684027384974377
0.9182692754675643
0.9614857318199573
0.8596116946199137
0.8830413492074533
0.8440880645907726
0.8950390413592558
0.8670742725446468
0.8791836090436291
0.8795796113492467
0.8633144451410106
1.022786144687493
0.8936951717515444
1.0583108289569791
0.885445017678266
0.8838105031797135
0.9650654146197478
0.8527173062931084
1.0024328473019155
0.827751251424631
0.8463317787068092
0.9492108547204252
0.8950390406812151
0.8556182182370479
0.8313050425839755
0.8596116924977681
0.9557244528733952
1.5011160621354964
0.9366054921467349
0.9752045800672189
0.8728047570800823
0.9983837830919752
0.9668779206031157
0.8282028509495207
1.058310829280666
0.856002093056716
0.9974889510223102
1.5855206251088672
1.3010065445586458
0.9584783981989266
0.8379329319028413
1.3010065448096892
0.9321145187041305
0.8993440158772465
1.3010065445586458
0.8414523643095857
1.7512045532307698
0.9492108547204252
1.5855206251088672
0.932114518342527
0.9584783979074871
0.8745478829292439
0.9617047094228635
0.833732557281966
0.8620012168533362
0.8432760730564164
0.9230915535090126
1.0192232548069915
0.8282028467369306
0.8795796122482185
0.8366010049466681
0.9752045782713927
0.9066606670277684
0.9452938924811161
0.8430060583115309
0.8543856388776458
0.9946849385908523
0.8596116924977681
1.3010065448096892
0.8981277960750925
0.8699877519160932
1.0024328473019155
0.8779741176698915
0.9079309106085449
0.8975246535678725
0.8854450158420453
0.9776479086962369
0.9078132617481046
0.8606061931721172
0.9079309110553304
1.0150062430384303
0.8895452804006135
0.9078132638795746
0.9833003201633546
0.8896744533964647
0.8975246546789062
0.8874681597231833
0.8440880656743648
0.8779741155503835
0.8745478815018097
0.878707840748409
0.8894636682126865
0.8898916971238494
0.981757929773739
0.869987750468548
1.0388684041427518
1.06031120357407
1.0616667840075245
0.9079309055736954
0.855219681816316
0.895260980421526
1.0388683975235662
1.0286023940862008
0.9086410162598678
0.9463234148763351
1.0603112054294996
0.8929157518100117
0.907813260488737
0.8279917804473838
0.8282028462734029
0.8952609818049022
0.936605499783733
0.8950390416225995
1.024445148813238
0.9557244490285819
0.8463317817362047
0.965065417326538
0.8482399770058076
0.8728047551476186
0.8313050409732095
0.8277512544001002
0.8527173040262177
0.8987589645104468
0.8791836100329348
0.8993440162787988
1.061666786367728
0.8552196838150099
0.8716425313818774
0.9776479081038794
0.9974889531763471
0.8795796113492467
0.8552196896823433
0.8464190280641521
1.0052363286025956
1.0244451476176226
0.8463317796894307
0.8509076478887501
0.8987589643102696
0.9742963210425064
0.8427200523706364
0.9614857318199573
0.8667596103768471
0.9412095924749139
0.9650654178662282
0.8795796122482185
1.3010065448096892
1.0616667840075245
0.8952609823546027
0.9617047094228635
0.8606061884490634
0.8623965022523734
0.8950390413592558
0.9230915563417446
0.8606061940397765
0.8603138240693429
0.9230915535090126
0.9375367113630952
0.866776408433264
0.9375367110787572
0.8684027454633653
0.8464190290400377
0.9652801562132486
0.8603138225630832
0.8697089253370432
0.9198804093826923
0.8462560076601469
0.936605494844621
1.6711159176875556
1.0087892401477079
0.9452938916239517
0.9660689677692472
1.048226901550155
0.952188617504343
0.8432760695500592
1.0874717822209787
0.9198804075382465
1.0078971430169228
1.4997097057400883
1.0024328486998941
0.993282103963254
0.8894636688288176
0.9650654178662282
1.0078971425399317
0.871642530442638
0.961704708985986
0.8524428841002896
1.4997097063731082
1.02852012497294
1.501116062198271
1.0150062526598238
0.9712373323030857
0.8874681618470532
0.9652801550558194
0.906660667982323
0.8583051420469182
0.9660689717133988
0.8623965052948964
0.876143238896101
0.8728047542166759
0.8427200522538851
0.8462560054685486
0.9983837807892599
1.0518637401257123
1.0482269014334815
0.8937148265447483
0.8951085388454115
1.0274393229293723
0.8936951719472854
0.949210854023258
0.8895452793126989
0.9086410165398525
1.0285201261153225
1.0150062526598238
1.4997097063731082
0.9452938916239517
0.9712373323030857
0.9198804075382465
0.952188617504343
0.9414403993460017
0.8313050392192166
0.9614857324384727
0.9690502193231489
1.501116062198271
1.048226901550155
1.6711159176875556
1.0874717822209787
1.0557255786133906
1.4997097057400883
1.058310829280666
1.5855206251088672
0.981757929773739
0.9463234163803629
1.5011160621354964
1.02852012497294
0.9660689677692472
0.936605494844621
0.8432760695500592
0.8896744560690731
1.0087892401477079
0.9983837830919752
0.9079309051753323
1.0286023913896825
0.8543856385676063
1.0388684052703212
0.8667764118609912
0.8633144541574889
0.8898916961360483
0.8527173015816876
0.94120959190842
0.8524428815513471
0.9817579313148854
0.8951085416021978
1.055725576441084
0.8604159554484229
0.8807237254992917
0.993282103963254
0.8838105032713315
0.9584783981989266
1.0388684041427518
0.8929157499559581
0.971237333407291
0.8895452809946001
0.9066606646618789
0.8282028510167898
0.8337325653217271
0.8745478817676327
0.8432760704421205
0.8583051400421426
1.0150062561030033
0.8963883442195815
1.0583108289569791
0.860415956058345
0.8787078401981772
1.0874717824357647
0.9452938924811161
0.8937148302151161
0.8633144520295567
0.8838105054665569
0.8543856388776458
0.8854450144270625
0.8795796063147621
0.8282028509495207
0.8950390406241363
0.8543856330682049
1.0583108254557447
0.8282028467369306
0.8791836144179662
1.0557255786133906
0.8440880669712019
0.8582344738458871
0.893695174862309
0.8896744560690731
0.8366010079759074
0.8596116947095945
0.8313050392192166
0.8560020920778845
0.9786729069394242
1.058310829280666
1.0052363284239738
0.8838105032713315
0.9786729055956033
0.8795796122482185
0.8854450167856113
1.0052363251421776
0.8950390406812151
0.8633144426851758
1.0227861478653644
1.0359241465014228
0.9614857324384727
0.8670742715902373
0.8830413541250418
0.9086410169622512
0.9412095924749139
0.8895452817801606
0.9929067182374387
1.0285201247775517
0.8606061940397765
1.0192232566430075
0.9492108530992043
0.8463317796894307
0.9668779219680097
0.9498829482846664
0.8936951746165019
0.8787078401981772
0.8784496361275593
0.8556182202752567
0.9113411022441277
1.0359241454240578
0.8509076478887501
0.8983224167525372
0.8983224182151
0.9113411034713844
0.8552196878603457
0.9584783979074871
1.0616667853356088
1.03048394707798
0.871642535341027
0.8699877519160932
0.8696692177797135
0.8993440159802447
0.8993440158772465
0.870933844218261
1.0011391379365269
0.879183613922611
0.9463234163803629
0.9498829494770863
0.8709338448155883
1.0024328486998941
1.0052363284239738
1.3010065445586458
0.869987750468548
0.8981277975339101
0.9946849406857058
0.9929067150856226
0.8583051386535973
0.8952609823546027
0.8620012231196315
0.8696692251738392
0.8582344709919145
0.88606329788804
0.8898916958611055
0.8991192535656075
0.9003820662430674
0.8929157483382412
1.0078971473119922
0.9003820677598742
0.8779741071259175
0.9974889458595548
0.8279917742648929
1.0286023966856077
0.9619465450027838
0.9182692738936264
0.9427030063300132
0.9102437510671729
0.9619465410200672
0.8894636688288176
0.9786729055956033
0.8379329319028413
1.06031120357407
0.8975246486843915
0.9102437498687845
0.9412095861860146
0.9652801613076113
0.8279917717508637
0.96170471032118
0.9742963173081914
0.9258672835511791
0.8667596046954295
0.8527173072159407
0.846419029283975
0.8379329321693888
0.8716425362683358
0.8482399691619009
0.9258672872260825
0.8277512527753388
0.8603138204968009
1.0603112054294996
1.0286023940862008
0.8975246546789062
0.8929157518100117
0.8894636682126865
0.8779741155503835
0.9003820621441394
0.8379329331143042
0.8279917829339554
0.8991192516969151
0.9463234148763351
0.8440880656743648
0.9833003201633546
0.878707840748409
0.8953014215810818
1.0078971430169228
0.9786729069394242
0.9974889510223102
0.8898916971238494
0.9003820619092479
0.9414403995570612
0.9086410162598678
0.8874681597231833
0.9078132638795746
0.8745478815018097
0.8530657392885889
0.8896744533964647
0.8761432370801417
0.971237333407291
0.8604159554484229
0.9817579313148854
0.8807237254992917
0.8953014186746533
1.055725576441084
0.9521886178150164
0.8951085416021978
0.852442883671218
0.8697089264415676
0.899119253100091
0.8524428812639062
0.8991192515273965
0.9690502205616939
0.8697089259340848
0.8462560041772157
0.9198804080974081
0.8684027386426095
0.9066606646618789
1.0482269016417602
1.0518637401827338
1.0087892415055952
0.8963883442195815
0.8623965014840976
0.8937148265447483
0.9066606627836422
0.8623965022523734
0.9660689677692472
0.8684027384974377
0.8937148300600822
1.048226900209345
0.9660689717133988
0.8951085416021978
0.8462560041772157
0.8937148302151161
0.8603138204968009
0.8728047551476186
1.0518637401257123
0.8430060588922093
0.9660689681486183
1.0874717878839548
0.8937148336682834
0.8427200523706364
1.048226901550155
0.8456149442541333
0.8623965028987298
0.8427200517362587
0.8623965052948964
0.9066606670277684
0.845614941583481
0.8684027454633653
0.8963883463091283
0.8697089264415676
0.9521886182341998
0.8277512544001002
0.9452938952465143
0.9652801613076113
0.8874681597231833
0.9375367177843826
0.9983837829229121
1.6711159184311655
0.936605499783733
0.846419029283975
0.8604159554484229
0.866776410599243
0.9230915547744944
0.9366054963978552
0.8337325653217271
0.8583051386535973
0.9375367171259481
0.8667764118609912
0.9452938952274252
0.9182692738936264
0.8440880656743648
0.8830413495834146
0.8596116958989499
0.9614857335677864
0.8950390416225995
0.8936951746165019
1.0227861474910962
0.8854450158420453
1.058310824807147
0.879183613922611
0.8670742758166009
0.8633144541574889
0.8795796053693781
0.8838105047412528
0.9079309051753323
0.8779741101907523
0.885445017678266
0.8975246476188821
0.907813260488737
0.8874681618470532
0.8975246486843915
0.8896744538563846
0.9833003193790072
0.8440880645907726
0.9776479081038794
1.0150062526598238
0.9079309055736954
0.8606061882959047
0.9078132587210648
0.8895452793126989
0.8745478829292439
0.8779741071259175
0.8894636688288176
0.8787078411152565
0.9078132638795746
0.936605494844621
0.8952609823546027
0.8282028510167898
0.8279917717508637
0.8950390413592558
0.8728047583198791
0.8482399691619009
0.8277512527753388
0.831305044386313
0.9557244528733952
1.0244451476176226
0.9650654178662282
0.8463317812389697
0.8527173072159407
0.8898916958611055
1.0603112054294996
1.0388683975235662
0.8699877495829049
0.9817579301542534
1.061666786367728
0.9086410169622512
1.0286023966856077
1.06031120357407
0.9463234176070202
0.8552196878603457
0.9079309110553304
1.0388684041427518
0.8952609810678193
0.8929157483382412
0.8791836144179662
0.8987589643102696
1.0616667840075245
0.8993440164841072
0.8716425362683358
0.8552196896823433
0.8527173015816876
0.9650654146653554
0.8277512541776998
1.0024328449427469
0.9557244490285819
0.8728047542166759
0.9752045777759448
0.9366054963978552
1.5011160614149657
0.9983837851359697
0.8463317796894307
0.8313050392192166
0.8556182202752567
0.8950390406241363
0.9492108530992043
0.8596116947095945
0.8282028467369306
0.9668779219680097
0.8560020920778845
1.0583108254557447
0.8745478815018097
0.8432760695500592
0.8620012231196315
0.8337325653217271
0.96170471032118
0.9230915563417446
0.9066606627836422
0.9752045767619871
0.8430060570261745
0.9452938952465143
0.8282028509495207
1.0192232566430075
0.8366010079759074
0.8795796063147621
0.8543856330682049
0.9974889458595548
0.8379329331143042
0.958478392732762
1.3010065458412232
1.5855206261984602
1.3010065456760196
0.9492108530992043
1.751204554045842
0.9321145232006609
1.5855206261984602
0.8993440159802447
0.9321145234435048
0.841452362863244
1.3010065458412232
0.9584783928713851
0.8596116947095945
0.9946849414455807
0.8981277974501727
1.3010065456760196
1.0024328449427469
0.8699877506722911
0.9776479086962369
0.8464190290400377
0.8552196838150099
0.8795796053693781
0.9974889476419868
1.0052363247075784
0.8427200517362587
0.9742963173081914
0.8667596046954295
0.9614857335677864
0.8463317787068092
1.024445148813238
0.8987589645104468
0.8509076479412969
0.9412095861860146
0.8623965052948964
0.8606061940397765
0.9230915535090126
0.8950390416225995
0.8603138204968009
0.8606061884490634
0.8795796063147621
0.965065417326538
1.061666786367728
1.3010065456760196
0.96170471032118
0.8952609818049022
0.9230915563417446
0.8838105032713315
0.8633144426851758
0.8854450167856113
0.8543856330682049
0.8791836100329348
0.8936951719472854
0.8582344700256875
0.8440880663841317
1.0557255769663083
0.8896744574722724
0.8795796122482185
1.058310829280666
0.8543856388776458
0.8950390406812151
0.8282028467369306
0.8282028509495207
0.8596116924977681
0.8366010049466681
0.856002093056716
0.8313050425839755
0.9086410162598678
1.02852012497294
0.9929067150856226
0.8895452809946001
0.9412095861860146
0.8606061884490634
0.8936951717515444
0.9498829473317976
0.8784496245151444
0.8787078396540636
0.9492108547204252
1.0192232548069915
0.9668779206031157
0.8463317787068092
0.8556182182370479
0.9786729055956033
0.9786729069394242
0.8838105054665569
1.0052363251421776
1.0583108254557447
0.8795796063147621
1.0359241454240578
1.0227861506603615
0.867074273917332
0.9614857319575283
1.0052363284239738
0.8854450144270625
0.8633144520295567
0.8950390406241363
0.8830413531412084
1.0359241465014228
0.911341102279162
0.8983224137406001
0.8509076479412969
0.9113411032796916
0.8983224148388593
0.8898916971238494
1.0078971430169228
0.8929157518100117
0.9003820619092479
0.8991192516969151
0.9003820621441394
0.9182692754675643
0.9619465410200672
0.9102437498687845
0.9427030094969513
0.9974889510223102
0.8779741155503835
1.0286023940862008
0.8279917829339554
0.9619465450027838
0.9652801550558194
0.9412095924749139
0.9617047094228635
0.8279917804473838
0.9258672872260825
0.9742963210425064
0.9786729069394242
0.8894636682126865
1.0603112054294996
0.8379329331143042
0.9102437510671729
0.8975246546789062
0.8667596103768471
0.855219681816316
0.871642530442638
1.03048395038329
1.0616667860656666
0.9584783928713851
0.8699877506722911
0.8791836090436291
1.0011391364065583
0.9498829483649609
0.9463234175465618
0.8993440158772465
0.8696692251738392
0.8709338448155883
0.8993440159802447
0.870933844218261
0.8583051420469182
0.9929067182374387
0.8620012168533362
0.8952609818049022
0.8582344669497
0.8696692177797135
1.0052363251421776
1.0024328469188961
0.8699877495829049
1.3010065458412232
0.9946849440982619
0.8981277979394657
0.8860633006128256
0.8464190293197267
0.8527173040262177
0.8716425313818774
0.8379329326406655
0.9258672835511791
0.8482399770058076
0.8603138240693429
0.8277512544001002
0.8667764118609912
0.9375367177843826
0.8684027384974377
0.9375367171259481
0.936605499783733
0.9660689717133988
0.9452938952274252
1.0087892415055952
1.6711159184311655
1.048226900209345
0.8464190280641521
0.9198804075382465
0.8697089275250435
0.8603138184402017
0.9652801626390191
0.8462560054685486
0.8432760730564164
0.9521886184744511
0.9198804093826923
1.0874717873829989
0.8874681597231833
0.9660689677692472
0.8583051386535973
0.9066606646618789
0.9652801613076113
0.8623965022523734
1.0518637401827338
0.9983837829229121
0.8937148300600822
1.0482269016417602
0.8728047570800823
0.876143239969733
0.8462560076601469
0.8427200502921679
0.8951085409389561
1.0078971473119922
0.8894636682126865
0.9932820993311651
1.0024328469188961
1.4997097079712671
0.965065417326538
1.0285201247775517
1.4997097084329223
1.0150062430384303
1.501116061352191
0.871642535341027
1.0078971483917634
0.8524428815513471
0.9617047094381465
0.9712373288689816
0.893695174862309
1.0274393252801024
0.8895452804006135
0.9492108523852952
1.028520125986986
0.9086410168157502
0.9079309106085449
0.866776408433264
1.0388683983014575
0.8543856323301058
1.0286023936909765
0.8633144451410106
0.8951085433328413
0.9817579316378484
0.860415955468521
1.05572557505614
0.8527173062931084
0.8898916955284324
0.8524428841002896
0.9412095855737757
0.8807237284951582
0.906660667982323
0.8895452817801606
0.833732557281966
0.8282028462734029
0.8432760729376843
0.8745478824556433
0.8838105054665569
0.9932820993311651
1.0388683975235662
0.958478392732762
0.9712373311399194
0.8929157457022939
0.8583051368221979
1.0150062430384303
0.9198804093826923
0.9712373288689816
0.9452938952274252
1.4997097084329223
0.9521886184744511
1.048226900209345
1.501116061352191
1.0874717873829989
1.6711159184311655
0.8313050425839755
0.9414403997438417
0.9690502211446557
0.9614857319575283
1.0557255769663083
0.9660689717133988
1.0285201247775517
0.8432760730564164
0.936605499783733
1.0087892415055952
0.8896744574722724
1.0583108254557447
1.4997097079712671
0.9817579301542534
1.5855206261984602
1.5011160614149657
0.9463234175465618
0.9983837851359697
0.8963883463091283
1.0150062463416236
0.8604159569131418
1.058310824807147
1.0874717878839548
0.8787078396540636
0.8937148336682834
0.9452938952465143
1.06031120357407
0.8894636688288176
0.8929157483382412
0.8975246486843915
1.0286023966856077
0.8779741071259175
0.8440880645907726
0.9463234176070202
0.8787078411152565
0.9833003193790072
0.8379329319028413
0.9003820677598742
0.8991192535656075
0.8279917742648929
0.8953014278849495
0.8874681618470532
0.9086410169622512
0.8745478829292439
0.907813260488737
0.8896744538563846
0.8530657345377104
0.9786729055956033
1.0078971473119922
0.8898916958611055
0.9974889458595548
0.9414404000867096
0.9003820662430674
0.8761432378705876
0.8697089259340848
0.8524428812639062
0.852442883671218
0.8991192515273965
0.9690502214811789
0.899119253100091
0.8462560069907983
0.8697089264415676
0.860415955468521
0.9712373311399194
0.8807237284951582
0.9817579316378484
1.05572557505614
0.8953014242540093
0.8951085433328413
0.9521886182341998
0.9198804096369444
0.845614941956004
0.8456149396891897
0.8430060583115309
0.8430060570261745
0.8427200502921679
0.8728047570800823
0.8603138184402017
0.8951085409389561
1.0874717873829989
0.8432760730564164
0.8427200522538851
1.0874717822209787
0.8951085388454115
0.8603138225630832
0.8728047542166759
0.8432760695500592
0.8462560076601469
0.8462560054685486
0.9198804075382465
0.9198804093826923
0.8761432370801417
0.9983837830919752
0.88606329788804
0.8583051400421426
0.8667596046954295
0.9230915535090126
0.8874681608730521
0.8667596028682037
0.827751251424631
0.8604159569131418
0.9652801562132486
0.876143238896101
0.952188617504343
0.8464190290400377
0.8697089253370432
0.8761432378705876
0.8667596103768471
0.8583051368221979
0.8860633006128256
0.9983837851359697
0.9230915563417446
0.876143239969733
0.9652801626390191
0.8464190280641521
0.9521886184744511
0.8667596085969432
0.8874681576944901
0.860415956058345
0.8277512541776998
0.8697089275250435
1.035924147585826
1.0359241464651063
1.0052363286025956
1.0052363247075784
0.9786729097439496
0.9786729110335182
1.0244451474287297
0.932114518342527
0.895260980421526
0.8696692202164911
0.8482399680745849
0.8981277960750925
0.8530657345377104
0.8279917742648929
0.8379329319028413
0.8953014278849495
0.974296318805066
0.9078132617481046
0.981757929773739
0.8482399748700112
0.8991192535656075
0.949210854023258
0.8509076478887501
1.3010065448096892
0.8993440162787988
0.8379329321693888
0.9974889531763471
0.8983224137406001
0.8895452804006135
1.0616667840075245
0.8981277974501727
0.9003820677598742
0.8975246535678725
1.0052363286025956
1.024445149659615
0.8482399748700112
0.8696692267703797
0.8952609810678193
0.9321145232006609
0.8981277974501727
0.9078132587210648
0.9742963144459009
0.8482399680745849
0.9817579301542534
0.8279917829339554
0.8530657392885889
0.8953014215810818
0.8379329331143042
0.8991192516969151
0.8895452793126989
0.8983224167525372
0.8981277960750925
1.061666786367728
0.8975246476188821
0.9003820621441394
0.8509076479412969
0.9492108523852952
0.8993440164841072
1.3010065456760196
0.9974889476419868
0.8379329326406655
1.0052363247075784
0.8463317812389697
0.8463317817362047
0.8993440162787988
0.8993440164841072
0.8279917717508637
0.8279917804473838
0.8950390413592558
0.8950390416225995
0.8670742715902373
1.0227861478653644
0.8582344738458871
0.8830413541250418
0.8560020920778845
0.8366010079759074
0.9182692737324678
0.9258672831160566
0.9258672866274844
0.9690502211446557
0.9614857324384727
0.8896744560690731
1.0557255786133906
0.8313050392192166
0.9690502193231489
1.0274393229293723
0.9113411022441277
0.9946849385908523
0.8987589645104468
0.9102437502088468
0.9414403993460017
1.0359241465014228
0.893695174862309
0.8791836144179662
0.8596116947095945
0.9182692718008385
0.8440880669712019
1.035924147585826
0.9414403995570612
0.878707840748409
0.9463234148763351
0.8953014215810818
0.9427030063300132
0.9833003201633546
0.9614857318199573
0.8440880656743648
0.898758965798662
0.8556182198638704
0.870933847146493
0.841452362863244
0.9619465364813147
0.8953014186746533
0.8830413492074533
0.8596116958989499
0.8313050409732095
0.867074273917332
0.856002093056716
0.8830413531412084
0.8582344700256875
1.0227861506603615
0.8366010049466681
0.8896744574722724
0.9614857319575283
0.8313050425839755
1.0557255769663083
0.9258672866274844
0.9182692718008385
0.9690502193231489
0.9258672831160566
0.9690502211446557
0.8936951719472854
1.0359241454240578
0.8596116924977681
0.8791836100329348
0.8440880663841317
0.9182692737324678
0.911341102279162
1.0274393252801024
0.8987589643102696
0.9946849414455807
0.9414403997438417
0.9102437530869706
1.0359241464651063
0.8556182179762908
0.8987589659846489
0.8414523643095857
0.8709338455608677
0.8953014242540093
0.9619465408715728
0.8596116946199137
0.8830413495834146
0.8787078411152565
0.9414404000867096
0.8953014278849495
0.9463234176070202
0.9833003193790072
0.9427030094969513
0.8440880645907726
0.9614857335677864
0.831305044386313
0.9102437498687845
0.9102437510671729
0.9619465450027838
0.9619465410200672
0.9427030094969513
0.9427030063300132
0.9182692754675643
0.9182692738936264
0.9690502205616939
0.9690502214811789
0.8560020917352027
0.8596116958989499
1.058310824807147
0.8936951746165019
0.9983837829229121
0.8313050409732095
0.8282028462734029
0.8896744533964647
0.8728047551476186
0.8950390416225995
0.8440880656743648
0.8277512544001002
0.8854450158420453
0.936605499783733
0.8874681597231833
0.8953014186746533
0.8991192515273965
0.8787078401981772
0.8482399691619009
0.8379329326406655
0.8440880669712019
0.8981277979394657
0.8894636681286014
0.9817579316378484
0.8895452817801606
0.8279917804473838
0.9833003201633546
0.8482399770058076
0.8779741176698915
0.907813260488737
0.9078132638795746
0.8975246535678725
0.8952609818049022
0.8975246546789062
0.9079309106085449
0.9690502214811789
1.05572557505614
0.9258672835511791
1.0874717878839548
0.9614857335677864
0.9182692738936264
0.9521886182341998
1.0227861474910962
1.6711159184311655
0.9652801613076113
0.831305044386313
0.9690502205616939
0.9198804096369444
0.8366010063420755
1.0482269016417602
0.8462560041772157
0.8830413495834146
0.9452938952465143
0.8697089264415676
0.9375367177843826
0.9427030094969513
0.9427030063300132
0.8953014242540093
0.9619465364813147
0.9833003193790072
0.8279917717508637
0.9102437530869706
0.9463234175465618
0.9003820662430674
1.0286023936909765
0.9619465408715728
0.8787078396540636
0.899119253100091
0.8779741101907523
0.8929157457022939
0.898758965798662
0.9412095855737757
0.9113411034713844
0.8667596028682037
0.8509076479412969
1.0359241465014228
1.0052363251421776
0.9113411032796916
0.9614857319575283
1.0359241454240578
0.8463317812389697
0.9414403995570612
0.8464190293197267
1.0192232546510351
0.8427200502921679
0.8761432370801417
0.8983224137406001
0.8795796063147621
0.9786729069394242
0.867074273917332
0.8279917829339554
0.9614857324384727
0.8993440158772465
0.94120959190842
0.8279917742648929
0.8509076478887501
0.8667596085969432
0.8993440159802447
1.0052363284239738
0.8987589659846489
0.974296318805066
0.8463317787068092
0.9974889510223102
1.0244451474287297
0.8552196878603457
0.8787078411152565
0.9102437498687845
0.860415955468521
0.9498829483649609
1.0874717873829989
0.8667596046954295
0.911341102279162
1.0583108254557447
0.9786729055956033
1.0227861506603615
0.8556182179762908
0.8963883463091283
0.8697089259340848
0.8456149396891897
0.8838105054665569
0.9258672866274844
0.8313050425839755
0.8379329319028413
0.8482399680745849
0.871642535341027
0.8527173062931084
0.9619465364813147
1.0286023936909765
0.9102437530869706
1.0227861474910962
0.9974889476419868
0.9182692718008385
0.9946849440982619
1.0078971483917634
1.4997097084329223
1.0274393252801024
0.8279917717508637
0.9427030063300132
0.9258672835511791
0.9003820662430674
0.9652801613076113
0.9182692738936264
0.9003820677598742
0.96170471032118
0.9102437510671729
1.0078971473119922
0.8991192516969151
0.9690502193231489
0.870933844218261
0.8524428815513471
1.0286023966856077
0.8987589643102696
0.8697089275250435
0.9584783928713851
0.8830413531412084
0.9932820993311651
0.8991192535656075
0.9412095861860146
0.9619465450027838
0.8898916958611055
0.8929157483382412
0.9833003193790072
0.9427030094969513
1.05572557505614
0.9463234175465618
1.6711159184311655
0.9614857335677864
0.9414403997438417
1.5011160614149657
0.9414404000867096
1.4997097079712671
0.8953014242540093
1.0874717878839548
0.9690502214811789
0.9521886182341998
0.9712373311399194
0.9690502211446557
1.0557255769663083
0.8953014278849495
0.9817579301542534
0.9712373288689816
0.8807237284951582
0.9078132587210648
0.9182692737324678
0.8791836090436291
0.9086410168157502
0.9652801626390191
1.0359241464651063
0.876143239969733
0.9492108530992043
1.0359241454240578
1.0274393252801024
0.8530657345377104
0.8427200517362587
0.9182692754675643
0.8761432378705876
0.9086410169622512
0.8462560076601469
0.8282028467369306
0.8596116924977681
0.8895452804006135
0.8583051386535973
0.8745478829292439
0.8896744574722724
1.048226900209345
0.8440880645907726
0.9983837851359697
1.0285201247775517
0.8951085433328413
0.8432760730564164
0.8830413492074533
0.8633144451410106
0.8670742725446468
0.845614941583481
1.0052363247075784
1.035924147585826
0.8860633006128256
0.9786729097439496
0.9521886184744511
0.876143239969733
0.8950390413592558
0.9614857318199573
0.8603138240693429
0.8795796113492467
0.8623965022523734
0.8427200523706364
1.0052363286025956
0.9230915563417446
0.8667596103768471
0.8464190280641521
0.9003820621441394
0.9414403993460017
0.8696692177797135
0.8898916961360483
0.8779741071259175
1.0244451476176226
0.9786729110335182
0.8699877506722911
0.8983224148388593
0.8898916955284324
0.9974889531763471
0.8606061884490634
0.9742963210425064
0.9776479081038794
0.8552196896823433
0.8440880645907726
0.9182692754675643
0.8951085433328413
0.8791836090436291
1.048226900209345
0.8427200517362587
1.0359241464651063
0.9983837851359697
0.8761432378705876
0.9652801626390191
0.8596116946199137
0.8937148336682834
0.8462560069907983
0.8623965014840976
0.8583051368221979
0.9182692737324678
0.8896744574722724
0.8530657345377104
0.9078132587210648
0.9086410168157502
0.8745478824556433
0.8895452793126989
1.0274393229293723
0.8583051420469182
0.9086410165398525
0.8462560054685486
0.876143238896101
1.035924147585826
0.8596116947095945
1.0359241465014228
0.9182692718008385
0.949210854023258
0.8623965052948964
0.9652801550558194
0.8427200522538851
0.8791836144179662
0.9652801562132486
0.8282028509495207
0.9492108547204252
0.9078132617481046
0.879183613922611
0.9557244528733952
0.8936951719472854
0.9660689717133988
0.8874681618470532
0.8728047542166759
0.893695174862309
0.906660667982323
0.8728047570800823
0.8975246476188821
0.9102437502088468
0.8582344669497
1.0603112050934858
0.9375367171259481
0.8670742758166009
0.9786729097439496
1.0024328449427469
0.9113411032796916
1.0078971483917634
0.8379329321693888
0.8603138204968009
0.9258672872260825
0.846419029283975
0.8716425362683358
0.8697089253370432
0.8543856330682049
0.8556182182370479
0.9079309110553304
0.8838105047412528
0.8527173072159407
0.8440880663841317
1.0087892415055952
0.8896744538563846
0.9366054963978552
1.028520125986986
0.8432760729376843
0.8951085409389561
0.8874681608730521
0.9066606627836422
0.8936951717515444
0.8874681576944901
0.8936951746165019
0.8728047583198791
0.9066606670277684
1.0518637401827338
0.841452362863244
0.958478392732762
0.8556182202752567
0.9321145234435048
1.3010065456760196
0.8596116947095945
1.3010065458412232
1.0024328449427469
1.5855206261984602
0.9492108530992043
0.8993440164841072
0.8953014215810818
0.8379329326406655
0.8696692267703797
0.9492108523852952
0.8530657392885889
0.8981277974501727
1.3010065456760196
0.8379329331143042
0.9321145232006609
0.8379329331143042
0.8313050392192166
0.8993440159802447
0.8527173015816876
0.9974889458595548
0.8463317796894307
0.8277512541776998
1.3010065458412232
0.8950390406241363
0.9650654146653554
0.8482399748700112
0.8509076479412969
0.8279917829339554
1.024445149659615
0.8952609810678193
0.9463234176070202
0.9619465410200672
0.9817579316378484
1.0011391364065583
1.501116061352191
0.9742963173081914
0.9946849414455807
1.5855206261984602
0.9974889458595548
1.751204554045842
0.8709338455608677
1.058310824807147
0.8991192515273965
0.9668779223663625
0.958478392732762
0.9258672831160566
0.9614857319575283
0.8279917742648929
0.9742963144459009
0.9617047094381465
0.9412095855737757
0.8952609810678193
0.8830413541250418
1.0616667860656666
0.9929067189660467
0.9617047094381465
0.8983224182151
0.8860633006128256
1.3010065458412232
1.0052363251421776
0.9946849440982619
0.8696692202164911
0.8795796053693781
0.9003820619092479
1.0192232572102502
0.8699877495829049
0.8603138225630832
0.8950390406241363
0.8950390406812151
0.8606061931721172
0.9230915547744944
0.8606061882959047
0.8582344700256875
0.9452938952274252
0.8975246486843915
0.9752045777759448
1.0024328469188961
0.8543856323301058
0.8603138184402017
0.9817579301542534
0.9690502211446557
0.9463234175465618
0.9712373288689816
1.4997097079712671
0.9414403997438417
0.9521886184744511
1.5855206261984602
0.9614857319575283
1.4997097084329223
0.8953014278849495
0.9614857335677864
0.9427030094969513
0.9414404000867096
0.9463234176070202
0.9198804093826923
1.0583108254557447
0.8313050425839755
1.0150062430384303
0.9452938952274252
0.8787078411152565
1.0557255769663083
1.6711159184311655
0.9833003193790072
1.5011160614149657
1.501116061352191
1.05572557505614
1.0874717873829989
0.8951085409389561
0.9366054963978552
0.8440880663841317
1.028520125986986
0.9983837829229121
0.8896744538563846
0.8937148300600822
1.0087892415055952
1.061666786367728
0.8987589645104468
0.8952609818049022
0.8552196838150099
0.965065417326538
1.024445148813238
1.0052363247075784
1.3010065456760196
0.8509076479412969
0.9974889476419868
0.8993440162787988
0.8950390416225995
0.8279917804473838
0.8463317817362047
0.8993440164841072
0.8464190290400377
0.8795796063147621
0.8463317787068092
0.9776479086962369
0.8795796053693781
0.8463317812389697
0.8791836100329348
0.936605499783733
0.907813260488737
0.9557244490285819
0.9492108523852952
0.8282028462734029
0.8427200502921679
0.8583051400421426
0.8337325653217271
0.8895452809946001
0.8745478817676327
0.8596116958989499
0.8282028510167898
0.8623965028987298
0.9066606646618789
0.8604159569131418
0.9452938952465143
0.8787078396540636
1.0150062463416236
1.058310824807147
0.831305044386313
0.8963883463091283
1.0482269016417602
0.9660689681486183
0.8366010087197415
0.8543856323301058
0.8582344709919145
0.8430060588922093
0.8795796053693781
0.879183613922611
0.9230915547744944
0.8838105047412528
0.9452938952274252
0.8583051386535973
0.8282028510167898
1.055725576441084
0.8432760704421205
0.8543856385676063
0.9066606646618789
0.8951085416021978
0.8633144541574889
0.8337325653217271
0.8604159554484229
0.8667764118609912
0.9003820619092479
0.9463234163803629
0.8981277975339101
0.8929157499559581
0.8975246486843915
0.8952609823546027
1.0603112066659535
1.0616667860656666
1.0616667853356088
1.0388683983014575
1.0286023913896825
0.8895452809946001
0.9817579313148854
0.9079309051753323
1.0388684052703212
0.8896744538563846
0.9258672872260825
0.8432760729376843
0.8582344669497
1.0087892415055952
0.8603138204968009
0.8670742758166009
0.9366054963978552
0.846419029283975
0.9375367171259481
0.8560020914696015
0.9660689681486183
0.9198804080974081
0.8684027386426095
0.866776410599243
0.9102437502088468
0.8440880663841317
0.8379329321693888
0.8975246476188821
1.0603112050934858
0.889463667927897
0.8606061882959047
0.9946849406857058
0.9230915549610125
0.99290671648914
0.8603138184402017
0.88606329788804
0.8983224148388593
0.8950390406241363
1.0052363284239738
0.8830413531412084
0.9668779190366649
0.8623965028987298
0.9521886178150164
0.845614941956004
0.8633144520295567
0.961704708985986
0.8950390406812151
1.3010065445586458
0.895260980421526
1.0616667853356088
0.9650654146197478
0.8784496245151444
0.8937148300600822
0.8277512527753388
0.8430060570261745
0.8854450144270625
0.8684027449556759
0.827751251424631
0.8779741101907523
0.9619465408715728
0.8366010063420755
0.8929157457022939
0.9375367177843826
0.8830413495834146
0.8898916955284324
0.9650654146653554
0.8987589659846489
0.9932820993311651
0.899119253100091
0.8462560041772157
0.9690502205616939
0.8697089264415676
0.8524428812639062
0.8524428841002896
0.8633144426851758
0.8414523643095857
1.0388683975235662
1.0388683983014575
0.852442883671218
0.8787078396540636
1.0482269016417602
0.831305044386313
0.9452938952465143
1.0150062463416236
0.9198804096369444
0.8604159569131418
0.8745478824556433
0.8623965014840976
0.8596116946199137
0.8583051368221979
0.8895452817801606
0.8462560069907983
0.833732557281966
0.8937148336682834
0.885445017678266
1.022786144687493
0.8430060614703694
0.8838105031797135
0.8684027384974377
0.8456149442541333
0.9786729110335182
0.8277512541776998
0.8667596085969432
0.8697089275250435
1.0583108289569791
0.8937148302151161
1.0874717824357647
0.8963883442195815
0.860415956058345
1.0078971425399317
0.8854450167856113
0.9321145187041305
0.9079309055736954
1.0603112066659535
1.0150062561030033
0.8936951717515444
1.0518637401827338
0.8728047583198791
0.9066606627836422
0.8874681576944901
0.9660689647327025
0.8874681608730521
1.0285201261153225
0.8937148265447483
0.9983837807892599
0.8951085388454115
0.8440880669712019
1.0482269014334815
0.9366054921467349
1.0518637401257123
0.889463667927897
0.8684027386426095
0.8560020914696015
0.866776410599243
0.8894636681286014
0.9198804080974081
0.8667764079174549
0.9660689681486183
0.9660689647327025
0.8699877495829049
0.8709338448155883
0.8981277979394657
1.03048395038329
1.0024328469188961
0.8696692251738392
0.8699877506722911
1.3010065458412232
0.8993440159802447
0.9584783928713851
0.870933847146493
0.8596116958989499
0.8953014186746533
0.8556182198638704
0.841452362863244
0.871642530442638
1.0052363251421776
0.8993440158772465
0.855219681816316
1.0616667860656666
0.898758965798662
0.9498829473317976
0.9983837829229121
0.8482399691619009
0.9752045767619871
0.9321145234435048
0.8560020917352027
0.8667596028682037
0.8620012197711836
0.9230915547744944
0.8981277975339101
0.8620012262525496
0.8981277979394657
0.8366010087197415
0.9230915549610125
0.8430060588922093
0.8807237284951582
0.9521886182341998
0.8953014242540093
0.9712373311399194
0.9817579316378484
0.9690502214811789
0.860415955468521
1.0874717878839548
0.8432760729376843
0.8716425313818774
0.8277512544001002
0.8482399770058076
0.8527173040262177
0.8379329326406655
0.8313050409732095
0.8464190293197267
0.8728047551476186
0.8432760704421205
0.9198804096369444
0.8556182198638704
0.9668779223663625
0.8784496361275593
0.9752045767619871
0.9492108523852952
0.893695174862309
1.0024328469188961
1.028520125986986
1.501116061352191
1.0285201247775517
0.8463317817362047
0.878707840748409
0.8527173040262177
0.8606061931721172
0.9557244490285819
0.8745478815018097
0.8895452804006135
0.965065417326538
0.8894636682126865
1.0150062430384303
0.8530657392885889
0.8896744560690731
0.8696692251738392
0.8745478817676327
0.9742963173081914
0.8606061940397765
0.8874681576944901
0.9321145234435048
0.8854450144270625
1.0150062463416236
0.9078132617481046
1.024445148813238
0.8779741155503835
0.9776479086962369
0.9079309110553304
0.9414404000867096
0.9102437510671729
0.9712373311399194
0.9946849440982619
1.5011160614149657
0.96170471032118
1.0274393252801024
1.4997097079712671
1.0078971473119922
1.4997097084329223
0.8987589659846489
1.0150062463416236
0.8524428812639062
0.9650654146653554
0.9932820993311651
0.9182692718008385
0.9414403997438417
0.9003820677598742
0.9974889476419868
1.0078971483917634
0.8898916955284324
1.024445149659615
0.8670742715902373
0.855219681816316
1.0192232572102502
0.9742963144459009
0.8983224167525372
0.8761432378705876
0.9974889458595548
0.9786729055956033
0.9414404000867096
1.0244451474287297
0.9776479086962369
0.8898916971238494
1.024445149659615
0.8898916958611055
0.8427200522538851
0.8463317796894307
0.8795796122482185
0.8463317817362047
0.846419029283975
0.9776479081038794
0.867074273917332
1.0150062430384303
1.06031120357407
0.9321145232006609
1.0078971473119922
0.9079309106085449
0.8464190280641521
0.9742963144459009
0.9258672831160566
1.0011391364065583
0.9617047094381465
1.751204554045842
0.9946849414455807
0.9652801626390191
1.751204554045842
1.0227861506603615
1.4997097079712671
0.8279917742648929
0.9742963173081914
0.9619465410200672
0.9974889458595548
1.0286023966856077
0.8462560054685486
0.9668779219680097
0.8366010049466681
0.965065417326538
0.9375367171259481
0.8779741071259175
0.9614857319575283
1.501116061352191
0.9463234176070202
1.5855206261984602
1.4997097084329223
0.9817579316378484
0.9521886184744511
0.8427200502921679
0.9557244490285819
0.8791836100329348
0.9492108523852952
0.9652801613076113
0.907813260488737
0.8623965022523734
0.936605499783733
0.8983224167525372
0.9113411022441277
0.9929067182374387
0.8983224182151
0.9668779219680097
1.0192232566430075
1.0359241464651063
0.9946849414455807
0.911341102279162
0.9414403997438417
0.8509076478887501
0.8606061940397765
0.9412095924749139
0.8463317796894307
0.8987589643102696
0.876143238896101
1.0192232566430075
1.0192232548069915
1.024445148813238
0.8670742758166009
1.0244451476176226
1.0359241454240578
1.0285201247775517
0.9086410169622512
0.9492108530992043
1.0274393252801024
0.8895452817801606
0.876143239969733
0.8761432370801417
0.8745478815018097
0.9086410162598678
0.8530657392885889
0.9182692738936264
0.9078132638795746
0.8427200523706364
0.8874681597231833
0.8667596028682037
0.9752045767619871
0.9498829473317976
0.9321145234435048
1.0227861474910962
0.8482399691619009
0.845614941583481
0.9983837829229121
0.8728047551476186
0.9321145232006609
0.8560020920778845
0.9584783928713851
0.9752045777759448
1.751204554045842
0.9668779219680097
0.9983837851359697
1.5855206261984602
1.0583108254557447
1.5011160614149657
0.8482399680745849
0.9974889476419868
0.8991192516969151
0.9742963144459009
0.9817579301542534
0.8728047542166759
0.9492108530992043
0.8282028467369306
0.9557244490285819
0.9366054963978552
0.9078132587210648
1.0227861506603615
1.4997097084329223
1.0286023966856077
1.751204554045842
1.4997097079712671
1.0286023936909765
0.9652801626390191
0.8456149396891897
0.9650654146653554
0.8633144426851758
0.9668779223663625
0.9521886182341998
0.8779741101907523
0.8623965014840976
0.9375367177843826
1.0874717873829989
1.5011160614149657
1.0557255769663083
1.501116061352191
1.6711159184311655
0.9833003193790072
1.048226900209345
1.6711159184311655
1.0482269016417602
0.8667596046954295
0.96170471032118
0.9412095861860146
0.9742963173081914
0.9614857335677864
0.8279917717508637
0.8427200517362587
0.9652801613076113
0.8462560041772157
1.0874717878839548
1.0192232572102502
0.9498829494770863
0.8620012262525496
0.9929067189660467
0.9752045777759448
0.8620012231196315
0.9086410168157502
0.9617047094381465
0.871642535341027
0.9712373288689816
0.94120959190842
0.8745478817676327
0.8807237254992917
0.8527173015816876
0.8524428815513471
0.9086410165398525
0.8983224182151
0.8699877519160932
0.8552196838150099
1.0603112050934858
0.8898916961360483
0.9113411032796916
1.028520125986986
0.8716425362683358
1.0024328449427469
1.0078971483917634
0.8894636681286014
0.9786729097439496
1.0192232546510351
0.8606061931721172
0.869987750468548
0.8696692267703797
0.9003820662430674
0.8779741176698915
0.8795796113492467
0.8854450158420453
0.9412095855737757
0.9668779223663625
0.8709338455608677
0.958478392732762
1.0286023936909765
0.8991192515273965
0.8633144451410106
1.058310824807147
0.8282028462734029
0.9113411034713844
0.8784496361275593
0.9498829482846664
0.8556182202752567
0.9102437530869706
0.8787078401981772
0.8670742725446468
0.8936951746165019
0.8896744533964647
0.8560020917352027
0.9498829483649609
0.9946849440982619
0.870933844218261
1.0011391364065583
0.9463234175465618
0.9619465364813147
0.8791836090436291
1.0227861474910962
0.8366010063420755
1.05572557505614
0.9258672835511791
0.8560020914696015
0.8282028510167898
0.831305044386313
0.8728047583198791
0.8896744538563846
1.0583108289569791
0.8596116946199137
0.9983837807892599
0.8936951717515444
0.8950390413592558
0.936605494844621
0.885445017678266
0.8277512527753388
0.8440880645907726
0.8874681618470532
1.055725576441084
0.9690502205616939
1.0874717824357647
0.9258672872260825
0.8313050409732095
1.0482269014334815
0.8366010087197415
0.9198804080974081
0.9690502214811789
0.8462560069907983
0.9614857318199573
1.6711159176875556
1.022786144687493
0.9521886178150164
0.9182692754675643
0.9652801550558194
0.9452938924811161
0.8830413492074533
0.9375367113630952
0.8697089259340848
0.899119253100091
0.8953014242540093
0.8482399770058076
0.8787078396540636
0.8279917717508637
0.9078132638795746
0.8779741101907523
0.8482399691619009
0.9833003193790072
0.907813260488737
0.8379329321693888
0.9817579313148854
0.889463667927897
0.8981277975339101
0.8440880663841317
0.8895452809946001
0.8952609823546027
0.8975246476188821
0.9079309051753323
0.8975246486843915
0.9427030063300132
0.9833003201633546
0.9619465408715728
0.8953014186746533
0.9427030094969513
0.8279917804473838
0.8787078401981772
0.9619465364813147
0.8779741176698915
0.8991192515273965
0.9463234163803629
0.9102437502088468
1.0286023913896825
0.9003820619092479
0.8929157499559581
1.0286023913896825
0.9619465408715728
1.022786144687493
0.9102437502088468
0.8279917804473838
0.9652801550558194
0.9003820619092479
0.9258672872260825
0.9427030094969513
0.9182692754675643
0.9974889531763471
1.4997097063731082
1.0078971425399317
0.9946849406857058
0.9182692737324678
1.0274393229293723
0.9617047094228635
0.9003820621441394
1.0078971430169228
0.9102437498687845
0.9833003201633546
1.6711159176875556
0.9463234163803629
1.055725576441084
0.9427030063300132
0.9614857318199573
1.0874717824357647
0.8953014186746533
0.9521886178150164
0.9690502205616939
1.5011160621354964
0.9414403993460017
1.4997097057400883
0.9414403995570612
0.971237333407291
0.8991192535656075
1.0286023940862008
0.8524428841002896
0.8709338448155883
0.9690502211446557
0.8987589645104468
0.9412095924749139
0.8991192516969151
0.8898916971238494
0.9619465410200672
0.9584783979074871
0.8697089253370432
0.993282103963254
0.8830413541250418
0.8929157518100117
1.0557255786133906
0.9690502193231489
0.981757929773739
0.8953014215810818
0.8807237254992917
0.9712373323030857
0.94120959190842
0.8987589659846489
0.8667596085969432
0.9113411032796916
0.8463317817362047
0.8427200522538851
1.0192232572102502
0.846419029283975
0.9414404000867096
0.8761432378705876
0.8509076478887501
0.9614857324384727
0.9113411034713844
1.0052363284239738
1.0359241454240578
1.0359241465014228
0.8795796122482185
0.8983224167525372
0.8670742715902373
0.9786729055956033
0.878707840748409
1.0874717822209787
0.9498829494770863
0.8604159554484229
0.9102437510671729
0.8667596103768471
0.8963883442195815
0.8556182198638704
0.845614941956004
0.8697089264415676
1.058310829280666
0.9113411022441277
1.0227861478653644
0.9786729069394242
0.8838105032713315
0.8279917742648929
0.8279917829339554
0.9412095855737757
0.8993440159802447
0.9614857319575283
0.8509076479412969
0.8463317796894307
0.9742963144459009
1.024445149659615
0.9974889458595548
0.8993440158772465
0.8667596028682037
0.898758965798662
1.0052363251421776
0.855219681816316
0.8313050392192166
0.9258672831160566
0.8482399748700112
0.8379329331143042
0.8527173015816876
0.871642530442638
0.9078132617481046
0.9652801562132486
0.9086410165398525
0.879183613922611
0.9182692718008385
1.035924147585826
0.8427200523706364
0.8530657392885889
0.8761432370801417
0.9182692738936264
0.9492108547204252
0.876143238896101
1.0274393229293723
1.0359241465014228
0.9086410162598678
1.048226901550155
0.8896744560690731
0.9983837830919752
0.8440880656743648
0.8951085416021978
1.02852012497294
0.8282028509495207
0.8462560054685486
0.8895452793126989
0.8596116947095945
0.8745478815018097
0.8583051420469182
0.8432760695500592
0.9584783981989266
0.8414523643095857
0.9321145187041305
0.8556182182370479
0.8993440162787988
0.949210854023258
0.8696692202164911
0.8379329321693888
0.8953014278849495
0.8530657345377104
1.3010065448096892
1.5855206251088672
1.0024328473019155
1.3010065445586458
0.8596116924977681
0.9492108547204252
1.3010065448096892
0.8981277960750925
0.932114518342527
0.8379329319028413
0.9463234148763351
1.501116062198271
1.0011391379365269
0.9817579313148854
0.9619465450027838
0.9742963210425064
1.0583108289569791
0.870933847146493
0.9668779190366649
0.899119253100091
1.5855206251088672
0.9946849385908523
1.7512045532307698
0.9974889510223102
0.9584783981989266
0.8379329319028413
0.9974889510223102
0.8527173062931084
0.8993440158772465
0.8313050425839755
0.8463317787068092
0.8509076478887501
0.8482399680745849
1.0244451474287297
0.8279917742648929
1.3010065445586458
0.827751251424631
0.9650654146197478
0.8950390406812151
0.895260980421526
0.9614857324384727
0.9258672866274844
0.974296318805066
0.8279917829339554
0.94120959190842
0.961704708985986
0.981757929773739
1.4997097057400883
0.9712373323030857
0.9463234163803629
0.9690502193231489
0.9414403993460017
0.9614857318199573
0.8953014215810818
0.9414403995570612
0.9427030063300132
1.5855206251088672
0.952188617504343
1.4997097063731082
0.9614857324384727
0.9463234148763351
1.6711159176875556
1.0557255786133906
1.5011160621354964
0.9833003201633546
1.055725576441084
1.501116062198271
1.058310829280666
0.9198804075382465
1.0150062526598238
0.8313050392192166
0.878707840748409
0.9452938916239517
1.0874717822209787
0.895260980421526
0.961704708985986
0.99290671648914
1.0616667853356088
0.8830413531412084
0.8983224148388593
0.8795796113492467
0.8696692267703797
1.0192232546510351
0.9003820662430674
1.3010065445586458
0.88606329788804
0.9946849406857058
1.0052363284239738
0.869987750468548
0.9452938916239517
0.8582344738458871
0.9752045800672189
0.8975246546789062
0.8543856385676063
1.0024328486998941
0.8950390406812151
0.8603138184402017
0.8606061882959047
0.8950390406241363
0.8606061931721172
0.9230915549610125
0.8603138225630832
0.9366054921467349
0.8951085388454115
1.0285201261153225
0.8440880669712019
0.8896744533964647
0.9983837807892599
1.0087892401477079
0.8937148265447483
0.8633144541574889
0.8830413495834146
0.8456149442541333
0.8670742758166009
0.8950390416225995
0.8623965052948964
0.8795796053693781
0.8603138204968009
0.9614857335677864
0.8427200517362587
1.0052363286025956
0.952188617504343
0.9786729110335182
0.88606329788804
1.0359241464651063
0.876143238896101
0.9230915535090126
1.0052363247075784
0.8464190290400377
0.8667596046954295
0.8440880656743648
1.048226901550155
0.879183613922611
0.8951085416021978
0.9182692738936264
0.8427200523706364
0.8937148302151161
0.8596116958989499
0.8623965028987298
0.8462560041772157
0.9983837830919752
1.035924147585826
0.9652801562132486
0.8761432370801417
0.8583051400421426
0.9003820677598742
0.8779741155503835
0.8898916955284324
0.8696692251738392
0.9414403997438417
1.024445148813238
0.8606061940397765
0.9974889476419868
0.9776479086962369
0.9742963173081914
0.8699877519160932
0.9786729097439496
0.8898916961360483
0.8983224182151
0.8552196838150099
0.8896744560690731
0.9182692718008385
0.9078132617481046
0.8530657392885889
0.8745478817676327
0.9086410165398525
0.8975246535678725
0.9375367110787572
1.0603112066659535
0.8582344709919145
0.9102437530869706
0.8670742725446468
0.8603138240693429
0.8379329326406655
0.8464190293197267
0.9258672835511791
1.0024328473019155
0.9786729110335182
1.0078971425399317
0.9113411034713844
0.8716425313818774
1.0087892401477079
0.8440880669712019
0.9366054921467349
0.8896744533964647
0.8432760704421205
1.0285201261153225
0.8543856388776458
0.8697089275250435
0.9079309055736954
0.8556182202752567
0.8527173040262177
0.8838105031797135
0.8951085388454115
0.8895452804006135
0.8462560076601469
0.9086410168157502
0.8583051386535973
1.0274393252801024
0.876143239969733
0.8623965022523734
0.9492108523852952
0.8427200502921679
0.9652801613076113
0.8596116924977681
1.0359241464651063
0.9182692737324678
1.0359241454240578
0.8791836100329348
0.9660689677692472
0.893695174862309
0.8728047570800823
0.8874681597231833
0.9066606646618789
0.8936951719472854
0.8282028467369306
0.9652801626390191
0.9078132587210648
0.9492108530992043
0.9557244490285819
0.8791836090436291
0.8728047542166759
0.9066606670277684
0.8874681576944901
0.8874681608730521
0.8936951746165019
0.8728047551476186
0.8936951717515444
1.0518637401257123
0.9066606627836422
1.0616667840075245
0.9650654178662282
0.8552196896823433
0.8952609823546027
0.8987589643102696
1.0244451476176226
0.8950390413592558
0.8993440164841072
0.8463317812389697
0.8279917717508637
1.3010065448096892
1.0052363286025956
0.9974889531763471
0.8509076478887501
0.8993440162787988
0.936605494844621
0.8791836144179662
0.9557244528733952
0.9078132638795746
0.8282028510167898
0.949210854023258
0.8795796122482185
0.8464190280641521
0.9776479081038794
0.8463317796894307
0.8463317817362047
0.8795796113492467
0.8427200522538851
0.9452938924811161
0.860415956058345
1.0150062561030033
0.8787078401981772
0.8313050409732095
1.0583108289569791
1.0482269014334815
0.8963883442195815
0.833732557281966
0.8583051368221979
0.8745478824556433
0.8895452817801606
0.8282028462734029
0.8596116946199137
0.906660667982323
0.8623965014840976
0.9660689647327025
0.9668779190366649
0.8556182179762908
0.9752045782713927
0.8784496245151444
0.8463317812389697
0.9557244528733952
0.8606061882959047
0.8527173072159407
0.8787078411152565
0.8745478829292439
0.949210854023258
1.501116062198271
1.0285201261153225
1.0024328486998941
0.8936951719472854
1.02852012497294
0.9650654178662282
0.8895452793126989
1.0150062526598238
0.8894636688288176
0.9414403995570612
1.5011160621354964
0.9946849406857058
0.971237333407291
0.9102437498687845
0.9617047094228635
1.0150062561030033
0.898758965798662
0.9650654146197478
0.852442883671218
1.4997097057400883
1.0274393229293723
1.4997097063731082
1.0078971430169228
0.993282103963254
0.8530657345377104
0.9742963210425064
0.8745478824556433
0.8696692177797135
0.8896744574722724
0.8606061884490634
1.0244451476176226
0.9078132587210648
0.9776479081038794
0.8779741071259175
0.9321145187041305
0.8874681608730521
1.0150062561030033
0.8854450167856113
0.9079309055736954
0.9414403993460017
0.9182692737324678
0.9974889531763471
0.9003820621441394
0.8898916961360483
1.0078971425399317
0.974296318805066
1.7512045532307698
0.961704708985986
1.0011391379365269
0.9258672866274844
0.9946849385908523
0.9742963210425064
0.8279917829339554
0.9974889510223102
0.9619465450027838
1.7512045532307698
0.9652801562132486
1.4997097057400883
1.0227861478653644
1.0286023940862008
1.501116062198271
0.9614857324384727
1.5855206251088672
0.9463234148763351
0.9817579313148854
1.4997097063731082
0.9668779206031157
0.8462560076601469
0.9650654178662282
0.8366010079759074
0.8779741155503835
0.9375367110787572
0.952188617504343
1.0244451474287297
0.974296318805066
1.0192232546510351
0.8552196878603457
0.867074273917332
0.8983224137406001
0.9776479081038794
1.024445149659615
1.0244451474287297
0.8898916958611055
0.9974889510223102
0.8761432370801417
0.9414403995570612
0.9786729069394242
0.8898916971238494
1.0150062526598238
0.8670742715902373
0.932114518342527
1.0603112054294996
0.9079309051753323
1.0078971430169228
0.8463317787068092
0.8427200502921679
0.8463317812389697
0.8795796063147621
0.9776479086962369
0.8464190293197267
0.8464190290400377
0.9557244528733952
0.8427200522538851
0.949210854023258
0.8791836144179662
0.9078132638795746
0.9652801550558194
0.936605494844621
0.8623965052948964
0.932114518342527
1.7512045532307698
0.9752045800672189
0.9584783979074871
0.856002093056716
0.9668779206031157
0.9974889531763471
0.8482399748700112
0.974296318805066
0.8991192535656075
1.5855206251088672
0.9983837830919752
1.5011160621354964
1.058310829280666
0.981757929773739
1.4997097063731082
1.0227861478653644
1.7512045532307698
1.0286023940862008
1.0286023913896825
1.4997097057400883
0.9492108547204252
0.8728047570800823
0.9557244528733952
0.8282028509495207
0.9078132617481046
0.9366054921467349
0.9652801562132486
1.5011160621354964
1.0874717822209787
1.501116062198271
1.0557255786133906
0.9833003201633546
1.6711159176875556
1.6711159176875556
1.048226901550155
0.9650654146197478
0.845614941956004
0.9668779190366649
0.8633144520295567
0.8779741176698915
0.9521886178150164
0.9375367113630952
0.8623965028987298
1.0482269014334815
0.8983224137406001
0.9668779206031157
0.8983224148388593
0.9929067150856226
0.911341102279162
1.0192232548069915
0.8606061884490634
0.8509076479412969
0.8463317787068092
0.9412095861860146
0.9946849385908523
1.035924147585826
0.9414403993460017
0.9113411022441277
0.8987589645104468
1.02852012497294
1.0359241465014228
0.9492108547204252
0.9086410162598678
0.8895452809946001
1.0274393229293723
1.0192232548069915
0.876143239969733
1.0244451476176226
1.0192232566430075
1.024445148813238
0.8670742725446468
0.876143238896101
0.9752045782713927
0.8667596085969432
0.9321145187041305
0.9498829482846664
0.8482399770058076
1.022786144687493
0.9983837807892599
0.8456149442541333
0.8745478829292439
0.8761432378705876
0.8530657345377104
0.9086410169622512
0.907813260488737
0.9182692754675643
0.8874681618470532
0.8427200517362587
0.8728047583198791
0.9617047094228635
0.8667596103768471
0.9742963210425064
0.9412095924749139
0.8279917804473838
0.9614857318199573
0.9652801550558194
0.8427200523706364
1.0874717824357647
0.8462560069907983
0.8543856385676063
0.8366010063420755
0.8430060614703694
0.8582344669497
0.8282028462734029
0.906660667982323
0.8543856323301058
0.8432760729376843
1.05572557505614
0.8951085433328413
0.8795796113492467
0.9452938916239517
0.8838105031797135
0.9230915549610125
0.8791836090436291
0.8583051420469182
0.833732557281966
0.8633144451410106
0.866776408433264
0.860415955468521
0.8896744533964647
1.0087892401477079
0.8582344709919145
0.8432760704421205
0.9258672835511791
0.8603138240693429
0.9660689647327025
0.8560020917352027
0.8684027449556759
0.9198804096369444
0.9366054921467349
0.8670742725446468
0.9375367110787572
0.8464190293197267
0.8667764079174549
0.9003820662430674
0.8975246546789062
0.8929157457022939
0.8981277979394657
0.9463234175465618
0.8952609818049022
0.8895452817801606
1.0286023936909765
0.9079309106085449
0.9817579316378484
1.0616667853356088
1.0603112050934858
1.0388684052703212
1.0616667860656666
1.0388683983014575
0.8440880669712019
0.9102437530869706
0.8975246535678725
0.8379329326406655
0.8894636681286014
1.0603112066659535
0.8779741176698915
0.9375367113630952
0.8929157499559581
0.8366010087197415
0.9619465364813147
0.8830413492074533
0.8462560069907983
0.8991192515273965
0.8697089259340848
0.9690502214811789
0.9650654146197478
0.8898916961360483
0.993282103963254
0.898758965798662
0.852442883671218
1.0482269014334815
0.8787078401981772
0.9452938924811161
0.8313050409732095
0.9198804080974081
1.0150062561030033
0.8633144520295567
0.8524428815513471
1.0388684041427518
0.841452362863244
0.8524428812639062
1.0388684052703212
0.860415956058345
0.8606061931721172
0.8603138225630832
0.9929067189660467
0.9230915547744944
0.9946849440982619
0.8860633006128256
0.8623965014840976
0.9668779223663625
0.8456149396891897
0.9521886182341998
0.8950390406812151
0.8983224182151
0.8830413541250418
1.0052363251421776
0.8633144426851758
0.8937148265447483
0.8784496361275593
0.8430060583115309
0.8277512544001002
0.8684027386426095
0.8854450167856113
0.8950390406241363
0.9617047094381465
0.8952609810678193
1.3010065458412232
0.9650654146653554
1.0616667860656666
0.8277512541776998
0.8623965028987298
0.8745478817676327
0.8583051400421426
0.8596116958989499
0.8462560041772157
0.8895452809946001
0.8937148302151161
0.8337325653217271
0.869987750468548
1.0024328486998941
1.03048394707798
0.8981277975339101
0.870933844218261
0.8696692177797135
0.8596116946199137
0.8709338455608677
0.8556182179762908
0.8953014242540093
1.3010065445586458
0.8699877519160932
0.9584783979074871
0.8993440158772465
0.8414523643095857
0.9983837807892599
0.9498829482846664
0.9752045782713927
0.8482399770058076
0.8560020914696015
0.9321145187041305
1.0052363284239738
0.871642535341027
0.8552196878603457
0.8993440159802447
0.8987589659846489
1.0616667853356088
0.8667596085969432
0.9521886178150164
0.8807237254992917
0.971237333407291
0.8953014186746533
0.9690502205616939
0.9817579313148854
1.0874717824357647
0.8604159554484229
0.9230915549610125
0.8620012262525496
0.8620012197711836
0.8981277979394657
0.8366010063420755
0.8981277975339101
0.8430060614703694
0.9230915547744944
0.8432760704421205
0.8854450158420453
0.8684027454633653
0.8838105047412528
0.8430060588922093
1.0227861474910962
0.845614941583481
0.8937148336682834
1.058310824807147
0.8963883463091283
1.0874717878839548
0.827751251424631
0.9786729097439496
0.8697089253370432
0.8667596028682037
0.8604159569131418
1.0518637401257123
0.8936951746165019
0.9066606670277684
0.8728047551476186
0.9660689681486183
0.8874681608730521
0.8854450144270625
1.0078971483917634
0.9079309110553304
0.9321145234435048
1.0150062463416236
1.0603112050934858
0.8874681576944901
0.8684027449556759
0.8894636681286014
0.8667764079174549
0.8560020917352027
0.9198804096369444
0.889463667927897
0.9660689647327025
0.866776410599243
0.8937148300600822
1.028520125986986
0.8951085409389561
0.9983837829229121
1.0482269016417602
0.8440880663841317
1.0518637401827338
0.9366054963978552
0.9660689681486183
0.8277512527753388
0.8716425362683358
0.8527173072159407
0.8482399691619009
0.831305044386313
0.8379329321693888
0.8728047583198791
0.846419029283975
0.9198804080974081
0.8432760729376843
1.0192232546510351
0.9752045800672189
0.99290671648914
0.8620012197711836
0.9498829483649609
0.8620012168533362
0.8745478824556433
0.9412095855737757
0.8527173062931084
0.8807237284951582
0.961704708985986
0.9086410165398525
0.9712373323030857
0.871642530442638
0.8524428841002896
1.0285201261153225
0.9113411034713844
1.0024328473019155
0.8716425313818774
0.889463667927897
1.0078971425399317
0.8983224148388593
0.9086410168157502
0.8552196896823433
0.8699877506722911
0.8898916955284324
1.0603112066659535
0.9786729110335182
0.9668779190366649
0.94120959190842
0.9584783981989266
0.870933847146493
0.899119253100091
1.0286023913896825
1.0583108289569791
0.8633144541574889
0.8606061882959047
1.0192232572102502
0.8696692202164911
0.8699877495829049
0.8779741101907523
0.9003820619092479
0.885445017678266
0.8795796053693781
0.8282028510167898
0.9946849406857058
0.9498829494770863
1.0011391379365269
0.8709338448155883
0.9619465408715728
0.9463234163803629
1.022786144687493
0.879183613922611
1.055725576441084
0.8366010087197415
0.8784496245151444
0.9113411032796916
0.8556182182370479
0.9498829473317976
0.8787078396540636
0.9102437502088468
0.8936951717515444
0.8670742758166009
0.8560020914696015
0.8896744538563846
0.9258672872260825
0.870933847146493
0.8709338455608677
0.9498829482846664
0.9498829473317976
0.8993440164841072
0.8791836144179662
0.8699877495829049
0.8716425362683358
0.9463234176070202
0.9086410169622512
0.8993440162787988
0.9463234148763351
0.8716425313818774
0.869987750468548
0.8791836100329348
0.9086410162598678
1.0616667840075245
1.061666786367728
1.0603112054294996
1.06031120357407
0.8953014215810818
1.0557255786133906
0.8709338448155883
0.8807237254992917
0.9619465410200672
0.9412095924749139
0.860415956058345
0.841452362863244
0.8633144520295567
0.8524428812639062
0.981757929773739
0.8987589645104468
1.0286023940862008
0.8898916971238494
1.0388684041427518
0.8953014278849495
0.9619465450027838
0.8807237284951582
0.870933844218261
1.0557255769663083
0.9412095861860146
0.8987589643102696
0.9817579301542534
0.8898916958611055
1.0286023966856077
0.8414523643095857
0.8604159569131418
0.852442883671218
0.8633144426851758
1.0388683975235662
0.9690502193231489
0.9690502211446557
0.8991192535656075
0.8991192516969151
0.8524428815513471
0.8524428841002896
0.8482399748700112
1.0227861478653644
0.871642530442638
0.9498829494770863
0.9258672831160566
0.9113411022441277
0.8667596103768471
0.8379329331143042
0.9786729069394242
0.9102437510671729
0.932114518342527
0.8464190290400377
1.0078971430169228
0.8670742715902373
1.0603112054294996
1.0874717822209787
0.8313050392192166
1.058310829280666
0.878707840748409
0.8604159554484229
1.0150062526598238
0.856002093056716
0.9198804093826923
0.8894636688288176
0.8560020920778845
0.8894636682126865
0.866776408433264
0.9198804075382465
0.8482399680745849
0.9258672866274844
0.9498829483649609
0.871642535341027
1.0227861506603615
0.911341102279162
0.8464190280641521
0.9321145232006609
0.867074273917332
1.0078971473119922
0.8379329319028413
0.8667596046954295
0.9102437498687845
0.9786729055956033
1.06031120357407
0.9198804075382465
0.8560020920778845
0.856002093056716
0.8894636682126865
0.8667764118609912
0.8894636688288176
0.8313050425839755
1.0874717873829989
0.8787078411152565
1.0583108254557447
1.0150062430384303
0.860415955468521
0.9198804093826923
0.8728047570800823
0.8728047542166759
0.8936951719472854
0.893695174862309
0.8874681597231833
0.8874681618470532
0.9660689677692472
0.9660689717133988
0.8981277960750925
0.9946849385908523
0.8620012168533362
0.8699877519160932
0.8366010049466681
1.0192232548069915
1.0052363286025956
0.8981277974501727
0.8983224137406001
0.9003820677598742
1.3010065448096892
0.9230915535090126
0.9617047094228635
0.8795796122482185
1.0616667840075245
0.952188617504343
0.8366010079759074
0.9668779206031157
0.8779741155503835
0.8633144541574889
0.9650654178662282
0.8596116924977681
0.8432760730564164
0.8745478829292439
0.8282028467369306
0.8895452804006135
0.833732557281966
0.8462560076601469
0.9983837830919752
0.8432760695500592
1.02852012497294
0.8896744560690731
0.8440880656743648
0.936605494844621
1.048226901550155
0.9660689677692472
0.827751251424631
0.8430060570261745
0.8784496245151444
0.8854450144270625
0.8854450158420453
0.8277512527753388
0.8684027454633653
0.8937148300600822
1.0518637401257123
0.8981277974501727
0.8366010079759074
0.8699877506722911
0.8620012231196315
0.9946849414455807
1.0192232566430075
0.9230915563417446
1.3010065456760196
0.8795796063147621
0.96170471032118
0.8981277960750925
1.0052363247075784
0.9003820621441394
0.8983224167525372
1.061666786367728
0.8432760695500592
0.8596116947095945
0.8282028509495207
0.8745478815018097
0.8337325653217271
0.8895452793126989
0.8366010049466681
0.9521886184744511
0.8779741071259175
0.9668779219680097
0.965065417326538
0.8633144451410106
0.8462560054685486
0.8430060583115309
0.8277512541776998
0.8854450167856113
0.8784496361275593
0.8277512544001002
0.885445017678266
0.8937148265447483
0.8684027384974377
0.8432760730564164
0.9983837851359697
0.8896744574722724
1.0285201247775517
0.936605499783733
0.8440880645907726
0.9660689717133988
1.048226900209345
1.0518637401827338
0.9230915535090126
0.9230915563417446
0.8606061884490634
0.8606061940397765
0.8950390416225995
0.8950390413592558
0.8623965052948964
0.8623965022523734
0.8937148302151161
0.8937148336682834
0.8696692202164911
1.0011391379365269
0.8620012197711836
1.03048394707798
0.8582344700256875
0.9929067150856226
0.8552196896823433
0.8952609810678193
0.8552196878603457
0.8929157483382412
0.9584783981989266
0.8583051400421426
0.971237333407291
0.8838105032713315
1.0388684041427518
0.9712373323030857
0.8830413541250418
0.9584783979074871
0.8929157518100117
1.0388684052703212
0.993282103963254
0.8556182182370479
0.8951085409389561
0.8527173072159407
0.8543856330682049
0.9079309110553304
0.8667764079174549
0.8697089253370432
0.9752045800672189
0.8603138225630832
1.0024328486998941
0.8582344738458871
0.8975246546789062
0.9375367113630952
0.9452938916239517
0.8684027454633653
0.8527173062931084
0.8456149396891897
0.8556182179762908
0.8838105054665569
0.9079309106085449
0.8697089259340848
0.866776408433264
0.8963883463091283
0.906660667982323
1.0024328473019155
0.8430060583115309
0.9752045782713927
0.8543856388776458
0.8975246535678725
0.9452938924811161
0.9375367110787572
0.9066606670277684
1.0087892401477079
0.8684027449556759
0.8620012168533362
0.8860633006128256
0.8696692177797135
0.9929067182374387
0.8952609818049022
0.8830413492074533
0.8583051420469182
0.845614941583481
0.8430060614703694
0.8951085433328413
0.8603138240693429
0.8696692267703797
0.8582344738458871
1.03048395038329
0.8620012262525496
1.0011391364065583
0.9929067182374387
0.8583051368221979
0.958478392732762
0.8838105054665569
0.9712373311399194
0.895260980421526
0.8552196838150099
0.8929157518100117
0.855219681816316
1.0388683975235662
0.8951085388454115
0.8556182202752567
0.8543856388776458
0.8527173040262177
0.866776410599243
0.9079309055736954
0.8830413531412084
0.9712373288689816
0.8929157483382412
0.9584783928713851
0.9932820993311651
1.0388683983014575
0.8697089275250435
0.845614941956004
0.8527173015816876
0.8838105032713315
0.8556182198638704
0.8697089264415676
0.9079309051753323
0.8963883442195815
0.8667764118609912
0.8603138184402017
0.9752045777759448
0.8582344700256875
1.0024328469188961
0.9375367177843826
0.8975246486843915
0.8684027384974377
0.9452938952274252
0.9066606646618789
0.88606329788804
0.8620012231196315
0.9929067150856226
0.8696692251738392
0.8830413495834146
0.8952609823546027
0.8456149442541333
0.8583051386535973
0.8951085416021978
0.8430060588922093
0.8430060570261745
1.0024328449427469
0.8543856330682049
0.9752045767619871
0.9452938952465143
0.8975246476188821
0.9066606627836422
0.9375367171259481
0.8684027386426095
1.0087892415055952
0.8603138204968009
0.99290671648914
0.9929067189660467
1.03048394707798
1.03048395038329
0.8929157457022939
0.8929157499559581
0.8838105031797135
0.8838105047412528
0.8543856385676063
0.8543856323301058
0.8582344709919145
0.8582344669497
