0.12131785797965239
0.12086210258178072
0.1345586333201583
0.1495146490176339
0.12252318933021326
0.13455863196829668
0.12086210258178075
0.12252318797835166
0.1495146490176339
0.12014656938922469
0.12252318878535909
0.12990417732868076
0.1299041773286808
0.12252319013722068
0.14951465013668397
0.11937564156437692
0.11226773695772324
0.13455863196829668
0.08871682736519329
0.08871682736519328
0.12252318797835166
0.09919829934911578
0.12131785797965239
0.11937564291623852
0.12086210258178075
0.10853544474662684
0.2505913839525189
0.09037889447116644
0.09460528364575255
0.10051777877548893
0.0908029066678452
0.09391833426290797
0.10451725075316279
0.09391833426290798
0.11029007386609602
0.11226773695772324
0.11937564291623852
0.08871682736519328
0.1345586333201583
0.10853544339476523
0.10051777877548893
0.09460528229389095
0.09037889311930483
0.25059138395251895
0.09080290531598359
0.08871682736519329
0.11937564156437692
0.12131785797965239
0.09919829934911578
0.12252318933021326
0.12086210258178072
0.10451725075316279
0.09391833291104637
0.11029007386609602
0.09391833291104637
0.20160598966351134
0.14240108275813823
0.12579334856299787
0.12579334856299787
0.14240108410999985
0.11346935380113177
0.13858137119644007
0.1362702932968007
0.11332300990850161
0.10778908264497694
0.1362702946486623
0.13858137119644007
0.10778908399683855
0.11332300990850162
0.13352735870521656
0.10355462689299619
0.11061103758669825
0.10298189434768414
0.10161437539857178
0.12554730625384525
0.09770691613720352
0.09159003180839523
0.13858137119644007
0.142401083971957
0.12324833195854176
0.11699900640559732
0.2489698741523572
0.08881768716309647
0.12492624760443709
0.10051777841068103
0.09770691597109626
0.124926247320395
0.11332300940566448
0.1029818940636722
0.1385813710583972
0.11357638287849604
0.2496770132228592
0.11816095835818652
0.10778908399683855
0.1324390506418765
0.13082097861037495
0.09037889447116644
0.12359133113641976
0.10885859537890102
0.12579334856299787
0.2613823858475763
0.12411355954877168
0.2543095084750692
0.12411355949605012
0.11517331097972104
0.11061103831288589
0.11423650443557433
0.11783596737220564
0.13825555319996322
0.11937564347973344
0.10451994060213457
0.17534853758835325
0.1077890830871563
0.12264258744799823
0.13627029385235942
0.11517331097972104
0.11029007331053732
0.09408319538452534
0.10451725108989268
0.13352735875794447
0.13627029520422101
0.12579334906583503
0.1181609588610538
0.1235913323082013
0.13825555319996322
0.11517331137713886
0.11061103758669825
0.10355462689299617
0.10161437539857177
0.10298189434768414
0.11699900775745893
0.10051777841068102
0.12492624895629868
0.08881768716309646
0.24896986874458635
0.09770691597109626
0.12554730625384525
0.14240108262009538
0.13858137119644007
0.09159003180839523
0.09770691613720352
0.12324833195854176
0.11332300940566448
0.1249262486722566
0.1385813710583972
0.1029818940636722
0.1106110383128859
0.11937564212787184
0.13825555319996322
0.11783596737220564
0.11423650443557433
0.10451994060213458
0.11029007331053732
0.11517331233158265
0.10451725108989268
0.09408319538452534
0.10778908443901791
0.17534853758835325
0.13627029520422101
0.12264258744799822
0.13352735875794447
0.11357638152663442
0.13243905064187653
0.10778908264497694
0.11816095835818652
0.24967701322285918
0.13082097861037498
0.1241135609006333
0.2613823858475763
0.12411356084791174
0.2543095084750692
0.12359133113641976
0.09037889311930483
0.12579334856299787
0.10885859537890101
0.11517331233158265
0.12579334906583503
0.13627029385235942
0.1235913323082013
0.1181609588610538
0.11517331272900047
0.13825555319996322
0.15186961519379596
0.11120628855814005
0.12264258744799822
0.12264258744799823
0.11120628855814005
0.16868324843162785
0.14049202324023624
0.1241135609006333
0.14888225483531473
0.14574441858164067
0.12411355954877168
0.14049202324023624
0.14574441858164067
0.14888225483531473
0.17534853758835325
0.09460528364575255
0.11332300940566448
0.1088585953261695
0.09159003130555807
0.10451725075316279
0.124926247320395
0.11332300940566448
0.09460528229389094
0.09159003130555807
0.1088585953261695
0.1249262486722566
0.10451725075316279
0.0991982993491158
0.09408319538452534
0.11783596737220564
0.08881768716309647
0.11029007331053732
0.10451994060213457
0.09770691597109626
0.10451725108989268
0.10161437539857178
0.11937564347973344
0.10051777841068103
0.10717197003106156
0.2496770132228592
0.09391833426290797
0.10717197042844924
0.12086210258178073
0.09080290661511367
0.1088585953261695
0.0991982993491158
0.09037889441843491
0.08871682686235614
0.11423650443557433
0.2489698741523572
0.11517331097972104
0.10355462689299619
0.11061103831288589
0.11699900640559732
0.10298189434768414
0.13825555319996322
0.12492624760443709
0.11061103758669825
0.2543095084750692
0.124926247320395
0.2613823858475763
0.11699900640559732
0.11517331137713886
0.10161437539857178
0.11120628911373523
0.11029007386609602
0.10451994009929744
0.1345586333201583
0.12705277834916226
0.14888225483531473
0.0903788930665733
0.14049202312686052
0.10853544283920019
0.10885859537890102
0.1299041773286808
0.09460528364575255
0.12014656872028032
0.10451725108989268
0.14574441858164067
0.1385813710583972
0.12411355949605012
0.12554730641995251
0.17534853747497753
0.12492624760443709
0.1035546272824841
0.24975163971534195
0.09408319583464453
0.11423650399336484
0.11226773723720988
0.11120628855814005
0.14574441858164067
0.12579334906583503
0.14574441858164067
0.2016059893794994
0.2543095084750692
0.09460528364575255
0.2525878935418584
0.10853544419106181
0.13627029520422101
0.2525878935418584
0.10778908443901791
0.2543095084750692
0.1135763826023938
0.1362702946486623
0.2613823858475763
0.1029818940636722
0.12131785803237397
0.08881768676570881
0.08871682686235614
0.1385813710583972
0.09391833426290798
0.09037889441843491
0.13307791301396632
0.11423650399336484
0.13352735870521656
0.17453585728292342
0.09408319583464453
0.12264258744799823
0.12264258744799822
0.11517331272900047
0.17534853747497753
0.11423650399336484
0.11816095835818652
0.10451725075316279
0.1362702946486623
0.10451994009929744
0.13825555319996322
0.09408319583464453
0.13352735875794447
0.11517331137713886
0.13307791301396632
0.13352735870521656
0.11517331097972104
0.09159003180839523
0.09391833291104637
0.11332300990850162
0.10717197042844924
0.12492624895629868
0.09919829934911578
0.10451725108989268
0.08881768716309647
0.11029007331053732
0.10298189434768414
0.10161437539857177
0.13858137119644007
0.09037889447116644
0.09391833426290797
0.12990417732868076
0.11783596737220564
0.09408319538452534
0.11029007331053732
0.08881768716309646
0.10717197003106158
0.12086210258178075
0.10717197042844924
0.09391833291104637
0.2496770132228592
0.09080290526325205
0.10451994060213458
0.11937564212787184
0.10161437539857177
0.10451725108989268
0.09770691597109626
0.10051777841068102
0.0991982993491158
0.1088585953261695
0.08871682686235614
0.0903788930665733
0.10161437539857178
0.1345586319682967
0.10451994009929744
0.11029007386609602
0.11120628911373523
0.12705277834916226
0.12990417732868076
0.10885859537890101
0.12014656872028032
0.09460528229389095
0.09037889441843491
0.14888225483531473
0.10853544419106181
0.14049202312686052
0.10451725108989268
0.11423650443557433
0.1106110383128859
0.10355462689299617
0.11517331233158265
0.24896986874458635
0.11699900775745893
0.1249262486722566
0.2543095084750692
0.11699900775745893
0.2613823858475763
0.13825555319996322
0.10298189434768414
0.11061103758669825
0.12492624895629868
0.11517331272900047
0.1385813710583972
0.14574441858164067
0.12554730641995251
0.12411356084791174
0.12492624895629868
0.17534853747497753
0.13307791301396632
0.09408319583464453
0.17453585728292342
0.13352735870521656
0.11423650399336484
0.12264258744799822
0.10451725075316279
0.11816095835818652
0.10451994009929744
0.1362702932968007
0.11517331137713886
0.12264258744799823
0.11423650399336484
0.17534853747497753
0.13825555319996322
0.09391833426290798
0.09159003180839523
0.10717197042844924
0.11332300990850161
0.09919829934911578
0.12492624760443709
0.13352735875794447
0.09408319583464453
0.13307791301396632
0.11517331272900047
0.11517331233158265
0.13352735870521656
0.10451725108989268
0.1035546272824841
0.11226773723720988
0.11423650399336484
0.09408319583464453
0.24975163971534195
0.11120628855814005
0.09460528229389094
0.2543095084750692
0.10853544283920019
0.25258789894962924
0.12579334906583503
0.14574441858164067
0.2016059893794994
0.14574441858164067
0.13627029385235942
0.12131785803237397
0.1029818940636722
0.08871682686235614
0.0888176867657088
0.09391833291104637
0.1385813710583972
0.1077890830871563
0.25258789894962924
0.11357638125053221
0.2543095084750692
0.2613823858475763
0.1362702932968007
0.0903788930665733
0.11029007331053732
0.08881768716309646
0.10161437539857178
0.10298189434768414
0.09037889311930483
0.13858137119644007
0.1299041773286808
0.09391833291104637
0.17453585705615837
0.1035546272824841
0.13307791301396632
0.13307791301396632
0.1035546272824841
0.15186961519379596
0.09159003130555807
0.1181609588610538
0.12554730641995251
0.11357638125053221
0.1181609588610538
0.09159003130555807
0.1135763826023938
0.12554730641995251
0.1235913323082013
0.08881768676570881
0.12264258744799822
0.11699900640559732
0.15186961508041028
0.11332300990850162
0.12411355949605012
0.12264258744799823
0.0888176867657088
0.15186961508041028
0.11699900775745893
0.12411356084791174
0.11332300990850161
0.14049202312686052
0.09408319538452534
0.11783596737220564
0.10355462689299619
0.11061103758669825
0.12579334856299787
0.10778908399683855
0.09460528364575255
0.11029007386609602
0.11783596737220564
0.09408319538452534
0.11061103758669825
0.10355462689299617
0.10778908264497694
0.12579334856299787
0.11029007386609602
0.09460528229389095
0.12131785797965239
0.09460528364575255
0.11029007386609602
0.09391833426290797
0.1299041773286808
0.12705277834916226
0.09080290661511367
0.12014656872028032
0.11029007331053732
0.1345586333201583
0.12086210258178073
0.0908029066678452
0.2505913839525189
0.12252318797835166
0.09391833426290798
0.14951465013668397
0.12252318878535909
0.09460528364575255
0.12086210258178075
0.1345586319682967
0.12131785803237397
0.11120628911373523
0.2496770132228592
0.10885859537890102
0.09408319538452534
0.10161437539857178
0.10717197003106156
0.08881768716309647
0.10451994009929744
0.10717197042844924
0.11783596737220564
0.2525878935418584
0.09770691613720352
0.2496770132228592
0.08881768676570881
0.09408319583464453
0.10051777877548893
0.10853544474662684
0.12086210258178075
0.10451725075316279
0.12252319013722068
0.12014656938922469
0.14049202324023624
0.09080290526325205
0.12705277834916226
0.09460528229389094
0.09037889447116644
0.1495146490176339
0.13455863196829668
0.12990417732868076
0.11029007331053732
0.14574441858164067
0.12324833195854176
0.13082097861037495
0.09159003130555807
0.12264258744799822
0.10298189434768414
0.11699900640559732
0.2543095084750692
0.10717197042844924
0.11517331137713886
0.08871682686235614
0.1088585953261695
0.12411355954877168
0.11346935380113177
0.13082097866309653
0.12579334906583503
0.2613823858475763
0.09080290661511367
0.2496770132228592
0.09037889441843491
0.10778908443901791
0.2543095084750692
0.13082097866309653
0.2758665729478838
0.1181609588610538
0.11816095835818652
0.2543095084750692
0.124926247320395
0.12086210258178073
0.10717197003106156
0.0991982993491158
0.11332300940566448
0.09391833426290797
0.1088585953261695
0.15186961508041028
0.1135763826023938
0.11332300990850161
0.13307791301396632
0.0888176867657088
0.09159003130555807
0.15186961519379596
0.11699900775745893
0.12554730641995251
0.1035546272824841
0.11357638287849604
0.10051777877548893
0.14240108275813823
0.10161437539857178
0.1106110383128859
0.1035546272824841
0.12264258744799823
0.1181609588610538
0.17453585705615837
0.13307791301396632
0.11423650443557433
0.12554730625384525
0.09080290531598359
0.11346935380113177
0.10717197003106158
0.11699900775745893
0.08871682736519328
0.10451994060213457
0.11699900640559732
0.12705277834916226
0.13082097861037495
0.10451994060213458
0.12554730625384525
0.10853544474662684
0.10717197003106156
0.12014656938922469
0.08881768676570881
0.2525878935418584
0.09391833426290798
0.09408319583464453
0.12131785803237397
0.09460528364575255
0.11120628855814005
0.08871682686235614
0.10853544419106181
0.11226773723720988
0.2496770132228592
0.12252318878535909
0.2505913839525189
0.1345586319682967
0.11937564212787184
0.24975163971534195
0.1029818940636722
0.2543095084750692
0.1035546272824841
0.11423650399336484
0.2489698741523572
0.09770691613720352
0.14951465013668397
0.0908029066678452
0.12086210258178075
0.10051777841068102
0.12252318797835166
0.09770691597109626
0.2489698741523572
0.1345586319682967
0.2496770132228592
0.11937564212787184
0.14240108262009538
0.2505913839525189
0.2496770132228592
0.12252318878535909
0.10355462689299619
0.11029007386609602
0.10778908399683855
0.11783596737220564
0.11061103758669825
0.11937564156437692
0.09408319538452534
0.12086210258178072
0.13455863196829668
0.12264258744799822
0.10778908443901791
0.09159003180839523
0.13352735875794447
0.1029818940636722
0.11332300940566448
0.11332300940566448
0.13082097866309655
0.11346935380113177
0.1077890830871563
0.13627029520422101
0.12324833195854176
0.14240108262009538
0.1385813710583972
0.12579334906583503
0.1029818940636722
0.1686832486583929
0.13082097866309653
0.12264258744799823
0.09159003180839523
0.14574441858164067
0.17534853758835325
0.09770691613720352
0.12554730625384525
0.1249262486722566
0.1241135609006333
0.13858137119644007
0.14888225483531473
0.11517331097972104
0.10451994009929744
0.11816095835818652
0.13825555319996322
0.12359133113641976
0.1362702946486623
0.10885859537890102
0.10451725075316279
0.11061103831288589
0.11120628911373523
0.1324390506418765
0.11423650443557433
0.11357638152663442
0.20160598966351134
0.10161437539857178
0.10853544339476523
0.08871682736519329
0.11423650443557433
0.10161437539857178
0.11357638287849604
0.1106110383128859
0.13243905064187653
0.14240108275813823
0.11120628911373523
0.10051777877548893
0.11937564156437692
0.11226773695772324
0.11029007386609602
0.09460528229389095
0.12990417732868076
0.09391833291104637
0.09080290531598359
0.14951465013668397
0.09391833291104637
0.12252318933021326
0.25059138395251895
0.12252319013722068
0.12705277834916226
0.1345586319682967
0.11029007331053732
0.12014656872028032
0.09080290526325205
0.12086210258178075
0.12086210258178073
0.09460528229389094
0.12131785803237397
0.1345586333201583
0.10051777877548893
0.12252318878535909
0.10451725075316279
0.12086210258178072
0.10853544339476523
0.12014656938922469
0.1495146490176339
0.09037889311930483
0.1299041773286808
0.1345586333201583
0.09080290661511367
0.14049202324023624
0.09460528364575255
0.12705277834916226
0.11029007331053732
0.11120628911373523
0.10161437539857178
0.09408319538452534
0.10885859537890101
0.2496770132228592
0.10717197003106158
0.09770691613720352
0.25258789894962924
0.0888176867657088
0.24967701322285918
0.10451994009929744
0.08881768716309646
0.11783596737220564
0.10717197042844924
0.09408319583464453
0.12324833195854176
0.14574441858164067
0.09159003130555807
0.13082097861037498
0.10298189434768414
0.12264258744799823
0.15186961508041028
0.08881768676570881
0.13307791301396632
0.11332300990850162
0.11357638125053221
0.09159003130555807
0.10051777877548893
0.11357638152663442
0.10161437539857178
0.14240108410999985
0.11699900640559732
0.15186961519379596
0.1035546272824841
0.12554730641995251
0.11061103831288589
0.0908029066678452
0.12554730625384525
0.10717197003106156
0.11346935380113177
0.08871682736519329
0.11699900640559732
0.12264258744799822
0.1035546272824841
0.17453585705615837
0.1181609588610538
0.11423650443557433
0.13307791301396632
0.10451994060213458
0.11699900775745893
0.08871682686235614
0.11517331272900047
0.10717197042844924
0.2543095084750692
0.1088585953261695
0.09080290526325205
0.2613823858475763
0.0903788930665733
0.2496770132228592
0.11346935380113177
0.1241135609006333
0.12579334906583503
0.13082097866309655
0.1077890830871563
0.12086210258178075
0.1249262486722566
0.0991982993491158
0.10717197003106158
0.09391833291104637
0.11332300940566448
0.13082097866309655
0.2543095084750692
0.1181609588610538
0.2758665729478838
0.2543095084750692
0.11816095835818652
0.1088585953261695
0.12705277834916226
0.11699900775745893
0.10451994060213457
0.13082097861037498
0.10853544339476523
0.12554730625384525
0.12014656938922469
0.10717197003106158
0.12264258744799823
0.1029818940636722
0.13352735875794447
0.09159003180839523
0.1077890830871563
0.11332300940566448
0.12324833195854176
0.13627029385235942
0.1385813710583972
0.142401083971957
0.13082097866309653
0.11332300940566448
0.10778908443901791
0.11346935380113177
0.12579334906583503
0.09770691613720352
0.17534853758835325
0.124926247320395
0.12554730625384525
0.13858137119644007
0.12411355954877168
0.1686832486583929
0.1029818940636722
0.12264258744799822
0.13082097866309655
0.14574441858164067
0.09159003180839523
0.14888225483531473
0.11120628911373523
0.1106110383128859
0.11423650443557433
0.13243905064187653
0.20160598966351134
0.11357638287849604
0.10853544474662684
0.10161437539857178
0.10451994009929744
0.11517331233158265
0.13825555319996322
0.11816095835818652
0.1362702932968007
0.12359133113641976
0.10451725075316279
0.10885859537890101
0.08871682736519328
0.0888176867657088
0.12131785803237397
0.09408319583464453
0.09391833291104637
0.25258789894962924
0.09460528229389094
0.12252319013722068
0.24967701322285918
0.1345586333201583
0.25059138395251895
0.08871682686235614
0.11120628855814005
0.11226773723720988
0.10853544283920019
0.11937564347973344
0.14951465013668397
0.09770691613720352
0.12086210258178073
0.09080290531598359
0.12252318933021326
0.10051777841068103
0.1029818940636722
0.24975163971534195
0.1035546272824841
0.2543095084750692
0.24896986874458635
0.11423650399336484
0.09770691597109626
0.11029007386609602
0.10355462689299617
0.11783596737220564
0.10778908264497694
0.11937564291623852
0.11061103758669825
0.12086210258178075
0.09408319538452534
0.1345586333201583
0.24896986874458635
0.11937564347973344
0.24967701322285918
0.25059138395251895
0.142401083971957
0.12252319013722068
0.2496770132228592
0.1345586333201583
0.10161437539857178
0.11423650443557433
0.11061103831288589
0.11357638152663442
0.14240108410999985
0.1324390506418765
0.10051777877548893
0.11120628911373523
0.11226773695772324
0.11937564291623852
0.14049202312686052
0.09037889441843491
0.10451725108989268
0.10451725108989268
0.0903788930665733
0.0991982993491158
0.10051777841068103
0.10853544283920019
0.08871682686235614
0.11937564347973344
0.10853544419106181
0.10051777841068102
0.11937564212787184
0.08871682686235614
0.11226773723720988
0.09770691597109626
0.14888225483531473
0.1088585953261695
0.10451994060213457
0.10161437539857178
0.11120628855814005
0.14888225483531473
0.09770691597109626
0.10451994060213458
0.1088585953261695
0.11120628855814005
0.10161437539857177
0.16868324843162785
0.12411355949605012
0.12554730641995251
0.1181609588610538
0.1235913323082013
0.1324390506418765
0.1135763826023938
0.13082097861037495
0.09159003130555807
0.12554730641995251
0.12411356084791174
0.1235913323082013
0.1181609588610538
0.11357638125053221
0.13243905064187653
0.09159003130555807
0.13082097861037498
0.11346935380113177
0.14574441858164067
0.1385813710583972
0.13627029520422101
0.12579334906583503
0.2016059893794994
0.14240108262009538
0.14574441858164067
0.12324833195854176
0.14240108275813823
0.12579334856299787
0.1385813710583972
0.14574441858164067
0.12579334906583503
0.13627029385235942
0.142401083971957
0.2016059893794994
0.12324833195854176
0.14574441858164067
0.12579334856299787
0.14240108410999985
0.20160598966351134
0.12579334856299787
0.10778908264497694
0.13858137119644007
0.09037889311930483
0.13082097861037498
0.12324833195854176
0.10885859537890101
0.10298189434768414
0.24967701322285918
0.09770691613720352
0.11346935380113177
0.14240108275813823
0.08871682736519328
0.11332300990850161
0.09080290531598359
0.10051777877548893
0.09159003130555807
0.10717197003106158
0.10161437539857178
0.0888176867657088
0.13243905064187653
0.14240108262009538
0.12359133113641976
0.11061103758669825
0.11357638152663442
0.12554730625384525
0.10161437539857177
0.11816095835818652
0.09159003180839523
0.10355462689299617
0.1135763826023938
0.12554730625384525
0.11357638287849604
0.15186961508041028
0.13307791301396632
0.14240108410999985
0.20160598966351134
0.11937564291623852
0.1362702932968007
0.25059138395251895
0.10853544339476523
0.14574441858164067
0.2496770132228592
0.11120628911373523
0.25258789894962924
0.12579334856299787
0.1345586333201583
0.11226773695772324
0.09460528229389095
0.09408319538452534
0.2016059893794994
0.142401083971957
0.1324390506418765
0.11357638125053221
0.11423650399336484
0.11061103758669825
0.12554730641995251
0.14574441858164067
0.10451994009929744
0.17534853747497753
0.10853544283920019
0.14888225483531473
0.14888225483531473
0.13082097866309655
0.1686832486583929
0.14574441858164067
0.12411355949605012
0.12705277834916226
0.11120628911373523
0.14049202312686052
0.12264258744799822
0.10853544419106181
0.11346935380113177
0.13082097866309653
0.12554730641995251
0.10451994009929744
0.11699900640559732
0.1385813710583972
0.1345586333201583
0.10161437539857178
0.0903788930665733
0.1029818940636722
0.11029007386609602
0.08871682686235614
0.11357638125053221
0.2016059893794994
0.1362702932968007
0.11423650399336484
0.25258789894962924
0.14574441858164067
0.11120628855814005
0.2543095084750692
0.14574441858164067
0.24975163971534195
0.1324390506418765
0.10853544339476523
0.20160598966351134
0.11120628911373523
0.11423650443557433
0.11226773723720988
0.1077890830871563
0.12579334906583503
0.1035546272824841
0.09408319583464453
0.11061103831288589
0.142401083971957
0.25059138395251895
0.14240108410999985
0.2496770132228592
0.24896986874458635
0.11937564291623852
0.11937564347973344
0.10051777841068103
0.09080290526325205
0.12324833195854176
0.09770691597109626
0.09770691613720352
0.10051777877548893
0.12086210258178073
0.12252319013722068
0.09159003130555807
0.14574441858164067
0.10451725075316279
0.12264258744799822
0.09460528229389094
0.14049202324023624
0.16868324843162785
0.1088585953261695
0.14888225483531473
0.11120628855814005
0.13082097861037495
0.12014656938922469
0.10853544474662684
0.12705277834916226
0.10451994060213458
0.11120628855814005
0.11332300940566448
0.12411355954877168
0.15186961519379596
0.12264258744799823
0.11699900640559732
0.12324833195854176
0.12252319013722068
0.10051777877548893
0.09080290526325205
0.09770691597109626
0.12086210258178075
0.10051777841068103
0.09770691597109626
0.12086210258178075
0.09770691613720352
0.10051777841068102
0.12324833195854176
0.0908029066678452
0.09080290661511367
0.14951465013668397
0.10161437539857178
0.09391833291104637
0.13858137119644007
0.08881768716309646
0.10298189434768414
0.08871682736519329
0.11029007331053732
0.12252318933021326
0.1495146490176339
0.1181609588610538
0.12579334906583503
0.11816095835818652
0.11517331272900047
0.2543095084750692
0.1241135609006333
0.1088585953261695
0.2758665729478838
0.13082097866309655
0.2543095084750692
0.1235913323082013
0.13082097861037498
0.13243905064187653
0.12411356084791174
0.1181609588610538
0.08871682686235614
0.13082097866309655
0.11346935380113177
0.11699900775745893
0.10717197042844924
0.12554730641995251
0.13627029385235942
0.24967701322285918
0.11357638152663442
0.2613823858475763
0.2543095084750692
0.10778908264497694
0.10853544283920019
0.10451725108989268
0.10717197042844924
0.09159003180839523
0.12492624895629868
0.10885859537890101
0.11332300990850162
0.12014656872028032
0.09391833291104637
0.11937564347973344
0.2496770132228592
0.142401083971957
0.24896986874458635
0.24967701322285918
0.14240108410999985
0.1345586333201583
0.25059138395251895
0.12252318933021326
0.10451994060213457
0.10717197003106158
0.12554730625384525
0.11699900775745893
0.13082097861037498
0.11346935380113177
0.12705277834916226
0.09080290531598359
0.12086210258178072
0.1345586333201583
0.11332300990850162
0.1362702946486623
0.09919829934911578
0.13352735870521656
0.09391833291104637
0.10451725075316279
0.12264258744799823
0.10717197042844924
0.10451994009929744
0.09408319583464453
0.10778908399683855
0.12086210258178072
0.11937564156437692
0.11029007386609602
0.11783596737220564
0.11423650399336484
0.09159003180839523
0.11816095835818652
0.13307791301396632
0.17453585728292342
0.10355462689299619
0.13858137119644007
0.12252318933021326
0.08871682736519329
0.09391833291104637
0.08881768716309646
0.12131785797965239
0.10161437539857178
0.12492624760443709
0.12014656872028032
0.10885859537890102
0.10451725108989268
0.09159003180839523
0.09460528364575255
0.10717197042844924
0.1299041773286808
0.11061103758669825
0.09460528229389095
0.12579334856299787
0.09408319538452534
0.10355462689299617
0.11226773695772324
0.11783596737220564
0.1345586333201583
0.12086210258178075
0.10298189434768414
0.12990417732868076
0.09037889447116644
0.11029007331053732
0.10161437539857177
0.13455863196829668
0.08881768716309647
0.1495146490176339
0.12252318797835166
0.12131785797965239
0.13825555319996322
0.10885859537890101
0.12359133113641976
0.11517331233158265
0.11816095835818652
0.12579334856299787
0.10451994009929744
0.09037889311930483
0.09919829934911578
0.11937564291623852
0.08871682736519328
0.12411356084791174
0.1385813710583972
0.11517331233158265
0.12492624895629868
0.2613823858475763
0.1249262486722566
0.09770691597109626
0.2543095084750692
0.1029818940636722
0.24896986874458635
0.12554730641995251
0.11699900775745893
0.1106110383128859
0.11699900775745893
0.1035546272824841
0.10051777841068102
0.1241135609006333
0.11332300940566448
0.11699900775745893
0.08881768716309646
0.15186961519379596
0.14574441858164067
0.24896986874458635
0.11423650443557433
0.2543095084750692
0.24975163971534195
0.10355462689299617
0.11120628855814005
0.14049202312686052
0.11699900775745893
0.12264258744799823
0.12411356084791174
0.11120628911373523
0.15186961508041028
0.12705277834916226
0.0888176867657088
0.10853544283920019
0.2613823858475763
0.13627029385235942
0.2543095084750692
0.25258789894962924
0.11357638152663442
0.09460528229389094
0.24967701322285918
0.09080290531598359
0.14888225483531473
0.1249262486722566
0.17534853758835325
0.1241135609006333
0.14574441858164067
0.12554730625384525
0.14049202324023624
0.09770691613720352
0.10051777877548893
0.09037889311930483
0.0903788930665733
0.2543095084750692
0.1077890830871563
0.2613823858475763
0.2496770132228592
0.11357638125053221
0.09080290526325205
0.25258789894962924
0.09460528229389095
0.25059138395251895
0.10853544339476523
0.17534853747497753
0.12492624895629868
0.13825555319996322
0.11517331272900047
0.11423650399336484
0.11061103758669825
0.12264258744799822
0.10298189434768414
0.11332300990850161
0.10778908264497694
0.13858137119644007
0.1362702932968007
0.10778908399683855
0.12579334856299787
0.09037889447116644
0.13858137119644007
0.11346935380113177
0.0908029066678452
0.11332300990850162
0.08871682736519329
0.14240108410999985
0.10051777877548893
0.13082097861037495
0.2496770132228592
0.10298189434768414
0.10885859537890102
0.12324833195854176
0.09770691613720352
0.10717197003106156
0.09159003130555807
0.08881768676570881
0.10161437539857178
0.14240108275813823
0.2505913839525189
0.1362702946486623
0.11937564156437692
0.20160598966351134
0.10853544474662684
0.13455863196829668
0.12579334856299787
0.09460528364575255
0.11226773695772324
0.2496770132228592
0.14574441858164067
0.2525878935418584
0.11120628911373523
0.09408319538452534
0.1324390506418765
0.11357638287849604
0.11061103758669825
0.12359133113641976
0.142401083971957
0.12554730625384525
0.12554730625384525
0.11357638125053221
0.15186961508041028
0.11357638152663442
0.11816095835818652
0.10161437539857178
0.10355462689299619
0.09159003180839523
0.13307791301396632
0.14240108262009538
0.2016059893794994
0.1135763826023938
0.13243905064187653
0.11061103758669825
0.11423650399336484
0.1135763826023938
0.2525878935418584
0.11423650399336484
0.1362702946486623
0.2016059893794994
0.14574441858164067
0.10853544474662684
0.13243905064187653
0.11120628911373523
0.20160598966351134
0.2543095084750692
0.11120628855814005
0.24975163971534195
0.14574441858164067
0.11423650443557433
0.2505913839525189
0.14240108262009538
0.2496770132228592
0.14240108275813823
0.11937564156437692
0.2489698741523572
0.10778908443901791
0.11226773723720988
0.1035546272824841
0.12579334906583503
0.1106110383128859
0.09408319583464453
0.11937564212787184
0.12554730641995251
0.10853544419106181
0.17534853747497753
0.10451994009929744
0.14574441858164067
0.14888225483531473
0.12705277834916226
0.12411356084791174
0.14049202312686052
0.11120628911373523
0.13082097866309653
0.14888225483531473
0.14574441858164067
0.1686832486583929
0.12264258744799823
0.1345586319682967
0.1385813710583972
0.09037889441843491
0.10161437539857178
0.11029007386609602
0.1029818940636722
0.11346935380113177
0.10853544283920019
0.12554730641995251
0.13082097866309655
0.11699900775745893
0.10451994009929744
0.08871682686235614
0.09080290661511367
0.10051777841068102
0.09770691597109626
0.12324833195854176
0.10051777877548893
0.09770691613720352
0.12252318878535909
0.12086210258178075
0.1181609588610538
0.2543095084750692
0.11517331137713886
0.11816095835818652
0.12579334906583503
0.12411355954877168
0.13082097861037495
0.1235913323082013
0.12411355949605012
0.1324390506418765
0.2758665729478838
0.1088585953261695
0.2543095084750692
0.13082097866309653
0.1181609588610538
0.2496770132228592
0.13627029520422101
0.2613823858475763
0.11357638287849604
0.10778908399683855
0.2543095084750692
0.13082097866309653
0.08871682686235614
0.11699900640559732
0.11346935380113177
0.12554730641995251
0.10717197042844924
0.10853544419106181
0.2496770132228592
0.11937564212787184
0.2489698741523572
0.14240108262009538
0.14240108275813823
0.2496770132228592
0.2505913839525189
0.1345586319682967
0.10717197042844924
0.10451725108989268
0.12492624760443709
0.09159003180839523
0.11332300990850161
0.10885859537890102
0.09391833426290798
0.12014656872028032
0.12252318797835166
0.09159003130555807
0.09460528364575255
0.12264258744799823
0.10451725075316279
0.14574441858164067
0.14049202324023624
0.12014656938922469
0.13082097861037498
0.12705277834916226
0.10853544339476523
0.1088585953261695
0.16868324843162785
0.11120628855814005
0.14888225483531473
0.10451994060213457
0.12252318878535909
0.12324833195854176
0.09080290661511367
0.10051777877548893
0.12086210258178072
0.09770691597109626
0.11332300940566448
0.11120628855814005
0.15186961519379596
0.1241135609006333
0.11699900775745893
0.12264258744799822
0.10051777841068102
0.09391833426290797
0.10161437539857177
0.08881768716309647
0.13858137119644007
0.08871682736519328
0.10298189434768414
0.12252318797835166
0.11029007331053732
0.12086210258178073
0.09770691597109626
0.10051777841068103
0.09770691613720352
0.09080290531598359
0.12324833195854176
0.14951465013668397
0.09080290526325205
0.1495146490176339
0.10717197003106156
0.10451994060213458
0.11699900640559732
0.12554730625384525
0.11346935380113177
0.13082097861037495
0.0908029066678452
0.12705277834916226
0.13455863196829668
0.12086210258178075
0.12411355949605012
0.2613823858475763
0.12492624760443709
0.11517331097972104
0.1385813710583972
0.124926247320395
0.11699900640559732
0.12554730641995251
0.11699900640559732
0.11061103831288589
0.2543095084750692
0.09770691597109626
0.2489698741523572
0.1029818940636722
0.1035546272824841
0.2489698741523572
0.14574441858164067
0.2543095084750692
0.11423650443557433
0.10355462689299619
0.24975163971534195
0.12411355954877168
0.10051777841068103
0.11699900640559732
0.11332300940566448
0.15186961519379596
0.08881768716309647
0.11120628855814005
0.2613823858475763
0.10853544419106181
0.2543095084750692
0.13627029520422101
0.11357638287849604
0.2525878935418584
0.2496770132228592
0.09460528364575255
0.11699900640559732
0.14049202312686052
0.12411355949605012
0.12264258744799822
0.15186961508041028
0.11120628911373523
0.08881768676570881
0.12705277834916226
0.0908029066678452
0.2543095084750692
0.09037889441843491
0.2613823858475763
0.10778908443901791
0.1135763826023938
0.2496770132228592
0.2525878935418584
0.09080290661511367
0.2505913839525189
0.09460528364575255
0.124926247320395
0.14888225483531473
0.12411355954877168
0.17534853758835325
0.12554730625384525
0.14574441858164067
0.09770691613720352
0.14049202324023624
0.09037889447116644
0.10051777877548893
0.10853544474662684
0.11332300990850161
0.09391833426290798
0.13352735870521656
0.09919829934911578
0.1362702932968007
0.10451725075316279
0.12086210258178075
0.10778908264497694
0.11029007386609602
0.11937564291623852
0.10717197042844924
0.12264258744799822
0.09408319583464453
0.10451994009929744
0.11783596737220564
0.12252318797835166
0.13858137119644007
0.09391833426290797
0.08871682736519328
0.12131785797965239
0.08881768716309647
0.09159003180839523
0.11423650399336484
0.13307791301396632
0.11816095835818652
0.10355462689299617
0.17453585728292342
0.10161437539857177
0.09460528364575255
0.11061103758669825
0.09408319538452534
0.12579334856299787
0.11226773695772324
0.10355462689299619
0.13455863196829668
0.11783596737220564
0.12014656872028032
0.12492624895629868
0.10451725108989268
0.10885859537890101
0.09460528229389095
0.09159003180839523
0.12990417732868076
0.10717197042844924
0.12086210258178072
0.10885859537890102
0.13825555319996322
0.11517331097972104
0.12359133113641976
0.12579334856299787
0.11816095835818652
0.09037889447116644
0.10451994009929744
0.11937564156437692
0.09919829934911578
0.1299041773286808
0.10298189434768414
0.11029007331053732
0.09037889311930483
0.1345586333201583
0.10161437539857178
0.1495146490176339
0.08881768716309646
0.12131785797965239
0.12252318933021326
0.08871682736519329
0.12492624760443709
0.17534853747497753
0.11517331137713886
0.13825555319996322
0.11061103758669825
0.11423650399336484
0.10298189434768414
0.12264258744799823
0.10778908399683855
0.11332300990850162
0.1362702946486623
0.13858137119644007
0.1235913323082013
0.13627029520422101
0.13825555319996322
0.13825555319996322
0.13627029385235942
0.17534853758835325
0.10451994060213458
0.1181609588610538
0.12264258744799822
0.11423650443557433
0.1181609588610538
0.10451994060213457
0.11423650443557433
0.12264258744799823
0.17453585705615837
0.11937564212787184
0.12579334906583503
0.10778908443901791
0.1106110383128859
0.11783596737220564
0.1035546272824841
0.12579334906583503
0.11937564347973344
0.11061103831288589
0.1077890830871563
0.1035546272824841
0.11783596737220564
0.11226773723720988
0.09037889441843491
0.08871682686235614
0.1029818940636722
0.1385813710583972
0.10161437539857178
0.08881768676570881
0.1345586319682967
0.12131785803237397
0.08871682686235614
0.0903788930665733
0.1385813710583972
0.1029818940636722
0.0888176867657088
0.10161437539857178
0.12131785803237397
0.1345586333201583
0.14951465013668397
0.1088585953261695
0.0991982993491158
0.124926247320395
0.11332300940566448
0.09159003130555807
0.10717197003106156
0.09460528364575255
0.12086210258178073
0.12252318878535909
0.1299041773286808
0.0991982993491158
0.1088585953261695
0.11332300940566448
0.1249262486722566
0.10717197003106158
0.09159003130555807
0.12086210258178075
0.09460528229389094
0.12990417732868076
0.12252319013722068
0.12014656938922469
0.11517331137713886
0.10451725108989268
0.11517331097972104
0.13352735875794447
0.13307791301396632
0.09408319538452534
0.09408319583464453
0.11029007331053732
0.09391833426290798
0.11029007386609602
0.09391833426290797
0.10451725075316279
0.10451725108989268
0.11517331272900047
0.13352735875794447
0.11517331233158265
0.09408319538452534
0.13307791301396632
0.11029007331053732
0.09408319583464453
0.11029007386609602
0.09391833291104637
0.10451725075316279
0.09391833291104637
0.13352735870521656
