0.7476517369049268
0.7476517341521883
0.8068799060253067
0.8068799071183048
0.7433954371852329
0.8820474668199481
0.8124222924484602
0.8068799071183048
1.272910972697976
0.8820474654189154
0.7433954380537137
1.2729109740679942
0.8068799060253067
0.8124222941146055
0.8820474654189154
0.8820474668199481
0.8124222964416353
0.8124222945469414
0.806879908105296
0.8068799094691593
0.8828757571165955
1.2729109740679942
0.7924932736126817
0.7476517369049268
0.8828757573000948
0.7433954380537137
0.8068799060253067
0.7924932745198366
0.8124222941146055
0.7476517341521883
1.1665722769441995
0.9405219442252337
1.1665722768388227
0.8730489155285983
0.8453471115575015
0.8828757573000948
0.8828757571165955
0.7476517341521883
0.7924932745198366
1.272910972697976
0.7433954371852329
0.9405219474083424
1.1665722781192038
0.873048910912406
1.1665722782245809
0.7924932736126817
0.8068799071183048
0.7476517369049268
0.8124222924484602
0.8453471042124167
0.9604328299558309
0.9604328303899542
0.8508746363141072
0.8508746343988363
0.99387031908058
0.9938703167420291
0.9757621579064283
1.21313178169879
0.9010902676369487
0.9938703167420291
0.8828757552049485
0.9305897563683238
0.9405219442252337
0.8508746349667231
0.9305897554523037
0.9604328303899542
1.3655177379575478
0.8730489178984724
1.2131317813543787
0.940521945083192
0.9938703164619695
1.1665722768388227
0.8508746370688753
1.3603710464401821
0.8508746363141072
0.7924932736126817
1.3655177379575478
0.9938703164619695
0.747651734085069
0.9010902658353228
0.7924932745214257
0.9938703186233446
0.8453471115575015
0.7924932734910772
0.975762153492616
0.8828757553694414
0.99387031908058
0.9010902714956985
1.2131317797930838
0.9305897591941192
0.8730489132822801
1.365517736516067
0.9405219482740474
1.2131317792277725
0.8508746370688753
0.9405219474083424
0.9604328299558309
0.9305897583964501
0.9938703186233446
0.747651736445054
0.9938703186233446
0.7924932734910772
0.9010902697042432
0.8453471042124167
0.9938703164619695
0.8508746349667231
1.1665722782245809
0.8508746343988363
1.3603710453505882
1.365517736516067
0.7924932745198366
0.7924932745214257
0.8730489178984724
0.8730489132822801
0.9305897563683238
0.9305897591941192
0.9405219474083424
0.9405219442252337
0.8124222964416353
0.8124222945469414
0.9010902658353228
1.2131317813543787
0.8453471115575015
0.9010902676369487
0.747651734085069
0.8730489178984724
0.9305897563683238
0.7924932745214257
0.940521945083192
0.8828757552049485
1.3603710464401821
0.8124222964416353
1.1665722769441995
0.7433954370318896
0.7924932734910772
1.21313178169879
0.9938703164619695
1.3655177379575478
0.9757621579064283
0.9938703167420291
1.3655177379575478
0.9305897554523037
0.8068799094691593
0.8730489155285983
0.7433954369484834
0.9405219482740474
0.8124222941146055
0.940521945083192
1.2131317813543787
0.747651736445054
1.21313178169879
0.8828757553694414
0.9604328299558309
1.1665722768388227
1.1665722769441995
0.806879908105296
0.9010902676369487
0.8453471042124167
0.9938703167420291
0.9010902714956985
0.99387031908058
0.7924932736126817
0.8453471115575015
0.8124222924484602
0.8068799060253067
0.9010902697042432
0.747651736445054
0.9010902714956985
0.8453471042124167
1.2131317792277725
0.8730489132822801
0.8124222945469414
1.3603710453505882
0.7433954369484834
1.1665722781192038
0.7924932734910772
0.9305897591941192
0.8828757553694414
0.9405219482740474
0.7924932745214257
0.806879908105296
0.9305897583964501
0.7433954370318896
0.873048910912406
0.8124222924484602
0.940521945083192
0.9938703186233446
1.2131317797930838
0.975762153492616
1.365517736516067
1.365517736516067
0.99387031908058
0.9405219482740474
0.8453471115575015
0.9010902714956985
0.9010902676369487
0.99387031908058
0.7924932745198366
0.9938703167420291
0.8124222941146055
0.8453471042124167
0.747651734085069
1.2131317792277725
0.8828757552049485
1.2131317797930838
1.1665722782245809
0.9604328303899542
0.8068799094691593
1.1665722781192038
0.8068799071183048
0.9010902658353228
0.9010902697042432
0.9757621579064283
0.975762153492616
0.8508746343988363
0.8508746363141072
0.8730489155285983
0.873048910912406
0.7476517369049268
0.7476517341521883
0.8730489155285983
1.1665722769441995
0.8124222941146055
0.8453471115575015
0.8068799094691593
0.8124222964416353
0.8730489178984724
0.7433954369484834
0.7433954370318896
0.747651734085069
1.1665722768388227
0.8820474668199481
1.2729109740679942
0.806879908105296
0.747651736445054
1.2131317813543787
0.9305897554523037
1.3603710464401821
0.9010902658353228
0.9010902676369487
1.21313178169879
0.9405219442252337
0.8820474654189154
0.7433954380537137
0.8124222945469414
0.8730489132822801
0.8068799060253067
0.9305897563683238
1.3655177379575478
0.7433954370318896
1.3603710464401821
0.7924932734910772
0.8508746370688753
1.1665722769441995
1.3603710464401821
0.8124222964416353
0.9757621579064283
0.873048910912406
0.8508746363141072
0.9010902697042432
0.975762153492616
0.8828757571165955
0.9010902658353228
0.7433954371852329
0.7433954380537137
1.21313178169879
0.806879908105296
1.1665722768388227
0.747651736445054
0.8828757553694414
1.2729109740679942
1.2131317813543787
0.8820474668199481
1.2729109740679942
0.7476517369049268
0.9938703164619695
0.9305897583964501
0.8508746370688753
0.9938703186233446
0.8508746349667231
0.9604328299558309
0.9305897554523037
0.9405219474083424
0.7924932736126817
0.8828757573000948
0.8828757571165955
0.873048910912406
0.806879908105296
0.8453471042124167
0.8124222924484602
1.1665722781192038
0.8124222945469414
0.8820474654189154
1.1665722782245809
0.8068799094691593
1.272910972697976
0.7433954370318896
0.8730489132822801
0.747651736445054
0.7433954369484834
0.747651734085069
0.8820474668199481
0.9405219474083424
0.8124222964416353
0.7433954371852329
0.8068799071183048
0.8730489178984724
0.9305897583964501
1.2131317792277725
0.9010902697042432
1.3603710453505882
1.2131317797930838
0.9010902714956985
0.9305897591941192
0.8730489155285983
0.975762153492616
0.9010902658353228
0.8508746343988363
0.8828757573000948
0.9757621579064283
0.7433954380537137
0.9010902697042432
0.7433954369484834
1.365517736516067
0.7924932745214257
1.3603710453505882
1.1665722781192038
0.8508746349667231
0.8124222945469414
1.3603710453505882
0.7433954371852329
0.9305897554523037
0.9938703186233446
0.9938703164619695
0.8508746349667231
0.9604328303899542
0.8508746370688753
0.9405219442252337
0.9305897583964501
0.8828757571165955
0.7924932745198366
0.8068799094691593
1.2131317797930838
0.747651734085069
1.1665722782245809
1.272910972697976
0.8828757552049485
0.8820474654189154
1.2131317792277725
0.7476517341521883
1.272910972697976
0.8828757573000948
0.940521945083192
0.9405219482740474
0.7924932734910772
0.7924932745214257
0.8828757552049485
0.8828757553694414
0.9305897563683238
0.9305897591941192
0.8508746363141072
0.8508746343988363
0.9604328299558309
0.9604328303899542
0.8508746343988363
0.9604328299558309
0.7924932745198366
0.99387031908058
1.1665722782245809
0.9405219474083424
0.9305897591941192
1.3603710453505882
0.9305897583964501
1.2131317797930838
0.8508746363141072
0.7433954371852329
0.8828757571165955
0.873048910912406
0.9010902697042432
0.8828757553694414
0.8508746349667231
0.8508746370688753
0.975762153492616
0.9010902714956985
0.9757621579064283
0.9604328303899542
1.272910972697976
0.8828757573000948
1.1665722781192038
1.2131317792277725
0.7476517341521883
0.8828757552049485
0.940521945083192
0.7433954369484834
0.9305897554523037
0.9405219482740474
0.9305897583964501
0.8730489155285983
0.7433954370318896
0.8068799094691593
0.8828757552049485
1.1665722781192038
0.9604328303899542
1.2131317792277725
1.2131317797930838
0.8828757573000948
0.747651734085069
1.272910972697976
0.8820474654189154
0.9305897563683238
0.8124222945469414
0.9405219442252337
0.8730489132822801
0.9305897591941192
0.7433954380537137
0.8730489178984724
0.8820474654189154
0.8820474668199481
0.8068799071183048
0.7924932745214257
1.3603710453505882
0.8508746349667231
1.365517736516067
1.3603710453505882
0.8508746343988363
0.7433954369484834
1.1665722782245809
0.8124222924484602
1.272910972697976
0.7433954371852329
0.9938703167420291
0.8124222924484602
0.7924932736126817
0.8453471042124167
0.9010902714956985
0.7476517369049268
0.9010902676369487
0.8068799071183048
0.8124222941146055
0.7476517341521883
0.8068799060253067
0.7924932745198366
0.9405219482740474
1.365517736516067
0.9938703186233446
1.365517736516067
1.2131317792277725
0.975762153492616
0.8730489132822801
1.2131317797930838
0.873048910912406
1.1665722782245809
0.9405219474083424
1.1665722781192038
0.99387031908058
0.8508746363141072
1.1665722768388227
0.9938703167420291
0.7924932736126817
0.9604328303899542
0.9405219442252337
0.7433954380537137
0.8508746343988363
0.8730489155285983
0.8828757573000948
1.3603710464401821
0.9305897563683238
1.21313178169879
0.9305897554523037
0.9010902658353228
1.2729109740679942
0.9604328299558309
1.1665722769441995
0.8828757571165955
0.7476517369049268
1.2131317813543787
0.8508746370688753
0.8828757552049485
0.9757621579064283
0.8508746349667231
0.975762153492616
0.9010902676369487
0.8828757553694414
1.1665722769441995
0.8828757553694414
1.2131317813543787
0.9604328299558309
0.8828757571165955
1.21313178169879
1.2729109740679942
0.747651736445054
0.7433954370318896
0.9405219482740474
0.940521945083192
0.9305897583964501
0.873048910912406
0.9305897554523037
0.806879908105296
0.7433954369484834
0.8820474668199481
1.3603710464401821
0.7924932734910772
1.3655177379575478
0.8508746370688753
0.8508746363141072
1.3603710464401821
1.1665722768388227
0.7433954370318896
1.2729109740679942
0.8124222941146055
0.8124222964416353
0.9305897591941192
0.8730489178984724
0.9405219474083424
0.7433954371852329
0.9305897563683238
0.8820474668199481
0.8730489132822801
0.8068799060253067
0.8820474654189154
0.7433954380537137
1.3655177379575478
0.940521945083192
1.3655177379575478
0.9938703164619695
0.9757621579064283
1.2131317813543787
1.21313178169879
0.8730489178984724
1.1665722768388227
0.8730489155285983
1.1665722769441995
0.9405219442252337
0.8124222941146055
0.99387031908058
0.8453471115575015
0.7924932745198366
0.7476517341521883
0.9010902676369487
0.8068799060253067
0.9010902714956985
0.7476517369049268
0.8124222924484602
0.7924932736126817
0.8068799071183048
0.9938703167420291
0.7924932734910772
0.7924932745214257
0.9938703164619695
0.9938703186233446
0.9010902697042432
0.9010902658353228
0.747651736445054
0.747651734085069
0.806879908105296
0.8068799094691593
0.8124222964416353
0.8124222945469414
0.8453471115575015
0.8453471042124167
