0.1739891018170119
0.2088506510048571
0.13814667543967718
0.13814667543967718
0.2088506510048571
0.13587128719398125
0.13587128719398125
0.2059362835885489
0.1358712871746496
0.2088506510048571
0.2059362835885489
0.13587128719398125
0.2088506510048571
0.1358712871746496
0.13814667575924036
0.2088506510048571
0.2580581417507554
0.2059362835885489
0.1739891018170119
0.13814667543967718
0.2775115775648621
0.2580581417507554
0.2088506510048571
0.1739891018170119
0.2059362835885489
0.2775115775648621
0.13814667543967718
0.25805814156617407
0.2775115775648621
0.1739891020531243
0.2274856406675671
0.25805814156617407
0.2580581417507554
0.2775115775648621
0.2059362835885489
0.13814667575924036
0.1739891020531243
0.2775115775648621
0.25805814156617407
0.2274856406675671
0.2775115775648621
0.2580581417507554
0.13814667575924036
0.2059362835885489
0.13587128719398125
0.2274856406675671
0.13814667575924036
0.2775115775648621
0.1739891020531243
0.25805814156617407
0.2059362835885489
0.2775115775648621
0.1358712871746496
0.2088506510048571
0.13814667543967718
0.13814667575924036
0.2274856406675671
0.1739891020531243
0.2775115775648621
0.2059362835885489
0.25805814156617407
0.1358712871746496
0.2775115775648621
0.13814667543967718
0.2088506510048571
0.1739891018170119
0.2775115775648621
0.1358712871746496
0.2059362835885489
0.13814667575924036
0.1739891020531243
0.2088506510048571
0.2274856406675671
0.13587128719398125
0.2059362835885489
0.1739891018170119
0.2088506510048571
0.2580581417507554
0.1358712871746496
0.2775115775648621
0.13814667575924036
0.2059362835885489
0.2088506510048571
0.1739891020531243
0.13587128719398125
0.2274856406675671
0.1739891018170119
0.2059362835885489
0.2580581417507554
0.2088506510048571
0.25805814156617407
0.25805814156617407
0.2059362835885489
0.2580581417507554
0.2775115775648621
0.2274856406675671
0.1739891018170119
0.1739891020531243
0.2088506510048571
0.1358712871746496
0.2088506510048571
0.13587128719398125
0.2059362835885489
0.13814667543967718
0.2775115775648621
0.2059362835885489
0.25805814156617407
0.2775115775648621
0.2580581417507554
0.1739891018170119
0.2274856406675671
0.2088506510048571
0.1739891020531243
0.2088506510048571
0.1358712871746496
0.2059362835885489
0.13587128719398125
0.2775115775648621
0.13814667543967718
0.13814667575924036
