0.09745565636871628
0.0891733678297038
0.09976242093199995
0.038498906773965565
0.03316525302274317
0.030216120602821875
0.030216120602821875
0.03357902390689196
0.03316525302274317
0.030576602148490464
0.03321854236122337
0.030576602148490464
0.03321854236122337
0.030629891486970665
0.07544971950079468
0.03357902390689196
0.03792050873527797
0.037560027189609387
0.037560027189609387
0.03316525302274317
0.07544971950079468
0.03497137631535668
0.030576602148490464
0.030576602148490464
0.03792050873527797
0.038498906773965565
0.030216120602821875
0.030216120602821875
0.03316525302274317
0.02935284031514695
0.02752324345746231
0.02935284031514695
0.02752324345746231
0.02673037805923442
0.024934592583209604
0.024934592583209604
0.045579837809768514
0.02752324345746231
0.045579837809768514
0.04740943387872595
0.02935284031514695
0.026764189440894242
0.02855997491691906
0.026764189440894242
0.02752324345746231
0.02935284031514695
0.026764189440894242
0.02752324345746231
0.024934592583209604
0.02855997491691906
0.026764189440894242
0.024934592583209604
0.02673037805923442
0.02752324345746231
0.04740943387872595
0.02935284031514695
0.02935284031514695
0.01732855284719927
0.01549895598951463
0.01549895598951463
0.01549895598951463
0.046278963345984934
0.04442649086587203
0.023781245639313126
0.023781245639313126
0.01732855284719927
0.025610842496997764
0.046256086934829466
0.0444493664883003
0.01732855284719927
0.025610842496997764
0.01549895598951463
0.01732855284719927
0.025610842496997764
0.023781245639313126
0.01549895598951463
0.025610842496997764
0.01732855284719927
0.023781245639313126
0.046278963345984934
0.046256086934829466
0.01732855284719927
0.04442649086587203
0.0444493664883003
0.01549895598951463
0.045579837809768514
0.026764189440894242
0.026764189440894242
0.026764189440894242
0.036842761088062746
0.05565840945693702
0.07633696875508335
0.05386212745956701
0.05386212745956701
0.035046479090692736
