0.28593364520739467
0.15479065570181394
0.15178823157723084
0.15178823157723084
0.15479065570181394
0.05785662353877323
0.05485420256909894
0.05600811480696062
0.05485420256909894
0.05600811480696062
0.05901053577663491
0.06280699947291064
0.05185178159942465
0.05300569383728633
0.05680215753356206
0.05485420256909894
0.05600811480696062
0.05185178159942465
0.05485420256909894
0.05600811480696062
0.05785662353877323
0.05600811480696062
0.05600811480696062
0.0541585446816603
0.05300569383728633
0.05716096565133459
0.05716096565133459
0.05795557362034055
0.06016338662100888
0.05716096565133459
0.05901053577663491
0.06396041555968913
0.05716096565133459
0.05600811480696062
0.05600811480696062
0.0541585446816603
0.06016338662100888
0.04277548748138038
0.03977306572297888
0.03977306572297888
0.04277548748138038
0.021260035356038782
0.021260035356038782
0.03977306572297888
0.03977306572297888
0.021260035356038782
0.04277548748138038
0.021260035356038782
0.038903916507374625
0.03977306572297888
0.03977306572297888
0.018257613597637286
0.03977306572297888
0.03977306572297888
0.018257613597637286
0.04277548748138038
0.021260035356038782
0.021260035356038782
0.03977306572297888
0.03977306572297888
0.021260035356038782
0.021260035356038782
0.04277548748138038
0.038903916507374625
0.03977306572297888
0.018257613597637286
0.03977306572297888
0.03977306572297888
0.018257613597637286
0.03977306572297888
0.021260035356038782
0.04277548748138038
0.021260035356038782
0.038903916507374625
0.018257613597637286
0.03977306572297888
0.03977306572297888
0.018257613597637286
0.03977306572297888
0.03977306572297888
0.021260035356038782
0.021260035356038782
0.04277548748138038
0.038903916507374625
0.038903916507374625
0.038903916507374625
0.03977306572297888
0.03977306572297888
0.03977306572297888
0.03977306572297888
0.03977306572297888
0.03977306572297888
0.04277548748138038
0.06190224737303985
0.0441843203374617
0.040387291398781444
0.040387291398781444
0.022668868212120094
0.06190224737303985
0.040387291398781444
0.022668868212120094
0.018871839273439845
0.040387291398781444
0.06190224737303985
0.022668868212120094
0.018871839273439845
0.022668868212120094
0.022668868212120094
0.018871839273439845
0.06190224737303985
0.0441843203374617
0.040387291398781444
0.040387291398781444
0.022668868212120094
0.03977306572297888
0.03977306572297888
0.03977306572297888
0.034822689788841475
0.055468992698578815
0.07520998118762293
0.055468992698578815
0.04277548748138038
0.07821240294602443
0.03782511154724297
0.03782511154724297
0.07520998118762293
0.04277548748138038
0.03782511154724297
0.03977306572297888
0.03782511154724297
0.03977306572297888
0.034822689788841475
0.07821240294602443
0.03977306572297888
0.02646533190839582
0.022668868212120094
0.022668868212120094
0.021515452125341603
0.02646533190839582
0.021515452125341603
0.022668868212120094
0.021515452125341603
0.022668868212120094
0.017718988429065875
0.07962123580210573
0.021515452125341603
0.021515452125341603
0.022668868212120094
0.022668868212120094
0.07962123580210573
0.017718988429065875
0.021515452125341603
0.021515452125341603
0.021515452125341603
0.022668868212120094
0.022668868212120094
0.05680215753356206
0.06396041555968913
0.06280699947291064
0.05795557362034055
0.06175203731661628
0.0737606643008622
0.038903916507374625
0.021260035356038782
0.021260035356038782
0.038903916507374625
0.06041936863271623
0.03977306572297888
0.021260035356038782
0.021260035356038782
0.06041936863271623
0.038903916507374625
0.03977306572297888
0.08406703482894941
0.03782511154724297
0.03782511154724297
0.06342073191921208
0.021260035356038782
0.021260035356038782
0.06342073191921208
0.055468992698578815
0.03977306572297888
0.03977306572297888
0.018257613597637286
0.034822689788841475
0.08106461385927512
0.08106461385927512
0.055468992698578815
0.06342073191921208
0.018257613597637286
0.03977306572297888
0.021260035356038782
0.018257613597637286
0.03977306572297888
0.03782511154724297
0.08106461385927512
0.038903916507374625
0.06041936863271623
0.06342073191921208
0.03977306572297888
0.018257613597637286
0.021260035356038782
0.03977306572297888
0.018257613597637286
0.03782511154724297
0.08106461385927512
0.06041936863271623
0.038903916507374625
0.06342073191921208
0.06342073191921208
0.08406703482894941
0.034822689788841475
0.021260035356038782
0.021260035356038782
0.018257613597637286
0.021260035356038782
0.021260035356038782
0.038903916507374625
0.06016338662100888
0.03951708371127155
0.03836423286689758
0.06016338662100888
0.03836423286689758
0.03951708371127155
0.03951708371127155
0.03836423286689758
0.03836423286689758
0.03951708371127155
0.040387291398781444
0.03951708371127155
0.03836423286689758
0.018871839273439845
0.03951708371127155
0.017718988429065875
0.05901053577663491
0.08167883874635047
0.03836423286689758
0.05901053577663491
0.08167883874635047
0.056952367589985634
0.017718988429065875
0.03836423286689758
0.018871839273439845
0.03836423286689758
0.03836423286689758
0.03951708371127155
0.03836423286689758
0.017718988429065875
0.056952367589985634
0.08167883874635047
0.05901053577663491
0.03836423286689758
0.03951708371127155
0.08167883874635047
0.05901053577663491
0.017718988429065875
0.03836423286689758
0.040387291398781444
0.03836423286689758
0.03836423286689758
0.03836423286689758
0.03836423286689758
0.05785662353877323
0.01656507619120419
0.0372103206290359
0.0372103206290359
0.08052549175089331
0.01656507619120419
0.0372103206290359
0.0372103206290359
0.08052549175089331
0.0372103206290359
0.0372103206290359
0.03923394440332428
0.07467135750009952
0.05785662353877323
0.07467135750009952
0.03923394440332428
0.08052549175089331
0.0372103206290359
0.08052549175089331
0.0372103206290359
0.1444842851737267
0.06190224737303985
0.06190224737303985
0.05200248928797943
0.1444842851737267
0.13277713969581564
