0.07032999669611818
0.07148341130184867
0.06204720904392647
0.06320062513070497
0.06699708882698069
0.0997914528332107
0.024296708623330346
0.024296708623330346
0.024296708623330346
0.02729912959300463
0.045018118022070515
0.024296708623330346
0.02729912959300463
0.02729912959300463
0.04201569705239622
0.02729912959300463
0.02729912959300463
0.02729912959300463
0.045018118022070515
0.04494301074434048
0.04201569705239622
0.04494301074434048
0.024296708623330346
0.024296708623330346
0.024296708623330346
0.024296708623330346
0.04555674397936912
0.02491149875281022
0.015475296494888035
0.04555674397936912
0.02491149875281022
0.015475296494888035
0.03612054172144694
0.04555674397936912
0.04555674397936912
0.03612054172144694
0.04555674397936912
0.015475296494888035
0.015475296494888035
0.04440332789259064
0.04440332789259064
0.02375808266603173
0.02375808266603173
0.04440332789259064
0.04440332789259064
0.10836374345227977
0.06707219610471073
