0.07936287421767733
0.08954576477989562
0.05717345161690966
0.05717345161690966
0.08954576477989562
0.05708131415278932
0.05708131415278932
0.0826814326672569
0.05708131415278932
0.08954576477989562
0.0826814326672569
0.05708131415278932
0.08954576477989562
0.05708131415278932
0.05717345164327362
0.08954576477989562
0.1275056140542123
0.0826814326672569
0.07936287421767733
0.05717345161690966
0.10126048707452831
0.1275056140542123
0.08954576477989562
0.07936287421767733
0.0826814326672569
0.10126048707452831
0.05717345161690966
0.12750561408057626
0.10126048707452831
0.07936287431590135
0.09986125183840053
0.12750561408057626
0.1275056140542123
0.10126048707452831
0.0826814326672569
0.05717345164327362
0.07936287431590135
0.10126048707452831
0.12750561408057626
0.09986125183840053
0.10126048707452831
0.1275056140542123
0.05717345164327362
0.0826814326672569
0.05708131415278932
0.09986125183840053
0.05717345164327362
0.10126048707452831
0.07936287431590135
0.12750561408057626
0.0826814326672569
0.10126048707452831
0.05708131415278932
0.08954576477989562
0.05717345161690966
0.05717345164327362
0.09986125183840053
0.07936287431590135
0.10126048707452831
0.0826814326672569
0.12750561408057626
0.05708131415278932
0.10126048707452831
0.05717345161690966
0.08954576477989562
0.07936287421767733
0.10126048707452831
0.05708131415278932
0.0826814326672569
0.05717345164327362
0.07936287431590135
0.08954576477989562
0.09986125183840053
0.05708131415278932
0.0826814326672569
0.07936287421767733
0.08954576477989562
0.1275056140542123
0.05708131415278932
0.10126048707452831
0.05717345164327362
0.0826814326672569
0.08954576477989562
0.07936287431590135
0.05708131415278932
0.09986125183840053
0.07936287421767733
0.0826814326672569
0.1275056140542123
0.08954576477989562
0.12750561408057626
0.12750561408057626
0.0826814326672569
0.1275056140542123
0.10126048707452831
0.09986125183840053
0.07936287421767733
0.07936287431590135
0.08954576477989562
0.05708131415278932
0.08954576477989562
0.05708131415278932
0.0826814326672569
0.05717345161690966
0.10126048707452831
0.0826814326672569
0.12750561408057626
0.10126048707452831
0.1275056140542123
0.07936287421767733
0.09986125183840053
0.08954576477989562
0.07936287431590135
0.08954576477989562
0.05708131415278932
0.0826814326672569
0.05708131415278932
0.10126048707452831
0.05717345161690966
0.05717345164327362
