0.8759924337397126
0.8525957681737669
0.9576843427590657
1.0486989759316336
1.0008342915896078
0.9576843431983488
0.8525957674581417
1.0008342916690485
1.0486989759316336
0.9159568572562808
1.0008342960960017
0.9014014912417017
0.901401493218147
1.0008342960425571
1.0486989798134942
0.9493094752375523
0.8737593550752432
0.9576843431983488
0.799875399010507
0.7998754010936298
1.0008342916690485
0.8783037916574503
0.8759924337397126
0.9493094786555429
0.8525957674581417
0.8850558179179739
1.5189801993097576
0.8517138089244339
0.8472342532290771
0.858939865499011
0.8324584651516018
0.856904358579228
0.8821245326520812
0.8569043593156775
0.8522276741949983
0.8737593550752432
0.9493094786555429
0.7998754010936298
0.9576843427590657
0.8850558170262474
0.8589398629411447
0.8472342512430144
0.8517138111805993
1.518980199180421
0.8324584627249076
0.799875399010507
0.9493094752375523
0.8759924337397126
0.8783037916574503
1.0008342915896078
0.8525957681737669
0.8821245335870183
0.8569043548699679
0.8522276691285808
0.8569043573017472
1.0747507694811078
0.9471482871074202
0.8631880584521696
0.8631880568247678
0.9471482895494037
0.8381502538236725
0.9050308354201213
0.9393123983118118
0.8924181689522119
0.8957041078484516
0.9393123995145358
0.9050308322242149
0.8957041122967027
0.8924181677456338
1.0139579879912297
0.9223419113096027
0.9043566917180778
0.9488906802899787
0.8766405005864767
0.874384750865465
0.9190136438780072
0.8280405673229527
0.9050308322242149
0.9471482883358884
0.918603744054157
0.9917603631717538
1.4554539879260222
0.8688257411266238
0.9969053289834057
0.8589398653594305
0.9190136431688213
0.9969053270579944
0.8924181674046436
0.9488906787611564
0.9050308325740983
0.9195530945348198
1.4565554052115879
0.9741365487557139
0.8957041122967027
0.9027535239528879
0.9771139043648331
0.8517138089244339
0.908092343533562
0.96815460938188
0.8631880584521696
1.514757030422445
0.9630314473286203
1.4497550785822688
0.9630314464631388
0.9918175724751119
0.9043566928598354
0.9090575693192289
0.8380145785972548
0.9084595303245699
0.9493094779308917
0.8003318252396197
1.0993282197034084
0.8957041102722685
0.9103652886458113
0.9393124015083049
0.9918175724751119
0.8522276730216048
0.853961066999238
0.882124532427162
1.0139579899207243
0.9393124030431601
0.8631880603463747
0.9741365473478709
0.9080923454375895
0.9084595340908226
0.9918175719902014
0.9043566929585634
0.9223419084695734
0.8766405028989583
0.9488906808746491
0.9917603580039258
0.8589398624689393
0.9969053369128041
0.8688257429271818
1.4554539826212554
0.9190136433323001
0.8743847510642306
0.9471482865442373
0.9050308354201213
0.8280405697289734
0.9190136440911033
0.9186037506268728
0.8924181687415426
0.9969053338023911
0.9050308349598652
0.9488906792809406
0.9043566937678081
0.9493094746685438
0.9084595340908226
0.838014585938159
0.9090575709693216
0.8003318298586302
0.852227667951946
0.9918175734844318
0.8821245333620993
0.8539610636777575
0.895704114492522
1.0993282197034084
0.9393124030431601
0.9103652912577258
1.0139579899207243
0.9195530907723095
0.9027535216463112
0.8957041078484516
0.9741365485046822
1.4565554054399215
0.9771139023854136
0.9630314483124923
1.514757030422445
0.9630314481377013
1.4497550785176019
0.908092343533562
0.8517138111805993
0.8631880568247678
0.9681546090825313
0.9918175734844318
0.8631880577597373
0.9393124015083049
0.9080923454375895
0.9741365480761605
0.9918175709042613
0.9084595303245699
1.07686505929561
0.8914639424400593
0.9103652907077353
0.9103652933119025
0.8914639426224534
1.2644662484714395
0.9942216833502963
0.9630314483124923
0.924791325673826
0.9222202690194785
0.9630314473286203
0.9942216833502963
0.9222202669603816
0.9247913260039117
1.0993282197034084
0.8472342549143577
0.8924181687415426
0.9681546077219924
0.8280405693210325
0.8821245335870183
0.9969053270579944
0.8924181674046436
0.8472342512014841
0.8280405665750736
0.9681546076827037
0.9969053338023911
0.8821245326520812
0.8783037884347935
0.853961066999238
0.8380145785972548
0.8688257411266238
0.8522276730216048
0.8003318252396197
0.9190136431688213
0.882124532427162
0.8766405005864767
0.9493094779308917
0.8589398653594305
0.9268923627745462
1.4565554049647564
0.856904358579228
0.9268923615106244
0.8525957679507398
0.8324584654714461
0.9681546077219924
0.8783037884347935
0.851713809474167
0.7998753977923788
0.9090575693192289
1.4554539879260222
0.9918175724751119
0.9223419113096027
0.9043566928598354
0.9917603631717538
0.9488906802899787
0.9084595303245699
0.9969053289834057
0.9043566917180778
1.4497550789927636
0.9969053270579944
1.514757030422445
0.9917603593414723
0.9918175719902014
0.8766404999064344
0.8914639408756172
0.8522276741949983
0.8003318243886994
0.9576843423519836
0.852873020291774
0.924791325673826
0.8517138116719807
0.9942216824061557
0.8850558151686472
0.96815460938188
0.901401493218147
0.8472342532290771
0.9159568540537288
0.8821245333620993
0.92222026750321
0.9050308325740983
0.9630314464631388
0.874384751525085
1.0993282211368824
0.9969053289834057
0.9223419116502609
1.462968287693498
0.8539610676661372
0.9090575674268033
0.8737593546729612
0.8914639424400593
0.9222202669603816
0.8631880577597373
0.92222026750321
1.0747507664340556
1.4497550785822688
0.8472342549143577
1.508325076373814
0.8850558170370413
0.9393124030431601
1.508325076373814
0.895704114492522
1.4497550789927636
0.919553091506315
0.9393123995145358
1.514757030422445
0.9488906787611564
0.8759924340604406
0.8688257415910616
0.7998754002512198
0.9050308349598652
0.8569043593156775
0.851713809474167
0.9380300270291698
0.9090575674268033
1.0139579879912297
1.3757849164648834
0.8539610638360235
0.9103652933119025
0.9103652907077353
0.9918175709042613
1.0993282211368824
0.9090575686685998
0.9741365487557139
0.8821245335870183
0.9393123995145358
0.8003318293813315
0.9084595340908226
0.8539610676661372
1.0139579899207243
0.9918175719902014
0.9380300368181205
1.0139579879912297
0.9918175724751119
0.8280405673229527
0.8569043573017472
0.8924181677456338
0.9268923629997889
0.9969053369128041
0.8783037916574503
0.882124532427162
0.8688257411266238
0.852227667951946
0.9488906802899787
0.8766405028989583
0.9050308354201213
0.8517138089244339
0.856904358579228
0.9014014912417017
0.838014585938159
0.8539610636777575
0.852227667951946
0.8688257429271818
0.9268923638745763
0.8525957691616571
0.9268923629997889
0.8569043548699679
1.4565554048657632
0.8324584626646905
0.8003318298586302
0.9493094746685438
0.8766405028989583
0.8821245333620993
0.9190136433323001
0.8589398624689393
0.8783037884347935
0.9681546076827037
0.7998754002512198
0.8517138116719807
0.8766405014242498
0.9576843412194483
0.8003318293813315
0.8522276691285808
0.8914639401921333
0.8528730198714258
0.9014014912417017
0.9681546090825313
0.9159568540537288
0.8472342512430144
0.851713809474167
0.9247913260039117
0.8850558170370413
0.9942216824061557
0.882124532427162
0.9090575709693216
0.9043566937678081
0.9223419084695734
0.9918175734844318
1.4554539826212554
0.9917603580039258
0.9969053338023911
1.4497550789280966
0.9917603544984744
1.514757030422445
0.9084595340908226
0.9488906808746491
0.9043566929585634
0.9969053369128041
0.9918175709042613
0.9050308349598652
0.922220269530901
0.8743847527389732
0.9630314481377013
0.9969053369128041
1.0993282211368824
0.9380300368181205
0.8539610676661372
1.3757849164648834
1.0139579879912297
0.9090575686685998
0.9103652907077353
0.8821245326520812
0.9741365485046822
0.8003318243886994
0.9393123983118118
0.9918175719902014
0.9103652933119025
0.9090575674268033
1.0993282211368824
0.9084595303245699
0.8569043593156775
0.8280405697289734
0.9268923615106244
0.8924181689522119
0.8783037916574503
0.9969053289834057
1.0139579899207243
0.8539610638360235
0.9380300270291698
0.9918175709042613
0.9918175734844318
1.0139579879912297
0.8821245333620993
0.9223419086615973
0.8737593546729612
0.9090575686685998
0.8539610638360235
1.4629682879521717
0.8914639426224534
0.8472342512014841
1.4497550785176019
0.8850558151686472
1.508325081678581
0.8631880603463747
0.9222202690194785
1.0747507664340556
0.922220269530901
0.9393124015083049
0.8759924340604406
0.9488906792809406
0.7998753977923788
0.8688257422663664
0.8569043573017472
0.9050308325740983
0.8957041102722685
1.508325081678581
0.9195530873238834
1.4497550789280966
1.514757030422445
0.9393123983118118
0.8517138116719807
0.8522276730216048
0.8688257429271818
0.8766405005864767
0.9488906808746491
0.8517138111805993
0.9050308322242149
0.901401493218147
0.8569043548699679
1.3757849133137845
0.9223419116502609
0.9380300368181205
0.9380300270291698
0.9223419086615973
1.07686505929561
0.8280405665750736
0.9741365480761605
0.874384751525085
0.9195530873238834
0.9741365473478709
0.8280405693210325
0.919553091506315
0.8743847527389732
0.9080923454375895
0.8688257415910616
0.9103652912577258
0.9917603593414723
1.0768650599059424
0.8924181677456338
0.9630314464631388
0.9103652886458113
0.8688257422663664
1.0768650599059424
0.9917603544984744
0.9630314481377013
0.8924181689522119
0.9942216824061557
0.853961066999238
0.838014585938159
0.9223419113096027
0.9043566929585634
0.8631880568247678
0.8957041122967027
0.8472342532290771
0.8522276691285808
0.8380145785972548
0.8539610636777575
0.9043566917180778
0.9223419084695734
0.8957041078484516
0.8631880584521696
0.8522276741949983
0.8472342512430144
0.8759924337397126
0.8472342532290771
0.8522276741949983
0.856904358579228
0.901401493218147
0.852873020291774
0.8324584654714461
0.9159568540537288
0.8522276730216048
0.9576843423519836
0.8525957679507398
0.8324584651516018
1.5189801993097576
1.0008342916690485
0.8569043593156775
1.0486989798134942
1.0008342960960017
0.8472342549143577
0.8525957691616571
0.9576843412194483
0.8759924340604406
0.8914639408756172
1.4565554049647564
0.96815460938188
0.853961066999238
0.8766404999064344
0.9268923627745462
0.8688257411266238
0.8003318243886994
0.9268923615106244
0.8380145785972548
1.508325076373814
0.9190136438780072
1.4565554052115879
0.8688257415910616
0.8539610676661372
0.858939865499011
0.8850558179179739
0.8525957674581417
0.8821245326520812
1.0008342960425571
0.9159568572562808
0.9942216833502963
0.8324584626646905
0.8528730198714258
0.8472342512014841
0.8517138089244339
1.0486989759316336
0.9576843431983488
0.9014014912417017
0.852227667951946
0.9222202669603816
0.918603744054157
0.9771139043648331
0.8280405665750736
0.9103652907077353
0.9488906802899787
0.9917603593414723
1.4497550789927636
0.9268923615106244
0.9918175719902014
0.7998753977923788
0.9681546077219924
0.9630314473286203
0.8381502536444381
0.9771139039840369
0.8631880603463747
1.514757030422445
0.8324584654714461
1.4565554049647564
0.851713809474167
0.895704114492522
1.4497550785822688
0.9771139039840369
1.9575420250662414
0.9741365473478709
0.9741365487557139
1.4497550789927636
0.9969053270579944
0.8525957679507398
0.9268923627745462
0.8783037884347935
0.8924181687415426
0.856904358579228
0.9681546077219924
1.0768650599059424
0.919553091506315
0.8924181689522119
0.9380300368181205
0.8688257422663664
0.8280405693210325
1.07686505929561
0.9917603544984744
0.8743847527389732
0.9223419086615973
0.9195530945348198
0.8589398629411447
0.9471482871074202
0.8766405014242498
0.9043566937678081
0.9223419116502609
0.9103652886458113
0.9741365473478709
1.3757849133137845
0.9380300270291698
0.9090575693192289
0.874384750865465
0.8324584627249076
0.8381502538236725
0.9268923638745763
0.9917603580039258
0.7998754010936298
0.8003318252396197
0.9917603631717538
0.8528730198714258
0.9771139043648331
0.8003318298586302
0.8743847510642306
0.8850558179179739
0.9268923627745462
0.9159568572562808
0.8688257415910616
1.508325076373814
0.8569043593156775
0.8539610676661372
0.8759924340604406
0.8472342549143577
0.8914639424400593
0.7998754002512198
0.8850558170370413
0.8737593546729612
1.4565554052115879
1.0008342960960017
1.5189801993097576
0.9576843412194483
0.9493094746685438
1.462968287693498
0.9488906787611564
1.4497550785822688
0.9223419116502609
0.9090575674268033
1.4554539879260222
0.9190136438780072
1.0486989798134942
0.8324584651516018
0.8525957691616571
0.8589398624689393
1.0008342916690485
0.9190136431688213
1.4554539879260222
0.9576843412194483
1.4565554052115879
0.9493094746685438
0.9471482865442373
1.5189801993097576
1.4565554049647564
1.0008342960960017
0.9223419113096027
0.8522276691285808
0.8957041122967027
0.838014585938159
0.9043566929585634
0.9493094752375523
0.853961066999238
0.8525957681737669
0.9576843431983488
0.9103652912577258
0.895704114492522
0.8280405697289734
1.0139579899207243
0.9488906792809406
0.8924181687415426
0.8924181674046436
0.9771139027471973
0.8381502536444381
0.8957041102722685
0.9393124030431601
0.9186037506268728
0.9471482865442373
0.9050308349598652
0.8631880577597373
0.9488906787611564
1.2644662458088298
0.9771139039840369
0.9103652886458113
0.8280405673229527
0.92222026750321
1.0993282197034084
0.9190136440911033
0.8743847510642306
0.9969053338023911
0.9630314483124923
0.9050308354201213
0.924791325673826
0.9918175724751119
0.8003318293813315
0.9741365487557139
0.9084595340908226
0.908092343533562
0.9393123995145358
0.96815460938188
0.8821245335870183
0.9043566928598354
0.8914639401921333
0.9027535239528879
0.9090575709693216
0.9195530907723095
1.0747507694811078
0.8766404999064344
0.8850558170262474
0.799875399010507
0.9090575693192289
0.8766405014242498
0.9195530945348198
0.9043566937678081
0.9027535216463112
0.9471482871074202
0.8914639408756172
0.8589398629411447
0.9493094752375523
0.8737593550752432
0.8522276691285808
0.8472342512430144
0.9014014912417017
0.8569043548699679
0.8324584627249076
1.0486989798134942
0.8569043573017472
1.0008342915896078
1.518980199180421
1.0008342960425571
0.8528730198714258
0.9576843412194483
0.852227667951946
0.9159568540537288
0.8324584626646905
0.8525957691616571
0.8525957679507398
0.8472342512014841
0.8759924340604406
0.9576843423519836
0.8589398629411447
1.0008342960960017
0.8821245335870183
0.8525957681737669
0.8850558170262474
0.9159568572562808
1.0486989759316336
0.8517138111805993
0.901401493218147
0.9576843427590657
0.8324584654714461
0.9942216833502963
0.8472342549143577
0.852873020291774
0.8522276730216048
0.8914639401921333
0.8766405014242498
0.8539610636777575
0.9681546090825313
1.4565554048657632
0.9268923638745763
0.9190136440911033
1.508325081678581
0.8688257422663664
1.4565554054399215
0.8003318293813315
0.8688257429271818
0.838014585938159
0.9268923629997889
0.8539610638360235
0.9186037506268728
0.9222202690194785
0.8280405693210325
0.9771139023854136
0.9488906808746491
0.9103652933119025
1.0768650599059424
0.8688257415910616
0.9380300270291698
0.8924181677456338
0.9195530873238834
0.8280405665750736
0.858939865499011
0.9195530907723095
0.8766404999064344
0.9471482895494037
0.9917603593414723
1.07686505929561
0.9223419116502609
0.874384751525085
0.9043566928598354
0.8324584651516018
0.8743847510642306
0.9268923627745462
0.8381502538236725
0.799875399010507
0.9917603631717538
0.9103652912577258
0.9223419086615973
1.3757849133137845
0.9741365480761605
0.9090575709693216
0.9380300368181205
0.8003318298586302
0.9917603544984744
0.7998754002512198
0.9918175709042613
0.9268923629997889
1.4497550789280966
0.9681546076827037
0.8324584626646905
1.514757030422445
0.8517138116719807
1.4565554048657632
0.8381502536444381
0.9630314483124923
0.8631880577597373
0.9771139027471973
0.8957041102722685
0.8525957691616571
0.9969053338023911
0.8783037884347935
0.9268923638745763
0.8569043548699679
0.8924181674046436
0.9771139027471973
1.4497550785176019
0.9741365480761605
1.9575420250662414
1.4497550789280966
0.9741365485046822
0.9681546076827037
0.852873020291774
0.9917603580039258
0.8003318252396197
0.9771139023854136
0.8850558170262474
0.874384750865465
0.9159568572562808
0.9268923638745763
0.9103652886458113
0.9488906787611564
1.0139579899207243
0.8280405673229527
0.8957041102722685
0.8924181674046436
0.918603744054157
0.9393124015083049
0.9050308325740983
0.9471482883358884
0.9771139039840369
0.8924181687415426
0.895704114492522
0.8381502536444381
0.8631880603463747
0.9190136438780072
1.0993282197034084
0.9969053270579944
0.874384750865465
0.9050308322242149
0.9630314473286203
1.2644662458088298
0.9488906792809406
0.9103652912577258
0.9771139027471973
0.922220269530901
0.8280405697289734
0.9247913260039117
0.8914639408756172
0.9043566937678081
0.9090575693192289
0.9027535216463112
1.0747507694811078
0.9195530945348198
0.8850558179179739
0.8766405014242498
0.8003318243886994
0.9918175734844318
0.9084595303245699
0.9741365485046822
0.9393123983118118
0.908092343533562
0.8821245326520812
0.9681546090825313
0.7998754010936298
0.8688257422663664
0.8759924340604406
0.8539610638360235
0.8569043573017472
1.508325081678581
0.8472342512014841
1.0008342960425571
1.4565554054399215
0.9576843423519836
1.518980199180421
0.7998753977923788
0.8914639426224534
0.8737593546729612
0.8850558151686472
0.9493094779308917
1.0486989798134942
0.9190136440911033
0.8525957679507398
0.8324584627249076
1.0008342915896078
0.8589398653594305
0.9488906792809406
1.4629682879521717
0.9223419086615973
1.4497550785176019
1.4554539826212554
0.9090575686685998
0.9190136433323001
0.8522276741949983
0.9223419084695734
0.8380145785972548
0.8957041078484516
0.9493094786555429
0.9043566917180778
0.8525957674581417
0.8539610636777575
0.9576843423519836
1.4554539826212554
0.9493094779308917
1.4565554054399215
1.518980199180421
0.9471482883358884
1.0008342960425571
1.4565554048657632
0.9576843427590657
0.8766404999064344
0.9090575709693216
0.9043566928598354
0.9195530907723095
0.9471482895494037
0.9027535239528879
0.858939865499011
0.8914639401921333
0.8737593550752432
0.9493094786555429
0.9942216824061557
0.851713809474167
0.8821245333620993
0.882124532427162
0.8517138116719807
0.8783037884347935
0.8589398653594305
0.8850558151686472
0.7998753977923788
0.9493094779308917
0.8850558170370413
0.8589398624689393
0.9493094746685438
0.7998754002512198
0.8737593546729612
0.9190136431688213
0.924791325673826
0.9681546077219924
0.8003318252396197
0.8766405005864767
0.8914639424400593
0.9247913260039117
0.9190136433323001
0.8003318298586302
0.9681546076827037
0.8914639426224534
0.8766405028989583
1.2644662484714395
0.9630314464631388
0.8743847527389732
0.9741365473478709
0.9080923454375895
0.9027535239528879
0.919553091506315
0.9771139043648331
0.8280405693210325
0.874384751525085
0.9630314481377013
0.9080923454375895
0.9741365480761605
0.9195530873238834
0.9027535216463112
0.8280405665750736
0.9771139023854136
0.8381502538236725
0.92222026750321
0.9050308349598652
0.9393124030431601
0.8631880577597373
1.0747507664340556
0.9471482865442373
0.9222202669603816
0.9186037506268728
0.9471482871074202
0.8631880568247678
0.9050308325740983
0.922220269530901
0.8631880603463747
0.9393124015083049
0.9471482883358884
1.0747507664340556
0.918603744054157
0.9222202690194785
0.8631880584521696
0.9471482895494037
1.0747507694811078
0.8631880568247678
0.8957041078484516
0.9050308354201213
0.8517138111805993
0.9771139023854136
0.9186037506268728
0.9681546090825313
0.9488906808746491
1.4565554054399215
0.9190136440911033
0.8381502538236725
0.9471482871074202
0.7998754010936298
0.8924181689522119
0.8324584627249076
0.8589398629411447
0.8280405693210325
0.9268923638745763
0.8766405014242498
0.8688257422663664
0.9027535216463112
0.9471482865442373
0.908092343533562
0.9043566929585634
0.9195530907723095
0.8743847510642306
0.8766405028989583
0.9741365485046822
0.8280405697289734
0.9223419084695734
0.919553091506315
0.874384750865465
0.9195530945348198
1.0768650599059424
0.9380300368181205
0.9471482895494037
1.0747507694811078
0.9493094786555429
0.9393123983118118
1.518980199180421
0.8850558170262474
0.9222202690194785
1.4565554048657632
0.8914639401921333
1.508325081678581
0.8631880584521696
0.9576843427590657
0.8737593550752432
0.8472342512430144
0.8539610636777575
1.0747507664340556
0.9471482883358884
0.9027535239528879
0.9195530873238834
0.9090575686685998
0.9043566917180778
0.874384751525085
0.92222026750321
0.8003318243886994
1.0993282211368824
0.8850558151686472
0.924791325673826
0.9247913260039117
0.9771139027471973
1.2644662458088298
0.922220269530901
0.9630314464631388
0.852873020291774
0.8914639408756172
0.9942216824061557
0.9103652912577258
0.8850558170370413
0.8381502536444381
0.9771139039840369
0.8743847527389732
0.8003318293813315
0.9917603593414723
0.9050308325740983
0.9576843423519836
0.8766404999064344
0.8517138116719807
0.9488906792809406
0.8522276741949983
0.7998753977923788
0.9195530873238834
1.0747507664340556
0.9393123983118118
0.9090575686685998
1.508325081678581
0.9222202690194785
0.8914639426224534
1.4497550789280966
0.922220269530901
1.4629682879521717
0.9027535239528879
0.8850558170262474
1.0747507694811078
0.8914639401921333
0.9090575709693216
0.8737593546729612
0.8957041102722685
0.8631880603463747
0.9223419086615973
0.8539610638360235
0.9043566928598354
0.9471482883358884
1.518980199180421
0.9471482895494037
1.4565554048657632
1.4554539826212554
0.9493094786555429
0.9493094779308917
0.8589398653594305
0.8324584626646905
0.918603744054157
0.9190136433323001
0.9190136440911033
0.858939865499011
0.8525957679507398
1.0008342960425571
0.8280405665750736
0.9222202669603816
0.8821245326520812
0.9103652907077353
0.8472342512014841
0.9942216833502963
1.2644662484714395
0.9681546076827037
0.9247913260039117
0.8914639426224534
0.9771139043648331
0.9159568572562808
0.8850558179179739
0.8528730198714258
0.8003318298586302
0.8914639424400593
0.8924181674046436
0.9630314473286203
1.07686505929561
0.9103652933119025
0.9917603631717538
0.918603744054157
1.0008342960425571
0.858939865499011
0.8324584626646905
0.9190136433323001
0.8525957674581417
0.8589398653594305
0.9190136431688213
0.8525957691616571
0.9190136438780072
0.8589398624689393
0.9186037506268728
0.8324584651516018
0.8324584654714461
1.0486989798134942
0.8766405005864767
0.8569043548699679
0.9050308322242149
0.8688257429271818
0.9488906808746491
0.799875399010507
0.8522276730216048
1.0008342915896078
1.0486989759316336
0.9741365480761605
0.8631880577597373
0.9741365485046822
0.9918175709042613
1.4497550785176019
0.9630314483124923
0.9681546076827037
1.9575420250662414
0.9771139027471973
1.4497550789280966
0.9080923454375895
0.9771139023854136
0.9027535216463112
0.9630314481377013
0.9741365480761605
0.7998754002512198
0.9771139027471973
0.8381502536444381
0.9917603544984744
0.9268923629997889
0.874384751525085
0.9393124015083049
1.4565554054399215
0.9195530907723095
1.514757030422445
1.4497550785176019
0.8957041078484516
0.8850558151686472
0.882124532427162
0.9268923629997889
0.8280405673229527
0.9969053369128041
0.9681546090825313
0.8924181677456338
0.9159568540537288
0.8569043573017472
0.9493094779308917
1.4565554048657632
0.9471482883358884
1.4554539826212554
1.4565554054399215
0.9471482895494037
0.9576843423519836
1.518980199180421
1.0008342915896078
0.8003318252396197
0.9268923638745763
0.874384750865465
0.9917603580039258
0.9771139023854136
0.8381502538236725
0.852873020291774
0.8324584627249076
0.8525957681737669
0.9576843427590657
0.8924181677456338
0.9393123995145358
0.8783037916574503
1.0139579879912297
0.8569043573017472
0.8821245335870183
0.9103652933119025
0.9268923629997889
0.8003318293813315
0.8539610638360235
0.8957041122967027
0.8525957681737669
0.9493094752375523
0.8522276691285808
0.838014585938159
0.9090575674268033
0.8280405673229527
0.9741365487557139
0.9380300270291698
1.3757849164648834
0.9223419113096027
0.9050308322242149
1.0008342915896078
0.799875399010507
0.8569043548699679
0.8688257429271818
0.8759924337397126
0.8766405005864767
0.9969053289834057
0.9159568540537288
0.96815460938188
0.8821245333620993
0.8280405697289734
0.8472342532290771
0.9268923615106244
0.901401493218147
0.9043566917180778
0.8472342512430144
0.8631880584521696
0.8539610636777575
0.9223419084695734
0.8737593550752432
0.8380145785972548
0.9576843427590657
0.8525957674581417
0.9488906802899787
0.9014014912417017
0.8517138089244339
0.852227667951946
0.8766405028989583
0.9576843431983488
0.8688257411266238
1.0486989759316336
1.0008342916690485
0.8759924337397126
0.9084595303245699
0.9681546090825313
0.908092343533562
0.9918175734844318
0.9741365485046822
0.8631880568247678
0.8003318243886994
0.8517138111805993
0.8783037916574503
0.9493094786555429
0.7998754010936298
0.9630314481377013
0.9050308349598652
0.9918175734844318
0.9969053369128041
1.514757030422445
0.9969053338023911
0.9190136433323001
1.4497550785176019
0.9488906792809406
1.4554539826212554
0.8743847527389732
0.9917603580039258
0.9043566937678081
0.9917603544984744
0.9223419086615973
0.8589398624689393
0.9630314483124923
0.8924181687415426
0.9917603580039258
0.8688257429271818
1.07686505929561
0.922220269530901
1.4554539826212554
0.9090575709693216
1.4497550789280966
1.4629682879521717
0.9223419084695734
0.8914639426224534
0.9942216824061557
0.9917603544984744
0.9103652886458113
0.9630314481377013
0.8914639401921333
1.0768650599059424
0.8528730198714258
0.8688257422663664
0.8850558151686472
1.514757030422445
0.9393124015083049
1.4497550785176019
1.508325081678581
0.9195530907723095
0.8472342512014841
1.4565554054399215
0.8324584627249076
0.924791325673826
0.9969053338023911
1.0993282197034084
0.9630314483124923
0.9222202690194785
0.8743847510642306
0.9942216833502963
0.9190136440911033
0.8589398629411447
0.8517138111805993
0.8517138116719807
1.4497550789280966
0.8957041102722685
1.514757030422445
1.4565554048657632
0.9195530873238834
0.8324584626646905
1.508325081678581
0.8472342512430144
1.518980199180421
0.8850558170262474
1.0993282211368824
0.9969053369128041
0.9084595340908226
0.9918175709042613
0.9090575686685998
0.9043566929585634
0.9103652907077353
0.9488906808746491
0.8924181689522119
0.8957041078484516
0.9050308354201213
0.9393123983118118
0.8957041122967027
0.8631880584521696
0.8517138089244339
0.9050308322242149
0.8381502538236725
0.8324584651516018
0.8924181677456338
0.799875399010507
0.9471482895494037
0.858939865499011
0.9771139043648331
1.4565554052115879
0.9488906802899787
0.96815460938188
0.918603744054157
0.9190136438780072
0.9268923627745462
0.8280405665750736
0.8688257415910616
0.8766404999064344
0.9471482871074202
1.5189801993097576
0.9393123995145358
0.9493094752375523
1.0747507694811078
0.8850558179179739
0.9576843431983488
0.8631880568247678
0.8472342532290771
0.8737593550752432
1.4565554049647564
0.9222202669603816
1.508325076373814
0.8914639408756172
0.853961066999238
0.9027535239528879
0.9195530945348198
0.9043566917180778
0.908092343533562
0.9471482883358884
0.874384750865465
0.8743847510642306
0.9195530873238834
1.0768650599059424
0.9195530907723095
0.9741365487557139
0.8766405005864767
0.9223419113096027
0.8280405673229527
0.9380300270291698
0.9471482865442373
1.0747507664340556
0.919553091506315
0.9027535216463112
0.9043566929585634
0.9090575674268033
0.919553091506315
1.508325076373814
0.9090575674268033
0.9393123995145358
1.0747507664340556
0.9222202669603816
0.8850558179179739
0.9027535216463112
0.8914639408756172
1.0747507694811078
1.4497550789927636
0.8914639424400593
1.462968287693498
0.92222026750321
0.9090575693192289
1.5189801993097576
0.9471482865442373
1.4565554049647564
0.9471482871074202
0.9493094752375523
1.4554539879260222
0.895704114492522
0.8737593546729612
0.9223419116502609
0.8631880577597373
0.9043566937678081
0.8539610676661372
0.9493094746685438
0.8743847527389732
0.8850558170370413
1.0993282211368824
0.8003318293813315
0.922220269530901
0.9247913260039117
0.8528730198714258
0.9630314481377013
0.9942216824061557
0.8914639401921333
0.9771139039840369
0.924791325673826
0.92222026750321
1.2644662458088298
0.9103652886458113
0.9576843412194483
0.9050308349598652
0.851713809474167
0.8766405014242498
0.8522276691285808
0.9488906787611564
0.8381502536444381
0.8850558151686472
0.874384751525085
0.9771139027471973
0.9917603544984744
0.8003318243886994
0.7998754002512198
0.8324584654714461
0.8589398624689393
0.9190136431688213
0.9186037506268728
0.8589398629411447
0.9190136438780072
1.0008342960960017
0.8525957691616571
0.9741365473478709
1.4497550785822688
0.9918175719902014
0.9741365487557139
0.8631880603463747
0.9630314473286203
0.9771139043648331
0.9080923454375895
0.9630314464631388
0.9027535239528879
1.9575420250662414
0.9681546077219924
1.4497550789927636
0.9771139039840369
0.9741365473478709
1.4565554052115879
0.9393124030431601
1.514757030422445
0.9195530945348198
0.8957041122967027
1.4497550785822688
0.9771139039840369
0.7998753977923788
0.9917603593414723
0.8381502536444381
0.8743847527389732
0.9268923615106244
0.8850558170370413
1.4565554049647564
0.9493094746685438
1.4554539879260222
0.9471482865442373
0.9471482871074202
1.4565554052115879
1.5189801993097576
0.9576843412194483
0.9268923615106244
0.8821245333620993
0.9969053289834057
0.8280405697289734
0.8924181689522119
0.96815460938188
0.8569043593156775
0.9159568540537288
1.0008342916690485
0.8280405693210325
0.8472342549143577
0.9103652933119025
0.8821245335870183
0.9222202690194785
0.9942216833502963
0.9159568572562808
0.9771139023854136
0.852873020291774
0.8850558170262474
0.9681546077219924
1.2644662484714395
0.8914639424400593
0.924791325673826
0.8003318252396197
1.0008342960960017
0.9186037506268728
0.8324584654714461
0.8589398629411447
0.8525957681737669
0.9190136431688213
0.8924181687415426
0.8914639426224534
1.07686505929561
0.9630314483124923
0.9917603580039258
0.9103652907077353
0.8589398624689393
0.856904358579228
0.8766405028989583
0.8688257411266238
0.9050308354201213
0.7998754010936298
0.9488906802899787
1.0008342916690485
0.852227667951946
0.8525957679507398
0.9190136433323001
0.8589398653594305
0.9190136440911033
0.8324584627249076
0.918603744054157
1.0486989798134942
0.8324584626646905
1.0486989759316336
0.9268923627745462
0.8003318298586302
0.9917603631717538
0.8743847510642306
0.8381502538236725
0.9771139043648331
0.8324584651516018
0.8528730198714258
0.9576843431983488
0.8525957674581417
0.9630314464631388
1.514757030422445
0.9969053289834057
0.9918175724751119
0.9050308325740983
0.9969053270579944
0.9917603631717538
0.874384751525085
0.9917603593414723
0.9043566928598354
1.4497550785822688
0.9190136431688213
1.4554539879260222
0.9488906787611564
0.9223419116502609
1.4554539879260222
0.92222026750321
1.4497550789927636
0.9090575693192289
0.9223419113096027
1.462968287693498
0.9630314473286203
0.8589398653594305
0.9917603631717538
0.8924181674046436
1.07686505929561
0.8688257411266238
0.8914639424400593
1.514757030422445
0.8850558170370413
1.4497550785822688
0.9393124030431601
0.9195530945348198
1.508325076373814
1.4565554052115879
0.8472342549143577
0.9917603593414723
0.9942216824061557
0.9630314464631388
0.9103652912577258
1.0768650599059424
0.8914639408756172
0.8688257415910616
0.852873020291774
0.8324584651516018
1.4497550789927636
0.851713809474167
1.514757030422445
0.895704114492522
0.919553091506315
1.4565554049647564
1.508325076373814
0.8324584654714461
1.5189801993097576
0.8472342532290771
0.9969053270579944
0.9247913260039117
0.9630314473286203
1.0993282197034084
0.874384750865465
0.9222202669603816
0.9190136438780072
0.9942216833502963
0.8517138089244339
0.858939865499011
0.8850558179179739
0.8924181689522119
0.8569043593156775
1.0139579879912297
0.8783037916574503
0.9393123983118118
0.8821245326520812
0.8525957674581417
0.8957041078484516
0.8522276741949983
0.9493094786555429
0.9268923615106244
0.9103652907077353
0.8539610676661372
0.8003318243886994
0.8380145785972548
1.0008342916690485
0.9050308354201213
0.856904358579228
0.7998754010936298
0.8759924337397126
0.8688257411266238
0.8280405697289734
0.9090575686685998
0.9380300368181205
0.9741365485046822
0.9223419084695734
1.3757849164648834
0.8766405028989583
0.8472342532290771
0.9043566929585634
0.853961066999238
0.8631880568247678
0.8737593550752432
0.9223419113096027
0.9576843431983488
0.838014585938159
0.9159568540537288
0.9969053369128041
0.882124532427162
0.9681546090825313
0.8472342512430144
0.8280405673229527
0.9014014912417017
0.9268923629997889
0.8525957681737669
0.96815460938188
0.9084595340908226
0.9918175724751119
0.908092343533562
0.8631880584521696
0.9741365487557139
0.8517138089244339
0.8003318293813315
0.9493094752375523
0.8783037916574503
0.901401493218147
0.9488906808746491
0.8522276730216048
0.8517138111805993
0.9576843427590657
0.8766405005864767
1.0486989759316336
0.8688257429271818
0.8759924337397126
1.0008342915896078
0.799875399010507
0.9969053289834057
1.0993282211368824
0.9918175719902014
0.9084595303245699
0.9043566917180778
0.9090575674268033
0.9488906802899787
0.9103652933119025
0.8957041122967027
0.8924181677456338
0.9393123995145358
0.9050308322242149
0.9080923454375895
0.9393124030431601
0.9084595303245699
0.9084595340908226
0.9393124015083049
1.0993282197034084
0.8003318298586302
0.9741365480761605
0.9103652912577258
0.9090575709693216
0.9741365473478709
0.8003318252396197
0.9090575693192289
0.9103652886458113
1.3757849133137845
0.9493094746685438
0.8631880577597373
0.895704114492522
0.9043566937678081
0.838014585938159
0.9223419116502609
0.8631880603463747
0.9493094779308917
0.9043566928598354
0.8957041102722685
0.9223419086615973
0.8380145785972548
0.8737593546729612
0.851713809474167
0.7998754002512198
0.9488906787611564
0.9050308349598652
0.8766405014242498
0.8688257415910616
0.9576843412194483
0.8759924340604406
0.7998753977923788
0.8517138116719807
0.9050308325740983
0.9488906792809406
0.8688257422663664
0.8766404999064344
0.8759924340604406
0.9576843423519836
1.0486989798134942
0.9681546077219924
0.8783037884347935
0.9969053270579944
0.8924181687415426
0.8280405693210325
0.9268923627745462
0.8472342549143577
0.8525957679507398
1.0008342960960017
0.901401493218147
0.8783037884347935
0.9681546076827037
0.8924181674046436
0.9969053338023911
0.9268923638745763
0.8280405665750736
0.8525957691616571
0.8472342512014841
0.9014014912417017
1.0008342960425571
0.9159568572562808
0.9918175719902014
0.882124532427162
0.9918175724751119
1.0139579899207243
0.9380300368181205
0.853961066999238
0.8539610676661372
0.8522276730216048
0.8569043593156775
0.8522276741949983
0.856904358579228
0.8821245326520812
0.8821245333620993
0.9918175709042613
1.0139579899207243
0.9918175734844318
0.8539610636777575
0.9380300270291698
0.852227667951946
0.8539610638360235
0.8522276691285808
0.8569043573017472
0.8821245335870183
0.8569043548699679
1.0139579879912297
