0.33635443615671046
0.3363544347455414
0.3483887139064994
0.3483887147162438
0.34032786405811394
0.36783266740837406
0.34379637719800993
0.3483887147162438
0.5961989007539169
0.367832666869942
0.34032786501383683
0.5961989020571414
0.3483887139064994
0.34379637725284873
0.367832666869942
0.36783266740837406
0.3437963785279696
0.34379637824230247
0.3483887155153642
0.34838871660600346
0.4095290849274563
0.5961989020571414
0.34934165194104333
0.33635443615671046
0.40952908558555534
0.34032786501383683
0.3483887139064994
0.3493416509253114
0.34379637725284873
0.3363544347455414
0.5755054680863698
0.44418754732043153
0.5755054679759892
0.3972908416460238
0.37564169353497523
0.40952908558555534
0.4095290849274563
0.3363544347455414
0.3493416509253114
0.5961989007539169
0.34032786405811394
0.4441875481536245
0.5755054692790882
0.3972908408353728
0.5755054693894687
0.34934165194104333
0.3483887147162438
0.33635443615671046
0.34379637719800993
0.375641690826613
0.47336545869482416
0.4733654586754526
0.4053421776824522
0.4053421763733711
0.4900176860793004
0.4900176848746224
0.45336174432614673
0.6224288497740568
0.40131372031734747
0.4900176848746224
0.4095290837445812
0.44688817500168737
0.44418754732043153
0.4053421762511217
0.4468881752091213
0.4733654586754526
0.6772472766795126
0.3972908430902107
0.6224288498886654
0.4441875470075512
0.49001768508910104
0.5755054679759892
0.40534217773933706
0.5961425251423648
0.4053421776824522
0.34934165194104333
0.6772472766795126
0.49001768508910104
0.3363544348975487
0.401313719764511
0.3493416522237539
0.4900176861230415
0.37564169353497523
0.3493416531121338
0.4533617437832058
0.4095290834446412
0.4900176860793004
0.4013137234499736
0.6224288478002687
0.4468881780734238
0.3972908422795597
0.6772472753762881
0.44418754784074416
0.6224288476856603
0.40534217773933706
0.4441875481536245
0.47336545869482416
0.44688817840263706
0.4900176861230415
0.33635443590047076
0.4900176861230415
0.3493416531121338
0.4013137228971371
0.375641690826613
0.49001768508910104
0.4053421762511217
0.5755054693894687
0.4053421763733711
0.5961425240981977
0.6772472753762881
0.3493416509253114
0.3493416522237539
0.3972908430902107
0.3972908422795597
0.44688817500168737
0.4468881780734238
0.4441875481536245
0.44418754732043153
0.3437963785279696
0.34379637824230247
0.401313719764511
0.6224288498886654
0.37564169353497523
0.40131372031734747
0.3363544348975487
0.3972908430902107
0.44688817500168737
0.3493416522237539
0.4441875470075512
0.4095290837445812
0.5961425251423648
0.3437963785279696
0.5755054680863698
0.3403278643040094
0.3493416531121338
0.6224288497740568
0.49001768508910104
0.6772472766795126
0.45336174432614673
0.4900176848746224
0.6772472766795126
0.4468881752091213
0.34838871660600346
0.3972908416460238
0.34032786411471083
0.44418754784074416
0.34379637725284873
0.4441875470075512
0.6224288498886654
0.33635443590047076
0.6224288497740568
0.4095290834446412
0.47336545869482416
0.5755054679759892
0.5755054680863698
0.3483887155153642
0.40131372031734747
0.375641690826613
0.4900176848746224
0.4013137234499736
0.4900176860793004
0.34934165194104333
0.37564169353497523
0.34379637719800993
0.3483887139064994
0.4013137228971371
0.33635443590047076
0.4013137234499736
0.375641690826613
0.6224288476856603
0.3972908422795597
0.34379637824230247
0.5961425240981977
0.34032786411471083
0.5755054692790882
0.3493416531121338
0.4468881780734238
0.4095290834446412
0.44418754784074416
0.3493416522237539
0.3483887155153642
0.44688817840263706
0.3403278643040094
0.3972908408353728
0.34379637719800993
0.4441875470075512
0.4900176861230415
0.6224288478002687
0.4533617437832058
0.6772472753762881
0.6772472753762881
0.4900176860793004
0.44418754784074416
0.37564169353497523
0.4013137234499736
0.40131372031734747
0.4900176860793004
0.3493416509253114
0.4900176848746224
0.34379637725284873
0.375641690826613
0.3363544348975487
0.6224288476856603
0.4095290837445812
0.6224288478002687
0.5755054693894687
0.4733654586754526
0.34838871660600346
0.5755054692790882
0.3483887147162438
0.401313719764511
0.4013137228971371
0.45336174432614673
0.4533617437832058
0.4053421763733711
0.4053421776824522
0.3972908416460238
0.3972908408353728
0.33635443615671046
0.3363544347455414
0.3972908416460238
0.5755054680863698
0.34379637725284873
0.37564169353497523
0.34838871660600346
0.3437963785279696
0.3972908430902107
0.34032786411471083
0.3403278643040094
0.3363544348975487
0.5755054679759892
0.36783266740837406
0.5961989020571414
0.3483887155153642
0.33635443590047076
0.6224288498886654
0.4468881752091213
0.5961425251423648
0.401313719764511
0.40131372031734747
0.6224288497740568
0.44418754732043153
0.367832666869942
0.34032786501383683
0.34379637824230247
0.3972908422795597
0.3483887139064994
0.44688817500168737
0.6772472766795126
0.3403278643040094
0.5961425251423648
0.3493416531121338
0.40534217773933706
0.5755054680863698
0.5961425251423648
0.3437963785279696
0.45336174432614673
0.3972908408353728
0.4053421776824522
0.4013137228971371
0.4533617437832058
0.4095290849274563
0.401313719764511
0.34032786405811394
0.34032786501383683
0.6224288497740568
0.3483887155153642
0.5755054679759892
0.33635443590047076
0.4095290834446412
0.5961989020571414
0.6224288498886654
0.36783266740837406
0.5961989020571414
0.33635443615671046
0.49001768508910104
0.44688817840263706
0.40534217773933706
0.4900176861230415
0.4053421762511217
0.47336545869482416
0.4468881752091213
0.4441875481536245
0.34934165194104333
0.40952908558555534
0.4095290849274563
0.3972908408353728
0.3483887155153642
0.375641690826613
0.34379637719800993
0.5755054692790882
0.34379637824230247
0.367832666869942
0.5755054693894687
0.34838871660600346
0.5961989007539169
0.3403278643040094
0.3972908422795597
0.33635443590047076
0.34032786411471083
0.3363544348975487
0.36783266740837406
0.4441875481536245
0.3437963785279696
0.34032786405811394
0.3483887147162438
0.3972908430902107
0.44688817840263706
0.6224288476856603
0.4013137228971371
0.5961425240981977
0.6224288478002687
0.4013137234499736
0.4468881780734238
0.3972908416460238
0.4533617437832058
0.401313719764511
0.4053421763733711
0.40952908558555534
0.45336174432614673
0.34032786501383683
0.4013137228971371
0.34032786411471083
0.6772472753762881
0.3493416522237539
0.5961425240981977
0.5755054692790882
0.4053421762511217
0.34379637824230247
0.5961425240981977
0.34032786405811394
0.4468881752091213
0.4900176861230415
0.49001768508910104
0.4053421762511217
0.4733654586754526
0.40534217773933706
0.44418754732043153
0.44688817840263706
0.4095290849274563
0.3493416509253114
0.34838871660600346
0.6224288478002687
0.3363544348975487
0.5755054693894687
0.5961989007539169
0.4095290837445812
0.367832666869942
0.6224288476856603
0.3363544347455414
0.5961989007539169
0.40952908558555534
0.4441875470075512
0.44418754784074416
0.3493416531121338
0.3493416522237539
0.4095290837445812
0.4095290834446412
0.44688817500168737
0.4468881780734238
0.4053421776824522
0.4053421763733711
0.47336545869482416
0.4733654586754526
0.4053421763733711
0.47336545869482416
0.3493416509253114
0.4900176860793004
0.5755054693894687
0.4441875481536245
0.4468881780734238
0.5961425240981977
0.44688817840263706
0.6224288478002687
0.4053421776824522
0.34032786405811394
0.4095290849274563
0.3972908408353728
0.4013137228971371
0.4095290834446412
0.4053421762511217
0.40534217773933706
0.4533617437832058
0.4013137234499736
0.45336174432614673
0.4733654586754526
0.5961989007539169
0.40952908558555534
0.5755054692790882
0.6224288476856603
0.3363544347455414
0.4095290837445812
0.4441875470075512
0.34032786411471083
0.4468881752091213
0.44418754784074416
0.44688817840263706
0.3972908416460238
0.3403278643040094
0.34838871660600346
0.4095290837445812
0.5755054692790882
0.4733654586754526
0.6224288476856603
0.6224288478002687
0.40952908558555534
0.3363544348975487
0.5961989007539169
0.367832666869942
0.44688817500168737
0.34379637824230247
0.44418754732043153
0.3972908422795597
0.4468881780734238
0.34032786501383683
0.3972908430902107
0.367832666869942
0.36783266740837406
0.3483887147162438
0.3493416522237539
0.5961425240981977
0.4053421762511217
0.6772472753762881
0.5961425240981977
0.4053421763733711
0.34032786411471083
0.5755054693894687
0.34379637719800993
0.5961989007539169
0.34032786405811394
0.4900176848746224
0.34379637719800993
0.34934165194104333
0.375641690826613
0.4013137234499736
0.33635443615671046
0.40131372031734747
0.3483887147162438
0.34379637725284873
0.3363544347455414
0.3483887139064994
0.3493416509253114
0.44418754784074416
0.6772472753762881
0.4900176861230415
0.6772472753762881
0.6224288476856603
0.4533617437832058
0.3972908422795597
0.6224288478002687
0.3972908408353728
0.5755054693894687
0.4441875481536245
0.5755054692790882
0.4900176860793004
0.4053421776824522
0.5755054679759892
0.4900176848746224
0.34934165194104333
0.4733654586754526
0.44418754732043153
0.34032786501383683
0.4053421763733711
0.3972908416460238
0.40952908558555534
0.5961425251423648
0.44688817500168737
0.6224288497740568
0.4468881752091213
0.401313719764511
0.5961989020571414
0.47336545869482416
0.5755054680863698
0.4095290849274563
0.33635443615671046
0.6224288498886654
0.40534217773933706
0.4095290837445812
0.45336174432614673
0.4053421762511217
0.4533617437832058
0.40131372031734747
0.4095290834446412
0.5755054680863698
0.4095290834446412
0.6224288498886654
0.47336545869482416
0.4095290849274563
0.6224288497740568
0.5961989020571414
0.33635443590047076
0.3403278643040094
0.44418754784074416
0.4441875470075512
0.44688817840263706
0.3972908408353728
0.4468881752091213
0.3483887155153642
0.34032786411471083
0.36783266740837406
0.5961425251423648
0.3493416531121338
0.6772472766795126
0.40534217773933706
0.4053421776824522
0.5961425251423648
0.5755054679759892
0.3403278643040094
0.5961989020571414
0.34379637725284873
0.3437963785279696
0.4468881780734238
0.3972908430902107
0.4441875481536245
0.34032786405811394
0.44688817500168737
0.36783266740837406
0.3972908422795597
0.3483887139064994
0.367832666869942
0.34032786501383683
0.6772472766795126
0.4441875470075512
0.6772472766795126
0.49001768508910104
0.45336174432614673
0.6224288498886654
0.6224288497740568
0.3972908430902107
0.5755054679759892
0.3972908416460238
0.5755054680863698
0.44418754732043153
0.34379637725284873
0.4900176860793004
0.37564169353497523
0.3493416509253114
0.3363544347455414
0.40131372031734747
0.3483887139064994
0.4013137234499736
0.33635443615671046
0.34379637719800993
0.34934165194104333
0.3483887147162438
0.4900176848746224
0.3493416531121338
0.3493416522237539
0.49001768508910104
0.4900176861230415
0.4013137228971371
0.401313719764511
0.33635443590047076
0.3363544348975487
0.3483887155153642
0.34838871660600346
0.3437963785279696
0.34379637824230247
0.37564169353497523
0.375641690826613
