2
0.00000
1
0.00041 0.00041 0.00041 0 0

6
3.76423
2
0.50041 0.50041 0.50041 0 0
0.00041 1.00041 0.00041 0 0

6
5.14726
2
0.50041 0.50041 0.50041 0 0
1.50041 0.50041 -0.49959 0 0

6
5.49397
2
0.50041 0.50041 0.50041 0 0
0.50041 1.50041 0.50041 0 0

6
6.37681
2
0.50041 0.50041 0.50041 0 0
1.00041 1.00041 -0.99959 0 0

2
6.93126
2
0.50041 0.50041 0.50041 0 0
0.00041 0.00041 0.00041 0 0

6
7.52847
2
0.50041 0.50041 0.50041 0 0
1.50041 -0.49959 -0.49959 0 0

6
8.19499
2
0.50041 0.50041 0.50041 0 0
2.00041 0.00041 -0.99959 0 0

6
8.19499
2
0.00041 0.00041 0.00041 0 0
1.50041 0.50041 -1.49959 0 0

6
8.63346
2
0.50041 0.50041 0.50041 0 0
1.00041 0.00041 -0.99959 0 0

6
8.63346
2
0.00041 0.00041 0.00041 0 0
1.50041 0.50041 -0.49959 0 0

6
8.91531
2
0.00041 0.00041 0.00041 0 0
1.00041 1.00041 -1.99959 0 0

6
9.11988
2
0.50041 0.50041 0.50041 0 0
1.50041 0.50041 -1.49959 0 0

6
9.11988
2
0.00041 0.00041 0.00041 0 0
1.00041 0.00041 -1.99959 0 0

6
9.70775
2
0.50041 0.50041 0.50041 0 0
0.50041 -0.49959 -0.49959 0 0

6
10.29451
2
0.50041 0.50041 0.50041 0 0
2.50041 0.50041 -1.49959 0 0

6
10.96113
2
0.50041 0.50041 0.50041 0 0
2.00041 1.00041 -1.99959 0 0

6
10.96113
2
0.00041 0.00041 0.00041 0 0
2.50041 -0.49959 -1.49959 0 0

6
10.98794
2
0.50041 0.50041 0.50041 0 0
0.50041 -1.49959 0.50041 0 0

6
11.29270
2
0.50041 0.50041 0.50041 0 0
2.00041 -0.99959 -0.99959 0 0

6
11.29270
2
0.50041 0.50041 0.50041 0 0
1.00041 1.00041 -1.99959 0 0

6
11.66879
2
0.50041 0.50041 0.50041 0 0
2.50041 -0.49959 -1.49959 0 0

6
11.66879
2
0.00041 0.00041 0.00041 0 0
2.00041 -0.99959 -1.99959 0 0

6
11.92823
2
0.50041 0.50041 0.50041 0 0
0.00041 -0.99959 0.00041 0 0

6
5.14726
3
0.50041 0.50041 0.50041 0 0
1.00041 0.00041 0.00041 0 0
1.50041 0.50041 -0.49959 0 0

6
5.14726
3
0.50041 0.50041 0.50041 0 0
1.00041 1.00041 0.00041 0 0
1.50041 0.50041 -0.49959 0 0

2
5.14726
3
0.50041 0.50041 0.50041 0 0
0.50041 1.50041 -0.49959 0 0
1.50041 0.50041 -0.49959 0 0

2
5.14726
3
0.50041 0.50041 0.50041 0 0
1.50041 -0.49959 0.50041 0 0
1.50041 0.50041 -0.49959 0 0

6
5.49397
3
0.50041 0.50041 0.50041 0 0
0.00041 1.00041 1.00041 0 0
0.50041 1.50041 0.50041 0 0

6
5.49397
3
0.50041 0.50041 0.50041 0 0
1.00041 1.00041 0.00041 0 0
0.50041 1.50041 0.50041 0 0

6
5.49397
3
0.50041 0.50041 0.50041 0 0
0.50041 1.50041 -0.49959 0 0
0.50041 1.50041 0.50041 0 0

6
5.49397
3
0.50041 0.50041 0.50041 0 0
0.50041 0.50041 1.50041 0 0
0.50041 1.50041 0.50041 0 0

6
6.37681
3
0.50041 0.50041 0.50041 0 0
0.00041 1.00041 0.00041 0 0
1.00041 1.00041 -0.99959 0 0

6
6.37681
3
0.50041 0.50041 0.50041 0 0
1.00041 0.00041 0.00041 0 0
1.00041 1.00041 -0.99959 0 0

6
6.37681
3
0.50041 0.50041 0.50041 0 0
1.00041 1.00041 0.00041 0 0
1.00041 1.00041 -0.99959 0 0

6
6.37681
3
0.50041 0.50041 0.50041 0 0
1.50041 0.50041 -0.49959 0 0
1.00041 1.00041 -0.99959 0 0

6
6.37681
3
0.50041 0.50041 0.50041 0 0
0.50041 1.50041 -0.49959 0 0
1.00041 1.00041 -0.99959 0 0

6
6.37681
3
0.50041 0.50041 0.50041 0 0
0.50041 0.50041 -0.49959 0 0
1.00041 1.00041 -0.99959 0 0

6
6.93126
3
0.50041 0.50041 0.50041 0 0
0.00041 1.00041 0.00041 0 0
0.00041 0.00041 0.00041 0 0

6
6.93126
3
0.50041 0.50041 0.50041 0 0
0.50041 -0.49959 0.50041 0 0
0.00041 0.00041 0.00041 0 0

6
7.52847
3
0.50041 0.50041 0.50041 0 0
1.00041 0.00041 0.00041 0 0
1.50041 -0.49959 -0.49959 0 0

6
7.52847
3
0.50041 0.50041 0.50041 0 0
1.50041 0.50041 -0.49959 0 0
1.50041 -0.49959 -0.49959 0 0

6
7.52847
3
0.50041 0.50041 0.50041 0 0
1.50041 -0.49959 0.50041 0 0
1.50041 -0.49959 -0.49959 0 0

6
7.52847
3
0.50041 0.50041 0.50041 0 0
0.50041 -0.49959 0.50041 0 0
1.50041 -0.49959 -0.49959 0 0

6
7.52847
3
0.50041 0.50041 0.50041 0 0
0.50041 0.50041 -0.49959 0 0
1.50041 -0.49959 -0.49959 0 0

6
7.52847
3
0.50041 0.50041 0.50041 0 0
1.00041 1.00041 -0.99959 0 0
1.50041 -0.49959 -0.49959 0 0

6
7.52847
3
0.50041 0.50041 0.50041 0 0
1.00041 -0.99959 1.00041 0 0
1.50041 -0.49959 -0.49959 0 0

6
7.52847
3
0.50041 0.50041 0.50041 0 0
2.00041 0.00041 0.00041 0 0
1.50041 -0.49959 -0.49959 0 0

6
7.52847
3
0.50041 0.50041 0.50041 0 0
0.00041 0.00041 0.00041 0 0
1.50041 -0.49959 -0.49959 0 0

6
8.19499
3
0.50041 0.50041 0.50041 0 0
1.00041 0.00041 0.00041 0 0
2.00041 0.00041 -0.99959 0 0

6
8.19499
3
0.50041 0.50041 0.50041 0 0
1.00041 1.00041 0.00041 0 0
2.00041 0.00041 -0.99959 0 0

6
8.19499
3
0.50041 0.50041 0.50041 0 0
1.50041 0.50041 -0.49959 0 0
2.00041 0.00041 -0.99959 0 0

6
8.19499
3
0.50041 0.50041 0.50041 0 0
0.50041 1.50041 -0.49959 0 0
2.00041 0.00041 -0.99959 0 0

6
8.19499
3
0.50041 0.50041 0.50041 0 0
1.50041 -0.49959 0.50041 0 0
2.00041 0.00041 -0.99959 0 0

6
8.19499
3
0.50041 0.50041 0.50041 0 0
0.50041 -0.49959 0.50041 0 0
2.00041 0.00041 -0.99959 0 0

6
8.19499
3
0.50041 0.50041 0.50041 0 0
0.50041 0.50041 -0.49959 0 0
2.00041 0.00041 -0.99959 0 0

6
8.19499
3
0.50041 0.50041 0.50041 0 0
1.00041 1.00041 -0.99959 0 0
2.00041 0.00041 -0.99959 0 0

6
8.19499
3
0.50041 0.50041 0.50041 0 0
2.00041 0.00041 0.00041 0 0
2.00041 0.00041 -0.99959 0 0

6
8.19499
3
0.50041 0.50041 0.50041 0 0
1.50041 -0.49959 -0.49959 0 0
2.00041 0.00041 -0.99959 0 0

6
8.19499
3
0.50041 0.50041 0.50041 0 0
2.00041 -0.99959 0.00041 0 0
2.00041 0.00041 -0.99959 0 0

6
8.19499
3
0.00041 0.00041 0.00041 0 0
0.50041 0.50041 -0.49959 0 0
1.50041 0.50041 -1.49959 0 0

6
8.19499
3
0.00041 0.00041 0.00041 0 0
0.50041 -0.49959 -0.49959 0 0
1.50041 0.50041 -1.49959 0 0

6
8.19499
3
0.00041 0.00041 0.00041 0 0
1.00041 0.00041 -0.99959 0 0
1.50041 0.50041 -1.49959 0 0

6
8.19499
3
0.00041 0.00041 0.00041 0 0
0.00041 1.00041 -0.99959 0 0
1.50041 0.50041 -1.49959 0 0

6
8.19499
3
0.00041 0.00041 0.00041 0 0
0.00041 1.00041 0.00041 0 0
1.50041 0.50041 -1.49959 0 0

6
8.19499
3
0.00041 0.00041 0.00041 0 0
1.00041 0.00041 0.00041 0 0
1.50041 0.50041 -1.49959 0 0

6
8.19499
3
0.00041 0.00041 0.00041 0 0
1.50041 -0.49959 -0.49959 0 0
1.50041 0.50041 -1.49959 0 0

6
8.19499
3
0.00041 0.00041 0.00041 0 0
0.50041 0.50041 -1.49959 0 0
1.50041 0.50041 -1.49959 0 0

6
8.19499
3
0.00041 0.00041 0.00041 0 0
1.00041 1.00041 -0.99959 0 0
1.50041 0.50041 -1.49959 0 0

6
8.63346
3
0.50041 0.50041 0.50041 0 0
0.00041 1.00041 0.00041 0 0
1.00041 0.00041 -0.99959 0 0

6
8.63346
3
0.50041 0.50041 0.50041 0 0
1.00041 0.00041 0.00041 0 0
1.00041 0.00041 -0.99959 0 0

6
8.63346
3
0.50041 0.50041 0.50041 0 0
1.50041 0.50041 -0.49959 0 0
1.00041 0.00041 -0.99959 0 0

6
8.63346
3
0.50041 0.50041 0.50041 0 0
0.50041 1.50041 -0.49959 0 0
1.00041 0.00041 -0.99959 0 0

6
8.63346
3
0.50041 0.50041 0.50041 0 0
1.50041 -0.49959 0.50041 0 0
1.00041 0.00041 -0.99959 0 0

6
8.63346
3
0.50041 0.50041 0.50041 0 0
0.50041 -0.49959 0.50041 0 0
1.00041 0.00041 -0.99959 0 0

6
8.63346
3
0.50041 0.50041 0.50041 0 0
0.50041 0.50041 -0.49959 0 0
1.00041 0.00041 -0.99959 0 0

6
8.63346
3
0.50041 0.50041 0.50041 0 0
-0.49959 0.50041 0.50041 0 0
1.00041 0.00041 -0.99959 0 0

6
8.63346
3
0.50041 0.50041 0.50041 0 0
1.00041 1.00041 -0.99959 0 0
1.00041 0.00041 -0.99959 0 0

6
8.63346
3
0.50041 0.50041 0.50041 0 0
0.00041 0.00041 0.00041 0 0
1.00041 0.00041 -0.99959 0 0

6
8.63346
3
0.50041 0.50041 0.50041 0 0
1.50041 -0.49959 -0.49959 0 0
1.00041 0.00041 -0.99959 0 0

6
8.63346
3
0.50041 0.50041 0.50041 0 0
-0.49959 1.50041 -0.49959 0 0
1.00041 0.00041 -0.99959 0 0

6
8.63346
3
0.50041 0.50041 0.50041 0 0
2.00041 0.00041 -0.99959 0 0
1.00041 0.00041 -0.99959 0 0

6
8.63346
3
0.50041 0.50041 0.50041 0 0
2.00041 -0.99959 0.00041 0 0
1.00041 0.00041 -0.99959 0 0

6
8.63346
3
0.50041 0.50041 0.50041 0 0
1.00041 -0.99959 0.00041 0 0
1.00041 0.00041 -0.99959 0 0

6
8.63346
3
0.50041 0.50041 0.50041 0 0
0.00041 1.00041 -0.99959 0 0
1.00041 0.00041 -0.99959 0 0

6
8.63346
3
0.00041 0.00041 0.00041 0 0
0.50041 -0.49959 0.50041 0 0
1.50041 0.50041 -0.49959 0 0

6
8.63346
3
0.00041 0.00041 0.00041 0 0
0.50041 0.50041 -0.49959 0 0
1.50041 0.50041 -0.49959 0 0

6
8.63346
3
0.00041 0.00041 0.00041 0 0
1.00041 0.00041 -0.99959 0 0
1.50041 0.50041 -0.49959 0 0

6
8.63346
3
0.00041 0.00041 0.00041 0 0
0.00041 1.00041 0.00041 0 0
1.50041 0.50041 -0.49959 0 0

6
8.63346
3
0.00041 0.00041 0.00041 0 0
0.00041 0.00041 1.00041 0 0
1.50041 0.50041 -0.49959 0 0

6
8.63346
3
0.00041 0.00041 0.00041 0 0
1.00041 0.00041 0.00041 0 0
1.50041 0.50041 -0.49959 0 0

6
8.63346
3
0.00041 0.00041 0.00041 0 0
1.50041 -0.49959 -0.49959 0 0
1.50041 0.50041 -0.49959 0 0

6
8.63346
3
0.00041 0.00041 0.00041 0 0
0.50041 0.50041 0.50041 0 0
1.50041 0.50041 -0.49959 0 0

6
8.63346
3
0.00041 0.00041 0.00041 0 0
1.00041 1.00041 -0.99959 0 0
1.50041 0.50041 -0.49959 0 0

6
8.63346
3
0.00041 0.00041 0.00041 0 0
1.00041 -0.99959 1.00041 0 0
1.50041 0.50041 -0.49959 0 0

6
8.63346
3
0.00041 0.00041 0.00041 0 0
1.50041 0.50041 -1.49959 0 0
1.50041 0.50041 -0.49959 0 0

6
8.63346
3
0.00041 0.00041 0.00041 0 0
0.50041 1.50041 -1.49959 0 0
1.50041 0.50041 -0.49959 0 0

6
8.91531
3
0.00041 0.00041 0.00041 0 0
0.50041 0.50041 -0.49959 0 0
1.00041 1.00041 -1.99959 0 0

6
8.91531
3
0.00041 0.00041 0.00041 0 0
0.50041 -0.49959 -0.49959 0 0
1.00041 1.00041 -1.99959 0 0

6
8.91531
3
0.00041 0.00041 0.00041 0 0
-0.49959 0.50041 -0.49959 0 0
1.00041 1.00041 -1.99959 0 0

6
8.91531
3
0.00041 0.00041 0.00041 0 0
1.00041 0.00041 -0.99959 0 0
1.00041 1.00041 -1.99959 0 0

6
8.91531
3
0.00041 0.00041 0.00041 0 0
0.00041 1.00041 -0.99959 0 0
1.00041 1.00041 -1.99959 0 0

6
8.91531
3
0.00041 0.00041 0.00041 0 0
0.00041 0.00041 -0.99959 0 0
1.00041 1.00041 -1.99959 0 0

6
8.91531
3
0.00041 0.00041 0.00041 0 0
1.50041 -0.49959 -0.49959 0 0
1.00041 1.00041 -1.99959 0 0

6
8.91531
3
0.00041 0.00041 0.00041 0 0
-0.49959 1.50041 -0.49959 0 0
1.00041 1.00041 -1.99959 0 0

6
8.91531
3
0.00041 0.00041 0.00041 0 0
0.50041 0.50041 -1.49959 0 0
1.00041 1.00041 -1.99959 0 0

6
8.91531
3
0.00041 0.00041 0.00041 0 0
1.00041 1.00041 -0.99959 0 0
1.00041 1.00041 -1.99959 0 0

6
8.91531
3
0.00041 0.00041 0.00041 0 0
1.50041 0.50041 -1.49959 0 0
1.00041 1.00041 -1.99959 0 0

6
8.91531
3
0.00041 0.00041 0.00041 0 0
0.50041 1.50041 -1.49959 0 0
1.00041 1.00041 -1.99959 0 0

6
8.91531
3
0.00041 0.00041 0.00041 0 0
1.50041 -0.49959 -1.49959 0 0
1.00041 1.00041 -1.99959 0 0

6
8.91531
3
0.00041 0.00041 0.00041 0 0
-0.49959 1.50041 -1.49959 0 0
1.00041 1.00041 -1.99959 0 0

6
8.91531
3
0.00041 0.00041 0.00041 0 0
1.50041 0.50041 -0.49959 0 0
1.00041 1.00041 -1.99959 0 0

6
8.91531
3
0.00041 0.00041 0.00041 0 0
0.50041 1.50041 -0.49959 0 0
1.00041 1.00041 -1.99959 0 0

6
8.91531
3
0.00041 0.00041 0.00041 0 0
0.50041 -0.49959 -1.49959 0 0
1.00041 1.00041 -1.99959 0 0

6
8.91531
3
0.00041 0.00041 0.00041 0 0
-0.49959 0.50041 -1.49959 0 0
1.00041 1.00041 -1.99959 0 0

2
8.91531
3
0.00041 0.00041 0.00041 0 0
2.00041 -0.99959 -0.99959 0 0
1.00041 1.00041 -1.99959 0 0

2
8.91531
3
0.00041 0.00041 0.00041 0 0
-0.99959 2.00041 -0.99959 0 0
1.00041 1.00041 -1.99959 0 0

6
9.11988
3
0.50041 0.50041 0.50041 0 0
0.00041 1.00041 0.00041 0 0
1.50041 0.50041 -1.49959 0 0

6
9.11988
3
0.50041 0.50041 0.50041 0 0
1.00041 0.00041 0.00041 0 0
1.50041 0.50041 -1.49959 0 0

6
9.11988
3
0.50041 0.50041 0.50041 0 0
1.00041 1.00041 0.00041 0 0
1.50041 0.50041 -1.49959 0 0

6
9.11988
3
0.50041 0.50041 0.50041 0 0
1.50041 0.50041 -0.49959 0 0
1.50041 0.50041 -1.49959 0 0

6
9.11988
3
0.50041 0.50041 0.50041 0 0
0.50041 1.50041 -0.49959 0 0
1.50041 0.50041 -1.49959 0 0

6
9.11988
3
0.50041 0.50041 0.50041 0 0
1.50041 -0.49959 0.50041 0 0
1.50041 0.50041 -1.49959 0 0

6
9.11988
3
0.50041 0.50041 0.50041 0 0
0.50041 -0.49959 0.50041 0 0
1.50041 0.50041 -1.49959 0 0

6
9.11988
3
0.50041 0.50041 0.50041 0 0
0.50041 0.50041 -0.49959 0 0
1.50041 0.50041 -1.49959 0 0

6
9.11988
3
0.50041 0.50041 0.50041 0 0
1.00041 1.00041 -0.99959 0 0
1.50041 0.50041 -1.49959 0 0

6
9.11988
3
0.50041 0.50041 0.50041 0 0
2.00041 0.00041 0.00041 0 0
1.50041 0.50041 -1.49959 0 0

6
9.11988
3
0.50041 0.50041 0.50041 0 0
0.00041 0.00041 0.00041 0 0
1.50041 0.50041 -1.49959 0 0

6
9.11988
3
0.50041 0.50041 0.50041 0 0
1.50041 -0.49959 -0.49959 0 0
1.50041 0.50041 -1.49959 0 0

6
9.11988
3
0.50041 0.50041 0.50041 0 0
-0.49959 1.50041 -0.49959 0 0
1.50041 0.50041 -1.49959 0 0

6
9.11988
3
0.50041 0.50041 0.50041 0 0
2.00041 0.00041 -0.99959 0 0
1.50041 0.50041 -1.49959 0 0

6
9.11988
3
0.50041 0.50041 0.50041 0 0
0.00041 2.00041 -0.99959 0 0
1.50041 0.50041 -1.49959 0 0

6
9.11988
3
0.50041 0.50041 0.50041 0 0
2.00041 -0.99959 0.00041 0 0
1.50041 0.50041 -1.49959 0 0

6
9.11988
3
0.50041 0.50041 0.50041 0 0
2.00041 1.00041 -0.99959 0 0
1.50041 0.50041 -1.49959 0 0

6
9.11988
3
0.50041 0.50041 0.50041 0 0
1.00041 2.00041 -0.99959 0 0
1.50041 0.50041 -1.49959 0 0

6
9.11988
3
0.50041 0.50041 0.50041 0 0
1.00041 0.00041 -0.99959 0 0
1.50041 0.50041 -1.49959 0 0

6
9.11988
3
0.50041 0.50041 0.50041 0 0
1.00041 -0.99959 0.00041 0 0
1.50041 0.50041 -1.49959 0 0

6
9.11988
3
0.50041 0.50041 0.50041 0 0
0.00041 1.00041 -0.99959 0 0
1.50041 0.50041 -1.49959 0 0

6
9.11988
3
0.50041 0.50041 0.50041 0 0
1.50041 1.50041 -1.49959 0 0
1.50041 0.50041 -1.49959 0 0

6
9.11988
3
0.50041 0.50041 0.50041 0 0
2.50041 -0.49959 -0.49959 0 0
1.50041 0.50041 -1.49959 0 0

6
9.11988
3
0.50041 0.50041 0.50041 0 0
0.50041 1.50041 -1.49959 0 0
1.50041 0.50041 -1.49959 0 0

6
9.11988
3
0.00041 0.00041 0.00041 0 0
0.50041 0.50041 -0.49959 0 0
1.00041 0.00041 -1.99959 0 0

6
9.11988
3
0.00041 0.00041 0.00041 0 0
0.50041 -0.49959 -0.49959 0 0
1.00041 0.00041 -1.99959 0 0

6
9.11988
3
0.00041 0.00041 0.00041 0 0
-0.49959 0.50041 -0.49959 0 0
1.00041 0.00041 -1.99959 0 0

6
9.11988
3
0.00041 0.00041 0.00041 0 0
1.00041 0.00041 -0.99959 0 0
1.00041 0.00041 -1.99959 0 0

6
9.11988
3
0.00041 0.00041 0.00041 0 0
0.00041 1.00041 -0.99959 0 0
1.00041 0.00041 -1.99959 0 0

6
9.11988
3
0.00041 0.00041 0.00041 0 0
0.00041 -0.99959 0.00041 0 0
1.00041 0.00041 -1.99959 0 0

6
9.11988
3
0.00041 0.00041 0.00041 0 0
0.00041 0.00041 -0.99959 0 0
1.00041 0.00041 -1.99959 0 0

6
9.11988
3
0.00041 0.00041 0.00041 0 0
1.50041 -0.49959 -0.49959 0 0
1.00041 0.00041 -1.99959 0 0

6
9.11988
3
0.00041 0.00041 0.00041 0 0
0.50041 0.50041 -1.49959 0 0
1.00041 0.00041 -1.99959 0 0

6
9.11988
3
0.00041 0.00041 0.00041 0 0
-0.49959 -0.49959 -0.49959 0 0
1.00041 0.00041 -1.99959 0 0

6
9.11988
3
0.00041 0.00041 0.00041 0 0
1.00041 -0.99959 -0.99959 0 0
1.00041 0.00041 -1.99959 0 0

6
9.11988
3
0.00041 0.00041 0.00041 0 0
-0.99959 1.00041 -0.99959 0 0
1.00041 0.00041 -1.99959 0 0

6
9.11988
3
0.00041 0.00041 0.00041 0 0
1.50041 0.50041 -1.49959 0 0
1.00041 0.00041 -1.99959 0 0

6
9.11988
3
0.00041 0.00041 0.00041 0 0
0.50041 1.50041 -1.49959 0 0
1.00041 0.00041 -1.99959 0 0

6
9.11988
3
0.00041 0.00041 0.00041 0 0
1.50041 -0.49959 -1.49959 0 0
1.00041 0.00041 -1.99959 0 0

6
9.11988
3
0.00041 0.00041 0.00041 0 0
1.50041 -1.49959 -0.49959 0 0
1.00041 0.00041 -1.99959 0 0

6
9.11988
3
0.00041 0.00041 0.00041 0 0
-0.49959 1.50041 -1.49959 0 0
1.00041 0.00041 -1.99959 0 0

6
9.11988
3
0.00041 0.00041 0.00041 0 0
0.50041 -1.49959 -0.49959 0 0
1.00041 0.00041 -1.99959 0 0

6
9.11988
3
0.00041 0.00041 0.00041 0 0
0.50041 -0.49959 -1.49959 0 0
1.00041 0.00041 -1.99959 0 0

6
9.11988
3
0.00041 0.00041 0.00041 0 0
-0.49959 0.50041 -1.49959 0 0
1.00041 0.00041 -1.99959 0 0

6
9.11988
3
0.00041 0.00041 0.00041 0 0
1.00041 1.00041 -1.99959 0 0
1.00041 0.00041 -1.99959 0 0

6
9.11988
3
0.00041 0.00041 0.00041 0 0
2.00041 -0.99959 -0.99959 0 0
1.00041 0.00041 -1.99959 0 0

6
9.70775
3
0.50041 0.50041 0.50041 0 0
0.00041 1.00041 0.00041 0 0
0.50041 -0.49959 -0.49959 0 0

6
9.70775
3
0.50041 0.50041 0.50041 0 0
1.00041 0.00041 0.00041 0 0
0.50041 -0.49959 -0.49959 0 0

6
9.70775
3
0.50041 0.50041 0.50041 0 0
0.00041 0.00041 1.00041 0 0
0.50041 -0.49959 -0.49959 0 0

6
9.70775
3
0.50041 0.50041 0.50041 0 0
1.50041 0.50041 -0.49959 0 0
0.50041 -0.49959 -0.49959 0 0

6
9.70775
3
0.50041 0.50041 0.50041 0 0
0.50041 -0.49959 0.50041 0 0
0.50041 -0.49959 -0.49959 0 0

6
9.70775
3
0.50041 0.50041 0.50041 0 0
0.50041 0.50041 -0.49959 0 0
0.50041 -0.49959 -0.49959 0 0

6
9.70775
3
0.50041 0.50041 0.50041 0 0
-0.49959 0.50041 0.50041 0 0
0.50041 -0.49959 -0.49959 0 0

6
9.70775
3
0.50041 0.50041 0.50041 0 0
1.00041 1.00041 -0.99959 0 0
0.50041 -0.49959 -0.49959 0 0

6
9.70775
3
0.50041 0.50041 0.50041 0 0
1.00041 -0.99959 1.00041 0 0
0.50041 -0.49959 -0.49959 0 0

6
9.70775
3
0.50041 0.50041 0.50041 0 0
0.00041 0.00041 0.00041 0 0
0.50041 -0.49959 -0.49959 0 0

6
9.70775
3
0.50041 0.50041 0.50041 0 0
1.50041 -0.49959 -0.49959 0 0
0.50041 -0.49959 -0.49959 0 0

6
9.70775
3
0.50041 0.50041 0.50041 0 0
-0.49959 -0.49959 1.50041 0 0
0.50041 -0.49959 -0.49959 0 0

6
9.70775
3
0.50041 0.50041 0.50041 0 0
-0.49959 1.50041 -0.49959 0 0
0.50041 -0.49959 -0.49959 0 0

6
9.70775
3
0.50041 0.50041 0.50041 0 0
2.00041 0.00041 -0.99959 0 0
0.50041 -0.49959 -0.49959 0 0

6
9.70775
3
0.50041 0.50041 0.50041 0 0
2.00041 -0.99959 0.00041 0 0
0.50041 -0.49959 -0.49959 0 0

6
9.70775
3
0.50041 0.50041 0.50041 0 0
1.00041 0.00041 -0.99959 0 0
0.50041 -0.49959 -0.49959 0 0

6
9.70775
3
0.50041 0.50041 0.50041 0 0
-0.99959 0.00041 1.00041 0 0
0.50041 -0.49959 -0.49959 0 0

6
9.70775
3
0.50041 0.50041 0.50041 0 0
1.00041 -0.99959 0.00041 0 0
0.50041 -0.49959 -0.49959 0 0

6
9.70775
3
0.50041 0.50041 0.50041 0 0
0.00041 -0.99959 1.00041 0 0
0.50041 -0.49959 -0.49959 0 0

6
9.70775
3
0.50041 0.50041 0.50041 0 0
0.00041 1.00041 -0.99959 0 0
0.50041 -0.49959 -0.49959 0 0

6
9.70775
3
0.50041 0.50041 0.50041 0 0
-0.99959 1.00041 0.00041 0 0
0.50041 -0.49959 -0.49959 0 0

6
9.70775
3
0.50041 0.50041 0.50041 0 0
1.50041 0.50041 -1.49959 0 0
0.50041 -0.49959 -0.49959 0 0

6
9.70775
3
0.50041 0.50041 0.50041 0 0
0.50041 -1.49959 1.50041 0 0
0.50041 -0.49959 -0.49959 0 0

6
9.70775
3
0.50041 0.50041 0.50041 0 0
1.50041 -1.49959 0.50041 0 0
0.50041 -0.49959 -0.49959 0 0

6
9.70775
3
0.50041 0.50041 0.50041 0 0
0.50041 1.50041 -1.49959 0 0
0.50041 -0.49959 -0.49959 0 0

6
9.70775
3
0.50041 0.50041 0.50041 0 0
-0.49959 -0.49959 0.50041 0 0
0.50041 -0.49959 -0.49959 0 0

2
5.14726
4
0.50041 0.50041 0.50041 0 0
1.00041 1.00041 0.00041 0 0
0.50041 1.50041 -0.49959 0 0
1.50041 0.50041 -0.49959 0 0

2
5.14726
4
0.50041 0.50041 0.50041 0 0
1.00041 0.00041 0.00041 0 0
1.50041 -0.49959 0.50041 0 0
1.50041 0.50041 -0.49959 0 0

6
5.49397
4
0.50041 0.50041 0.50041 0 0
1.00041 1.00041 0.00041 0 0
0.00041 1.00041 1.00041 0 0
0.50041 1.50041 0.50041 0 0

6
5.49397
4
0.50041 0.50041 0.50041 0 0
1.00041 1.00041 0.00041 0 0
0.50041 1.50041 -0.49959 0 0
0.50041 1.50041 0.50041 0 0

2
5.49397
4
0.50041 0.50041 0.50041 0 0
-0.49959 1.50041 0.50041 0 0
0.50041 1.50041 -0.49959 0 0
0.50041 1.50041 0.50041 0 0

6
5.49397
4
0.50041 0.50041 0.50041 0 0
0.00041 1.00041 1.00041 0 0
0.50041 0.50041 1.50041 0 0
0.50041 1.50041 0.50041 0 0

2
5.49397
4
0.50041 0.50041 0.50041 0 0
1.50041 0.50041 0.50041 0 0
0.50041 0.50041 1.50041 0 0
0.50041 1.50041 0.50041 0 0

6
6.37681
4
0.50041 0.50041 0.50041 0 0
1.00041 0.00041 0.00041 0 0
0.00041 1.00041 0.00041 0 0
1.00041 1.00041 -0.99959 0 0

6
6.37681
4
0.50041 0.50041 0.50041 0 0
1.00041 1.00041 0.00041 0 0
0.00041 1.00041 0.00041 0 0
1.00041 1.00041 -0.99959 0 0

6
6.37681
4
0.50041 0.50041 0.50041 0 0
1.00041 1.00041 0.00041 0 0
1.00041 0.00041 0.00041 0 0
1.00041 1.00041 -0.99959 0 0

6
6.37681
4
0.50041 0.50041 0.50041 0 0
0.00041 1.00041 0.00041 0 0
1.50041 0.50041 -0.49959 0 0
1.00041 1.00041 -0.99959 0 0

6
6.37681
4
0.50041 0.50041 0.50041 0 0
1.00041 0.00041 0.00041 0 0
1.50041 0.50041 -0.49959 0 0
1.00041 1.00041 -0.99959 0 0

6
6.37681
4
0.50041 0.50041 0.50041 0 0
1.00041 1.00041 0.00041 0 0
1.50041 0.50041 -0.49959 0 0
1.00041 1.00041 -0.99959 0 0

6
6.37681
4
0.50041 0.50041 0.50041 0 0
0.50041 1.50041 -0.49959 0 0
1.50041 0.50041 -0.49959 0 0
1.00041 1.00041 -0.99959 0 0

6
6.37681
4
0.50041 0.50041 0.50041 0 0
0.00041 1.00041 0.00041 0 0
0.50041 1.50041 -0.49959 0 0
1.00041 1.00041 -0.99959 0 0

6
6.37681
4
0.50041 0.50041 0.50041 0 0
1.00041 1.00041 0.00041 0 0
0.50041 1.50041 -0.49959 0 0
1.00041 1.00041 -0.99959 0 0

6
6.37681
4
0.50041 0.50041 0.50041 0 0
0.00041 1.00041 0.00041 0 0
0.50041 0.50041 -0.49959 0 0
1.00041 1.00041 -0.99959 0 0

6
6.37681
4
0.50041 0.50041 0.50041 0 0
1.00041 0.00041 0.00041 0 0
0.50041 0.50041 -0.49959 0 0
1.00041 1.00041 -0.99959 0 0

6
6.37681
4
0.50041 0.50041 0.50041 0 0
1.50041 0.50041 -0.49959 0 0
0.50041 0.50041 -0.49959 0 0
1.00041 1.00041 -0.99959 0 0

6
6.37681
4
0.50041 0.50041 0.50041 0 0
0.50041 1.50041 -0.49959 0 0
0.50041 0.50041 -0.49959 0 0
1.00041 1.00041 -0.99959 0 0

6
6.93126
4
0.50041 0.50041 0.50041 0 0
1.00041 0.00041 0.00041 0 0
0.00041 1.00041 0.00041 0 0
0.00041 0.00041 0.00041 0 0

6
6.93126
4
0.50041 0.50041 0.50041 0 0
0.00041 1.00041 0.00041 0 0
0.50041 -0.49959 0.50041 0 0
0.00041 0.00041 0.00041 0 0

6
6.93126
4
0.50041 0.50041 0.50041 0 0
1.00041 0.00041 0.00041 0 0
0.50041 -0.49959 0.50041 0 0
0.00041 0.00041 0.00041 0 0

6
6.93126
4
0.50041 0.50041 0.50041 0 0
0.00041 0.00041 1.00041 0 0
0.50041 -0.49959 0.50041 0 0
0.00041 0.00041 0.00041 0 0

6
6.93126
4
0.50041 0.50041 0.50041 0 0
0.50041 0.50041 -0.49959 0 0
0.50041 -0.49959 0.50041 0 0
0.00041 0.00041 0.00041 0 0

6
7.52847
4
0.50041 0.50041 0.50041 0 0
1.00041 0.00041 0.00041 0 0
1.50041 0.50041 -0.49959 0 0
1.50041 -0.49959 -0.49959 0 0

6
7.52847
4
0.50041 0.50041 0.50041 0 0
1.50041 -0.49959 0.50041 0 0
1.50041 0.50041 -0.49959 0 0
1.50041 -0.49959 -0.49959 0 0

6
7.52847
4
0.50041 0.50041 0.50041 0 0
1.00041 0.00041 0.00041 0 0
1.50041 -0.49959 0.50041 0 0
1.50041 -0.49959 -0.49959 0 0

6
7.52847
4
0.50041 0.50041 0.50041 0 0
1.00041 0.00041 0.00041 0 0
0.50041 -0.49959 0.50041 0 0
1.50041 -0.49959 -0.49959 0 0

6
7.52847
4
0.50041 0.50041 0.50041 0 0
1.50041 0.50041 -0.49959 0 0
0.50041 -0.49959 0.50041 0 0
1.50041 -0.49959 -0.49959 0 0

6
7.52847
4
0.50041 0.50041 0.50041 0 0
1.50041 -0.49959 0.50041 0 0
0.50041 -0.49959 0.50041 0 0
1.50041 -0.49959 -0.49959 0 0

6
7.52847
4
0.50041 0.50041 0.50041 0 0
0.50041 0.50041 -0.49959 0 0
0.50041 -0.49959 0.50041 0 0
1.50041 -0.49959 -0.49959 0 0

6
7.52847
4
0.50041 0.50041 0.50041 0 0
1.00041 0.00041 0.00041 0 0
0.50041 0.50041 -0.49959 0 0
1.50041 -0.49959 -0.49959 0 0

6
7.52847
4
0.50041 0.50041 0.50041 0 0
1.50041 0.50041 -0.49959 0 0
0.50041 0.50041 -0.49959 0 0
1.50041 -0.49959 -0.49959 0 0

6
7.52847
4
0.50041 0.50041 0.50041 0 0
1.00041 0.00041 0.00041 0 0
1.00041 1.00041 -0.99959 0 0
1.50041 -0.49959 -0.49959 0 0

6
7.52847
4
0.50041 0.50041 0.50041 0 0
1.50041 0.50041 -0.49959 0 0
1.00041 1.00041 -0.99959 0 0
1.50041 -0.49959 -0.49959 0 0

6
7.52847
4
0.50041 0.50041 0.50041 0 0
0.50041 0.50041 -0.49959 0 0
1.00041 1.00041 -0.99959 0 0
1.50041 -0.49959 -0.49959 0 0

6
7.52847
4
0.50041 0.50041 0.50041 0 0
2.00041 0.00041 0.00041 0 0
1.00041 1.00041 -0.99959 0 0
1.50041 -0.49959 -0.49959 0 0

6
7.52847
4
0.50041 0.50041 0.50041 0 0
1.00041 0.00041 0.00041 0 0
1.00041 -0.99959 1.00041 0 0
1.50041 -0.49959 -0.49959 0 0

6
7.52847
4
0.50041 0.50041 0.50041 0 0
1.50041 -0.49959 0.50041 0 0
1.00041 -0.99959 1.00041 0 0
1.50041 -0.49959 -0.49959 0 0

6
7.52847
4
0.50041 0.50041 0.50041 0 0
0.50041 -0.49959 0.50041 0 0
1.00041 -0.99959 1.00041 0 0
1.50041 -0.49959 -0.49959 0 0

6
7.52847
4
0.50041 0.50041 0.50041 0 0
2.00041 0.00041 0.00041 0 0
1.00041 -0.99959 1.00041 0 0
1.50041 -0.49959 -0.49959 0 0

6
7.52847
4
0.50041 0.50041 0.50041 0 0
1.00041 0.00041 0.00041 0 0
2.00041 0.00041 0.00041 0 0
1.50041 -0.49959 -0.49959 0 0

6
7.52847
4
0.50041 0.50041 0.50041 0 0
1.50041 0.50041 -0.49959 0 0
2.00041 0.00041 0.00041 0 0
1.50041 -0.49959 -0.49959 0 0

6
7.52847
4
0.50041 0.50041 0.50041 0 0
1.50041 -0.49959 0.50041 0 0
2.00041 0.00041 0.00041 0 0
1.50041 -0.49959 -0.49959 0 0

6
7.52847
4
0.50041 0.50041 0.50041 0 0
1.00041 0.00041 0.00041 0 0
0.00041 0.00041 0.00041 0 0
1.50041 -0.49959 -0.49959 0 0

6
7.52847
4
0.50041 0.50041 0.50041 0 0
0.50041 -0.49959 0.50041 0 0
0.00041 0.00041 0.00041 0 0
1.50041 -0.49959 -0.49959 0 0

6
7.52847
4
0.50041 0.50041 0.50041 0 0
0.50041 0.50041 -0.49959 0 0
0.00041 0.00041 0.00041 0 0
1.50041 -0.49959 -0.49959 0 0

6
6.37681
5
0.50041 0.50041 0.50041 0 0
1.00041 1.00041 0.00041 0 0
1.00041 0.00041 0.00041 0 0
0.00041 1.00041 0.00041 0 0
1.00041 1.00041 -0.99959 0 0

6
6.37681
5
0.50041 0.50041 0.50041 0 0
1.00041 0.00041 0.00041 0 0
0.00041 1.00041 0.00041 0 0
1.50041 0.50041 -0.49959 0 0
1.00041 1.00041 -0.99959 0 0

6
6.37681
5
0.50041 0.50041 0.50041 0 0
1.00041 1.00041 0.00041 0 0
0.00041 1.00041 0.00041 0 0
1.50041 0.50041 -0.49959 0 0
1.00041 1.00041 -0.99959 0 0

6
6.37681
5
0.50041 0.50041 0.50041 0 0
1.00041 1.00041 0.00041 0 0
1.00041 0.00041 0.00041 0 0
1.50041 0.50041 -0.49959 0 0
1.00041 1.00041 -0.99959 0 0

6
6.37681
5
0.50041 0.50041 0.50041 0 0
0.00041 1.00041 0.00041 0 0
0.50041 1.50041 -0.49959 0 0
1.50041 0.50041 -0.49959 0 0
1.00041 1.00041 -0.99959 0 0

6
6.37681
5
0.50041 0.50041 0.50041 0 0
1.00041 1.00041 0.00041 0 0
0.50041 1.50041 -0.49959 0 0
1.50041 0.50041 -0.49959 0 0
1.00041 1.00041 -0.99959 0 0

6
6.37681
5
0.50041 0.50041 0.50041 0 0
1.00041 1.00041 0.00041 0 0
0.00041 1.00041 0.00041 0 0
0.50041 1.50041 -0.49959 0 0
1.00041 1.00041 -0.99959 0 0

6
6.37681
5
0.50041 0.50041 0.50041 0 0
1.00041 0.00041 0.00041 0 0
0.00041 1.00041 0.00041 0 0
0.50041 0.50041 -0.49959 0 0
1.00041 1.00041 -0.99959 0 0

6
6.37681
5
0.50041 0.50041 0.50041 0 0
0.00041 1.00041 0.00041 0 0
1.50041 0.50041 -0.49959 0 0
0.50041 0.50041 -0.49959 0 0
1.00041 1.00041 -0.99959 0 0

6
6.37681
5
0.50041 0.50041 0.50041 0 0
1.00041 0.00041 0.00041 0 0
1.50041 0.50041 -0.49959 0 0
0.50041 0.50041 -0.49959 0 0
1.00041 1.00041 -0.99959 0 0

6
6.37681
5
0.50041 0.50041 0.50041 0 0
0.50041 1.50041 -0.49959 0 0
1.50041 0.50041 -0.49959 0 0
0.50041 0.50041 -0.49959 0 0
1.00041 1.00041 -0.99959 0 0

6
6.37681
5
0.50041 0.50041 0.50041 0 0
0.00041 1.00041 0.00041 0 0
0.50041 1.50041 -0.49959 0 0
0.50041 0.50041 -0.49959 0 0
1.00041 1.00041 -0.99959 0 0

2
6.93126
5
0.50041 0.50041 0.50041 0 0
0.00041 0.00041 1.00041 0 0
1.00041 0.00041 0.00041 0 0
0.00041 1.00041 0.00041 0 0
0.00041 0.00041 0.00041 0 0

6
6.93126
5
0.50041 0.50041 0.50041 0 0
1.00041 0.00041 0.00041 0 0
0.00041 1.00041 0.00041 0 0
0.50041 -0.49959 0.50041 0 0
0.00041 0.00041 0.00041 0 0

6
6.93126
5
0.50041 0.50041 0.50041 0 0
0.00041 0.00041 1.00041 0 0
0.00041 1.00041 0.00041 0 0
0.50041 -0.49959 0.50041 0 0
0.00041 0.00041 0.00041 0 0

6
6.93126
5
0.50041 0.50041 0.50041 0 0
0.00041 0.00041 1.00041 0 0
1.00041 0.00041 0.00041 0 0
0.50041 -0.49959 0.50041 0 0
0.00041 0.00041 0.00041 0 0

6
6.93126
5
0.50041 0.50041 0.50041 0 0
0.00041 1.00041 0.00041 0 0
0.50041 0.50041 -0.49959 0 0
0.50041 -0.49959 0.50041 0 0
0.00041 0.00041 0.00041 0 0

6
6.93126
5
0.50041 0.50041 0.50041 0 0
1.00041 0.00041 0.00041 0 0
0.50041 0.50041 -0.49959 0 0
0.50041 -0.49959 0.50041 0 0
0.00041 0.00041 0.00041 0 0

6
6.93126
5
0.50041 0.50041 0.50041 0 0
0.00041 0.00041 1.00041 0 0
0.50041 0.50041 -0.49959 0 0
0.50041 -0.49959 0.50041 0 0
0.00041 0.00041 0.00041 0 0

2
6.93126
5
0.50041 0.50041 0.50041 0 0
-0.49959 0.50041 0.50041 0 0
0.50041 0.50041 -0.49959 0 0
0.50041 -0.49959 0.50041 0 0
0.00041 0.00041 0.00041 0 0

