0.09272461284727487
0.09272461284727489
0.09064876460695112
0.09064876460695112
0.09440818005479623
0.09573603669096835
0.0853556220214952
0.09064876460695112
0.17626064964338184
0.09573603669096835
0.09440818005479622
0.1762606523472675
0.09064876460695112
0.0853556220214952
0.09573603669096835
0.09573603669096835
0.08535562187711675
0.08535562187711675
0.09064876496540983
0.09064876496540981
0.11265335307311247
0.1762606523472675
0.09794169890909954
0.09272461284727487
0.11265335307311247
0.09440818005479622
0.09064876460695112
0.09794169890909954
0.0853556220214952
0.09272461284727489
0.16343386708994156
0.12868183221328067
0.16343386708994156
0.10287155184308219
0.08960441499813272
0.11265335307311247
0.11265335307311247
0.09272461284727489
0.09794169890909954
0.17626064964338184
0.09440818005479623
0.12868183221328067
0.16343386979382724
0.10287155184308218
0.16343386979382724
0.09794169890909954
0.09064876460695112
0.09272461284727487
0.0853556220214952
0.08960441499813272
0.16224575599059043
0.16224575599059043
0.11468821618671621
0.11468821618671621
0.13385929881493433
0.13385929881493433
0.11973545393645939
0.16243154634778353
0.10135513022556801
0.13385929881493433
0.11265335271660756
0.11712540034335552
0.12868183221328067
0.1146882160922981
0.11712540047649629
0.16224575599059043
0.18080293901140598
0.10287155182331714
0.16243154634778353
0.1286818320801399
0.13385929883469938
0.16343386708994156
0.1146882160922981
0.16580408083750187
0.11468821618671621
0.09794169890909954
0.18080293901140598
0.13385929883469938
0.09272461306333253
0.10135513013195734
0.09794169939217166
0.13385929883469938
0.08960441499813272
0.09794169939217166
0.11973545393645939
0.11265335271660756
0.13385929881493433
0.10135513022556802
0.16243154634778353
0.11712540034335552
0.10287155182331714
0.1808029363075203
0.1286818320801399
0.16243154634778356
0.1146882160922981
0.12868183221328067
0.16224575599059043
0.1171254004764963
0.13385929883469938
0.09272461306333254
0.13385929883469938
0.09794169939217166
0.10135513013195734
0.08960441499813272
0.13385929883469938
0.1146882160922981
0.16343386979382724
0.11468821618671621
0.16580408083750187
0.1808029363075203
0.09794169890909954
0.09794169939217166
0.10287155182331714
0.10287155182331714
0.11712540034335552
0.11712540034335552
0.12868183221328067
0.12868183221328067
0.08535562187711675
0.08535562187711675
0.10135513013195734
0.16243154634778353
0.08960441499813272
0.10135513022556801
0.09272461306333253
0.10287155182331714
0.11712540034335552
0.09794169939217166
0.1286818320801399
0.11265335271660756
0.16580408083750187
0.08535562187711675
0.16343386708994156
0.09440818003503118
0.09794169939217166
0.16243154634778353
0.13385929883469938
0.18080293901140598
0.11973545393645939
0.13385929881493433
0.18080293901140598
0.11712540047649629
0.09064876496540981
0.10287155184308219
0.09440818003503118
0.1286818320801399
0.0853556220214952
0.1286818320801399
0.16243154634778353
0.09272461306333254
0.16243154634778353
0.11265335271660756
0.16224575599059043
0.16343386708994156
0.16343386708994156
0.09064876496540983
0.10135513022556801
0.08960441499813272
0.13385929881493433
0.10135513022556802
0.13385929881493433
0.09794169890909954
0.08960441499813272
0.0853556220214952
0.09064876460695112
0.10135513013195734
0.09272461306333254
0.10135513022556802
0.08960441499813272
0.16243154634778356
0.10287155182331714
0.08535562187711675
0.16580408083750187
0.09440818003503118
0.16343386979382724
0.09794169939217166
0.11712540034335552
0.11265335271660756
0.1286818320801399
0.09794169939217166
0.09064876496540983
0.1171254004764963
0.09440818003503118
0.10287155184308218
0.0853556220214952
0.1286818320801399
0.13385929883469938
0.16243154634778353
0.11973545393645939
0.1808029363075203
0.1808029363075203
0.13385929881493433
0.1286818320801399
0.08960441499813272
0.10135513022556802
0.10135513022556801
0.13385929881493433
0.09794169890909954
0.13385929881493433
0.0853556220214952
0.08960441499813272
0.09272461306333253
0.16243154634778356
0.11265335271660756
0.16243154634778353
0.16343386979382724
0.16224575599059043
0.09064876496540981
0.16343386979382724
0.09064876460695112
0.10135513013195734
0.10135513013195734
0.11973545393645939
0.11973545393645939
0.11468821618671621
0.11468821618671621
0.10287155184308219
0.10287155184308218
0.09272461284727487
0.09272461284727489
0.10287155184308219
0.16343386708994156
0.0853556220214952
0.08960441499813272
0.09064876496540981
0.08535562187711675
0.10287155182331714
0.09440818003503118
0.09440818003503118
0.09272461306333253
0.16343386708994156
0.09573603669096835
0.1762606523472675
0.09064876496540983
0.09272461306333254
0.16243154634778353
0.11712540047649629
0.16580408083750187
0.10135513013195734
0.10135513022556801
0.16243154634778353
0.12868183221328067
0.09573603669096835
0.09440818005479622
0.08535562187711675
0.10287155182331714
0.09064876460695112
0.11712540034335552
0.18080293901140598
0.09440818003503118
0.16580408083750187
0.09794169939217166
0.1146882160922981
0.16343386708994156
0.16580408083750187
0.08535562187711675
0.11973545393645939
0.10287155184308218
0.11468821618671621
0.10135513013195734
0.11973545393645939
0.11265335307311247
0.10135513013195734
0.09440818005479623
0.09440818005479622
0.16243154634778353
0.09064876496540983
0.16343386708994156
0.09272461306333254
0.11265335271660756
0.1762606523472675
0.16243154634778353
0.09573603669096835
0.1762606523472675
0.09272461284727487
0.13385929883469938
0.1171254004764963
0.1146882160922981
0.13385929883469938
0.1146882160922981
0.16224575599059043
0.11712540047649629
0.12868183221328067
0.09794169890909954
0.11265335307311247
0.11265335307311247
0.10287155184308218
0.09064876496540983
0.08960441499813272
0.0853556220214952
0.16343386979382724
0.08535562187711675
0.09573603669096835
0.16343386979382724
0.09064876496540981
0.17626064964338184
0.09440818003503118
0.10287155182331714
0.09272461306333254
0.09440818003503118
0.09272461306333253
0.09573603669096835
0.12868183221328067
0.08535562187711675
0.09440818005479623
0.09064876460695112
0.10287155182331714
0.1171254004764963
0.16243154634778356
0.10135513013195734
0.16580408083750187
0.16243154634778353
0.10135513022556802
0.11712540034335552
0.10287155184308219
0.11973545393645939
0.10135513013195734
0.11468821618671621
0.11265335307311247
0.11973545393645939
0.09440818005479622
0.10135513013195734
0.09440818003503118
0.1808029363075203
0.09794169939217166
0.16580408083750187
0.16343386979382724
0.1146882160922981
0.08535562187711675
0.16580408083750187
0.09440818005479623
0.11712540047649629
0.13385929883469938
0.13385929883469938
0.1146882160922981
0.16224575599059043
0.1146882160922981
0.12868183221328067
0.1171254004764963
0.11265335307311247
0.09794169890909954
0.09064876496540981
0.16243154634778353
0.09272461306333253
0.16343386979382724
0.17626064964338184
0.11265335271660756
0.09573603669096835
0.16243154634778356
0.09272461284727489
0.17626064964338184
0.11265335307311247
0.1286818320801399
0.1286818320801399
0.09794169939217166
0.09794169939217166
0.11265335271660756
0.11265335271660756
0.11712540034335552
0.11712540034335552
0.11468821618671621
0.11468821618671621
0.16224575599059043
0.16224575599059043
0.11468821618671621
0.16224575599059043
0.09794169890909954
0.13385929881493433
0.16343386979382724
0.12868183221328067
0.11712540034335552
0.16580408083750187
0.1171254004764963
0.16243154634778353
0.11468821618671621
0.09440818005479623
0.11265335307311247
0.10287155184308218
0.10135513013195734
0.11265335271660756
0.1146882160922981
0.1146882160922981
0.11973545393645939
0.10135513022556802
0.11973545393645939
0.16224575599059043
0.17626064964338184
0.11265335307311247
0.16343386979382724
0.16243154634778356
0.09272461284727489
0.11265335271660756
0.1286818320801399
0.09440818003503118
0.11712540047649629
0.1286818320801399
0.1171254004764963
0.10287155184308219
0.09440818003503118
0.09064876496540981
0.11265335271660756
0.16343386979382724
0.16224575599059043
0.16243154634778356
0.16243154634778353
0.11265335307311247
0.09272461306333253
0.17626064964338184
0.09573603669096835
0.11712540034335552
0.08535562187711675
0.12868183221328067
0.10287155182331714
0.11712540034335552
0.09440818005479622
0.10287155182331714
0.09573603669096835
0.09573603669096835
0.09064876460695112
0.09794169939217166
0.16580408083750187
0.1146882160922981
0.1808029363075203
0.16580408083750187
0.11468821618671621
0.09440818003503118
0.16343386979382724
0.0853556220214952
0.17626064964338184
0.09440818005479623
0.13385929881493433
0.0853556220214952
0.09794169890909954
0.08960441499813272
0.10135513022556802
0.09272461284727487
0.10135513022556801
0.09064876460695112
0.0853556220214952
0.09272461284727489
0.09064876460695112
0.09794169890909954
0.1286818320801399
0.1808029363075203
0.13385929883469938
0.1808029363075203
0.16243154634778356
0.11973545393645939
0.10287155182331714
0.16243154634778353
0.10287155184308218
0.16343386979382724
0.12868183221328067
0.16343386979382724
0.13385929881493433
0.11468821618671621
0.16343386708994156
0.13385929881493433
0.09794169890909954
0.16224575599059043
0.12868183221328067
0.09440818005479622
0.11468821618671621
0.10287155184308219
0.11265335307311247
0.16580408083750187
0.11712540034335552
0.16243154634778353
0.11712540047649629
0.10135513013195734
0.1762606523472675
0.16224575599059043
0.16343386708994156
0.11265335307311247
0.09272461284727487
0.16243154634778353
0.1146882160922981
0.11265335271660756
0.11973545393645939
0.1146882160922981
0.11973545393645939
0.10135513022556801
0.11265335271660756
0.16343386708994156
0.11265335271660756
0.16243154634778353
0.16224575599059043
0.11265335307311247
0.16243154634778353
0.1762606523472675
0.09272461306333254
0.09440818003503118
0.1286818320801399
0.1286818320801399
0.1171254004764963
0.10287155184308218
0.11712540047649629
0.09064876496540983
0.09440818003503118
0.09573603669096835
0.16580408083750187
0.09794169939217166
0.18080293901140598
0.1146882160922981
0.11468821618671621
0.16580408083750187
0.16343386708994156
0.09440818003503118
0.1762606523472675
0.0853556220214952
0.08535562187711675
0.11712540034335552
0.10287155182331714
0.12868183221328067
0.09440818005479623
0.11712540034335552
0.09573603669096835
0.10287155182331714
0.09064876460695112
0.09573603669096835
0.09440818005479622
0.18080293901140598
0.1286818320801399
0.18080293901140598
0.13385929883469938
0.11973545393645939
0.16243154634778353
0.16243154634778353
0.10287155182331714
0.16343386708994156
0.10287155184308219
0.16343386708994156
0.12868183221328067
0.0853556220214952
0.13385929881493433
0.08960441499813272
0.09794169890909954
0.09272461284727489
0.10135513022556801
0.09064876460695112
0.10135513022556802
0.09272461284727487
0.0853556220214952
0.09794169890909954
0.09064876460695112
0.13385929881493433
0.09794169939217166
0.09794169939217166
0.13385929883469938
0.13385929883469938
0.10135513013195734
0.10135513013195734
0.09272461306333254
0.09272461306333253
0.09064876496540983
0.09064876496540981
0.08535562187711675
0.08535562187711675
0.08960441499813272
0.08960441499813272
