0.07300300673354265
0.07717741425279216
0.050813584132775
0.050813584132775
0.07717741425279216
0.050721446668654656
0.050721446668654656
0.07477937341568938
0.050721446668654656
0.07717741425279216
0.07477937341568938
0.050721446668654656
0.07717741425279216
0.050721446668654656
0.05081358415913896
0.07717741425279216
0.1029028598520516
0.07477937341568938
0.07300300673354265
0.050813584132775
0.0865508249880695
0.1029028598520516
0.07717741425279216
0.07300300673354265
0.07477937341568938
0.0865508249880695
0.050813584132775
0.10290285987841555
0.0865508249880695
0.07300300683176668
0.09058737979003291
0.10290285987841555
0.1029028598520516
0.0865508249880695
0.07477937341568938
0.05081358415913896
0.07300300683176668
0.0865508249880695
0.10290285987841555
0.09058737979003291
0.0865508249880695
0.1029028598520516
0.05081358415913896
0.07477937341568938
0.050721446668654656
0.09058737979003291
0.05081358415913896
0.0865508249880695
0.07300300683176668
0.10290285987841555
0.07477937341568938
0.0865508249880695
0.050721446668654656
0.07717741425279216
0.050813584132775
0.05081358415913896
0.09058737979003291
0.07300300683176668
0.0865508249880695
0.07477937341568938
0.10290285987841555
0.050721446668654656
0.0865508249880695
0.050813584132775
0.07717741425279216
0.07300300673354265
0.0865508249880695
0.050721446668654656
0.07477937341568938
0.05081358415913896
0.07300300683176668
0.07717741425279216
0.09058737979003291
0.050721446668654656
0.07477937341568938
0.07300300673354265
0.07717741425279216
0.1029028598520516
0.050721446668654656
0.0865508249880695
0.05081358415913896
0.07477937341568938
0.07717741425279216
0.07300300683176668
0.050721446668654656
0.09058737979003291
0.07300300673354265
0.07477937341568938
0.1029028598520516
0.07717741425279216
0.10290285987841555
0.10290285987841555
0.07477937341568938
0.1029028598520516
0.0865508249880695
0.09058737979003291
0.07300300673354265
0.07300300683176668
0.07717741425279216
0.050721446668654656
0.07717741425279216
0.050721446668654656
0.07477937341568938
0.050813584132775
0.0865508249880695
0.07477937341568938
0.10290285987841555
0.0865508249880695
0.1029028598520516
0.07300300673354265
0.09058737979003291
0.07717741425279216
0.07300300683176668
0.07717741425279216
0.050721446668654656
0.07477937341568938
0.050721446668654656
0.0865508249880695
0.050813584132775
0.05081358415913896
