0.3271360590638233
0.32713605641000476
0.29583019357556156
0.2958301962542513
0.37505084859579296
0.3750508512996781
0.28914277811051
0.2669059058958671
0.2891427807643301
0.32713605641000476
0.2669059086246233
0.36181461299046624
0.25009471158239255
0.35610281496797536
0.24849388215280965
0.2691593589041156
0.3568493320408318
0.2561405129235311
0.2765041336908278
0.27475955083518677
0.28911511561086006
0.2891427807643301
0.2500947080453145
0.36181461287389527
0.2484938803868048
0.35610281566469115
0.28914277811051
0.2669059086246233
0.2669059058958671
0.3271360590638233
0.269159356416518
0.274759547619745
0.2765041297638499
0.25614050988212245
0.35684933219747705
0.289115111631668
0.3232133002730389
0.3232133030210473
0.26391703388325893
0.2639170365369169
0.3000841293954753
0.26545145108173307
0.24678041829730768
0.2459167863349272
0.36484193801662623
0.2418483228502584
0.30008413136920625
0.3648419387367266
0.24591678716631896
0.24678042067409484
0.2654514546080175
0.24184832587802643
0.25674172017817093
0.25674171664109297
0.25337415478820763
0.25337415284382425
0.2529654725724295
0.25508055172007715
0.26115357511088716
0.2481649262023719
0.22836316016741542
0.3091039593424109
0.27256369472028386
0.31942296403420595
0.2586578783139797
0.27499203566620734
0.3194229638221694
0.24338047659618192
0.27996972528431924
0.26545145509483353
0.24816492620618208
0.28486684339497115
0.28796542717151574
0.33164181275062715
0.24116453346848232
0.2546602453033338
0.29369423409578344
0.2529549357786795
0.24591678716631896
0.30090441094246334
0.2355847025964743
0.3263425858773145
0.5641763184142419
0.29723339428447254
0.3364389761118807
0.24322004669588376
0.2962219614535009
0.3240105785295795
0.28541952817249006
0.3160947993372314
0.2520630527417256
0.25218189456152884
0.26184971649022043
0.2532989996556498
0.2267052828052721
0.2945677603421307
0.2831979918680218
0.23665332818400434
0.30943580944821525
0.36484193967252354
0.24957841765509925
0.2692880199183857
0.2948917151808956
0.24634234496557883
0.2855813005398887
0.27475954844946243
0.2415528197908874
0.3389341999498787
0.2533741526131571
0.27163875326862763
0.25674171918821137
0.3209927934479215
0.2992469471324616
0.2406815005357577
0.2714605856566218
0.3009044130213754
0.2596347867558148
0.309435812698172
0.2714605847258236
0.26194272024853177
0.27146058474824264
0.34453328407727674
0.2520630534657005
0.3046079539876168
0.28541953079474747
0.34695982043554013
0.2529654737661667
0.27256369806806735
0.30910395560230797
0.25865787688496583
0.31942296299321415
0.2611535731644934
0.2550805525481073
0.2283631574090913
0.248164926862222
0.2749920389149235
0.2654514515566655
0.2799697307466482
0.24338047625577136
0.31942296274299764
0.24816492691609873
0.26184971480944874
0.25218189445702693
0.2267052801015491
0.2532990006635288
0.2692880205920627
0.2747595452340207
0.2855813046490483
0.2463423438369619
0.29489171292143546
0.24155281940392573
0.2945677624487316
0.364841940430804
0.309435812698172
0.23665333045764253
0.2831979927158697
0.24957842061941188
0.2533741545074769
0.3389342038906841
0.2567417227252894
0.2716387541326287
0.2879654236265593
0.2848668434766446
0.24116453346848232
0.3316418126225552
0.32634258460733134
0.24322004939976888
0.33643897735569184
0.29723339429041434
0.5641763157044153
0.2962219614475591
0.25466024283551947
0.3009044082327986
0.2459167863349272
0.25295493575381306
0.29369423397921246
0.2355847025964743
0.2854195308201067
0.3240105793948862
0.25206305547179
0.3160947988039621
0.32099279128918917
0.30090441032359416
0.27146058474824264
0.24068150053575776
0.2992469471098931
0.25963478672483975
0.25206305619576497
0.3445332853093939
0.28541953343048054
0.3046079538700443
0.2714605856342027
0.30943580944821525
0.2714605856566218
0.26194272064162993
0.3469598219596667
0.2827166801825672
0.2827166789514292
0.31617655419352775
0.31617655449985493
0.33397848694695653
0.25981265580629087
0.2658800373853467
0.2754801609507561
0.2860511281694212
0.3365075988441533
0.33397848509535577
0.2860511305142917
0.2754801621670724
0.26588003264249294
0.2598126551028186
0.3365075980411193
0.3464520061005081
0.34645200961989453
0.291943829080094
0.29194382824690107
0.27521004705671837
0.31463354349580225
0.26194272027866733
0.2366533313545425
0.26415561885094047
0.2924960312211855
0.22647564602140347
0.2854195308201067
0.2635831476674722
0.25504415833335287
0.3364389764113147
0.3464520061005081
0.32866348553951297
0.26588003133221283
0.3389341999498787
0.2752100431927118
0.26415561907695484
0.2366533290308378
0.2619427206717655
0.3146335436004896
0.2924960312019272
0.34645200961989453
0.33643897766700936
0.2658800360750666
0.3286634868243017
0.28541952817249006
0.22647564455970265
0.25504415869652164
0.26358314745646516
0.3389342038906841
0.24678042100464556
0.24678041862785838
0.25295493612572506
0.2529549361390416
0.28558130339061405
0.2855812992814545
0.24634234496557883
0.2415528197908874
0.2267052828052721
0.2586578783139797
0.27475954844946243
0.30197623723385236
0.24629258060566428
0.29777590690848343
0.28911511447831306
0.25954608440366717
0.29369423506471704
0.25614051182170894
0.2345215481401244
0.266905909543109
0.24849388160913646
0.2948917151808956
0.25218189456152884
0.3091039593424109
0.2692880199183857
0.2532989996556498
0.31942296403420595
0.2855813005398887
0.2529654725724295
0.26184971649022043
0.27256369472028386
0.3105895047760515
0.5641763184083001
0.3240105785295795
0.3045581986269269
0.2725636947168376
0.31167623856750853
0.31609479895491965
0.2855812992814545
0.3240105811773576
0.26928801941704217
0.2456129417180341
0.22670528256272704
0.2378085191107011
0.2871612747035187
0.24224088305728536
0.2598126553972643
0.2264756439759713
0.24224088205211206
0.3618146124577669
0.2470242556221177
0.23452154838930056
0.3146335436773955
0.2765041336908278
0.2595460828419303
0.29583019314095177
0.2749939899034848
0.2635831476674722
0.2561405087302338
0.2264756454758551
0.2691593558578052
0.2913667167690863
0.28605113044981945
0.2520630527417256
0.26341438213514623
0.26115357519741533
0.27778975165025427
0.29194382908853084
0.3094358089565439
0.3464520070358372
0.2945677592106003
0.3286634868859658
0.27996972528431924
0.3364389761118807
0.274992036532258
0.3389342024956131
0.28446841889537955
0.25218189444087763
0.3145779289740671
0.24561294296075278
0.2634143823272378
0.3076644180317315
0.2550441618383258
0.2913667162844217
0.32321330290699823
0.2889652463079602
0.3045582003453236
0.5574876089524373
0.27182699382030123
0.3105895044011442
0.250094711354681
0.27449412966168313
0.32866348553951297
0.24678042100464556
0.30648576937412353
0.30008413016630603
0.3107088416531165
0.5574876089774705
0.30460795265882246
0.31070884040687197
0.287965428148569
0.3183431147268558
0.3064857690358602
0.2714605856342027
0.3286634868859658
0.32099279024636673
0.6229438466182006
0.3364389764113147
0.6229438466182006
0.3263425827895112
0.34453328407727674
0.2529654720816733
0.31457792921331496
0.24634234526571666
0.2532989986550993
0.28914278114149705
0.23780851756406168
0.291943829080094
0.2459167877492123
0.2754801609213854
0.3000841281543921
0.3160947993372314
0.27650413362752724
0.27182699461585796
0.2691593583454027
0.2567417227252894
0.30648576937412353
0.24591678846858742
0.29723339426078493
0.2546602446200401
0.3094358122065007
0.3240105811773576
0.271856729329778
0.34301986514760413
0.34734121830595344
0.2716387539547025
0.26104642846129567
0.283197990835643
0.3389342063744684
0.34734121870615325
0.2948917125212918
0.2831979916334243
0.2800079142174375
0.2992469456679939
0.25674172017817093
0.31848201236805823
0.24155282086513272
0.24957842027134775
0.26194272027866733
0.28558130339061405
0.3094358122065007
0.2532989996748619
0.27185673073487665
0.2948917147425689
0.34695982043554013
0.34301986680455043
0.2718567319669939
0.26104642773472764
0.27163875314076796
0.3469598219596667
0.3389342024956131
0.2718567305618952
0.30460795265882246
0.3389341999498787
0.34453328407727674
0.26104642677912293
0.34695982043554013
0.2605580117552403
0.2641556187470915
0.25337415284382425
0.3184820123487999
0.3019762379581584
0.2705318675269526
0.2658800373853467
0.3240105820307807
0.34645201049327345
0.3105895062453815
0.2529549357786795
0.25614050988212245
0.24678042067409484
0.25954608279780705
0.2855813046490483
0.2550441618383258
0.25674171918821137
0.28541953079474747
0.28000791584104573
0.3389342063744684
0.2855813005398887
0.27498198221782133
0.3145779289740671
0.27163875314076796
0.34734121830595344
0.24561294229656422
0.31617655419352775
0.2754801621670724
0.25206305619576497
0.29194382908853084
0.29136671824816807
0.29723339428447254
0.22647564602140347
0.3064857690358602
0.24224088393370952
0.309435812698172
0.27182699382030123
0.2533741545074769
0.31609479895491965
0.26055801427610803
0.25674172017817093
0.3240105785295795
0.24338047659618192
0.2765041297005494
0.2433804766904499
0.23452154813418263
0.2799697307466482
0.2561405129235311
0.25614051182170894
0.2463423438369619
0.2462925806056643
0.301976237877021
0.2891151105491875
0.2977759071305579
0.2267052801015491
0.24155281940392573
0.2747595452340207
0.25865787688496583
0.2595460844477904
0.2669059068644193
0.23452154813418263
0.2561405087302338
0.29369423496002967
0.24849387985501514
0.22670527985900407
0.2456129411157956
0.2871612721885852
0.23780851850470827
0.23452154839524234
0.2958301904121955
0.25954608279780705
0.2765041297638499
0.3146335437939665
0.2749939867022107
0.24224088492699927
0.3618146125624543
0.24224088393370952
0.2264756454758551
0.259812654655609
0.24702425770600436
0.25614051182170894
0.26358314745646516
0.2691593583454027
0.2264756439759713
0.25218189445702693
0.29489171292143546
0.2692880205920627
0.30910395560230797
0.3105895066321724
0.2725636980765046
0.3045581973159589
0.3240105793948862
0.5641763157103572
0.31167623566900554
0.2532990006635288
0.26184971480944874
0.2529654737661667
0.2855813046490483
0.31942296299321415
0.27256369806806735
0.28558130339061405
0.31609479840976684
0.2692880200406526
0.3240105820307807
0.2913667186946497
0.2611535733010881
0.2634143823075541
0.25206305547179
0.2860511281049489
0.27778975245211207
0.2799697307466482
0.3286634881707545
0.2749920397809743
0.33643897735569184
0.3094358122065007
0.29194382825533793
0.29456776136726764
0.34645201049327345
0.3389342063744684
0.34301986680455043
0.2718567305618952
0.27163875314076796
0.34734121870615325
0.2800079145646758
0.24155282129027741
0.3184820123487999
0.25674171664109297
0.299246945657309
0.24957841730703517
0.26104642773472764
0.2948917147425689
0.34734121830595344
0.3389342024956131
0.2831979916334243
0.283197990835643
0.2855812992814545
0.2619427206717655
0.2532989986550993
0.3094358089565439
0.2605580154314925
0.3019762372649233
0.31848201236805823
0.25337415478820763
0.26415561857114367
0.27053186825364034
0.2561405129235311
0.25295493575381306
0.2595460828419303
0.24678041829730768
0.3240105811773576
0.26588003264249294
0.3105895044011442
0.3464520070358372
0.2855813005398887
0.2718567319669939
0.27185673073487665
0.34301986514760413
0.3469598219596667
0.2948917125212918
0.26104642846129567
0.3389342038906841
0.3046079525531335
0.261046427467508
0.3445332853093939
0.34695982043554013
0.2716387539547025
0.271856729329778
0.3389342063744684
0.3469598219596667
0.2567417227252894
0.255044161475157
0.2800079154437409
0.28541953343048054
0.2855813046490483
0.3389342024956131
0.2521818943363757
0.28446841664014894
0.24561294229656422
0.31457792937317686
0.3045581990343556
0.25009470781760285
0.3105895062453815
0.27182699491489803
0.5574876089774705
0.274494131391641
0.2634143824877621
0.3232133002472364
0.29136671824816807
0.255044161475157
0.3076644194768591
0.28896524574311416
0.24678041862785838
0.3286634868243017
0.3000841281543921
0.30648577302587776
0.2529654733874271
0.28914277838754693
0.2532989996748619
0.2463423441370998
0.31457792962430825
0.23780851694618527
0.2765041297005494
0.3160947988039621
0.2691593558578052
0.2718269957104548
0.24591678846858742
0.29194382824690107
0.30008413016630603
0.2754801597050692
0.25674171918821137
0.31070884456817166
0.28796542465367914
0.31070884325998005
0.3046079525531335
0.5574876089524373
0.318343113547756
0.33643897766700936
0.6229438493220854
0.32634258150764456
0.6229438493220854
0.2714605847258236
0.3064857726757309
0.3209927880757508
0.3286634881707545
0.3445332853093939
0.2459167877492123
0.30648577302587776
0.2546602422022922
0.2972333942548432
0.3240105820307807
0.3094358089565439
0.2749819833001659
0.24561294296075278
0.34734121870615325
0.2716387539547025
0.31457792937317686
0.31617655449985493
0.22647564455970265
0.29723339429041434
0.24224088205211206
0.3064857726757309
0.2520630534657005
0.2754801609507561
0.2913667162844217
0.29194382825533793
0.30943580944821525
0.27650413362752724
0.24338047625577136
0.2345215481401244
0.24338047629997284
0.25614050988212245
0.27996972528431924
0.2533741526131571
0.27182699491489803
0.2605580105998559
0.31609479840976684
0.3240105793948862
0.25674171664109297
0.2561405087302338
0.3430198670088006
0.3430198653017908
0.27498198221782133
0.2749819833001659
0.31848201136308923
0.2550805503820806
0.28000791584104573
0.2605580105998559
0.284866843091539
0.29010085859060464
0.31848201133228105
0.284866842997982
0.26055801427610803
0.2800079154437409
0.25508055126017726
0.2901008620332068
0.25295493612572506
0.2529549361390416
0.2546602446200401
0.2546602422022922
0.34734121687689207
0.3091039592406983
0.26104642677912293
0.2749819828456105
0.2827166792995062
0.3331565768814431
0.2433804766904499
0.26194272064162993
0.274992036532258
0.2752100440323233
0.29723339426078493
0.26588003133221283
0.3263425827895112
0.33397848496919114
0.28541953079474747
0.3473412172770919
0.28271668046869414
0.274981983966138
0.261046427467508
0.3091039555124789
0.33315657835321105
0.2658800360750666
0.2972333942548432
0.33397848685897485
0.32634258150764456
0.26194272024853177
0.24338047629997284
0.27521004789632986
0.2749920397809743
0.28541953343048054
0.2754801609213854
0.2754801597050692
0.33397848496919114
0.33397848685897485
0.34645201049327345
0.3464520070358372
0.3430198670088006
0.28446841889537955
0.34301986680455043
0.271856729329778
0.2521818943363757
0.2827166801825672
0.25504415869652164
0.24068150053575776
0.26341438213514623
0.3209927880757508
0.3046079539876168
0.2366533313545425
0.31070884040687197
0.29456776136726764
0.2714605856566218
0.27182699461585796
0.23665333045764253
0.3045581986269269
0.27521004789632986
0.24678042067409484
0.3364389761118807
0.27163875326862763
0.2463423441370998
0.2749819828456105
0.2692880200406526
0.25206305547179
0.25337415478820763
0.2264756454758551
0.3430198653017908
0.25218189444087763
0.2718567305618952
0.34301986514760413
0.28446841664014894
0.2827166789514292
0.2366533290308378
0.3046079538700443
0.2945677592106003
0.31070884325998005
0.2406815005357577
0.25504415833335287
0.32099279024636673
0.2634143823075541
0.27146058474824264
0.24634234526571666
0.2716387541326287
0.26928801941704217
0.274981983966138
0.25337415284382425
0.2520630527417256
0.23665332818400434
0.2718269957104548
0.2752100440323233
0.3045581973159589
0.33643897735569184
0.24678041829730768
0.2264756439759713
0.24634234496557883
0.2463423438369619
0.2529654725724295
0.2529654737661667
0.2459167863349272
0.24591678716631896
0.2765041336908278
0.2765041297638499
0.2765041336908278
0.2749939899034848
0.2871612747035187
0.28911511447831306
0.29583019314095177
0.35610281496797536
0.28911511561086006
0.3568493320408318
0.37505084859579296
0.27499399087459026
0.3561028143434324
0.2958301904121955
0.27650413362752724
0.32713606015714697
0.3271360574031953
0.3146335436773955
0.2456129417180341
0.30197623723385236
0.23452154838930056
0.2378085191107011
0.29777590690848343
0.2595460828419303
0.24634234496557883
0.22670528256272704
0.24629258060566428
0.2744941298297692
0.5851918161180066
0.29369423409578344
0.27182699461585796
0.2586578803355908
0.2977759071755879
0.27182699382030123
0.24155282129027741
0.3019762372649233
0.24634234526571666
0.25009471158239255
0.27475955083518677
0.2691593589041156
0.2958301962542513
0.24702425743665307
0.2470242595587227
0.2749939867022107
0.22647564455970265
0.3561028151020953
0.27499398762324967
0.24849388215280965
0.36181461299046624
0.32713605641000476
0.2561405129235311
0.3750508512996781
0.29583019357556156
0.22647564602140347
0.2891151105491875
0.2871612721885852
0.2765041297005494
0.2889652472829093
0.2980406332724499
0.2355847025964743
0.25504415869652164
0.2283631604685834
0.25241576086032846
0.2754801621670724
0.24957841730703517
0.27053186825364034
0.2366533290308378
0.3064857690358602
0.2481649262023719
0.33164181275062715
0.2433804766904499
0.27163875314076796
0.3045581986269269
0.26928801941704217
0.31609479895491965
0.2345215481401244
0.27778975172697984
0.2962219629195405
0.25241576072330696
0.2520630534657005
0.2639170360362404
0.23558470251059715
0.31167623856750853
0.5641763184083001
0.29777590690848343
0.3240105811773576
0.24849388160913646
0.29369423506471704
0.3364389764113147
0.24184832624326752
0.3316418130668571
0.24591678846858742
0.3183431143763963
0.6284773656520541
0.42454635884829134
0.3046079539876168
0.2411645343202543
0.42454635885423314
0.29723339428447254
0.25963478582575006
0.42454635884829134
0.2406815005357577
0.6229438466182006
0.2962219629195405
0.6284773656520541
0.29723339426078493
0.30460795265882246
0.2725636947168376
0.3105895047760515
0.24629258060566428
0.2855812992814545
0.266905909543109
0.25954608440366717
0.3464520061005081
0.24184832331563255
0.2705318670400501
0.24678041862785838
0.3240105785295795
0.28911511447831306
0.30197623723385236
0.25614051182170894
0.2533741545074769
0.32866348553951297
0.23558470251059715
0.42454635885423314
0.25295493612572506
0.26194272027866733
0.31609479895491965
0.27521004789632986
0.274981983966138
0.26055801427610803
0.24338047629997284
0.33315657835321105
0.2901008620332068
0.2749920397809743
0.2749819833001659
0.3091039555124789
0.25508055126017726
0.2901008630451992
0.33729755296889724
0.26545145108173307
0.2605580154314925
0.2586578789184604
0.22836315772214283
0.27521004705671837
0.2725636980765046
0.2611535733010881
0.2529654733874271
0.28271668046869414
0.284866842997982
0.26194272024853177
0.3430198670088006
0.3473412172770919
0.31848201133228105
0.27498198221782133
0.261046427467508
0.2800079154437409
0.3430198653017908
0.3107088416531165
0.2831979918680218
0.2992469471324616
0.34734121687689207
0.27185673073487665
0.290100859602597
0.2493876444727238
0.2418483228502584
0.2800079145646758
0.2977759073857788
0.2524157608295203
0.33397848694695653
0.31167623566900554
0.27778975245211207
0.3045581990343556
0.2546602453033338
0.2484938803868048
0.26391703388325893
0.23452154839524234
0.2692880205920627
0.2634143823272378
0.24957841765509925
0.2596347867558148
0.31848201136308923
0.26104642846129567
0.2532989996556498
0.3331565768814431
0.3183431147268558
0.27053186825364034
0.26104642773472764
0.23780851694618527
0.2924960312211855
0.33397848509535577
0.27778975257890426
0.2680817556386364
0.2634143824877621
0.3263425858773145
0.2470242595587227
0.2980406332724499
0.24224088492699927
0.2945677624487316
0.3045582003453236
0.2705318670400501
0.42454635885423314
0.31848201133228105
0.2800079142174375
0.3105895047760515
0.27499203566620734
0.27499398762324967
0.25241576086032846
0.2595460844477904
0.2749920389149235
0.2691593589041156
0.25954608440366717
0.27182699461585796
0.24634234526571666
0.27182699382030123
0.27650413362752724
0.23780851756406168
0.27449412966168313
0.2691593583454027
0.24561294296075278
0.28914278114149705
0.250094711354681
0.2977759071755879
0.5851918161180066
0.3568493320408318
0.3019762372649233
0.3271360574031953
0.3561028143434324
0.31463354349580225
0.2669059068644193
0.3618146125624543
0.28914277838754693
0.31457792921331496
0.5574876089524373
0.3160947993372314
0.28446841889537955
0.2529654720816733
0.3045582003453236
0.3145779289740671
0.2532989986550993
0.3105895044011442
0.25218189444087763
0.5574876089774705
0.3194229638221694
0.5641763184142419
0.3091039592406983
0.2948917147425689
0.2586578803355908
0.2744941298297692
0.28911511561086006
0.24155282129027741
0.32713606015714697
0.27499399087459026
0.25981265580629087
0.24849387985501514
0.24702425770600436
0.25009470781760285
0.29369423409578344
0.37505084859579296
0.35610281496797536
0.2958301904121955
0.2747595452340207
0.3076644180317315
0.24816492620618208
0.2962219614535009
0.2550805503820806
0.283197990835643
0.31942296403420595
0.3091039592406983
0.5574876089774705
0.3019762372649233
0.2948917147425689
0.28914277838754693
0.31463354349580225
0.2860511305142917
0.2639170332824524
0.2980406318803473
0.3232133002472364
0.5641763184142419
0.3561028143434324
0.5851918161180066
0.3618146125624543
0.364841940430804
0.5574876089524373
0.3316418130668571
0.6284773656520541
0.284866842997982
0.2992469456679939
0.5641763184083001
0.3194229638221694
0.3271360574031953
0.2977759071755879
0.2669059068644193
0.2654514515566655
0.3568493320408318
0.29369423506471704
0.2749819828456105
0.31070884040687197
0.25337415478820763
0.34301986680455043
0.2463423441370998
0.2366533313545425
0.2827166801825672
0.2692880200406526
0.29456776136726764
0.2521818943363757
0.28486684339497115
0.274759547619745
0.3648419387367266
0.22670527985900407
0.26184971480944874
0.28446841889537955
0.27163875326862763
0.3046079539876168
0.3430198670088006
0.271856729329778
0.2948917151808956
0.25508055172007715
0.289115111631668
0.24184832587802643
0.2462925806056643
0.27256369806806735
0.2669059058958671
0.2415528197908874
0.3091039593424109
0.2871612721885852
0.33164181275062715
0.2267052801015491
0.2611535731644934
0.36181461299046624
0.30197623723385236
0.29583019357556156
0.23665333045764253
0.2716387541326287
0.2533741545074769
0.24338047625577136
0.27053186631336235
0.24184832624326752
0.25241576074256533
0.2533741526131571
0.33164181295066864
0.24184832331563255
0.24957842061941188
0.364841940430804
0.2283631574090913
0.2567417227252894
0.24816492691609873
0.2654514515566655
0.24678042100464556
0.23558470251059715
0.2639170332824524
0.2459167877492123
0.31617655256972965
0.3316418130668571
0.29249603224664095
0.27163875326862763
0.31617655297618685
0.2705318670400501
0.24338047659618192
0.2924960322774492
0.25241576072330696
0.23665332818400434
0.30648576937412353
0.3365075984991276
0.2980406318803473
0.2754801609213854
0.2550441618383258
0.2831979927158697
0.2945677624487316
0.2550805525481073
0.3389342038906841
0.31942296274299764
0.2749920389149235
0.34645200961989453
0.2962219629254823
0.27778975257890426
0.33643897766700936
0.309435812698172
0.248164926862222
0.2611535731644934
0.2799697307466482
0.25206305619576497
0.291943829080094
0.3365075993522282
0.2680817556386364
0.2658800360750666
0.2658800373853467
0.29194382908853084
0.26104642677912293
0.30460795265882246
0.31848201236805823
0.34695982043554013
0.2532989996748619
0.26194272027866733
0.28541952817249006
0.25963478585672506
0.25963478582575006
0.2714605847258236
0.34453328407727674
0.24957842027134775
0.2992469456679939
0.3094358122065007
0.2714605856342027
0.3160947993372314
0.29249603224664095
0.42454635884829134
0.26194272024853177
0.2529549357786795
0.3286634868859658
0.3389341999498787
0.24155282086513272
0.2800079142174375
0.28558130339061405
0.2854195308201067
0.25674172017817093
0.2635831476674722
0.2827166792995062
0.287965428148569
0.26415561857114367
0.2718567319669939
0.31457792962430825
0.26415561885094047
0.2752100431927118
0.3183431132091801
0.24938764047592202
0.31070884456817166
0.3209927934479215
0.2889652466679967
0.34832773050304733
0.2913667186946497
0.32099279128918917
0.2529654720816733
0.31617655297618685
0.2411645343202543
0.3473412172770919
0.2605580117552403
0.2913667167690863
0.2945677603421307
0.27449413160979363
0.24938764040122263
0.3105895066321724
0.32634258460733134
0.3000841293954753
0.24224088305728536
0.2692880199183857
0.23780851850470827
0.24116453346848232
0.2532990006635288
0.25466024283551947
0.30008413136920625
0.23452154838930056
0.269159356416518
0.34734121687689207
0.3107088416531165
0.2605580154314925
0.27185673073487665
0.2529654733874271
0.27521004705671837
0.26415561907695484
0.24116453432025428
0.2493876444973596
0.28796542465367914
0.2992469471324616
0.22836315772214283
0.33729755296889724
0.2611535733010881
0.30090441032359416
0.31457792921331496
0.31617655256972965
0.3183431143763963
0.28271668046869414
0.2641556187470915
0.28605113044981945
0.2831979918680218
0.2586578789184604
0.2901008630451992
0.2725636980765046
0.24322004939976888
0.26545145108173307
0.2598126553972643
0.2948917151808956
0.22670527985900407
0.28486684339497115
0.26184971480944874
0.3009044082327986
0.3648419387367266
0.3146335436773955
0.274759547619745
0.25218189456152884
0.2456129411157956
0.28796542717151574
0.25218189445702693
0.2879654236265593
0.3232133002730389
0.2456129417180341
0.2500947080453145
0.28914277811051
0.2765041297638499
0.289115111631668
0.35610281566469115
0.3750508512996781
0.35684933219747705
0.2871612721885852
0.2749939867022107
0.2958301904121955
0.2891151105491875
0.27499398762324967
0.3271360574031953
0.2765041297005494
0.29583019314095177
0.3561028151020953
0.32713606015714697
0.274759547619745
0.2500947080453145
0.29583019357556156
0.269159356416518
0.2484938803868048
0.37505084859579296
0.25614050988212245
0.3271360590638233
0.36181461287389527
0.2958301962542513
0.2470242595587227
0.3561028143434324
0.22647564602140347
0.2749939899034848
0.24702425743665307
0.27499399087459026
0.28911511447831306
0.22647564455970265
0.27650413362752724
0.2871612747035187
0.2456129411157956
0.3146335437939665
0.23452154839524234
0.301976237877021
0.27449413160979363
0.2586578789184604
0.2718269957104548
0.29369423397921246
0.5851918188218914
0.2977759073857788
0.23780851850470827
0.22670527985900407
0.2463423438369619
0.25954608279780705
0.2977759071305579
0.2462925806056643
0.24155282086513272
0.27182699491489803
0.2463423441370998
0.3019762379581584
0.2889652466679967
0.22836315772214283
0.25504415833335287
0.2355847025964743
0.2980406324583485
0.2524157608295203
0.248164926862222
0.3064857726757309
0.24338047629997284
0.3316418126225552
0.24957842027134775
0.2754801609507561
0.2366533313545425
0.2705318675269526
0.2716387539547025
0.2749819828456105
0.2752100440323233
0.2433804766904499
0.2605580105998559
0.290100859602597
0.2586578803355908
0.2605580117552403
0.2654514546080175
0.33729755305651243
0.2283631604685834
0.3331565768814431
0.3091039592406983
0.27498198221782133
0.274992036532258
0.29010085859060464
0.2550805503820806
0.2725636947168376
0.2752100431927118
0.2529654720816733
0.26115357519741533
0.2901008630451992
0.2977759071755879
0.2800079142174375
0.24184832587802643
0.24938764040122263
0.25241576086032846
0.24849388215280965
0.25466024283551947
0.23452154838930056
0.2639170365369169
0.31167623856750853
0.33397848509535577
0.3045582003453236
0.27778975165025427
0.2692880199183857
0.2827166792995062
0.34734121687689207
0.3430198653017908
0.26194272064162993
0.284866843091539
0.31848201136308923
0.2831979927158697
0.31070884456817166
0.3473412172770919
0.2992469471098931
0.26104642677912293
0.2749819833001659
0.3430198670088006
0.28000791584104573
0.2718567319669939
0.24957842061941188
0.2634143824877621
0.31848201133228105
0.25963478672483975
0.2532990006635288
0.26104642773472764
0.2692880200406526
0.3045581973159589
0.23452154813418263
0.31609479840976684
0.31167623566900554
0.24849387985501514
0.3240105820307807
0.2977759071305579
0.5641763157103572
0.29369423496002967
0.27778975257890426
0.2639170332824524
0.25206305619576497
0.25241576074256533
0.2962219629254823
0.23558470251059715
0.24184832331563255
0.33643897766700936
0.2459167877492123
0.33164181295066864
0.2725636980765046
0.2669059068644193
0.28558130339061405
0.2462925806056643
0.3105895066321724
0.2595460844477904
0.2891151105491875
0.3240105793948862
0.2561405087302338
0.301976237877021
0.24184832624326752
0.34645200961989453
0.24678042100464556
0.27053186631336235
0.2533741526131571
0.3183431132091801
0.24116453432025428
0.3046079538700443
0.42454635885423314
0.6284773656520541
0.42454635884829134
0.2962219629254823
0.6229438493220854
0.2972333942548432
0.6284773656520541
0.25963478585672506
0.29723339429041434
0.24068150053575776
0.42454635885423314
0.3046079525531335
0.23558470251059715
0.3286634868243017
0.2529549361390416
0.42454635884829134
0.31609479840976684
0.2619427206717655
0.33315657835321105
0.23780851756406168
0.26104642846129567
0.2705318675269526
0.318343113547756
0.2924960312019272
0.24702425743665307
0.32634258460733134
0.24224088305728536
0.2980406324583485
0.27778975172697984
0.33397848694695653
0.2634143823272378
0.2680817557722795
0.2945677603421307
0.27499399087459026
0.2749920389149235
0.25954608440366717
0.2524157608295203
0.269159356416518
0.27499203566620734
0.27053186631336235
0.3045581990343556
0.31848201136308923
0.42454635884829134
0.3105895066321724
0.2800079145646758
0.2595460844477904
0.27163875326862763
0.23665332818400434
0.24338047659618192
0.2533741526131571
0.24957841765509925
0.24816492620618208
0.25674171918821137
0.22836316016741542
0.36484193967252354
0.26545145509483353
0.2705318670400501
0.3316418130668571
0.2533741545074769
0.25241576072330696
0.24184832331563255
0.24184832624326752
0.23558470251059715
0.24678041862785838
0.24591678846858742
0.2639170360362404
0.2831979918680218
0.3194229638221694
0.3389341999498787
0.25508055172007715
0.2945677603421307
0.27499203566620734
0.2481649262023719
0.30943580944821525
0.27996972528431924
0.26115357511088716
0.2962219629195405
0.3464520061005081
0.3364389764113147
0.27778975172697984
0.2520630534657005
0.31617655297618685
0.31617655256972965
0.2716387541326287
0.2924960322774492
0.33164181295066864
0.27053186631336235
0.3365075993522282
0.30648577302587776
0.2754801597050692
0.298040631028063
0.29249603224664095
0.24338047625577136
0.23665333045764253
0.25241576074256533
0.255044161475157
0.3365075984991276
0.29194382824690107
0.26588003133221283
0.2680817557722795
0.29194382825533793
0.26588003264249294
0.28271668046869414
0.31457792921331496
0.27185673073487665
0.2641556187470915
0.28796542465367914
0.26415561907695484
0.2889652472829093
0.32099279128918917
0.2913667167690863
0.34832773320693244
0.3183431143763963
0.27521004705671837
0.3107088416531165
0.2493876444973596
0.3209927934479215
0.2744941298297692
0.2945677624487316
0.3105895047760515
0.2493876444727238
0.30008413136920625
0.3263425858773145
0.31617655256972965
0.2529654733874271
0.34734121687689207
0.24116453432025428
0.2913667186946497
0.2605580154314925
0.24224088492699927
0.261046427467508
0.2532989986550993
0.3469598219596667
0.3184820123487999
0.3046079525531335
0.2619427206717655
0.24957841730703517
0.3445332853093939
0.3094358089565439
0.299246945657309
0.25963478582575006
0.2854195308201067
0.2714605856342027
0.25963478585672506
0.2714605847258236
0.24155282129027741
0.3389342038906841
0.2855812992814545
0.2800079145646758
0.25674171664109297
0.28541952817249006
0.2924960322774492
0.3160947988039621
0.26194272064162993
0.42454635885423314
0.3286634881707545
0.25295493575381306
0.26358314745646516
0.2378085191107011
0.2692880205920627
0.2532989996556498
0.24116453346848232
0.3000841293954753
0.2546602453033338
0.2691593589041156
0.23452154839524234
0.2463423441370998
0.2718269957104548
0.2765041297005494
0.27182699491489803
0.2977759073857788
0.32713606015714697
0.3019762379581584
0.35684933219747705
0.5851918188218914
0.3561028151020953
0.23780851694618527
0.28914277838754693
0.24561294229656422
0.2691593558578052
0.274494131391641
0.25009470781760285
0.266905909543109
0.3146335436004896
0.28914278114149705
0.3618146124577669
0.2586578789184604
0.3271360574031953
0.24155282086513272
0.289115111631668
0.27449413160979363
0.27499398762324967
0.3750508512996781
0.29369423397921246
0.29583019314095177
0.35610281566469115
0.24849388160913646
0.2598126551028186
0.250094711354681
0.2470242556221177
0.27475954844946243
0.31457792962430825
0.2529654733874271
0.28446841664014894
0.3160947988039621
0.5574876089774705
0.3045581990343556
0.31942296274299764
0.5574876089524373
0.3091039555124789
0.5641763157044153
0.2532989996748619
0.31457792937317686
0.2521818943363757
0.3105895062453815
0.2948917125212918
0.24816492691609873
0.3076644194768591
0.25508055126017726
0.2962219614475591
0.31942296299321415
0.2831979916334243
0.274981983966138
0.24634234526571666
0.34301986514760413
0.25337415284382425
0.31070884325998005
0.2366533290308378
0.27475955083518677
0.2848668434766446
0.22670528256272704
0.36484193801662623
0.26928801941704217
0.2827166789514292
0.25218189444087763
0.2945677592106003
0.26184971649022043
0.28911511561086006
0.2550805525481073
0.24629258060566428
0.2418483228502584
0.2669059086246233
0.27256369472028386
0.2716387541326287
0.28446841664014894
0.3430198653017908
0.3046079538700443
0.29489171292143546
0.2718567305618952
0.24155281940392573
0.3091039555124789
0.28914278114149705
0.2948917125212918
0.3019762379581584
0.5574876089524373
0.3146335436004896
0.3561028151020953
0.5641763157044153
0.3618146124577669
0.5851918188218914
0.2639170360362404
0.2860511281694212
0.32321330290699823
0.298040631028063
0.36484193967252354
0.32713606015714697
0.31942296274299764
0.266905909543109
0.2977759073857788
0.35684933219747705
0.26545145509483353
0.33164181295066864
0.5574876089774705
0.284866843091539
0.6284773656520541
0.5641763157103572
0.299246945657309
0.29369423496002967
0.2871612747035187
0.30910395560230797
0.2267052828052721
0.3316418126225552
0.36181461287389527
0.26115357511088716
0.2958301962542513
0.301976237877021
0.3473412172770919
0.2529654720816733
0.2718567319669939
0.2605580117552403
0.31070884456817166
0.2752100431927118
0.2283631604685834
0.2992469471098931
0.26115357519741533
0.33729755305651243
0.2411645343202543
0.26415561885094047
0.287965428148569
0.24938764047592202
0.3009044130213754
0.2586578803355908
0.2831979927158697
0.2725636947168376
0.290100859602597
0.2654514546080175
0.24322004669588376
0.31617655297618685
0.31457792962430825
0.2827166792995062
0.3183431132091801
0.2860511281049489
0.26415561857114367
0.259812654655609
0.2456129417180341
0.25218189445702693
0.25218189456152884
0.2879654236265593
0.3232133030210473
0.28796542717151574
0.25009471158239255
0.2456129411157956
0.22670528256272704
0.29489171292143546
0.26184971649022043
0.2848668434766446
0.36484193801662623
0.30090441094246334
0.27475955083518677
0.3146335437939665
0.2891427807643301
0.2264756454758551
0.2264756439759713
0.25614051182170894
0.2561405087302338
0.2470242556221177
0.24849388160913646
0.2691593558578052
0.27475954844946243
0.3618146124577669
0.266905909543109
0.24702425770600436
0.3618146125624543
0.2747595452340207
0.2691593583454027
0.24849387985501514
0.2669059068644193
0.250094711354681
0.25009470781760285
0.28914277838754693
0.28914278114149705
0.2598126553972643
0.29369423506471704
0.2635831476674722
0.2415528197908874
0.24224088305728536
0.25954608440366717
0.2586578783139797
0.24224088205211206
0.2345215481401244
0.2267052828052721
0.27449412966168313
0.25981265580629087
0.31463354349580225
0.23780851756406168
0.24561294296075278
0.259812654655609
0.24224088492699927
0.24155281940392573
0.26358314745646516
0.29369423496002967
0.2595460844477904
0.2598126551028186
0.274494131391641
0.23780851694618527
0.3146335436004896
0.24224088393370952
0.25865787688496583
0.2267052801015491
0.23452154813418263
0.24561294229656422
0.3365075980411193
0.3365075988441533
0.2924960312211855
0.2924960312019272
0.31617655449985493
0.31617655419352775
0.33397848496919114
0.29723339426078493
0.2800079154437409
0.28541953079474747
0.2546602422022922
0.25295493612572506
0.24322004669588376
0.24938764047592202
0.2411645343202543
0.3009044130213754
0.3263425827895112
0.2901008620332068
0.284866842997982
0.2546602446200401
0.287965428148569
0.2962219614535009
0.2680817556386364
0.42454635885423314
0.2596347867558148
0.24116453346848232
0.3183431147268558
0.26588003133221283
0.25508055126017726
0.31848201133228105
0.2529549361390416
0.26415561885094047
0.26055801427610803
0.2924960312211855
0.33397848685897485
0.2546602446200401
0.28541953343048054
0.28000791584104573
0.2972333942548432
0.2529549361390416
0.29010085859060464
0.32634258150764456
0.2546602422022922
0.284866843091539
0.2493876444973596
0.24322004939976888
0.30090441032359416
0.24116453432025428
0.28796542465367914
0.2550805503820806
0.2658800360750666
0.25295493612572506
0.31848201136308923
0.2605580105998559
0.26415561907695484
0.2680817557722795
0.2962219614475591
0.25963478672483975
0.42454635884829134
0.318343113547756
0.24116453346848232
0.2924960312019272
0.27778975165025427
0.27778975245211207
0.2596347867558148
0.25963478672483975
0.24938764040122263
0.2493876444727238
0.25241576086032846
0.2524157608295203
0.2754801609213854
0.30648576937412353
0.2567417227252894
0.2550441618383258
0.2459167877492123
0.24678042100464556
0.2889652463079602
0.3000841281543921
0.30008413016630603
0.32321330290699823
0.2980406318803473
0.2654514515566655
0.364841940430804
0.2639170332824524
0.3232133002472364
0.3076644180317315
0.291943829080094
0.32866348553951297
0.2634143823272378
0.2913667162844217
0.2860511305142917
0.3365075984991276
0.24816492691609873
0.24957842061941188
0.23558470251059715
0.28896524574311416
0.2283631574090913
0.3365075980411193
0.28605113044981945
0.2611535733010881
0.2992469471324616
0.30090441032359416
0.34832773050304733
0.33729755296889724
0.2980406332724499
0.22836315772214283
0.26341438213514623
0.25206305547179
0.2714605856566218
0.24068150053575776
0.3209927880757508
0.3009044082327986
0.25504415869652164
0.2355847025964743
0.26391703388325893
0.2754801597050692
0.24591678846858742
0.255044161475157
0.25674171918821137
0.30648577302587776
0.24678041862785838
0.26545145509483353
0.298040631028063
0.2639170360362404
0.36484193967252354
0.30008413016630603
0.28896524574311416
0.3232133002472364
0.3000841281543921
0.32321330290699823
0.24816492620618208
0.3365075993522282
0.23558470251059715
0.24957841765509925
0.22836316016741542
0.2889652463079602
0.29194382824690107
0.3076644194768591
0.2634143824877621
0.3286634868243017
0.2860511281694212
0.29136671824816807
0.3365075988441533
0.2520630527417256
0.2634143823075541
0.2406815005357577
0.27146058474824264
0.30090441094246334
0.32099279024636673
0.2355847025964743
0.25504415833335287
0.26115357519741533
0.2860511281049489
0.3009044130213754
0.2992469471098931
0.33729755305651243
0.34832773320693244
0.2283631604685834
0.2980406324583485
0.2639170365369169
0.2913667167690863
0.2913667186946497
0.3209927934479215
0.32099279128918917
0.34832773320693244
0.34832773050304733
0.2889652472829093
0.2889652466679967
0.3232133002730389
0.3232133030210473
0.2459167863349272
0.2355847025964743
0.3316418126225552
0.248164926862222
0.29369423397921246
0.26391703388325893
0.2418483228502584
0.26545145108173307
0.2484938803868048
0.2524157608295203
0.22836315772214283
0.23452154839524234
0.24338047629997284
0.2977759073857788
0.2586578789184604
0.3009044082327986
0.2879654236265593
0.2611535731644934
0.25466024283551947
0.24116453346848232
0.2283631574090913
0.25295493575381306
0.2529654737661667
0.2848668434766446
0.2550805525481073
0.2493876444727238
0.33729755296889724
0.2546602453033338
0.27521004789632986
0.290100859602597
0.2901008630451992
0.26055801427610803
0.2800079145646758
0.2605580154314925
0.274981983966138
0.3232133030210473
0.36484193801662623
0.3000841293954753
0.36181461287389527
0.2980406324583485
0.2889652466679967
0.3146335437939665
0.3064857726757309
0.5851918188218914
0.27449413160979363
0.2639170365369169
0.3232133002730389
0.2891427807643301
0.24678041829730768
0.35610281566469115
0.2500947080453145
0.25504415833335287
0.301976237877021
0.2456129411157956
0.2718269957104548
0.34832773320693244
0.34832773050304733
0.30090441094246334
0.3209927880757508
0.33729755305651243
0.24938764040122263
0.29136671824816807
0.299246945657309
0.26415561857114367
0.31070884325998005
0.32099279024636673
0.26115357511088716
0.28796542717151574
0.2752100440323233
0.2718567305618952
0.26341438213514623
0.2945677592106003
0.29194382908853084
0.24224088205211206
0.2680817557722795
0.3365075984991276
0.2924960322774492
0.29194382825533793
0.298040631028063
0.3365075993522282
0.27778975165025427
0.28605113044981945
0.2378085191107011
0.3464520070358372
0.2470242556221177
0.2598126553972643
0.26588003133221283
0.27053186631336235
0.31617655256972965
0.2754801597050692
0.2493876444973596
0.2980406318803473
0.25963478582575006
0.29456776136726764
0.24938764047592202
0.2680817556386364
0.24224088393370952
0.25963478585672506
0.29249603224664095
0.2634143823075541
0.3263425827895112
0.27778975172697984
0.3183431143763963
0.33397848496919114
0.26104642677912293
0.26115357519741533
0.2913667167690863
0.22670528256272704
0.3094358089565439
0.3618146124577669
0.24224088305728536
0.29194382824690107
0.33164181295066864
0.31617655297618685
0.30648577302587776
0.2520630527417256
0.2871612747035187
0.2456129417180341
0.2264756439759713
0.2716387541326287
0.30008413016630603
0.2639170360362404
0.2411645343202543
0.2546602422022922
0.2532989996748619
0.26928801941704217
0.3209927880757508
0.31070884325998005
0.29136671824816807
0.3064857726757309
0.318343113547756
0.28896524574311416
0.3286634881707545
0.31457792937317686
0.5574876089524373
0.3076644194768591
0.24938764040122263
0.34832773050304733
0.3000841293954753
0.26415561857114367
0.27449413160979363
0.2889652466679967
0.26415561885094047
0.3105895066321724
0.2913667186946497
0.31457792962430825
0.28796542465367914
0.3232133002472364
0.2714605847258236
0.2521818943363757
0.31070884456817166
0.2634143824877621
0.24561294229656422
0.3046079525531335
0.255044161475157
0.28446841664014894
0.287965428148569
0.2945677603421307
0.3209927934479215
0.2827166792995062
0.2718567319669939
0.33729755305651243
0.34832773320693244
0.36484193801662623
0.299246945657309
0.5851918188218914
0.2980406324583485
0.2860511281694212
0.5641763157103572
0.2860511281049489
0.5574876089774705
0.30090441094246334
0.36181461287389527
0.3232133030210473
0.3146335437939665
0.29489171292143546
0.32321330290699823
0.36484193967252354
0.3009044130213754
0.284866843091539
0.2948917125212918
0.26184971649022043
0.29010085859060464
0.2889652463079602
0.24957841730703517
0.2831979916334243
0.274494131391641
0.3365075988441533
0.2598126551028186
0.2962219629254823
0.3365075993522282
0.3076644194768591
0.24322004669588376
0.24702425743665307
0.2889652472829093
0.259812654655609
0.2831979927158697
0.250094711354681
0.24184832331563255
0.23558470251059715
0.25508055126017726
0.24155282086513272
0.2725636947168376
0.26545145509483353
0.3561028151020953
0.2283631604685834
0.29369423496002967
0.31942296274299764
0.27475955083518677
0.266905909543109
0.25504415869652164
0.2366533290308378
0.2754801621670724
0.22647564455970265
0.2924960312019272
0.3365075980411193
0.26358314745646516
0.31617655449985493
0.3146335436004896
0.2598126551028186
0.25241576086032846
0.2980406332724499
0.2691593589041156
0.27053186825364034
0.27499398762324967
0.2470242595587227
0.2924960312211855
0.2595460844477904
0.24224088492699927
0.23780851694618527
0.26415561907695484
0.2860511305142917
0.28541952817249006
0.2827166801825672
0.2752100431927118
0.33397848509535577
0.31617655419352775
0.2619427206717655
0.26588003264249294
0.2827166789514292
0.3183431147268558
0.27499203566620734
0.3263425858773145
0.3331565768814431
0.26104642773472764
0.2283631604685834
0.2889652472829093
0.27475955083518677
0.24957841730703517
0.3561028151020953
0.24702425743665307
0.3365075988441533
0.29369423496002967
0.259812654655609
0.274494131391641
0.2355847025964743
0.2958301962542513
0.25009471158239255
0.2749939867022107
0.24155281940392573
0.2889652463079602
0.26545145509483353
0.24322004669588376
0.29010085859060464
0.2831979916334243
0.27256369472028386
0.2550805503820806
0.3076644180317315
0.24155282129027741
0.283197990835643
0.25009470781760285
0.25981265580629087
0.3365075980411193
0.23558470251059715
0.3365075984991276
0.28896524574311416
0.2962219614535009
0.27499399087459026
0.2744941298297692
0.24702425770600436
0.24957842061941188
0.27449412966168313
0.24184832624326752
0.2962219629195405
0.2901008620332068
0.24957842027134775
0.31167623856750853
0.24816492620618208
0.32713606015714697
0.2586578803355908
0.24849387985501514
0.24816492691609873
0.28911511561086006
0.24849388160913646
0.2605580105998559
0.2913667162844217
0.25674171664109297
0.34734121870615325
0.27182699491489803
0.2754801609507561
0.31617655449985493
0.31609479840976684
0.29194382825533793
0.31457792937317686
0.24116453346848232
0.269159356416518
0.30008413136920625
0.23780851850470827
0.2532990006635288
0.24561294296075278
0.2533741526131571
0.2520630534657005
0.2749819833001659
0.2716387539547025
0.2692880199183857
0.22836316016741542
0.35684933219747705
0.2654514546080175
0.2977759071305579
0.31942296299321415
0.2669059086246233
0.27475954844946243
0.2586578783139797
0.2891151105491875
0.2481649262023719
0.25865787688496583
0.248164926862222
0.24849388215280965
0.28911511447831306
0.3750508512996781
0.24068150053575776
0.3046079538700443
0.25206305619576497
0.29723339429041434
0.42454635884829134
0.23558470251059715
0.42454635885423314
0.31609479840976684
0.6284773656520541
0.2962219629254823
0.25963478672483975
0.30090441032359416
0.24116453346848232
0.28541953343048054
0.2962219614475591
0.24322004939976888
0.2529549361390416
0.42454635884829134
0.24116453432025428
0.2972333942548432
0.24116453432025428
0.2639170332824524
0.25963478585672506
0.2692880200406526
0.3183431132091801
0.27778975257890426
0.23452154813418263
0.42454635885423314
0.25241576074256533
0.3045581973159589
0.2546602446200401
0.2680817557722795
0.2493876444973596
0.33397848685897485
0.28000791584104573
0.2992469471098931
0.32099279128918917
0.2848668434766446
0.3445332853093939
0.5641763157044153
0.32634258460733134
0.3286634868243017
0.6284773656520541
0.3183431132091801
0.6229438493220854
0.27146058474824264
0.3316418126225552
0.2879654236265593
0.33643897735569184
0.3046079538700443
0.3000841281543921
0.298040631028063
0.24938764047592202
0.32634258150764456
0.3105895062453815
0.2945677592106003
0.28000791584104573
0.2550441618383258
0.3184820123487999
0.3389342063744684
0.3105895062453815
0.2658800373853467
0.26358314745646516
0.42454635885423314
0.2924960322774492
0.3286634881707545
0.28541953079474747
0.2705318675269526
0.2641556187470915
0.34645201049327345
0.26194272064162993
0.2691593583454027
0.25241576074256533
0.25241576072330696
0.2749920397809743
0.25954608279780705
0.274992036532258
0.25674171918821137
0.3019762379581584
0.2605580117552403
0.3240105820307807
0.3160947988039621
0.25337415284382425
0.2691593558578052
0.284866843091539
0.32321330290699823
0.299246945657309
0.2948917125212918
0.5574876089774705
0.2860511281694212
0.3146335436004896
0.6284773656520541
0.298040631028063
0.5574876089524373
0.3009044130213754
0.2980406324583485
0.34832773320693244
0.2860511281049489
0.2992469471098931
0.28914278114149705
0.33164181295066864
0.2639170360362404
0.3091039555124789
0.3019762379581584
0.26115357519741533
0.36484193967252354
0.5851918188218914
0.33729755305651243
0.5641763157103572
0.5641763157044153
0.36484193801662623
0.3618146124577669
0.27475954844946243
0.2977759071305579
0.22836316016741542
0.31942296299321415
0.29369423397921246
0.2654514546080175
0.29583019314095177
0.35684933219747705
0.31848201136308923
0.2634143823272378
0.2800079145646758
0.26104642846129567
0.3045581990343556
0.33397848694695653
0.2924960312019272
0.42454635884829134
0.2680817557722795
0.318343113547756
0.2596347867558148
0.2524157608295203
0.2493876444727238
0.27778975245211207
0.25963478672483975
0.23780851756406168
0.27053186631336235
0.27778975172697984
0.33315657835321105
0.2705318675269526
0.27778975165025427
0.24957841765509925
0.2977759073857788
0.290100859602597
0.31167623566900554
0.2962219614475591
0.2418483228502584
0.2470242556221177
0.2415528197908874
0.2462925806056643
0.25508055172007715
0.27256369806806735
0.2355847025964743
0.24184832587802643
0.2749939899034848
0.289115111631668
0.2267052828052721
0.301976237877021
0.26115357511088716
0.30910395560230797
0.3316418126225552
0.2639170365369169
0.2871612747035187
0.35610281566469115
0.3271360590638233
0.24678042067409484
0.25337415284382425
0.25674172017817093
0.25614050988212245
0.2705318675269526
0.24957842027134775
0.25954608279780705
0.2716387539547025
0.3019762379581584
0.24155282086513272
0.24184832587802643
0.3648419387367266
0.2669059058958671
0.25337415478820763
0.289115111631668
0.274759547619745
0.2366533313545425
0.2462925806056643
0.22670527985900407
0.2463423441370998
0.2641556187470915
0.2992469456679939
0.2529549357786795
0.271856729329778
0.2605580117552403
0.2800079142174375
0.34734121830595344
0.3184820123487999
0.31848201236805823
0.34301986514760413
0.31070884040687197
0.25508055172007715
0.28486684339497115
0.2749819828456105
0.34301986680455043
0.2654514546080175
0.30008413136920625
0.2669059086246233
0.25674171664109297
0.35684933219747705
0.269159356416518
0.2754801609507561
0.2977759071305579
0.23780851850470827
0.27182699491489803
0.24591678716631896
0.3271360590638233
0.28914277811051
0.2765041297638499
0.2463423438369619
0.2913667162844217
0.22836316016741542
0.24116453346848232
0.2605580105998559
0.34734121870615325
0.2529654725724295
0.274992036532258
0.3286634868859658
0.2595460828419303
0.3389342024956131
0.2691593558578052
0.2635831476674722
0.26588003264249294
0.25241576074256533
0.29249603224664095
0.255044161475157
0.3364389761118807
0.2749939899034848
0.3146335436773955
0.2264756454758551
0.23665333045764253
0.3105895044011442
0.25241576072330696
0.42454635884829134
0.2800079154437409
0.31848201236805823
0.3045581986269269
0.27996972528431924
0.29583019314095177
0.23452154838930056
0.2561405087302338
0.24338047625577136
0.2765041336908278
0.2345215481401244
0.2752100440323233
0.32099279024636673
0.24678041829730768
0.2718567305618952
0.2718269957104548
0.25504415833335287
0.2827166789514292
0.3045581973159589
0.2634143823075541
0.28446841664014894
0.28796542717151574
0.2500947080453145
0.3232133002730389
0.2456129411157956
0.25218189445702693
0.25218189444087763
0.23665332818400434
0.2406815005357577
0.3430198653017908
0.34301986514760413
0.25218189456152884
0.26115357511088716
0.35610281566469115
0.2639170365369169
0.301976237877021
0.30910395560230797
0.2891427807643301
0.2267052828052721
0.27256369472028386
0.2749939867022107
0.2355847025964743
0.24155281940392573
0.2550805525481073
0.25009471158239255
0.24629258060566428
0.2958301962542513
0.2433804766904499
0.3064857690358602
0.2561405129235311
0.27163875314076796
0.2765041297005494
0.22647564602140347
0.31617655419352775
0.23452154813418263
0.24224088393370952
0.24561294229656422
0.33164181275062715
0.29583019357556156
0.36181461299046624
0.2871612721885852
0.2267052801015491
0.3145779289740671
0.24338047659618192
0.29723339428447254
0.27498198221782133
0.34734121830595344
0.3091039593424109
0.2481649262023719
0.3750508512996781
0.24849388215280965
0.2891151105491875
0.25865787688496583
0.32713605641000476
0.2586578783139797
0.31942296403420595
0.2958301904121955
0.29369423409578344
0.2747595452340207
0.2283631574090913
0.35610281496797536
0.29777590690848343
0.37505084859579296
0.2529654725724295
0.2765041297638499
0.24591678716631896
0.2463423438369619
0.2529654737661667
0.28914277811051
0.24634234496557883
0.3271360590638233
0.32713605641000476
0.26194272064162993
0.2714605856342027
0.25295493575381306
0.3469598219596667
0.3160947988039621
0.2854195308201067
0.2619427206717655
0.42454635885423314
0.25963478585672506
0.3046079525531335
0.2714605856566218
0.2355847025964743
0.3009044082327986
0.25206305547179
0.24068150053575776
0.2532989986550993
0.2924960322774492
0.25963478582575006
0.261046427467508
0.3184820123487999
0.26341438213514623
0.30943580944821525
0.29369423397921246
0.25466024283551947
0.3240105793948862
0.29723339429041434
0.2459167863349272
0.24224088205211206
0.2855813005398887
0.25954608279780705
0.2529549357786795
0.2855813046490483
0.25295493575381306
0.24678042067409484
0.2595460828419303
0.25614050988212245
0.26184971649022043
0.3146335437939665
0.30090441094246334
0.29489171292143546
0.2848668434766446
0.3232133030210473
0.22670528256272704
0.36181461287389527
0.2669059086246233
0.2532989996556498
0.23452154839524234
0.2546602453033338
0.2692880205920627
0.24116453346848232
0.26391703388325893
0.2378085191107011
0.2484938803868048
0.2669059058958671
0.2891427807643301
0.25206305547179
0.33643897735569184
0.2799697307466482
0.3240105793948862
0.2962219614475591
0.24816492691609873
0.3160947988039621
0.31942296299321415
0.5641763157044153
0.31942296274299764
0.27778975245211207
0.2611535733010881
0.2692880205920627
0.2749920397809743
0.31167623566900554
0.2725636980765046
0.25508055126017726
0.3045581990343556
0.2529654733874271
0.3091039555124789
0.24322004939976888
0.2654514515566655
0.2854195308201067
0.27256369806806735
0.32634258460733134
0.2749920389149235
0.25865787688496583
0.29723339429041434
0.24338047625577136
0.30910395560230797
0.2901008620332068
0.33397848694695653
0.27521004705671837
0.33315657835321105
0.2749819833001659
0.2860511281049489
0.2913667186946497
0.29489171292143546
0.3286634881707545
0.5641763157103572
0.3105895066321724
0.3076644194768591
0.5574876089774705
0.31457792962430825
0.5574876089524373
0.2634143823075541
0.30910395560230797
0.25218189445702693
0.3045581973159589
0.28446841664014894
0.28896524574311416
0.2860511281694212
0.26415561885094047
0.318343113547756
0.31457792937317686
0.2827166789514292
0.33397848685897485
0.2754801609213854
0.261046427467508
0.34645201049327345
0.32634258150764456
0.2658800360750666
0.259812654655609
0.3183431132091801
0.31617655297618685
0.2860511281049489
0.33397848496919114
0.33315657835321105
0.28271668046869414
0.33397848685897485
0.2827166792995062
0.24702425770600436
0.27778975257890426
0.2705318670400501
0.27778975245211207
0.23780851850470827
0.3331565768814431
0.2754801597050692
0.3091039555124789
0.3473412172770919
0.2972333942548432
0.31457792962430825
0.274981983966138
0.23780851694618527
0.32634258150764456
0.3000841281543921
0.3445332853093939
0.3105895062453815
0.6229438493220854
0.3286634868243017
0.274494131391641
0.6229438493220854
0.30648577302587776
0.5574876089774705
0.24938764047592202
0.32634258460733134
0.32099279128918917
0.3183431132091801
0.31070884456817166
0.25009470781760285
0.33643897766700936
0.24678041862785838
0.3045581990343556
0.27182699491489803
0.2752100431927118
0.298040631028063
0.5641763157044153
0.2992469471098931
0.6284773656520541
0.5574876089524373
0.2848668434766446
0.3146335436004896
0.2470242556221177
0.31167623566900554
0.24957841765509925
0.2962219614475591
0.27449413160979363
0.290100859602597
0.27499398762324967
0.2977759073857788
0.2658800360750666
0.291943829080094
0.3389342038906841
0.2658800373853467
0.33643897766700936
0.34645200961989453
0.3365075988441533
0.3286634868243017
0.29194382824690107
0.2860511281694212
0.2680817556386364
0.2749920389149235
0.2945677624487316
0.27778975257890426
0.2634143824877621
0.25981265580629087
0.34645200961989453
0.3464520061005081
0.33397848694695653
0.2754801609507561
0.33397848509535577
0.3365075993522282
0.31942296274299764
0.2831979927158697
0.2962219629254823
0.3076644194768591
0.2550805525481073
0.2598126551028186
0.2598126553972643
0.2725636980765046
0.2831979918680218
0.24322004939976888
0.2889652466679967
0.2901008630451992
0.2470242595587227
0.2586578789184604
0.24224088205211206
0.3240105793948862
0.30943580944821525
0.29723339429041434
0.3064857726757309
0.25466024283551947
0.22647564455970265
0.29369423397921246
0.2484938803868048
0.2972333942548432
0.2459167877492123
0.3046079525531335
0.3240105820307807
0.6229438493220854
0.33643897766700936
0.29369423496002967
0.6284773656520541
0.33164181295066864
0.5641763157103572
0.2546602422022922
0.318343113547756
0.28796542465367914
0.32634258150764456
0.284866843091539
0.24849387985501514
0.2962219629254823
0.24184832331563255
0.31167623566900554
0.2977759071305579
0.29010085859060464
0.30648577302587776
0.5574876089524373
0.31070884456817166
0.6229438493220854
0.5574876089774705
0.31070884325998005
0.274494131391641
0.2264756439759713
0.3045581973159589
0.23665332818400434
0.33643897735569184
0.3146335437939665
0.2752100440323233
0.2749939867022107
0.2718269957104548
0.3618146124577669
0.5641763157103572
0.36484193967252354
0.5641763157044153
0.5851918188218914
0.33729755305651243
0.3561028151020953
0.5851918188218914
0.35610281566469115
0.24224088305728536
0.3105895066321724
0.2945677603421307
0.32634258460733134
0.2980406324583485
0.24938764040122263
0.24702425743665307
0.27449413160979363
0.2500947080453145
0.36181461287389527
0.34645201049327345
0.3094358122065007
0.2855813046490483
0.3389342063744684
0.3240105820307807
0.28558130339061405
0.2831979916334243
0.3105895062453815
0.2532989996748619
0.2948917125212918
0.29456776136726764
0.27256369806806735
0.26184971480944874
0.2692880200406526
0.2521818943363757
0.283197990835643
0.2658800373853467
0.26194272027866733
0.26104642846129567
0.34734121870615325
0.2827166801825672
0.29194382825533793
0.31942296299321415
0.2532990006635288
0.31609479840976684
0.31457792937317686
0.2529654737661667
0.31617655449985493
0.3464520070358372
0.2749920397809743
0.26194272024853177
0.28541953343048054
0.26415561857114367
0.27521004789632986
0.27053186825364034
0.24338047629997284
0.2945677592106003
0.33643897735569184
0.27146058474824264
0.3046079538700443
0.31070884325998005
0.2879654236265593
0.2366533290308378
0.3316418126225552
0.2418483228502584
0.29194382908853084
0.2799697307466482
0.309435812698172
0.25206305619576497
0.29136671824816807
0.2611535731644934
0.2754801621670724
0.248164926862222
0.26545145108173307
0.2459167863349272
0.3094358089565439
0.3286634881707545
0.2714605847258236
0.3445332853093939
0.299246945657309
0.3209927880757508
0.24957841730703517
0.3064857726757309
0.24678041829730768
0.36484193801662623
0.3000841293954753
0.24591678716631896
0.24184832587802643
0.2639170365369169
0.24849388215280965
0.2654514546080175
0.33164181275062715
0.2355847025964743
0.29369423409578344
0.2481649262023719
0.25241576086032846
0.2977759071755879
0.2433804766904499
0.23452154838930056
0.2283631604685834
0.2586578803355908
0.3648419387367266
0.3232133002730389
0.36181461299046624
0.30008413136920625
0.26391703388325893
0.35610281496797536
0.24678042067409484
0.28914277811051
0.3232133030210473
0.25009471158239255
0.2980406332724499
0.5851918161180066
0.3064857690358602
0.3146335436773955
0.2889652472829093
0.2744941298297692
0.30197623723385236
0.25504415869652164
0.27182699461585796
0.2456129417180341
0.28796542717151574
0.30090441094246334
0.2546602453033338
0.26115357511088716
0.24938764040122263
0.2901008630451992
0.2752100440323233
0.25466024283551947
0.33729755305651243
0.290100859602597
0.24116453346848232
0.28486684339497115
0.2529654725724295
0.2529549357786795
0.22836316016741542
0.25508055172007715
0.2800079142174375
0.2605580105998559
0.2749819828456105
0.2605580117552403
0.34832773050304733
0.33729755296889724
0.32099279024636673
0.3009044082327986
0.34832773320693244
0.2493876444727238
0.2611535731644934
0.3209927880757508
0.27521004789632986
0.2879654236265593
0.2992469456679939
0.2913667162844217
0.31070884040687197
0.2641556187470915
0.271856729329778
0.31070884040687197
0.32099279024636673
0.3064857690358602
0.2913667162844217
0.2493876444727238
0.2744941298297692
0.2641556187470915
0.30008413136920625
0.34832773320693244
0.2889652472829093
0.3183431147268558
0.5574876089774705
0.3145779289740671
0.3286634868859658
0.2889652463079602
0.3076644180317315
0.3105895047760515
0.26415561907695484
0.31457792921331496
0.2913667167690863
0.33729755296889724
0.5851918161180066
0.2992469456679939
0.3648419387367266
0.34832773050304733
0.2980406332724499
0.36181461299046624
0.3009044082327986
0.3146335436773955
0.3232133002730389
0.5641763184083001
0.2860511305142917
0.5574876089524373
0.28605113044981945
0.2948917151808956
0.287965428148569
0.3107088416531165
0.25218189444087763
0.2714605856342027
0.32321330290699823
0.2634143823272378
0.2945677624487316
0.28796542465367914
0.28271668046869414
0.32099279128918917
0.30460795265882246
0.24561294296075278
0.28446841889537955
0.2550441618383258
0.27185673073487665
0.364841940430804
0.3232133002472364
0.284866842997982
0.30090441032359416
0.26184971480944874
0.2948917147425689
0.29456776136726764
0.2634143823075541
0.24224088393370952
0.29194382825533793
0.27778975245211207
0.24702425770600436
0.34645201049327345
0.23780851850470827
0.2860511281049489
0.259812654655609
0.2680817556386364
0.2980406318803473
0.29194382908853084
0.29249603224664095
0.3365075993522282
0.3365075984991276
0.2705318670400501
0.2658800360750666
0.2754801609213854
0.31617655297618685
0.2611535733010881
0.3618146125624543
0.3094358122065007
0.22670527985900407
0.2913667186946497
0.24224088492699927
0.2871612721885852
0.25206305547179
0.2264756454758551
0.2456129411157956
0.3316418130668571
0.291943829080094
0.30648576937412353
0.31617655256972965
0.27163875326862763
0.24938764047592202
0.2493876444973596
0.2945677592106003
0.25963478585672506
0.298040631028063
0.2680817557722795
0.27778975257890426
0.32634258150764456
0.33397848685897485
0.3183431132091801
0.25963478582575006
0.24224088205211206
0.26341438213514623
0.2924960322774492
0.261046427467508
0.2639170332824524
0.3000841281543921
0.2546602446200401
0.24116453432025428
0.2692880200406526
0.2532989986550993
0.2901008620332068
0.27449412966168313
0.283197990835643
0.24957842027134775
0.28896524574311416
0.3365075980411193
0.2470242595587227
0.24322004939976888
0.2598126553972643
0.2889652466679967
0.2962219629195405
0.25981265580629087
0.3076644180317315
0.3365075984991276
0.2831979918680218
0.3561028143434324
0.2654514515566655
0.29369423506471704
0.22836315772214283
0.274759547619745
0.3194229638221694
0.24184832624326752
0.25009470781760285
0.2550805503820806
0.23558470251059715
0.2725636980765046
0.24155282129027741
0.2669059068644193
0.3046079539876168
0.2406815005357577
0.29723339428447254
0.2520630534657005
0.2596347867558148
0.2962219614535009
0.28541953079474747
0.24116453346848232
0.3009044130213754
0.24322004669588376
0.42454635885423314
0.6284773656520541
0.31609479895491965
0.42454635884829134
0.23558470251059715
0.2962219629195405
0.42454635885423314
0.25295493612572506
0.29723339426078493
0.2411645343202543
0.2992469471324616
0.5641763184142419
0.34453328407727674
0.28486684339497115
0.3209927934479215
0.3263425858773145
0.33164181275062715
0.2714605856566218
0.3364389761118807
0.28796542717151574
0.6284773656520541
0.32866348553951297
0.6229438466182006
0.3183431143763963
0.3046079539876168
0.2411645343202543
0.3183431143763963
0.26928801941704217
0.25963478582575006
0.2639170360362404
0.27778975172697984
0.2680817556386364
0.2546602422022922
0.33397848496919114
0.24938764047592202
0.42454635884829134
0.2345215481401244
0.3045581986269269
0.25241576072330696
0.2800079154437409
0.2980406318803473
0.30008413016630603
0.3263425827895112
0.2493876444973596
0.29456776136726764
0.3105895044011442
0.284866842997982
0.5574876089524373
0.2948917147425689
0.2992469456679939
0.3232133002472364
0.2860511305142917
0.2980406332724499
0.30090441032359416
0.28605113044981945
0.34832773050304733
0.6284773656520541
0.31463354349580225
0.5574876089774705
0.2980406318803473
0.2992469471324616
0.5851918161180066
0.364841940430804
0.5641763184083001
0.33729755296889724
0.3648419387367266
0.5641763184142419
0.3316418130668571
0.28914277838754693
0.3091039592406983
0.2639170332824524
0.2611535733010881
0.3019762372649233
0.3618146125624543
0.2800079154437409
0.3105895044011442
0.3389342024956131
0.31848201236805823
0.255044161475157
0.26588003264249294
0.27053186825364034
0.28541953343048054
0.3464520070358372
0.26415561857114367
0.42454635884829134
0.2635831476674722
0.3286634868859658
0.29249603224664095
0.26194272024853177
0.3019762372649233
0.2567417227252894
0.3240105811773576
0.2605580154314925
0.25337415478820763
0.3160947993372314
0.25241576072330696
0.2691593558578052
0.274992036532258
0.25241576074256533
0.2749920397809743
0.2595460828419303
0.2691593583454027
0.29777590690848343
0.2747595452340207
0.31942296403420595
0.2283631574090913
0.26545145108173307
0.29369423409578344
0.3568493320408318
0.2958301904121955
0.2366533313545425
0.25504415833335287
0.22647564602140347
0.2754801609507561
0.2524157608295203
0.27499399087459026
0.2705318675269526
0.269159356416518
0.2980406324583485
0.24702425743665307
0.2924960312211855
0.31463354349580225
0.31617655419352775
0.2635831476674722
0.3365075988441533
0.25981265580629087
0.25954608440366717
0.2924960312019272
0.23780851756406168
0.24224088305728536
0.22836315772214283
0.3561028143434324
0.24957842027134775
0.274759547619745
0.2889652466679967
0.2470242595587227
0.29583019357556156
0.2355847025964743
0.2749939899034848
0.2500947080453145
0.29369423506471704
0.3365075980411193
0.27449412966168313
0.2598126553972643
0.2415528197908874
0.26415561885094047
0.27521004705671837
0.2827166789514292
0.2854195308201067
0.2860511281694212
0.33397848694695653
0.2749920389149235
0.318343113547756
0.33315657835321105
0.32634258460733134
0.26194272027866733
0.31617655449985493
0.2827166801825672
0.2658800373853467
0.26104642846129567
0.2654514515566655
0.28896524574311416
0.2901008620332068
0.24322004939976888
0.27256369806806735
0.283197990835643
0.26055801427610803
0.27182699382030123
0.34734121830595344
0.25674172017817093
0.29136671824816807
0.2754801621670724
0.2691593589041156
0.24116453346848232
0.2378085191107011
0.3000841293954753
0.31609479895491965
0.31617655419352775
0.3145779289740671
0.29194382908853084
0.2532989996556498
0.3568493320408318
0.2283631574090913
0.29777590690848343
0.26545145108173307
0.2669059058958671
0.31942296403420595
0.2533741545074769
0.24561294229656422
0.27498198221782133
0.25206305619576497
0.2692880205920627
0.27163875314076796
0.2747595452340207
0.25508055126017726
0.250094711354681
0.2831979916334243
0.24155282086513272
0.3076644194768591
0.2598126551028186
0.27499398762324967
0.2962219614475591
0.2470242556221177
0.27449413160979363
0.23558470251059715
0.3365075988441533
0.2889652463079602
0.3365075993522282
0.24957841765509925
0.3271360574031953
0.24816492691609873
0.24849388160913646
0.2586578789184604
0.289115111631668
0.24816492620618208
0.24184832331563255
0.274494131391641
0.29010085859060464
0.2962219629254823
0.31167623566900554
0.24957841730703517
0.24849387985501514
0.28911511447831306
0.25865787688496583
0.2586578783139797
0.248164926862222
0.2484938803868048
0.2481649262023719
0.37505084859579296
0.2891151105491875
0.31848201133228105
0.3045582003453236
0.26104642773472764
0.2800079142174375
0.2634143824877621
0.33397848509535577
0.25241576086032846
0.25963478672483975
0.27778975165025427
0.24938764040122263
0.42454635885423314
0.2924960312211855
0.3183431147268558
0.2680817556386364
0.2596347867558148
0.2977759071755879
0.24957842061941188
0.31167623856750853
0.2901008630451992
0.24184832587802643
0.2962219614535009
0.2705318670400501
0.23780851694618527
0.3331565768814431
0.27778975257890426
0.27778975245211207
0.27053186825364034
0.24702425770600436
0.30197623723385236
0.2267052801015491
0.3091039593424109
0.2611535731644934
0.26391703388325893
0.33164181275062715
0.35610281496797536
0.2871612721885852
0.24629258060566428
0.24155281940392573
0.27256369472028386
0.2550805525481073
0.2418483228502584
0.2355847025964743
0.28911511561086006
0.2749939867022107
0.32713605641000476
0.3364389761118807
0.2520630527417256
0.3240105785295795
0.27996972528431924
0.27778975165025427
0.31167623856750853
0.274992036532258
0.2692880199183857
0.26115357519741533
0.2725636947168376
0.2962219614535009
0.5641763184142419
0.31942296403420595
0.3160947993372314
0.24816492620618208
0.3194229638221694
0.3045582003453236
0.2550805503820806
0.3091039592406983
0.2529654720816733
0.28605113044981945
0.5641763184083001
0.3286634868859658
0.2948917151808956
0.2913667167690863
0.3105895047760515
0.3091039593424109
0.26341438213514623
0.3045581986269269
0.25218189456152884
0.5574876089524373
0.3076644180317315
0.5574876089774705
0.31457792921331496
0.28446841889537955
0.24322004669588376
0.3263425858773145
0.27256369472028386
0.28541952817249006
0.26545145509483353
0.27499203566620734
0.33397848509535577
0.29010085859060464
0.3331565768814431
0.2752100431927118
0.29723339428447254
0.2586578783139797
0.3091039593424109
0.24338047659618192
0.27498198221782133
0.2860511305142917
0.2889652463079602
0.3183431147268558
0.26415561907695484
0.2827166801825672
0.3145779289740671
0.3263425827895112
0.6229438466182006
0.3105895044011442
0.34453328407727674
0.30008413016630603
0.32866348553951297
0.3263425858773145
0.2493876444973596
0.3183431143763963
0.3209927934479215
0.6229438466182006
0.27449412966168313
0.5574876089524373
0.30648576937412353
0.3107088416531165
0.5641763184142419
0.2980406318803473
0.6284773656520541
0.2992469471324616
0.28486684339497115
0.5574876089774705
0.3364389764113147
0.250094711354681
0.3045582003453236
0.24678042100464556
0.27521004705671837
0.27182699382030123
0.31463354349580225
0.33397848496919114
0.3263425827895112
0.3464520070358372
0.26104642677912293
0.2754801597050692
0.26588003133221283
0.3331565768814431
0.33397848685897485
0.33397848496919114
0.2827166792995062
0.3183431143763963
0.2598126553972643
0.28605113044981945
0.31617655256972965
0.28271668046869414
0.3091039592406983
0.2754801609213854
0.29723339426078493
0.34734121687689207
0.2749819828456105
0.31457792921331496
0.27778975172697984
0.2470242556221177
0.27778975165025427
0.27053186631336235
0.33315657835321105
0.2378085191107011
0.23780851756406168
0.31167623856750853
0.24702425770600436
0.2962219614535009
0.24957842061941188
0.2901008630451992
0.2744941298297692
0.2977759071755879
0.27499399087459026
0.29723339426078493
0.6229438466182006
0.3240105811773576
0.30460795265882246
0.24591678846858742
0.3364389764113147
0.3183431147268558
0.2546602446200401
0.3263425827895112
0.287965428148569
0.6284773656520541
0.29369423506471704
0.5641763184083001
0.3316418130668571
0.284866842997982
0.5574876089774705
0.30648576937412353
0.6229438466182006
0.3107088416531165
0.31070884040687197
0.5574876089524373
0.2962219629195405
0.24849388160913646
0.31167623856750853
0.24184832624326752
0.2901008620332068
0.29777590690848343
0.27449412966168313
0.5641763184083001
0.3618146125624543
0.5641763184142419
0.364841940430804
0.33729755296889724
0.5851918161180066
0.5851918161180066
0.3561028143434324
0.3045581986269269
0.2264756454758551
0.3364389761118807
0.23665333045764253
0.27521004789632986
0.3146335436773955
0.27182699461585796
0.2749939899034848
0.35610281496797536
0.26588003133221283
0.3364389764113147
0.26588003264249294
0.3389341999498787
0.29194382824690107
0.3464520061005081
0.27499203566620734
0.2680817557722795
0.27778975172697984
0.2945677603421307
0.32866348553951297
0.3365075980411193
0.2860511305142917
0.291943829080094
0.2634143823272378
0.3194229638221694
0.3365075984991276
0.2962219629195405
0.2831979918680218
0.25508055172007715
0.3076644180317315
0.3464520061005081
0.2598126551028186
0.33397848509535577
0.34645200961989453
0.33397848694695653
0.2754801621670724
0.25981265580629087
0.3240105785295795
0.24224088393370952
0.29723339428447254
0.309435812698172
0.2546602453033338
0.3064857690358602
0.29369423409578344
0.22647564602140347
0.2725636947168376
0.259812654655609
0.24322004669588376
0.2831979927158697
0.290100859602597
0.2889652472829093
0.2586578803355908
0.24702425743665307
0.24849388215280965
0.3105895047760515
0.24224088492699927
0.3263425858773145
0.2945677624487316
0.2493876444727238
0.2980406332724499
0.2744941298297692
0.2470242595587227
0.36181461299046624
0.25009471158239255
0.25337415478820763
0.24678041829730768
0.2561405129235311
0.25674171664109297
0.2418483228502584
0.28911511561086006
0.25337415284382425
0.2669059086246233
0.36484193801662623
0.27475955083518677
0.27053186825364034
0.3019762372649233
0.27163875314076796
0.2595460828419303
0.24957841730703517
0.24155282129027741
0.24629258060566428
0.2366533290308378
0.24634234526571666
0.22670528256272704
0.26545145108173307
0.3568493320408318
0.25674172017817093
0.2669059058958671
0.3000841293954753
0.2691593589041156
0.32713605641000476
0.2459167863349272
0.2765041336908278
0.2891427807643301
0.29777590690848343
0.2754801621670724
0.27182699382030123
0.2378085191107011
0.24634234496557883
0.26415561857114367
0.2605580154314925
0.2718567305618952
0.25295493575381306
0.299246945657309
0.2800079145646758
0.2550805525481073
0.31070884325998005
0.274981983966138
0.2848668434766446
0.31848201236805823
0.34734121870615325
0.34301986680455043
0.3184820123487999
0.34301986514760413
0.2283631574090913
0.29136671824816807
0.26055801427610803
0.24116453346848232
0.2529654737661667
0.34734121830595344
0.27521004789632986
0.27182699461585796
0.271856729329778
0.24678042067409484
0.3209927880757508
0.25504415869652164
0.25009471158239255
0.2879654236265593
0.2456129417180341
0.3232133030210473
0.3045581986269269
0.2827166801825672
0.28446841889537955
0.26341438213514623
0.25218189456152884
0.35610281496797536
0.2611535731644934
0.30197623723385236
0.26391703388325893
0.28914277811051
0.3091039593424109
0.23665333045764253
0.2521818943363757
0.3430198670088006
0.24068150053575776
0.25218189445702693
0.34301986680455043
0.2267052801015491
0.2749920397809743
0.2691593583454027
0.3389342063744684
0.25954608279780705
0.3286634881707545
0.26358314745646516
0.2749939867022107
0.33643897735569184
0.2264756439759713
0.3146335437939665
0.25241576072330696
0.2658800373853467
0.2550441618383258
0.2924960322774492
0.23665332818400434
0.2958301904121955
0.2799697307466482
0.25614051182170894
0.23452154839524234
0.2765041297638499
0.24338047659618192
0.25241576074256533
0.3105895062453815
0.28000791584104573
0.42454635885423314
0.3045581973159589
0.3184820123487999
0.23452154813418263
0.2749939899034848
0.27256369806806735
0.2415528197908874
0.2355847025964743
0.2500947080453145
0.25508055172007715
0.29583019357556156
0.2462925806056643
0.26194272024853177
0.3160947993372314
0.34695982043554013
0.2529549357786795
0.2714605847258236
0.28541952817249006
0.2355847025964743
0.27146058474824264
0.2520630527417256
0.30090441094246334
0.42454635884829134
0.26194272027866733
0.30460795265882246
0.25963478582575006
0.2406815005357577
0.29369423409578344
0.309435812698172
0.3240105785295795
0.2546602453033338
0.24591678716631896
0.29723339428447254
0.29249603224664095
0.2532989996748619
0.26104642677912293
0.25963478585672506
0.2634143823075541
0.31848201236805823
0.24224088393370952
0.3146335436773955
0.26184971480944874
0.2948917151808956
0.3009044082327986
0.3232133002730389
0.28486684339497115
0.36181461299046624
0.22670527985900407
0.2595460828419303
0.2855813046490483
0.2855813005398887
0.25295493575381306
0.24678041829730768
0.2529549357786795
0.2561405129235311
0.25954608279780705
0.2669059058958671
0.24338047629997284
0.27650413362752724
0.2716387539547025
0.25614050988212245
0.3064857726757309
0.22647564455970265
0.2958301962542513
0.3316418126225552
0.2871612747035187
0.36181461287389527
0.2345215481401244
0.31617655449985493
0.24561294296075278
0.24224088205211206
0.2267052828052721
0.37505084859579296
0.248164926862222
0.28911511447831306
0.2484938803868048
0.3271360590638233
0.2586578783139797
0.24338047625577136
0.31457792937317686
0.2749819833001659
0.29723339429041434
0.30910395560230797
0.34734121870615325
0.25865787688496583
0.2765041336908278
0.2529654737661667
0.24634234496557883
0.2459167863349272
0.2891427807643301
0.2529654725724295
0.32713605641000476
0.2463423438369619
0.29583019314095177
0.31942296299321415
0.27475954844946243
0.29369423397921246
0.35610281566469115
0.22836316016741542
0.3750508512996781
0.2977759071305579
0.3271360590638233
0.23452154838930056
0.2532990006635288
0.2692880199183857
0.25466024283551947
0.2639170365369169
0.24116453346848232
0.24849388215280965
0.23780851850470827
0.28914277811051
0.2669059086246233
0.3464520070358372
0.3240105811773576
0.3389342024956131
0.2855813005398887
0.3094358089565439
0.2855812992814545
0.27256369472028386
0.2945677592106003
0.26928801941704217
0.26184971649022043
0.3105895044011442
0.283197990835643
0.2948917147425689
0.2532989986550993
0.25218189444087763
0.31942296403420595
0.29194382908853084
0.31609479895491965
0.2532989996556498
0.2529654725724295
0.3145779289740671
0.26588003264249294
0.2831979916334243
0.26104642773472764
0.2619427206717655
0.2827166789514292
0.34734121830595344
0.31617655419352775
0.3364389761118807
0.29456776136726764
0.3046079539876168
0.2714605856566218
0.28796542717151574
0.31070884040687197
0.33164181275062715
0.2366533313545425
0.274992036532258
0.34645201049327345
0.28541953079474747
0.26194272064162993
0.2752100440323233
0.2641556187470915
0.2433804766904499
0.2705318675269526
0.24184832587802643
0.3286634868859658
0.3094358122065007
0.34453328407727674
0.2714605856342027
0.32099279024636673
0.2992469456679939
0.3064857690358602
0.24957842027134775
0.3648419387367266
0.24678042067409484
0.27996972528431924
0.29194382825533793
0.2520630534657005
0.30943580944821525
0.26115357511088716
0.2913667162844217
0.2481649262023719
0.2754801609507561
0.24591678716631896
0.2654514546080175
0.30008413136920625
0.2714605856566218
0.27146058474824264
0.309435812698172
0.30943580944821525
0.25963478672483975
0.24957842061941188
0.26194272064162993
0.2532990006635288
0.2992469471098931
0.2831979927158697
0.2596347867558148
0.2992469471324616
0.2532989996556498
0.26194272024853177
0.24957841765509925
0.2831979918680218
0.31848201133228105
0.31848201136308923
0.34734121687689207
0.3473412172770919
0.30090441032359416
0.364841940430804
0.2714605856342027
0.26184971480944874
0.32099279128918917
0.2945677624487316
0.2267052801015491
0.24068150053575776
0.23665333045764253
0.25218189445702693
0.284866842997982
0.2634143823272378
0.3107088416531165
0.28271668046869414
0.3430198670088006
0.3009044130213754
0.3209927934479215
0.26184971649022043
0.2714605847258236
0.36484193967252354
0.2945677603421307
0.2634143824877621
0.284866843091539
0.2827166792995062
0.31070884456817166
0.2406815005357577
0.2267052828052721
0.25218189456152884
0.23665332818400434
0.3430198653017908
0.3232133002472364
0.32321330290699823
0.287965428148569
0.28796542465367914
0.2521818943363757
0.25218189444087763
0.2546602446200401
0.30648576937412353
0.2532989986550993
0.3094358122065007
0.3000841281543921
0.291943829080094
0.24224088492699927
0.24116453432025428
0.31617655256972965
0.2913667186946497
0.29723339426078493
0.23780851756406168
0.31457792921331496
0.2754801609213854
0.34734121687689207
0.3618146125624543
0.2639170332824524
0.3316418130668571
0.2611535733010881
0.22670527985900407
0.3091039592406983
0.24591678846858742
0.28914278114149705
0.2529654720816733
0.2459167877492123
0.2529654733874271
0.24634234526571666
0.28914277838754693
0.2546602422022922
0.30008413016630603
0.3094358089565439
0.2532989996748619
0.30648577302587776
0.29194382824690107
0.23780851694618527
0.2972333942548432
0.2754801597050692
0.31457792962430825
0.2411645343202543
0.24224088305728536
0.2913667167690863
0.31617655297618685
0.3473412172770919
0.28914277838754693
0.2459167877492123
0.24591678846858742
0.2529654733874271
0.2463423441370998
0.2529654720816733
0.2639170360362404
0.3618146124577669
0.26115357519741533
0.33164181295066864
0.3091039555124789
0.22670528256272704
0.28914278114149705
0.24849388160913646
0.24849387985501514
0.24816492620618208
0.24816492691609873
0.2586578789184604
0.2586578803355908
0.3271360574031953
0.32713606015714697
0.25295493612572506
0.32866348553951297
0.2855812992814545
0.26194272027866733
0.24678041862785838
0.3464520061005081
0.2924960312211855
0.2529549361390416
0.26588003133221283
0.26415561885094047
0.42454635885423314
0.25954608440366717
0.3105895047760515
0.2705318670400501
0.31848201133228105
0.31463354349580225
0.24678042100464556
0.3364389764113147
0.27521004705671837
0.2366533313545425
0.3045582003453236
0.23558470251059715
0.266905909543109
0.2725636947168376
0.24184832331563255
0.25508055126017726
0.24629258060566428
0.250094711354681
0.29369423506471704
0.2669059068644193
0.3194229638221694
0.2654514515566655
0.22836315772214283
0.2977759071755879
0.3561028143434324
0.3271360574031953
0.2345215481401244
0.2561405087302338
0.27996972528431924
0.24338047625577136
0.24338047629997284
0.23452154838930056
0.27650413362752724
0.29583019314095177
0.37505084859579296
0.2529549361390416
0.24678042100464556
0.2619427206717655
0.28558130339061405
0.3286634868243017
0.34645200961989453
0.2595460844477904
0.42454635884829134
0.27053186631336235
0.3105895066321724
0.25295493612572506
0.2924960312019272
0.26415561907695484
0.2658800360750666
0.31848201136308923
0.2669059068644193
0.23558470251059715
0.24184832624326752
0.2725636980765046
0.2462925806056643
0.2550805503820806
0.24678041862785838
0.3146335436004896
0.2752100431927118
0.33643897766700936
0.3045581990343556
0.2366533290308378
0.25009470781760285
0.25614051182170894
0.23452154813418263
0.24338047659618192
0.2799697307466482
0.23452154839524234
0.2433804766904499
0.2958301904121955
0.2765041297005494
0.266905909543109
0.29369423496002967
0.26545145509483353
0.31942296274299764
0.2977759073857788
0.2283631604685834
0.32713606015714697
0.3561028151020953
0.3750508512996781
0.25954608440366717
0.2595460844477904
0.27499203566620734
0.2749920389149235
0.2524157608295203
0.25241576086032846
0.27499399087459026
0.27499398762324967
0.29583019357556156
0.2958301962542513
0.28541953079474747
0.34453328407727674
0.2855813005398887
0.34695982043554013
0.25674171918821137
0.3389341999498787
0.26104642773472764
0.28000791584104573
0.26104642677912293
0.2718567319669939
0.3046079539876168
0.2415528197908874
0.2948917151808956
0.27163875326862763
0.3430198670088006
0.2948917147425689
0.2550441618383258
0.30460795265882246
0.27185673073487665
0.34301986680455043
0.28446841889537955
0.2520630534657005
0.27475954844946243
0.2692880199183857
0.2533741526131571
0.2749819833001659
0.24634234496557883
0.24561294296075278
0.3240105811773576
0.2691593583454027
0.3160947993372314
0.2567417227252894
0.2605580154314925
0.27182699461585796
0.3019762372649233
0.27650413362752724
0.26928801941704217
0.2264756439759713
0.2520630527417256
0.2716387541326287
0.274981983966138
0.2456129417180341
0.24634234526571666
0.2871612747035187
0.28911511561086006
0.31609479895491965
0.25614051182170894
0.3240105785295795
0.2533741545074769
0.26055801427610803
0.30197623723385236
0.27182699382030123
0.28911511447831306
0.3568493320408318
0.2765041336908278
0.2855812992814545
0.26358314745646516
0.28541952817249006
0.3389342038906841
0.2800079145646758
0.25504415869652164
0.24155282129027741
0.22647564455970265
0.2561405129235311
0.27475955083518677
0.2691593589041156
0.28541953343048054
0.2567417227252894
0.3469598219596667
0.2855813046490483
0.3445332853093939
0.3389342038906841
0.24155281940392573
0.3046079538700443
0.2716387541326287
0.29489171292143546
0.2800079154437409
0.26104642846129567
0.27185673073487665
0.261046427467508
0.3430198653017908
0.2747595452340207
0.25206305619576497
0.2533741545074769
0.2692880205920627
0.2463423438369619
0.27498198221782133
0.255044161475157
0.2948917125212918
0.2718567319669939
0.3046079525531335
0.28446841664014894
0.34301986514760413
0.24561294229656422
0.2264756454758551
0.2692880200406526
0.27163875326862763
0.25206305547179
0.2456129411157956
0.2749819828456105
0.2871612721885852
0.2463423441370998
0.2691593558578052
0.3240105820307807
0.25674171918821137
0.3160947988039621
0.2718269957104548
0.2605580117552403
0.2765041297005494
0.3019762379581584
0.289115111631668
0.2635831476674722
0.28558130339061405
0.3389341999498787
0.2854195308201067
0.25504415833335287
0.2800079142174375
0.22647564602140347
0.24155282086513272
0.274759547619745
0.25614050988212245
0.2561405087302338
0.31609479840976684
0.2533741526131571
0.3240105793948862
0.301976237877021
0.2605580105998559
0.2891151105491875
0.27182699491489803
0.2765041297638499
0.35684933219747705
0.269159356416518
0.3389342024956131
0.3389342063744684
0.34695982043554013
0.3469598219596667
0.2718567305618952
0.271856729329778
0.27163875314076796
0.2716387539547025
0.25337415478820763
0.25337415284382425
0.25674172017817093
0.25674171664109297
