0.11645811235566386
0.11507206601334556
0.12060841586145239
0.13417856757090238
0.11370281605523752
0.12060841450959078
0.11507206601334556
0.1137028147033759
0.13417856757090238
0.11528682376523623
0.11370281551038333
0.11622093030058914
0.11622093030058915
0.11370281686224495
0.13417856868995243
0.11140727715169288
0.10284322958578498
0.12060841450959078
0.08385708174120478
0.08385708174120478
0.1137028147033759
0.08977379197717753
0.11645811235566386
0.11140727850355449
0.11507206601334556
0.09421686071418865
0.24292429120472409
0.07680808670929033
0.08402522317913912
0.08973731696439809
0.08277813096546145
0.08215485570010023
0.09830155069002171
0.08215485570010023
0.10407437380295495
0.10284322958578498
0.11140727850355449
0.08385708174120478
0.12060841586145239
0.09421685936232703
0.08973731696439809
0.0840252218272775
0.07680808535742872
0.24292429120472409
0.08277812961359984
0.08385708174120478
0.11140727715169288
0.11645811235566386
0.08977379197717753
0.11370281605523752
0.11507206601334556
0.09830155069002172
0.0821548543482386
0.10407437380295495
0.0821548543482386
0.17340375219885754
0.12815237004221475
0.10918379332894097
0.10918379332894096
0.1281523713940764
0.1069571323477019
0.11428264307649752
0.11567154012202022
0.0985701721688112
0.09421827488310082
0.11567154147388183
0.11428264307649752
0.09421827623496246
0.0985701721688112
0.1217477393657907
0.09702540426654524
0.10128671873486163
0.09161482665472717
0.09364601098588772
0.1154358008810658
0.09129538570958619
0.08673028618440674
0.11428264307649752
0.12815237125603354
0.11838858633455328
0.10824345547197045
0.23573886228058433
0.07973317977241583
0.11052061160019645
0.0897373165995902
0.09129538554347891
0.11052061131615439
0.09857017166597407
0.09161482637071525
0.11428264293845466
0.10559101729279091
0.2338556492963367
0.11330121273419798
0.09421827623496246
0.12301454326993823
0.12206542767674804
0.07680808670929033
0.11873158551243128
0.10399884975491253
0.10918379332894097
0.24589261060186257
0.10970792354453109
0.24273097243273775
0.10970792349180951
0.10866108952629118
0.10128671946104928
0.10302653919183168
0.10871748209206382
0.1233457921719556
0.11140727906704942
0.09576438966850774
0.15038819874337794
0.09421827532528017
0.10773282641999064
0.11567154067757894
0.10866108952629118
0.10407437324739625
0.08231989598261466
0.0983015510267516
0.12174773941851859
0.11567154202944056
0.10918379383177813
0.11330121323706525
0.11873158668421284
0.12334579217195561
0.108661089923709
0.10128671873486163
0.09702540426654525
0.09364601098588773
0.09161482665472717
0.10824345682383207
0.0897373165995902
0.11052061295205808
0.07973317977241584
0.23573885687281348
0.09129538554347892
0.11543580088106581
0.1281523699041719
0.11428264307649752
0.08673028618440673
0.09129538570958617
0.11838858633455328
0.09857017166597407
0.11052061266801601
0.11428264293845466
0.09161482637071525
0.10128671946104928
0.1114072777151878
0.12334579217195561
0.10871748209206382
0.10302653919183168
0.09576438966850774
0.10407437324739625
0.10866109087815282
0.09830155102675162
0.08231989598261466
0.09421827667714179
0.15038819874337794
0.11567154202944056
0.10773282641999064
0.12174773941851859
0.10559101594092928
0.12301454326993823
0.09421827488310082
0.11330121273419798
0.2338556492963367
0.12206542767674805
0.10970792489639272
0.24589261060186257
0.10970792484367113
0.24273097243273775
0.11873158551243128
0.07680808535742872
0.10918379332894096
0.10399884975491253
0.10866109087815282
0.10918379383177812
0.11567154067757894
0.11873158668421284
0.11330121323706525
0.10866109127557062
0.1233457921719556
0.14174247168381146
0.09999632331439741
0.10773282641999064
0.10773282641999063
0.09999632331439741
0.1560318921883626
0.11568896600537236
0.10970792489639272
0.1338152121971957
0.12498856295764589
0.10970792354453109
0.11568896600537236
0.12498856295764589
0.1338152121971957
0.15038819874337794
0.08402522317913912
0.09857017166597407
0.103998849702181
0.0867302856815696
0.09830155069002172
0.11052061131615439
0.09857017166597407
0.0840252218272775
0.08673028568156958
0.103998849702181
0.11052061266801601
0.09830155069002171
0.08977379197717754
0.08231989598261466
0.10871748209206382
0.07973317977241583
0.10407437324739625
0.09576438966850774
0.09129538554347891
0.0983015510267516
0.09364601098588772
0.11140727906704942
0.0897373165995902
0.09845582921411324
0.2338556492963367
0.08215485570010023
0.09845582961150091
0.11507206601334556
0.08277813091272994
0.103998849702181
0.08977379197717754
0.0768080866565588
0.08385708123836763
0.10302653919183168
0.23573886228058433
0.10866108952629118
0.09702540426654524
0.10128671946104928
0.10824345547197045
0.09161482665472717
0.1233457921719556
0.11052061160019645
0.10128671873486163
0.24273097243273775
0.11052061131615439
0.24589261060186257
0.10824345547197044
0.108661089923709
0.09364601098588772
0.09999632386999259
0.10407437380295495
0.0957643891656706
0.1206084158614524
0.11129118775346226
0.1338152121971957
0.07680808530469718
0.11568896589199663
0.09421685880676199
0.10399884975491253
0.11622093030058915
0.08402522317913912
0.11528682309629183
0.09830155102675162
0.12498856295764589
0.11428264293845466
0.10970792349180951
0.11543580104717306
0.15038819863000225
0.11052061160019645
0.09702540465603317
0.2381731036730105
0.08231989643273387
0.10302653874962218
0.10284322986527161
0.09999632331439741
0.12498856295764589
0.10918379383177812
0.12498856295764589
0.17340375191484558
0.24273097243273775
0.08402522317913912
0.23644459575157717
0.09421686015862363
0.11567154202944056
0.23644459575157717
0.09421827667714179
0.24273097243273775
0.10559101701668867
0.11567154147388183
0.24589261060186257
0.09161482637071525
0.11645811240838544
0.07973317937502816
0.08385708123836763
0.11428264293845466
0.08215485570010023
0.0768080866565588
0.12195954581037467
0.10302653874962218
0.1217477393657907
0.16967611165893495
0.08231989643273387
0.10773282641999063
0.10773282641999064
0.10866109127557062
0.15038819863000225
0.10302653874962218
0.11330121273419798
0.09830155069002172
0.11567154147388183
0.0957643891656706
0.12334579217195561
0.08231989643273387
0.12174773941851859
0.108661089923709
0.12195954581037467
0.1217477393657907
0.10866108952629118
0.08673028618440674
0.0821548543482386
0.0985701721688112
0.09845582961150091
0.11052061295205808
0.08977379197717753
0.0983015510267516
0.07973317977241583
0.10407437324739625
0.09161482665472717
0.09364601098588773
0.11428264307649752
0.07680808670929033
0.08215485570010023
0.11622093030058914
0.10871748209206382
0.08231989598261466
0.10407437324739625
0.07973317977241584
0.09845582921411324
0.11507206601334556
0.09845582961150091
0.0821548543482386
0.2338556492963367
0.08277812956086832
0.09576438966850774
0.1114072777151878
0.09364601098588773
0.09830155102675162
0.09129538554347892
0.0897373165995902
0.08977379197717754
0.103998849702181
0.08385708123836763
0.07680808530469718
0.09364601098588773
0.12060841450959077
0.0957643891656706
0.10407437380295495
0.09999632386999258
0.11129118775346226
0.11622093030058914
0.10399884975491253
0.11528682309629183
0.0840252218272775
0.0768080866565588
0.1338152121971957
0.09421686015862363
0.11568896589199663
0.0983015510267516
0.10302653919183168
0.10128671946104928
0.09702540426654525
0.10866109087815282
0.23573885687281348
0.10824345682383207
0.11052061266801601
0.24273097243273775
0.10824345682383207
0.24589261060186257
0.12334579217195561
0.09161482665472717
0.10128671873486163
0.11052061295205808
0.10866109127557062
0.11428264293845466
0.1249885629576459
0.11543580104717308
0.10970792484367113
0.11052061295205808
0.15038819863000225
0.12195954581037467
0.08231989643273387
0.16967611165893495
0.1217477393657907
0.10302653874962218
0.10773282641999064
0.09830155069002171
0.11330121273419798
0.0957643891656706
0.11567154012202022
0.108661089923709
0.10773282641999063
0.10302653874962218
0.15038819863000225
0.1233457921719556
0.08215485570010023
0.08673028618440673
0.09845582961150091
0.0985701721688112
0.08977379197717753
0.11052061160019645
0.12174773941851859
0.08231989643273387
0.12195954581037467
0.10866109127557062
0.10866109087815282
0.1217477393657907
0.09830155102675162
0.09702540465603317
0.10284322986527161
0.10302653874962218
0.08231989643273387
0.2381731036730105
0.09999632331439741
0.0840252218272775
0.24273097243273775
0.09421685880676199
0.23644460115934796
0.10918379383177813
0.12498856295764589
0.17340375191484558
0.1249885629576459
0.11567154067757894
0.11645811240838544
0.09161482637071525
0.08385708123836763
0.07973317937502816
0.0821548543482386
0.11428264293845466
0.09421827532528017
0.23644460115934796
0.10559101566482705
0.24273097243273775
0.24589261060186257
0.11567154012202022
0.07680808530469718
0.10407437324739625
0.07973317977241584
0.09364601098588772
0.09161482665472717
0.07680808535742872
0.11428264307649752
0.11622093030058915
0.0821548543482386
0.1696761114321699
0.09702540465603317
0.12195954581037467
0.12195954581037467
0.09702540465603317
0.14174247168381146
0.08673028568156958
0.11330121323706525
0.11543580104717306
0.10559101566482705
0.11330121323706525
0.0867302856815696
0.10559101701668867
0.11543580104717308
0.11873158668421284
0.07973317937502816
0.10773282641999064
0.10824345547197044
0.1417424715704258
0.0985701721688112
0.10970792349180951
0.10773282641999064
0.07973317937502816
0.1417424715704258
0.10824345682383207
0.10970792484367113
0.0985701721688112
0.11568896589199663
0.08231989598261466
0.10871748209206382
0.09702540426654524
0.10128671873486163
0.10918379332894096
0.09421827623496246
0.08402522317913912
0.10407437380295495
0.10871748209206382
0.08231989598261466
0.10128671873486163
0.09702540426654525
0.09421827488310082
0.10918379332894097
0.10407437380295495
0.0840252218272775
0.11645811235566386
0.08402522317913912
0.10407437380295495
0.08215485570010023
0.11622093030058915
0.11129118775346226
0.08277813091272994
0.11528682309629183
0.10407437324739625
0.1206084158614524
0.11507206601334556
0.08277813096546145
0.24292429120472409
0.1137028147033759
0.08215485570010023
0.13417856868995243
0.11370281551038333
0.08402522317913912
0.11507206601334556
0.12060841450959077
0.11645811240838544
0.09999632386999259
0.2338556492963367
0.10399884975491253
0.08231989598261466
0.09364601098588772
0.09845582921411324
0.07973317977241583
0.0957643891656706
0.09845582961150091
0.10871748209206382
0.23644459575157717
0.09129538570958619
0.2338556492963367
0.07973317937502816
0.08231989643273387
0.08973731696439809
0.09421686071418865
0.11507206601334556
0.09830155069002171
0.11370281686224495
0.11528682376523623
0.11568896600537236
0.08277812956086832
0.11129118775346226
0.0840252218272775
0.07680808670929033
0.13417856757090238
0.12060841450959078
0.11622093030058914
0.10407437324739625
0.12498856295764589
0.11838858633455328
0.12206542767674804
0.08673028568156958
0.10773282641999064
0.09161482665472717
0.10824345547197044
0.24273097243273775
0.09845582961150091
0.108661089923709
0.08385708123836763
0.103998849702181
0.10970792354453109
0.1069571323477019
0.12206542772946961
0.10918379383177813
0.24589261060186257
0.08277813091272994
0.2338556492963367
0.0768080866565588
0.09421827667714179
0.24273097243273775
0.12206542772946961
0.27100682732389536
0.11330121323706525
0.11330121273419798
0.24273097243273775
0.11052061131615439
0.11507206601334556
0.09845582921411324
0.08977379197717754
0.09857017166597407
0.08215485570010023
0.103998849702181
0.1417424715704258
0.10559101701668867
0.0985701721688112
0.12195954581037467
0.07973317937502816
0.0867302856815696
0.14174247168381146
0.10824345682383207
0.11543580104717308
0.09702540465603317
0.10559101729279091
0.08973731696439809
0.12815237004221475
0.09364601098588773
0.10128671946104928
0.09702540465603317
0.10773282641999064
0.11330121323706525
0.1696761114321699
0.12195954581037467
0.10302653919183168
0.1154358008810658
0.08277812961359984
0.1069571323477019
0.09845582921411324
0.10824345682383207
0.08385708174120478
0.09576438966850774
0.10824345547197045
0.11129118775346226
0.12206542767674804
0.09576438966850774
0.11543580088106581
0.09421686071418865
0.09845582921411324
0.11528682376523623
0.07973317937502816
0.23644459575157717
0.08215485570010023
0.08231989643273387
0.11645811240838544
0.08402522317913912
0.09999632331439741
0.08385708123836763
0.09421686015862363
0.10284322986527161
0.2338556492963367
0.11370281551038333
0.24292429120472409
0.12060841450959077
0.1114072777151878
0.2381731036730105
0.09161482637071525
0.24273097243273775
0.09702540465603317
0.10302653874962218
0.23573886228058433
0.09129538570958619
0.13417856868995243
0.08277813096546145
0.11507206601334556
0.0897373165995902
0.1137028147033759
0.09129538554347891
0.23573886228058433
0.12060841450959077
0.2338556492963367
0.1114072777151878
0.1281523699041719
0.24292429120472409
0.2338556492963367
0.11370281551038333
0.09702540426654524
0.10407437380295495
0.09421827623496246
0.10871748209206382
0.10128671873486163
0.11140727715169288
0.08231989598261466
0.11507206601334556
0.12060841450959078
0.10773282641999064
0.09421827667714179
0.08673028618440673
0.12174773941851859
0.09161482637071525
0.09857017166597407
0.09857017166597407
0.12206542772946963
0.1069571323477019
0.09421827532528017
0.11567154202944056
0.11838858633455328
0.1281523699041719
0.11428264293845466
0.10918379383177812
0.09161482637071525
0.15603189241512766
0.12206542772946961
0.10773282641999064
0.08673028618440674
0.12498856295764589
0.15038819874337794
0.09129538570958617
0.11543580088106581
0.11052061266801601
0.10970792489639272
0.11428264307649752
0.1338152121971957
0.10866108952629118
0.0957643891656706
0.11330121273419798
0.12334579217195561
0.11873158551243128
0.11567154147388183
0.10399884975491253
0.09830155069002172
0.10128671946104928
0.09999632386999258
0.12301454326993823
0.10302653919183168
0.10559101594092928
0.17340375219885754
0.09364601098588772
0.09421685936232703
0.08385708174120478
0.10302653919183168
0.09364601098588773
0.10559101729279091
0.10128671946104928
0.12301454326993823
0.12815237004221475
0.09999632386999259
0.08973731696439809
0.11140727715169288
0.10284322958578498
0.10407437380295495
0.0840252218272775
0.11622093030058914
0.0821548543482386
0.08277812961359984
0.13417856868995243
0.0821548543482386
0.11370281605523752
0.24292429120472409
0.11370281686224495
0.11129118775346226
0.12060841450959077
0.10407437324739625
0.11528682309629183
0.08277812956086832
0.11507206601334556
0.11507206601334556
0.0840252218272775
0.11645811240838544
0.1206084158614524
0.08973731696439809
0.11370281551038333
0.09830155069002172
0.11507206601334556
0.09421685936232703
0.11528682376523623
0.13417856757090238
0.07680808535742872
0.11622093030058915
0.12060841586145239
0.08277813091272994
0.11568896600537236
0.08402522317913912
0.11129118775346226
0.10407437324739625
0.09999632386999258
0.09364601098588773
0.08231989598261466
0.10399884975491253
0.2338556492963367
0.09845582921411324
0.09129538570958617
0.23644460115934796
0.07973317937502816
0.2338556492963367
0.0957643891656706
0.07973317977241584
0.10871748209206382
0.09845582961150091
0.08231989643273387
0.11838858633455328
0.12498856295764589
0.0867302856815696
0.12206542767674805
0.09161482665472717
0.10773282641999063
0.1417424715704258
0.07973317937502816
0.12195954581037467
0.0985701721688112
0.10559101566482705
0.08673028568156958
0.08973731696439809
0.10559101594092928
0.09364601098588772
0.1281523713940764
0.10824345547197044
0.14174247168381146
0.09702540465603317
0.11543580104717306
0.10128671946104928
0.08277813096546145
0.11543580088106581
0.09845582921411324
0.1069571323477019
0.08385708174120478
0.10824345547197045
0.10773282641999064
0.09702540465603317
0.1696761114321699
0.11330121323706525
0.10302653919183168
0.12195954581037467
0.09576438966850774
0.10824345682383207
0.08385708123836763
0.10866109127557062
0.09845582961150091
0.24273097243273775
0.103998849702181
0.08277812956086832
0.24589261060186257
0.07680808530469718
0.2338556492963367
0.1069571323477019
0.10970792489639272
0.10918379383177812
0.12206542772946963
0.09421827532528017
0.11507206601334556
0.11052061266801601
0.08977379197717754
0.09845582921411324
0.0821548543482386
0.09857017166597407
0.12206542772946963
0.24273097243273775
0.11330121323706525
0.27100682732389536
0.24273097243273775
0.11330121273419798
0.103998849702181
0.11129118775346226
0.10824345682383207
0.09576438966850774
0.12206542767674805
0.09421685936232703
0.1154358008810658
0.11528682376523623
0.09845582921411324
0.10773282641999064
0.09161482637071525
0.12174773941851859
0.08673028618440674
0.09421827532528017
0.09857017166597407
0.11838858633455328
0.11567154067757894
0.11428264293845466
0.12815237125603354
0.12206542772946961
0.09857017166597407
0.09421827667714179
0.1069571323477019
0.10918379383177813
0.09129538570958619
0.15038819874337794
0.11052061131615439
0.1154358008810658
0.11428264307649752
0.10970792354453109
0.15603189241512766
0.09161482637071525
0.10773282641999064
0.12206542772946963
0.1249885629576459
0.08673028618440673
0.1338152121971957
0.09999632386999259
0.10128671946104928
0.10302653919183168
0.12301454326993823
0.17340375219885754
0.10559101729279091
0.09421686071418865
0.09364601098588773
0.0957643891656706
0.10866109087815282
0.1233457921719556
0.11330121273419798
0.11567154012202022
0.11873158551243128
0.09830155069002171
0.10399884975491253
0.08385708174120478
0.07973317937502816
0.11645811240838544
0.08231989643273387
0.0821548543482386
0.23644460115934796
0.0840252218272775
0.11370281686224495
0.2338556492963367
0.1206084158614524
0.24292429120472409
0.08385708123836763
0.09999632331439741
0.10284322986527161
0.09421685880676199
0.11140727906704942
0.13417856868995243
0.09129538570958617
0.11507206601334556
0.08277812961359984
0.11370281605523752
0.0897373165995902
0.09161482637071525
0.2381731036730105
0.09702540465603317
0.24273097243273775
0.23573885687281348
0.10302653874962218
0.09129538554347892
0.10407437380295495
0.09702540426654525
0.10871748209206382
0.09421827488310082
0.11140727850355449
0.10128671873486163
0.11507206601334556
0.08231989598261466
0.1206084158614524
0.23573885687281348
0.11140727906704942
0.2338556492963367
0.24292429120472409
0.12815237125603354
0.11370281686224495
0.2338556492963367
0.12060841586145239
0.09364601098588772
0.10302653919183168
0.10128671946104928
0.10559101594092928
0.1281523713940764
0.12301454326993823
0.08973731696439809
0.09999632386999258
0.10284322958578498
0.11140727850355449
0.11568896589199663
0.0768080866565588
0.09830155102675162
0.0983015510267516
0.07680808530469718
0.08977379197717754
0.0897373165995902
0.09421685880676199
0.08385708123836763
0.11140727906704942
0.09421686015862363
0.0897373165995902
0.1114072777151878
0.08385708123836763
0.10284322986527161
0.09129538554347891
0.1338152121971957
0.103998849702181
0.09576438966850774
0.09364601098588772
0.09999632331439741
0.1338152121971957
0.09129538554347892
0.09576438966850774
0.103998849702181
0.09999632331439741
0.09364601098588773
0.1560318921883626
0.10970792349180951
0.11543580104717308
0.11330121323706525
0.11873158668421284
0.12301454326993823
0.10559101701668867
0.12206542767674804
0.0867302856815696
0.11543580104717306
0.10970792484367113
0.11873158668421284
0.11330121323706525
0.10559101566482705
0.12301454326993823
0.08673028568156958
0.12206542767674805
0.1069571323477019
0.12498856295764589
0.11428264293845466
0.11567154202944056
0.10918379383177812
0.17340375191484558
0.1281523699041719
0.12498856295764589
0.11838858633455328
0.12815237004221475
0.10918379332894096
0.11428264293845466
0.1249885629576459
0.10918379383177813
0.11567154067757894
0.12815237125603354
0.17340375191484558
0.11838858633455328
0.12498856295764589
0.10918379332894097
0.1281523713940764
0.17340375219885754
0.10918379332894096
0.09421827488310082
0.11428264307649752
0.07680808535742872
0.12206542767674805
0.11838858633455328
0.10399884975491253
0.09161482665472717
0.2338556492963367
0.09129538570958617
0.1069571323477019
0.12815237004221475
0.08385708174120478
0.0985701721688112
0.08277812961359984
0.08973731696439809
0.0867302856815696
0.09845582921411324
0.09364601098588773
0.07973317937502816
0.12301454326993823
0.1281523699041719
0.11873158551243128
0.10128671873486163
0.10559101594092928
0.11543580088106581
0.09364601098588773
0.11330121273419798
0.08673028618440673
0.09702540426654525
0.10559101701668867
0.1154358008810658
0.10559101729279091
0.1417424715704258
0.12195954581037467
0.1281523713940764
0.17340375219885754
0.11140727850355449
0.11567154012202022
0.24292429120472409
0.09421685936232703
0.12498856295764589
0.2338556492963367
0.09999632386999258
0.23644460115934796
0.10918379332894097
0.12060841586145239
0.10284322958578498
0.0840252218272775
0.08231989598261466
0.17340375191484558
0.12815237125603354
0.12301454326993823
0.10559101566482705
0.10302653874962218
0.10128671873486163
0.11543580104717306
0.12498856295764589
0.0957643891656706
0.15038819863000225
0.09421685880676199
0.1338152121971957
0.1338152121971957
0.12206542772946963
0.15603189241512766
0.1249885629576459
0.10970792349180951
0.11129118775346226
0.09999632386999259
0.11568896589199663
0.10773282641999064
0.09421686015862363
0.1069571323477019
0.12206542772946961
0.11543580104717308
0.0957643891656706
0.10824345547197044
0.11428264293845466
0.1206084158614524
0.09364601098588772
0.07680808530469718
0.09161482637071525
0.10407437380295495
0.08385708123836763
0.10559101566482705
0.17340375191484558
0.11567154012202022
0.10302653874962218
0.23644460115934796
0.12498856295764589
0.09999632331439741
0.24273097243273775
0.1249885629576459
0.2381731036730105
0.12301454326993823
0.09421685936232703
0.17340375219885754
0.09999632386999258
0.10302653919183168
0.10284322986527161
0.09421827532528017
0.10918379383177813
0.09702540465603317
0.08231989643273387
0.10128671946104928
0.12815237125603354
0.24292429120472409
0.1281523713940764
0.2338556492963367
0.23573885687281348
0.11140727850355449
0.11140727906704942
0.0897373165995902
0.08277812956086832
0.11838858633455328
0.09129538554347892
0.09129538570958617
0.08973731696439809
0.11507206601334556
0.11370281686224495
0.08673028568156958
0.12498856295764589
0.09830155069002171
0.10773282641999064
0.0840252218272775
0.11568896600537236
0.1560318921883626
0.103998849702181
0.1338152121971957
0.09999632331439741
0.12206542767674804
0.11528682376523623
0.09421686071418865
0.11129118775346226
0.09576438966850774
0.09999632331439741
0.09857017166597407
0.10970792354453109
0.14174247168381146
0.10773282641999063
0.10824345547197045
0.11838858633455328
0.11370281686224495
0.08973731696439809
0.08277812956086832
0.09129538554347892
0.11507206601334556
0.0897373165995902
0.09129538554347891
0.11507206601334556
0.09129538570958619
0.0897373165995902
0.11838858633455328
0.08277813096546145
0.08277813091272994
0.13417856868995243
0.09364601098588772
0.0821548543482386
0.11428264307649752
0.07973317977241584
0.09161482665472717
0.08385708174120478
0.10407437324739625
0.11370281605523752
0.13417856757090238
0.11330121323706525
0.10918379383177812
0.11330121273419798
0.10866109127557062
0.24273097243273775
0.10970792489639272
0.103998849702181
0.27100682732389536
0.12206542772946963
0.24273097243273775
0.11873158668421284
0.12206542767674805
0.12301454326993823
0.10970792484367113
0.11330121323706525
0.08385708123836763
0.12206542772946963
0.1069571323477019
0.10824345682383207
0.09845582961150091
0.11543580104717306
0.11567154067757894
0.2338556492963367
0.10559101594092928
0.24589261060186257
0.24273097243273775
0.09421827488310082
0.09421685880676199
0.0983015510267516
0.09845582961150091
0.08673028618440674
0.11052061295205808
0.10399884975491253
0.0985701721688112
0.11528682309629183
0.0821548543482386
0.11140727906704942
0.2338556492963367
0.12815237125603354
0.23573885687281348
0.2338556492963367
0.1281523713940764
0.1206084158614524
0.24292429120472409
0.11370281605523752
0.09576438966850774
0.09845582921411324
0.1154358008810658
0.10824345682383207
0.12206542767674805
0.1069571323477019
0.11129118775346226
0.08277812961359984
0.11507206601334556
0.12060841586145239
0.0985701721688112
0.11567154147388183
0.08977379197717753
0.1217477393657907
0.0821548543482386
0.09830155069002172
0.10773282641999063
0.09845582961150091
0.0957643891656706
0.08231989643273387
0.09421827623496246
0.11507206601334556
0.11140727715169288
0.10407437380295495
0.10871748209206382
0.10302653874962218
0.08673028618440674
0.11330121273419798
0.12195954581037467
0.16967611165893495
0.09702540426654524
0.11428264307649752
0.11370281605523752
0.08385708174120478
0.0821548543482386
0.07973317977241584
0.11645811235566386
0.09364601098588772
0.11052061160019645
0.11528682309629183
0.10399884975491253
0.09830155102675162
0.08673028618440673
0.08402522317913912
0.09845582961150091
0.11622093030058915
0.10128671873486163
0.0840252218272775
0.10918379332894097
0.08231989598261466
0.09702540426654525
0.10284322958578498
0.10871748209206382
0.12060841586145239
0.11507206601334556
0.09161482665472717
0.11622093030058914
0.07680808670929033
0.10407437324739625
0.09364601098588773
0.12060841450959078
0.07973317977241583
0.13417856757090238
0.1137028147033759
0.11645811235566386
0.1233457921719556
0.10399884975491253
0.11873158551243128
0.10866109087815282
0.11330121273419798
0.10918379332894096
0.0957643891656706
0.07680808535742872
0.08977379197717753
0.11140727850355449
0.08385708174120478
0.10970792484367113
0.11428264293845466
0.10866109087815282
0.11052061295205808
0.24589261060186257
0.11052061266801601
0.09129538554347892
0.24273097243273775
0.09161482637071525
0.23573885687281348
0.11543580104717308
0.10824345682383207
0.10128671946104928
0.10824345682383207
0.09702540465603317
0.0897373165995902
0.10970792489639272
0.09857017166597407
0.10824345682383207
0.07973317977241584
0.14174247168381146
0.1249885629576459
0.23573885687281348
0.10302653919183168
0.24273097243273775
0.2381731036730105
0.09702540426654525
0.09999632331439741
0.11568896589199663
0.10824345682383207
0.10773282641999064
0.10970792484367113
0.09999632386999258
0.1417424715704258
0.11129118775346226
0.07973317937502816
0.09421685880676199
0.24589261060186257
0.11567154067757894
0.24273097243273775
0.23644460115934796
0.10559101594092928
0.0840252218272775
0.2338556492963367
0.08277812961359984
0.1338152121971957
0.11052061266801601
0.15038819874337794
0.10970792489639272
0.12498856295764589
0.11543580088106581
0.11568896600537236
0.09129538570958617
0.08973731696439809
0.07680808535742872
0.07680808530469718
0.24273097243273775
0.09421827532528017
0.24589261060186257
0.2338556492963367
0.10559101566482705
0.08277812956086832
0.23644460115934796
0.0840252218272775
0.24292429120472409
0.09421685936232703
0.15038819863000225
0.11052061295205808
0.12334579217195561
0.10866109127557062
0.10302653874962218
0.10128671873486163
0.10773282641999064
0.09161482665472717
0.0985701721688112
0.09421827488310082
0.11428264307649752
0.11567154012202022
0.09421827623496246
0.10918379332894097
0.07680808670929033
0.11428264307649752
0.1069571323477019
0.08277813096546145
0.0985701721688112
0.08385708174120478
0.1281523713940764
0.08973731696439809
0.12206542767674804
0.2338556492963367
0.09161482665472717
0.10399884975491253
0.11838858633455328
0.09129538570958619
0.09845582921411324
0.08673028568156958
0.07973317937502816
0.09364601098588772
0.12815237004221475
0.24292429120472409
0.11567154147388183
0.11140727715169288
0.17340375219885754
0.09421686071418865
0.12060841450959078
0.10918379332894096
0.08402522317913912
0.10284322958578498
0.2338556492963367
0.12498856295764589
0.23644459575157717
0.09999632386999259
0.08231989598261466
0.12301454326993823
0.10559101729279091
0.10128671873486163
0.11873158551243128
0.12815237125603354
0.1154358008810658
0.11543580088106581
0.10559101566482705
0.1417424715704258
0.10559101594092928
0.11330121273419798
0.09364601098588772
0.09702540426654524
0.08673028618440674
0.12195954581037467
0.1281523699041719
0.17340375191484558
0.10559101701668867
0.12301454326993823
0.10128671873486163
0.10302653874962218
0.10559101701668867
0.23644459575157717
0.10302653874962218
0.11567154147388183
0.17340375191484558
0.12498856295764589
0.09421686071418865
0.12301454326993823
0.09999632386999259
0.17340375219885754
0.24273097243273775
0.09999632331439741
0.2381731036730105
0.12498856295764589
0.10302653919183168
0.24292429120472409
0.1281523699041719
0.2338556492963367
0.12815237004221475
0.11140727715169288
0.23573886228058433
0.09421827667714179
0.10284322986527161
0.09702540465603317
0.10918379383177812
0.10128671946104928
0.08231989643273387
0.1114072777151878
0.11543580104717308
0.09421686015862363
0.15038819863000225
0.0957643891656706
0.1249885629576459
0.1338152121971957
0.11129118775346226
0.10970792484367113
0.11568896589199663
0.09999632386999258
0.12206542772946961
0.1338152121971957
0.12498856295764589
0.15603189241512766
0.10773282641999064
0.12060841450959077
0.11428264293845466
0.0768080866565588
0.09364601098588773
0.10407437380295495
0.09161482637071525
0.1069571323477019
0.09421685880676199
0.11543580104717306
0.12206542772946963
0.10824345682383207
0.0957643891656706
0.08385708123836763
0.08277813091272994
0.0897373165995902
0.09129538554347891
0.11838858633455328
0.08973731696439809
0.09129538570958619
0.11370281551038333
0.11507206601334556
0.11330121323706525
0.24273097243273775
0.108661089923709
0.11330121273419798
0.10918379383177813
0.10970792354453109
0.12206542767674804
0.11873158668421284
0.10970792349180951
0.12301454326993823
0.27100682732389536
0.103998849702181
0.24273097243273775
0.12206542772946961
0.11330121323706525
0.2338556492963367
0.11567154202944056
0.24589261060186257
0.10559101729279091
0.09421827623496246
0.24273097243273775
0.12206542772946961
0.08385708123836763
0.10824345547197044
0.1069571323477019
0.11543580104717308
0.09845582961150091
0.09421686015862363
0.2338556492963367
0.1114072777151878
0.23573886228058433
0.1281523699041719
0.12815237004221475
0.2338556492963367
0.24292429120472409
0.12060841450959077
0.09845582961150091
0.09830155102675162
0.11052061160019645
0.08673028618440673
0.0985701721688112
0.10399884975491253
0.08215485570010023
0.11528682309629183
0.1137028147033759
0.0867302856815696
0.08402522317913912
0.10773282641999063
0.09830155069002172
0.12498856295764589
0.11568896600537236
0.11528682376523623
0.12206542767674805
0.11129118775346226
0.09421685936232703
0.103998849702181
0.1560318921883626
0.09999632331439741
0.1338152121971957
0.09576438966850774
0.11370281551038333
0.11838858633455328
0.08277813091272994
0.08973731696439809
0.11507206601334556
0.09129538554347891
0.09857017166597407
0.09999632331439741
0.14174247168381146
0.10970792489639272
0.10824345682383207
0.10773282641999064
0.0897373165995902
0.08215485570010023
0.09364601098588773
0.07973317977241583
0.11428264307649752
0.08385708174120478
0.09161482665472717
0.1137028147033759
0.10407437324739625
0.11507206601334556
0.09129538554347892
0.0897373165995902
0.09129538570958617
0.08277812961359984
0.11838858633455328
0.13417856868995243
0.08277812956086832
0.13417856757090238
0.09845582921411324
0.09576438966850774
0.10824345547197045
0.11543580088106581
0.1069571323477019
0.12206542767674804
0.08277813096546145
0.11129118775346226
0.12060841450959078
0.11507206601334556
0.10970792349180951
0.24589261060186257
0.11052061160019645
0.10866108952629118
0.11428264293845466
0.11052061131615439
0.10824345547197045
0.11543580104717306
0.10824345547197044
0.10128671946104928
0.24273097243273775
0.09129538554347891
0.23573886228058433
0.09161482637071525
0.09702540465603317
0.23573886228058433
0.12498856295764589
0.24273097243273775
0.10302653919183168
0.09702540426654524
0.2381731036730105
0.10970792354453109
0.0897373165995902
0.10824345547197045
0.09857017166597407
0.14174247168381146
0.07973317977241583
0.09999632331439741
0.24589261060186257
0.09421686015862363
0.24273097243273775
0.11567154202944056
0.10559101729279091
0.23644459575157717
0.2338556492963367
0.08402522317913912
0.10824345547197044
0.11568896589199663
0.10970792349180951
0.10773282641999064
0.1417424715704258
0.09999632386999259
0.07973317937502816
0.11129118775346226
0.08277813096546145
0.24273097243273775
0.0768080866565588
0.24589261060186257
0.09421827667714179
0.10559101701668867
0.2338556492963367
0.23644459575157717
0.08277813091272994
0.24292429120472409
0.08402522317913912
0.11052061131615439
0.1338152121971957
0.10970792354453109
0.15038819874337794
0.1154358008810658
0.12498856295764589
0.09129538570958619
0.11568896600537236
0.07680808670929033
0.08973731696439809
0.09421686071418865
0.0985701721688112
0.08215485570010023
0.1217477393657907
0.08977379197717753
0.11567154012202022
0.09830155069002171
0.11507206601334556
0.09421827488310082
0.10407437380295495
0.11140727850355449
0.09845582961150091
0.10773282641999064
0.08231989643273387
0.0957643891656706
0.10871748209206382
0.1137028147033759
0.11428264307649752
0.08215485570010023
0.08385708174120478
0.11645811235566386
0.07973317977241583
0.08673028618440673
0.10302653874962218
0.12195954581037467
0.11330121273419798
0.09702540426654525
0.16967611165893495
0.09364601098588773
0.08402522317913912
0.10128671873486163
0.08231989598261466
0.10918379332894096
0.10284322958578498
0.09702540426654524
0.12060841450959078
0.10871748209206382
0.11528682309629183
0.11052061295205808
0.0983015510267516
0.10399884975491253
0.0840252218272775
0.08673028618440674
0.11622093030058914
0.09845582961150091
0.11507206601334556
0.10399884975491253
0.12334579217195561
0.10866108952629118
0.11873158551243128
0.10918379332894097
0.11330121273419798
0.07680808670929033
0.0957643891656706
0.11140727715169288
0.08977379197717753
0.11622093030058915
0.09161482665472717
0.10407437324739625
0.07680808535742872
0.12060841586145239
0.09364601098588772
0.13417856757090238
0.07973317977241584
0.11645811235566386
0.11370281605523752
0.08385708174120478
0.11052061160019645
0.15038819863000225
0.108661089923709
0.1233457921719556
0.10128671873486163
0.10302653874962218
0.09161482665472717
0.10773282641999063
0.09421827623496246
0.0985701721688112
0.11567154147388183
0.11428264307649752
0.11873158668421284
0.11567154202944056
0.1233457921719556
0.12334579217195561
0.11567154067757894
0.15038819874337794
0.09576438966850774
0.11330121323706525
0.10773282641999064
0.10302653919183168
0.11330121323706525
0.09576438966850774
0.10302653919183168
0.10773282641999064
0.1696761114321699
0.1114072777151878
0.10918379383177812
0.09421827667714179
0.10128671946104928
0.10871748209206382
0.09702540465603317
0.10918379383177813
0.11140727906704942
0.10128671946104928
0.09421827532528017
0.09702540465603317
0.10871748209206382
0.10284322986527161
0.0768080866565588
0.08385708123836763
0.09161482637071525
0.11428264293845466
0.09364601098588773
0.07973317937502816
0.12060841450959077
0.11645811240838544
0.08385708123836763
0.07680808530469718
0.11428264293845466
0.09161482637071525
0.07973317937502816
0.09364601098588772
0.11645811240838544
0.1206084158614524
0.13417856868995243
0.103998849702181
0.08977379197717754
0.11052061131615439
0.09857017166597407
0.0867302856815696
0.09845582921411324
0.08402522317913912
0.11507206601334556
0.11370281551038333
0.11622093030058915
0.08977379197717754
0.103998849702181
0.09857017166597407
0.11052061266801601
0.09845582921411324
0.08673028568156958
0.11507206601334556
0.0840252218272775
0.11622093030058914
0.11370281686224495
0.11528682376523623
0.108661089923709
0.0983015510267516
0.10866108952629118
0.12174773941851859
0.12195954581037467
0.08231989598261466
0.08231989643273387
0.10407437324739625
0.08215485570010023
0.10407437380295495
0.08215485570010023
0.09830155069002171
0.09830155102675162
0.10866109127557062
0.12174773941851859
0.10866109087815282
0.08231989598261466
0.12195954581037467
0.10407437324739625
0.08231989643273387
0.10407437380295495
0.0821548543482386
0.09830155069002172
0.0821548543482386
0.1217477393657907
