0.15252332061937424
0.15367673691239547
0.15747319892138043
0.060050869550613506
0.060050869550613506
0.060050869550613506
0.06169307899620143
0.0646944430714245
0.06856959822343613
0.0646944430714245
0.057048448580939215
0.06556717725376184
0.05869065802652715
0.05869065802652715
0.06856959822343613
0.057048448580939215
0.05869065802652715
0.060050869550613506
0.05869065802652715
0.060050869550613506
0.06169307899620143
0.06556717725376184
0.060050869550613506
0.05089283163819947
0.0331743393602168
0.02937787566394107
0.036790473461883695
0.025283450623404796
0.05089283163819947
0.036790473461883695
0.025283450623404796
0.06529045525671275
0.04411120434144168
0.032604181502962765
0.0331743393602168
0.02937787566394107
0.04411120434144168
0.05089283163819947
0.017870852825462167
0.017870852825462167
0.03723155454903278
0.036790473461883695
0.032604181502962765
0.017870852825462167
0.03723155454903278
0.0688996261193858
0.017870852825462167
0.025283450623404796
0.0331743393602168
0.02937787566394107
0.036790473461883695
0.025283450623404796
0.07261118534754352
0.04411120434144168
0.032604181502962765
0.05089283163819947
0.04411120434144168
0.032604181502962765
0.0331743393602168
0.02937787566394107
0.05089283163819947
0.0331743393602168
0.033462710654741754
0.025283450623404796
0.025283450623404796
0.028512830871687538
0.032604181502962765
0.033462710654741754
0.028512830871687538
0.032604181502962765
0.0331743393602168
0.017870852825462167
0.043246159549188146
0.03592542866963016
0.017870852825462167
0.03607813846225429
0.017870852825462167
0.0331743393602168
0.043246159549188146
0.03592542866963016
0.03607813846225429
0.017870852825462167
0.043246159549188146
0.043246159549188146
0.07145776926076502
0.08661861623574241
0.033462710654741754
0.032604181502962765
0.032604181502962765
0.028512830871687538
0.03592542866963016
0.03592542866963016
0.08661861623574241
0.06413703916993425
0.025283450623404796
0.033462710654741754
0.028512830871687538
0.025283450623404796
0.0331743393602168
0.048522458167197274
0.03819930631796501
0.03819930631796501
0.03819930631796501
0.03819930631796501
0.03819930631796501
0.037334261525711475
0.043542122692947716
0.043542122692947716
0.043542122692947716
0.048522458167197274
0.03321897163244265
0.03321897163244265
0.037334261525711475
0.03819930631796501
0.02289581978321038
0.03819930631796501
0.02289581978321038
0.043542122692947716
0.03321897163244265
0.048522458167197274
0.03321897163244265
0.037334261525711475
0.02289581978321038
0.03819930631796501
0.03819930631796501
0.02289581978321038
0.043542122692947716
0.04765741337494374
0.03321897163244265
0.03321897163244265
0.037334261525711475
0.03321897163244265
0.03321897163244265
0.04765741337494374
0.02289581978321038
0.02289581978321038
0.037334261525711475
0.037334261525711475
0.043542122692947716
0.03321897163244265
0.03321897163244265
0.03321897163244265
0.03321897163244265
0.02937787566394107
0.08309432883958777
0.03238388559157406
0.04270703744080634
0.04270703744080634
0.07277117699035551
0.04270703744080634
0.04270703744080634
0.0530301885013114
0.0530301885013114
0.03238388559157406
0.017870852825462167
0.017870852825462167
0.07261118534754352
0.07145776926076502
0.06529045525671275
0.03607813846225429
0.03723155454903278
0.03723155454903278
0.03607813846225429
0.09412663747288513
0.06413703916993425
0.08680590738205435
0.06394974633633156
0.0927178046168038
0.07207150249579368
0.07207150249579368
0.061749408329739845
0.08239465355629873
0.041103105420002506
0.041103105420002506
0.061749408329739845
0.08239465355629873
0.041103105420002506
0.041103105420002506
0.07207150249579368
