0.4345954155411975
0.43459541415472275
0.44067443273483164
0.4406744335692704
0.4263587094599005
0.45736312169556526
0.44081199767920687
0.4406744335692704
0.7581039580321967
0.45736312118182754
0.42635871045459695
0.7581039593375486
0.44067443273483164
0.4408119977870088
0.45736312118182754
0.45736312169556526
0.44081199934953086
0.4408119990109005
0.4406744343332496
0.4406744354485831
0.5059869671256102
0.7581039593375486
0.44037259163137354
0.4345954155411975
0.5059869678084035
0.42635871045459695
0.44067443273483164
0.44037259058739386
0.4408119977870088
0.43459541415472275
0.727791671233202
0.5537538713915051
0.7277916711228214
0.49869720939683243
0.4759973207799154
0.5059869678084035
0.5059869671256102
0.43459541415472275
0.44037259058739386
0.7581039580321967
0.4263587094599005
0.5537538722528575
0.7277916724032027
0.49869720861434086
0.7277916725135833
0.44037259163137354
0.4406744335692704
0.4345954155411975
0.44081199767920687
0.47599731809971263
0.5687772168272776
0.5687772168326002
0.5023563164491314
0.50235631514788
0.6071312781567418
0.6071312769239045
0.5685499418550128
0.8007967804998989
0.5102460887231492
0.6071312769239045
0.505986966093412
0.5658888026579623
0.5537538713915051
0.502356314978113
0.5658888029184781
0.5687772168326002
0.856270061840316
0.498697211112904
0.8007967806145075
0.5537538707967793
0.6071312773237754
0.7277916711228214
0.5023563164584987
0.8016812576118195
0.5023563164491314
0.44037259163137354
0.856270061840316
0.6071312773237754
0.4345954144334334
0.5102460880520824
0.4403725917835187
0.6071312783858752
0.4759973207799154
0.4403725927001462
0.5685499413402314
0.5059869657687777
0.6071312781567418
0.5102460918977738
0.8007967785336809
0.565888805724075
0.49869721033041237
0.8562700604635014
0.5537538716581318
0.8007967784190724
0.5023563164584987
0.5537538722528575
0.5687772168272776
0.5658888061063702
0.6071312783858752
0.43459541541166125
0.6071312783858752
0.4403725927001462
0.5102460912267068
0.47599731809971263
0.6071312773237754
0.502356314978113
0.7277916725135833
0.50235631514788
0.8016812565222258
0.8562700604635014
0.44037259058739386
0.4403725917835187
0.498697211112904
0.49869721033041237
0.5658888026579623
0.565888805724075
0.5537538722528575
0.5537538713915051
0.44081199934953086
0.4408119990109005
0.5102460880520824
0.8007967806145075
0.4759973207799154
0.5102460887231492
0.4345954144334334
0.498697211112904
0.5658888026579623
0.4403725917835187
0.5537538707967793
0.505986966093412
0.8016812576118195
0.44081199934953086
0.727791671233202
0.42635870977122026
0.4403725927001462
0.8007967804998989
0.6071312773237754
0.856270061840316
0.5685499418550128
0.6071312769239045
0.856270061840316
0.5658888029184781
0.4406744354485831
0.49869720939683243
0.4263587095429482
0.5537538716581318
0.4408119977870088
0.5537538707967793
0.8007967806145075
0.43459541541166125
0.8007967804998989
0.5059869657687777
0.5687772168272776
0.7277916711228214
0.727791671233202
0.4406744343332496
0.5102460887231492
0.47599731809971263
0.6071312769239045
0.5102460918977738
0.6071312781567418
0.44037259163137354
0.4759973207799154
0.44081199767920687
0.44067443273483164
0.5102460912267068
0.43459541541166125
0.5102460918977738
0.47599731809971263
0.8007967784190724
0.49869721033041237
0.4408119990109005
0.8016812565222258
0.4263587095429482
0.7277916724032027
0.4403725927001462
0.565888805724075
0.5059869657687777
0.5537538716581318
0.4403725917835187
0.4406744343332496
0.5658888061063702
0.42635870977122026
0.49869720861434086
0.44081199767920687
0.5537538707967793
0.6071312783858752
0.8007967785336809
0.5685499413402314
0.8562700604635014
0.8562700604635014
0.6071312781567418
0.5537538716581318
0.4759973207799154
0.5102460918977738
0.5102460887231492
0.6071312781567418
0.44037259058739386
0.6071312769239045
0.4408119977870088
0.47599731809971263
0.4345954144334334
0.8007967784190724
0.505986966093412
0.8007967785336809
0.7277916725135833
0.5687772168326002
0.4406744354485831
0.7277916724032027
0.4406744335692704
0.5102460880520824
0.5102460912267068
0.5685499418550128
0.5685499413402314
0.50235631514788
0.5023563164491314
0.49869720939683243
0.49869720861434086
0.4345954155411975
0.43459541415472275
0.49869720939683243
0.727791671233202
0.4408119977870088
0.4759973207799154
0.4406744354485831
0.44081199934953086
0.498697211112904
0.4263587095429482
0.42635870977122026
0.4345954144334334
0.7277916711228214
0.45736312169556526
0.7581039593375486
0.4406744343332496
0.43459541541166125
0.8007967806145075
0.5658888029184781
0.8016812576118195
0.5102460880520824
0.5102460887231492
0.8007967804998989
0.5537538713915051
0.45736312118182754
0.42635871045459695
0.4408119990109005
0.49869721033041237
0.44067443273483164
0.5658888026579623
0.856270061840316
0.42635870977122026
0.8016812576118195
0.4403725927001462
0.5023563164584987
0.727791671233202
0.8016812576118195
0.44081199934953086
0.5685499418550128
0.49869720861434086
0.5023563164491314
0.5102460912267068
0.5685499413402314
0.5059869671256102
0.5102460880520824
0.4263587094599005
0.42635871045459695
0.8007967804998989
0.4406744343332496
0.7277916711228214
0.43459541541166125
0.5059869657687777
0.7581039593375486
0.8007967806145075
0.45736312169556526
0.7581039593375486
0.4345954155411975
0.6071312773237754
0.5658888061063702
0.5023563164584987
0.6071312783858752
0.502356314978113
0.5687772168272776
0.5658888029184781
0.5537538722528575
0.44037259163137354
0.5059869678084035
0.5059869671256102
0.49869720861434086
0.4406744343332496
0.47599731809971263
0.44081199767920687
0.7277916724032027
0.4408119990109005
0.45736312118182754
0.7277916725135833
0.4406744354485831
0.7581039580321967
0.42635870977122026
0.49869721033041237
0.43459541541166125
0.4263587095429482
0.4345954144334334
0.45736312169556526
0.5537538722528575
0.44081199934953086
0.4263587094599005
0.4406744335692704
0.498697211112904
0.5658888061063702
0.8007967784190724
0.5102460912267068
0.8016812565222258
0.8007967785336809
0.5102460918977738
0.565888805724075
0.49869720939683243
0.5685499413402314
0.5102460880520824
0.50235631514788
0.5059869678084035
0.5685499418550128
0.42635871045459695
0.5102460912267068
0.4263587095429482
0.8562700604635014
0.4403725917835187
0.8016812565222258
0.7277916724032027
0.502356314978113
0.4408119990109005
0.8016812565222258
0.4263587094599005
0.5658888029184781
0.6071312783858752
0.6071312773237754
0.502356314978113
0.5687772168326002
0.5023563164584987
0.5537538713915051
0.5658888061063702
0.5059869671256102
0.44037259058739386
0.4406744354485831
0.8007967785336809
0.4345954144334334
0.7277916725135833
0.7581039580321967
0.505986966093412
0.45736312118182754
0.8007967784190724
0.43459541415472275
0.7581039580321967
0.5059869678084035
0.5537538707967793
0.5537538716581318
0.4403725927001462
0.4403725917835187
0.505986966093412
0.5059869657687777
0.5658888026579623
0.565888805724075
0.5023563164491314
0.50235631514788
0.5687772168272776
0.5687772168326002
0.50235631514788
0.5687772168272776
0.44037259058739386
0.6071312781567418
0.7277916725135833
0.5537538722528575
0.565888805724075
0.8016812565222258
0.5658888061063702
0.8007967785336809
0.5023563164491314
0.4263587094599005
0.5059869671256102
0.49869720861434086
0.5102460912267068
0.5059869657687777
0.502356314978113
0.5023563164584987
0.5685499413402314
0.5102460918977738
0.5685499418550128
0.5687772168326002
0.7581039580321967
0.5059869678084035
0.7277916724032027
0.8007967784190724
0.43459541415472275
0.505986966093412
0.5537538707967793
0.4263587095429482
0.5658888029184781
0.5537538716581318
0.5658888061063702
0.49869720939683243
0.42635870977122026
0.4406744354485831
0.505986966093412
0.7277916724032027
0.5687772168326002
0.8007967784190724
0.8007967785336809
0.5059869678084035
0.4345954144334334
0.7581039580321967
0.45736312118182754
0.5658888026579623
0.4408119990109005
0.5537538713915051
0.49869721033041237
0.565888805724075
0.42635871045459695
0.498697211112904
0.45736312118182754
0.45736312169556526
0.4406744335692704
0.4403725917835187
0.8016812565222258
0.502356314978113
0.8562700604635014
0.8016812565222258
0.50235631514788
0.4263587095429482
0.7277916725135833
0.44081199767920687
0.7581039580321967
0.4263587094599005
0.6071312769239045
0.44081199767920687
0.44037259163137354
0.47599731809971263
0.5102460918977738
0.4345954155411975
0.5102460887231492
0.4406744335692704
0.4408119977870088
0.43459541415472275
0.44067443273483164
0.44037259058739386
0.5537538716581318
0.8562700604635014
0.6071312783858752
0.8562700604635014
0.8007967784190724
0.5685499413402314
0.49869721033041237
0.8007967785336809
0.49869720861434086
0.7277916725135833
0.5537538722528575
0.7277916724032027
0.6071312781567418
0.5023563164491314
0.7277916711228214
0.6071312769239045
0.44037259163137354
0.5687772168326002
0.5537538713915051
0.42635871045459695
0.50235631514788
0.49869720939683243
0.5059869678084035
0.8016812576118195
0.5658888026579623
0.8007967804998989
0.5658888029184781
0.5102460880520824
0.7581039593375486
0.5687772168272776
0.727791671233202
0.5059869671256102
0.4345954155411975
0.8007967806145075
0.5023563164584987
0.505986966093412
0.5685499418550128
0.502356314978113
0.5685499413402314
0.5102460887231492
0.5059869657687777
0.727791671233202
0.5059869657687777
0.8007967806145075
0.5687772168272776
0.5059869671256102
0.8007967804998989
0.7581039593375486
0.43459541541166125
0.42635870977122026
0.5537538716581318
0.5537538707967793
0.5658888061063702
0.49869720861434086
0.5658888029184781
0.4406744343332496
0.4263587095429482
0.45736312169556526
0.8016812576118195
0.4403725927001462
0.856270061840316
0.5023563164584987
0.5023563164491314
0.8016812576118195
0.7277916711228214
0.42635870977122026
0.7581039593375486
0.4408119977870088
0.44081199934953086
0.565888805724075
0.498697211112904
0.5537538722528575
0.4263587094599005
0.5658888026579623
0.45736312169556526
0.49869721033041237
0.44067443273483164
0.45736312118182754
0.42635871045459695
0.856270061840316
0.5537538707967793
0.856270061840316
0.6071312773237754
0.5685499418550128
0.8007967806145075
0.8007967804998989
0.498697211112904
0.7277916711228214
0.49869720939683243
0.727791671233202
0.5537538713915051
0.4408119977870088
0.6071312781567418
0.4759973207799154
0.44037259058739386
0.43459541415472275
0.5102460887231492
0.44067443273483164
0.5102460918977738
0.4345954155411975
0.44081199767920687
0.44037259163137354
0.4406744335692704
0.6071312769239045
0.4403725927001462
0.4403725917835187
0.6071312773237754
0.6071312783858752
0.5102460912267068
0.5102460880520824
0.43459541541166125
0.4345954144334334
0.4406744343332496
0.4406744354485831
0.44081199934953086
0.4408119990109005
0.4759973207799154
0.47599731809971263
