0.5897770313261244
0.5897770274687912
0.5340220304204807
0.534022032867627
0.6455938725363235
0.6455938764138411
0.5494253584073863
0.4978974629010563
0.5494253601903063
0.5897770274687912
0.49789746708587923
0.6488783587891176
0.4981089278098925
0.6519777656867927
0.4826028036084542
0.4889514428196629
0.664139317222218
0.49047980819589665
0.5223098955377692
0.5292230672527646
0.5325923845660294
0.5494253601903063
0.49810892507594207
0.6488783613298795
0.48260280350252677
0.6519777684059651
0.5494253584073863
0.49789746708587923
0.4978974629010563
0.5897770313261244
0.48895144033478044
0.5292230654628853
0.522309890266468
0.490479804516025
0.6641393195196601
0.5325923821990693
0.5970886639208356
0.5970886677147123
0.491665964543924
0.49166596958265835
0.5644131682965655
0.5160367994267224
0.5004530895829208
0.4912709050888148
0.6638401814222616
0.4952162842636968
0.5644131712102061
0.6638401798431721
0.49127090584025107
0.5004530912292315
0.516036802307831
0.4952162883898047
0.5210643162315594
0.5210643115811378
0.5163828605377546
0.516382854749273
0.5394444826844289
0.5362702211562651
0.5273098201084853
0.5284793477242336
0.500300874361178
0.6209285209211093
0.5178901580220543
0.6397402400455394
0.5237697234741113
0.5257210766308209
0.6397402401746936
0.5182798752666886
0.5135208332259459
0.5160368037847
0.5284793472862306
0.562768983083254
0.536920390913092
0.6440741347380369
0.47982563543314966
0.49899507659186254
0.579406231176074
0.5361725992121029
0.49127090584025107
0.5324214652806154
0.5129519181232327
0.6118316993563498
1.140397265953491
0.5780540281409735
0.6395811887775664
0.4800311322234817
0.585457890206018
0.6139593015402627
0.5265365161693643
0.615882763845433
0.5000369780843588
0.5230492733024927
0.5072187732400817
0.5112860990166188
0.4919006144462885
0.5565818346635646
0.5614628345220354
0.5077604829097269
0.5622121643641366
0.6638401829443026
0.5203945940195637
0.5045887132455054
0.5920095102118879
0.5149339973913576
0.5149565845798696
0.5292230652437706
0.5113132924191095
0.6297240806294764
0.5163828544879097
0.5309320509099558
0.5210643141556233
0.5893084684425434
0.5848372509842588
0.4788409737372216
0.5045948662423694
0.5324214678656216
0.5365586092487908
0.562212167419224
0.5045948653430536
0.5097335619893206
0.5045948647739207
0.6537899811289857
0.5000369786954041
0.5942724079891883
0.5265365190640598
0.6406695710922586
0.5394444831165771
0.517890159261444
0.6209285131805945
0.5237697224152099
0.6397402405186722
0.5273098185264441
0.536270222413152
0.500300873748527
0.5284793499919738
0.5257210831067368
0.5160367999643972
0.5135208409678416
0.5182798776999588
0.6397402406096464
0.5284793496040374
0.5072187709876614
0.5230492721346419
0.49190061441198407
0.5112861029534624
0.5045887129653204
0.5292230630957109
0.514956590263834
0.514933996495721
0.5920095078426217
0.511313288042369
0.5565818381591964
0.6638401816143644
0.562212167419224
0.5077604907647619
0.5614628351600388
0.5203945982238518
0.5163828598681472
0.6297240854483954
0.5210643185827435
0.5309320514163665
0.5369203880461628
0.5627689829856601
0.4798256348681992
0.6440741324906034
0.6118316987551977
0.48003113404414655
0.6395811907517713
0.5780540304818135
1.1403972651085983
0.5854578898902567
0.49899506954162104
0.5324214612149519
0.4912709050888148
0.5361725999859486
0.5794062327120302
0.5129519190394163
0.526536522152097
0.6139593037935558
0.5000369827243716
0.6158827648574369
0.5893084644939622
0.5324214630831937
0.5045948647739207
0.47884097251787644
0.5848372524614791
0.5365586098698749
0.5000369834826046
0.6537899829079957
0.5265365241949921
0.5942724042352778
0.504594865824376
0.5622121643641366
0.5045948662423694
0.5097335612987112
0.6406695731448414
0.5427787300722032
0.5427787277945587
0.6075623293969394
0.6075623272714472
0.6331726329999258
0.5077569083353384
0.5254871570169318
0.540693252873738
0.5943700919527574
0.6364342158854984
0.6331726318103141
0.5943700926296799
0.5406932517207763
0.5254871541242205
0.507756907768664
0.6364342180159022
0.6567898674331949
0.6567898706124213
0.5715217370086663
0.5715217358966505
0.5504802764461116
0.5865939255504282
0.509733562215837
0.5077604919089029
0.5371915350542527
0.632586853318338
0.4907084895480914
0.526536522152097
0.522881441871744
0.5482801861260771
0.6395811902477672
0.6567898674331949
0.6230963005527256
0.5254871526023398
0.6297240806294764
0.5504802690346756
0.5371915317186668
0.5077604843742904
0.5097335611670687
0.586593930447755
0.6325868503068481
0.6567898706124213
0.6395811902595441
0.5254871551368921
0.6230963029901988
0.5265365161693643
0.49070848732034805
0.5482801888287677
0.5228814435358051
0.6297240854483954
0.5004530911135668
0.5004530888382888
0.5361725992181778
0.5361726009698472
0.5149565886625871
0.5149565831895939
0.5149339973913576
0.5113132924191095
0.4919006144462885
0.5237697234741113
0.5292230652437706
0.5717801316547687
0.49417144523804757
0.5729118222040562
0.5325923839214224
0.5510016768288769
0.5794062322947501
0.49047980658707163
0.4900672500215477
0.497897468536053
0.48260280286392626
0.5920095102118879
0.5230492733024927
0.6209285209211093
0.5045887132455054
0.5112860990166188
0.6397402400455394
0.5149565845798696
0.5394444826844289
0.5072187732400817
0.5178901580220543
0.6072684130400123
1.140397265891904
0.6139593015402627
0.5897604121527255
0.5178901587255743
0.6040533704778931
0.6158827636089849
0.5149565831895939
0.6139593043321675
0.504588713261598
0.5232510013107536
0.491900613747752
0.5155415605058551
0.5411763547689977
0.5039371353433812
0.5077569076946868
0.49070848680039963
0.5039371347269136
0.6488783606474069
0.5011157219194667
0.49006725087578795
0.5865939261487744
0.5223098955377692
0.551001677081669
0.5340220298624518
0.5093373613104624
0.522881441871744
0.4904798042024777
0.4907084886320747
0.48895143906631505
0.5552413295231862
0.5943700921902679
0.5000369780843588
0.5352806781254567
0.5273098213944949
0.5092904639072757
0.5715217370622576
0.5622121634576234
0.6567898676188364
0.5565818331834899
0.6230963013228125
0.5135208332259459
0.6395811887775664
0.5257210773173944
0.6297240826920969
0.6588123980510022
0.5230492734452432
0.6840182281758652
0.5232510014996601
0.535280678293813
0.6919415882839506
0.5482801927195311
0.5552413280962774
0.5970886682400575
0.5584042685454083
0.5897604140505899
1.169086851486682
0.5839837640472474
0.6072684126525264
0.498108928137484
0.5823216406027848
0.6230963005527256
0.5004530911135668
0.6264530041555916
0.5644131702281026
0.6343606995192603
1.1690868515673605
0.5942724065601228
0.634360698152933
0.5369203927814956
0.6136325978405249
0.626453004073838
0.504594865824376
0.6230963013228125
0.5893084657284764
1.213224256089029
0.6395811902477672
1.213224256089029
0.6118316962269932
0.6537899811289857
0.5394444828593656
0.6840182286143057
0.5149339973747977
0.5112860981414229
0.5494253604580996
0.5155415594260431
0.5715217370086663
0.49127090595494827
0.5406932498719115
0.5644131674872718
0.615882763845433
0.5223098961226269
0.583983764897624
0.4889514421040511
0.5210643185827435
0.6264530041555916
0.4912709079396531
0.5780540277689746
0.4989950754352341
0.5622121666598985
0.6139593043321675
0.5529154437223278
0.6378475376775529
0.6541821667678789
0.5309320511106261
0.5099653826367834
0.5614628334890175
0.6297240868324288
0.6541821631284517
0.5920095067593042
0.5614628337187952
0.5480249115178606
0.5848372502871058
0.5210643162315594
0.6399865478130746
0.5113132891735344
0.5203945991355318
0.509733562215837
0.5149565886625871
0.5622121666598985
0.51128610209015
0.5529154452768843
0.5920095102884848
0.6406695710922586
0.6378475429311208
0.5529154441521649
0.5099653859161187
0.5309320512234337
0.6406695731448414
0.6297240826920969
0.552915441805177
0.5942724065601228
0.6297240806294764
0.6537899811289857
0.5099653849736749
0.6406695710922586
0.5433959374773197
0.5371915318285057
0.516382854749273
0.6399865463920796
0.5717801338553973
0.5391899181665722
0.5254871570169318
0.6139593058097523
0.6567898715123269
0.6072684134549572
0.5361725992121029
0.490479804516025
0.5004530912292315
0.5510016775471823
0.514956590263834
0.5482801927195311
0.5210643141556233
0.5265365190640598
0.5480249142815322
0.6297240868324288
0.5149565845798696
0.5487030765395517
0.6840182281758652
0.5309320512234337
0.6541821667678789
0.5232510038091588
0.6075623293969394
0.5406932517207763
0.5000369834826046
0.5715217370622576
0.5552413299891414
0.5780540281409735
0.4907084895480914
0.626453004073838
0.5039371403433525
0.562212167419224
0.5839837640472474
0.5163828598681472
0.6158827636089849
0.5433959420157299
0.5210643162315594
0.6139593015402627
0.5182798752666886
0.5223098902223798
0.5182798750139429
0.49006725245217253
0.5135208409678416
0.49047980819589665
0.49047980658707163
0.514933996495721
0.4941714505331838
0.57178013345811
0.5325923806174027
0.5729118249351537
0.49190061441198407
0.511313288042369
0.5292230630957109
0.5237697224152099
0.5510016802965677
0.49789746332679835
0.49006725245217253
0.4904798042024777
0.5794062337428876
0.48260280304070696
0.4919006145533861
0.5232510019188619
0.5411763504184333
0.5155415612396315
0.4900672521839824
0.5340220273652391
0.5510016775471823
0.522309890266468
0.586593930492801
0.5093373590666869
0.5039371409004296
0.6488783583891369
0.5039371403433525
0.4907084886320747
0.5077569068665282
0.5011157229898474
0.49047980658707163
0.5228814435358051
0.4889514421040511
0.49070848680039963
0.5230492721346419
0.5920095078426217
0.5045887129653204
0.6209285131805945
0.6072684142885993
0.5178901592481779
0.5897604110948845
0.6139593037935558
1.1403972651701855
0.6040533685908778
0.5112861029534624
0.5072187709876614
0.5394444831165771
0.514956590263834
0.6397402405186722
0.517890159261444
0.5149565886625871
0.6158827640399535
0.5045887114388736
0.6139593058097523
0.5552413297381853
0.527309818922901
0.5352806786811705
0.5000369827243716
0.5943700916605332
0.509290465148708
0.5135208409678416
0.6230963043294159
0.525721083076971
0.6395811907517713
0.5622121666598985
0.5715217357269403
0.5565818367291882
0.6567898715123269
0.6297240868324288
0.6378475429311208
0.552915441805177
0.5309320512234337
0.6541821631284517
0.5480249124950485
0.5113132937356457
0.6399865463920796
0.5210643115811378
0.5848372502238621
0.5203945944258754
0.5099653859161187
0.5920095102884848
0.6541821667678789
0.6297240826920969
0.5614628337187952
0.5614628334890175
0.5149565831895939
0.5097335611670687
0.5112860981414229
0.5622121634576234
0.5433959435816693
0.5717801312218667
0.6399865478130746
0.5163828605377546
0.5371915338688728
0.5391899201268535
0.49047980819589665
0.5361725999859486
0.551001677081669
0.5004530895829208
0.6139593043321675
0.5254871541242205
0.6072684126525264
0.6567898676188364
0.5149565845798696
0.5529154441521649
0.5529154452768843
0.6378475376775529
0.6406695731448414
0.5920095067593042
0.5099653826367834
0.6297240854483954
0.5942724032400597
0.5099653815089688
0.6537899829079957
0.6406695710922586
0.5309320511106261
0.5529154437223278
0.6297240868324288
0.6406695731448414
0.5210643185827435
0.5482801886714961
0.5480249121199048
0.5265365241949921
0.514956590263834
0.6297240826920969
0.5230492721302047
0.6588123920014257
0.5232510038091588
0.684018232472332
0.5897604124236189
0.49810892602017065
0.6072684134549572
0.5839837682515973
1.1690868536481864
0.5823216468095831
0.5352806784319774
0.5970886635473011
0.5552413299891414
0.5482801886714961
0.691941590525823
0.5584042685847034
0.5004530888382888
0.6230963029901988
0.5644131674872718
0.6264530095748067
0.5394444824801877
0.5494253583640785
0.51128610209015
0.5149339972429858
0.6840182313540102
0.5155415592206039
0.5223098902223798
0.6158827648574369
0.48895143906631505
0.5839837694601543
0.4912709079396531
0.5715217358966505
0.5644131702281026
0.5406932500852538
0.5210643141556233
0.6343607027709908
0.5369203896064526
0.6343607011317451
0.5942724032400597
1.1690868535675079
0.6136325945658846
0.6395811902595441
1.213224256968768
0.6118316949973204
1.213224256968768
0.5045948653430536
0.6264530094811694
0.5893084613623458
0.6230963043294159
0.6537899829079957
0.49127090595494827
0.6264530095748067
0.4989950694222445
0.5780540302327885
0.6139593058097523
0.5622121634576234
0.5487030802407105
0.5232510014996601
0.6541821631284517
0.5309320511106261
0.684018232472332
0.6075623272714472
0.49070848732034805
0.5780540304818135
0.5039371347269136
0.6264530094811694
0.5000369786954041
0.540693252873738
0.5552413280962774
0.5715217357269403
0.5622121643641366
0.5223098961226269
0.5182798776999588
0.4900672500215477
0.5182798779786069
0.490479804516025
0.5135208332259459
0.5163828544879097
0.5839837682515973
0.5433959359588658
0.6158827640399535
0.6139593037935558
0.5210643115811378
0.4904798042024777
0.6378475421505103
0.637847537252545
0.5487030765395517
0.5487030802407105
0.6399865464121379
0.5362702193848731
0.5480249142815322
0.5433959359588658
0.5627689826586784
0.540696897916456
0.6399865462144207
0.5627689826968817
0.5433959420157299
0.5480249121199048
0.5362702209626511
0.5406969029092366
0.5361725992181778
0.5361726009698472
0.4989950754352341
0.4989950694222445
0.6541821661167462
0.620928520615818
0.5099653849736749
0.5487030770097845
0.5427787278789895
0.6029458943788343
0.5182798750139429
0.5097335612987112
0.5257210773173944
0.5504802703912444
0.5780540277689746
0.5254871526023398
0.6118316962269932
0.6331726310498502
0.5265365190640598
0.6541821622064729
0.5427787308233321
0.548703080673034
0.5099653815089688
0.6209285129984774
0.6029458967727839
0.5254871551368921
0.5780540302327885
0.6331726332647709
0.6118316949973204
0.5097335619893206
0.5182798779786069
0.5504802768630397
0.525721083076971
0.5265365241949921
0.5406932498719115
0.5406932500852538
0.6331726310498502
0.6331726332647709
0.6567898715123269
0.6567898676188364
0.6378475421505103
0.6588123980510022
0.6378475429311208
0.5529154437223278
0.5230492721302047
0.5427787300722032
0.5482801888287677
0.47884097251787644
0.5352806781254567
0.5893084613623458
0.5942724079891883
0.5077604919089029
0.634360698152933
0.5565818367291882
0.5045948662423694
0.583983764897624
0.5077604907647619
0.5897604121527255
0.5504802768630397
0.5004530912292315
0.6395811887775664
0.5309320509099558
0.5149339972429858
0.5487030770097845
0.5045887114388736
0.5000369827243716
0.5163828605377546
0.4907084886320747
0.637847537252545
0.5230492734452432
0.552915441805177
0.6378475376775529
0.6588123920014257
0.5427787277945587
0.5077604843742904
0.5942724042352778
0.5565818331834899
0.6343607011317451
0.4788409737372216
0.5482801861260771
0.5893084657284764
0.5352806786811705
0.5045948647739207
0.5149339973747977
0.5309320514163665
0.504588713261598
0.548703080673034
0.516382854749273
0.5000369780843588
0.5077604829097269
0.5839837694601543
0.5504802703912444
0.5897604110948845
0.6395811907517713
0.5004530895829208
0.49070848680039963
0.5149339973913576
0.514933996495721
0.5394444826844289
0.5394444831165771
0.4912709050888148
0.49127090584025107
0.5223098955377692
0.522309890266468
0.5223098955377692
0.5093373613104624
0.5411763547689977
0.5325923839214224
0.5340220298624518
0.6519777656867927
0.5325923845660294
0.664139317222218
0.6455938725363235
0.5093373633860381
0.6519777657811207
0.5340220273652391
0.5223098961226269
0.5897770323821014
0.5897770280026928
0.5865939261487744
0.5232510013107536
0.5717801316547687
0.49006725087578795
0.5155415605058551
0.5729118222040562
0.551001677081669
0.5149339973913576
0.491900613747752
0.49417144523804757
0.5823216408781448
1.1913899557962835
0.579406231176074
0.583983764897624
0.5237697253916593
0.5729118226340929
0.5839837640472474
0.5113132937356457
0.5717801312218667
0.5149339973747977
0.4981089278098925
0.5292230672527646
0.4889514428196629
0.534022032867627
0.501115724284204
0.5011157240474825
0.5093373590666869
0.49070848732034805
0.6519777669461089
0.5093373595359183
0.4826028036084542
0.6488783587891176
0.5897770274687912
0.49047980819589665
0.6455938764138411
0.5340220304204807
0.4907084895480914
0.5325923806174027
0.5411763504184333
0.5223098902223798
0.5584042693907645
0.591789553740957
0.5129519181232327
0.5482801888287677
0.5003008742455773
0.5531331908279922
0.5406932517207763
0.5203945944258754
0.5391899201268535
0.5077604843742904
0.626453004073838
0.5284793477242336
0.6440741347380369
0.5182798750139429
0.5309320512234337
0.5897604121527255
0.504588713261598
0.6158827636089849
0.4900672500215477
0.5092904636470819
0.5854578919377428
0.5531331910048469
0.5000369786954041
0.491665969320136
0.5129519173235328
0.6040533704778931
1.140397265891904
0.5729118222040562
0.6139593043321675
0.48260280286392626
0.5794062322947501
0.6395811902477672
0.4952162887100121
0.6440741349128255
0.4912709079396531
0.613632596943162
1.1744713498320107
0.8324482713039536
0.5942724079891883
0.47982563610719176
0.832448271555648
0.5780540281409735
0.5365586082037321
0.8324482713039536
0.4788409737372216
1.213224256089029
0.5854578919377428
1.1744713498320107
0.5780540277689746
0.5942724065601228
0.5178901587255743
0.6072684130400123
0.49417144523804757
0.5149565831895939
0.497897468536053
0.5510016768288769
0.6567898674331949
0.4952162851059795
0.5391899192207619
0.5004530888382888
0.6139593015402627
0.5325923839214224
0.5717801316547687
0.49047980658707163
0.5163828598681472
0.6230963005527256
0.5129519173235328
0.832448271555648
0.5361725992181778
0.509733562215837
0.6158827636089849
0.5504802768630397
0.548703080673034
0.5433959420157299
0.5182798779786069
0.6029458967727839
0.5406969029092366
0.525721083076971
0.5487030802407105
0.6209285129984774
0.5362702209626511
0.5406969047357911
0.6427159669227178
0.5160367994267224
0.5433959435816693
0.5237697253793122
0.5003008741378695
0.5504802764461116
0.5178901592481779
0.527309818922901
0.5394444824801877
0.5427787308233321
0.5627689826968817
0.5097335619893206
0.6378475421505103
0.6541821622064729
0.6399865462144207
0.5487030765395517
0.5099653815089688
0.5480249121199048
0.637847537252545
0.6343606995192603
0.5614628345220354
0.5848372509842588
0.6541821661167462
0.5529154452768843
0.5406968993848518
0.4998003154667583
0.4952162842636968
0.5480249124950485
0.5729118260819549
0.5531331912042858
0.6331726329999258
0.6040533685908778
0.509290465148708
0.5897604124236189
0.49899507659186254
0.48260280350252677
0.491665964543924
0.4900672521839824
0.5045887129653204
0.535280678293813
0.5203945940195637
0.5365586092487908
0.6399865464121379
0.5099653826367834
0.5112860990166188
0.6029458943788343
0.6136325978405249
0.5391899201268535
0.5099653859161187
0.5155415592206039
0.632586853318338
0.6331726318103141
0.5092904653605229
0.5379679324829614
0.5352806784319774
0.6118316993563498
0.5011157240474825
0.591789553740957
0.5039371409004296
0.5565818381591964
0.5897604140505899
0.5391899192207619
0.832448271555648
0.6399865462144207
0.5480249115178606
0.6072684130400123
0.5257210766308209
0.5093373595359183
0.5531331908279922
0.5510016802965677
0.5257210831067368
0.4889514428196629
0.5510016768288769
0.583983764897624
0.5149339973747977
0.5839837640472474
0.5223098961226269
0.5155415594260431
0.5823216406027848
0.4889514421040511
0.5232510014996601
0.5494253604580996
0.498108928137484
0.5729118226340929
1.1913899557962835
0.664139317222218
0.5717801312218667
0.5897770280026928
0.6519777657811207
0.5865939255504282
0.49789746332679835
0.6488783583891369
0.5494253583640785
0.6840182286143057
1.169086851486682
0.615882763845433
0.6588123980510022
0.5394444828593656
0.5897604140505899
0.6840182281758652
0.5112860981414229
0.6072684126525264
0.5230492734452432
1.1690868515673605
0.6397402401746936
1.140397265953491
0.620928520615818
0.5920095102884848
0.5237697253916593
0.5823216408781448
0.5325923845660294
0.5113132937356457
0.5897770323821014
0.5093373633860381
0.5077569083353384
0.48260280304070696
0.5011157229898474
0.49810892602017065
0.579406231176074
0.6455938725363235
0.6519777656867927
0.5340220273652391
0.5292230630957109
0.6919415882839506
0.5284793472862306
0.585457890206018
0.5362702193848731
0.5614628334890175
0.6397402400455394
0.620928520615818
1.1690868515673605
0.5717801312218667
0.5920095102884848
0.5494253583640785
0.5865939255504282
0.5943700926296799
0.49166596432845927
0.5917895536386633
0.5970886635473011
1.140397265953491
0.6519777657811207
1.1913899557962835
0.6488783583891369
0.6638401816143644
1.169086851486682
0.6440741349128255
1.1744713498320107
0.5627689826968817
0.5848372502871058
1.140397265891904
0.6397402401746936
0.5897770280026928
0.5729118226340929
0.49789746332679835
0.5160367999643972
0.664139317222218
0.5794062322947501
0.5487030770097845
0.634360698152933
0.5163828605377546
0.6378475429311208
0.5149339972429858
0.5077604919089029
0.5427787300722032
0.5045887114388736
0.5565818367291882
0.5230492721302047
0.562768983083254
0.5292230654628853
0.6638401798431721
0.4919006145533861
0.5072187709876614
0.6588123980510022
0.5309320509099558
0.5942724079891883
0.6378475421505103
0.5529154437223278
0.5920095102118879
0.5362702211562651
0.5325923821990693
0.4952162883898047
0.4941714505331838
0.517890159261444
0.4978974629010563
0.5113132924191095
0.6209285209211093
0.5411763504184333
0.6440741347380369
0.49190061441198407
0.5273098185264441
0.6488783587891176
0.5717801316547687
0.5340220304204807
0.5077604907647619
0.5309320514163665
0.5163828598681472
0.5182798776999588
0.5391899173079662
0.4952162887100121
0.553133191060718
0.5163828544879097
0.6440741329879276
0.4952162851059795
0.5203945982238518
0.6638401816143644
0.500300873748527
0.5210643185827435
0.5284793496040374
0.5160367999643972
0.5004530911135668
0.5129519191793571
0.49166596432845927
0.49127090595494827
0.6075623276508724
0.6440741349128255
0.6325868545763149
0.5309320509099558
0.6075623254783225
0.5391899192207619
0.5182798752666886
0.6325868521963304
0.5531331910048469
0.5077604829097269
0.6264530041555916
0.6364342185825747
0.5917895536386633
0.5406932498719115
0.5482801927195311
0.5614628351600388
0.5565818381591964
0.536270222413152
0.6297240854483954
0.6397402406096464
0.5257210831067368
0.6567898706124213
0.5854578916338651
0.5092904653605229
0.6395811902595441
0.562212167419224
0.5284793499919738
0.5273098185264441
0.5135208409678416
0.5000369834826046
0.5715217370086663
0.6364342165022374
0.5379679324829614
0.5254871551368921
0.5254871570169318
0.5715217370622576
0.5099653849736749
0.5942724065601228
0.6399865478130746
0.6406695710922586
0.51128610209015
0.509733562215837
0.5265365161693643
0.5365586087395786
0.5365586082037321
0.5045948653430536
0.6537899811289857
0.5203945991355318
0.5848372502871058
0.5622121666598985
0.504594865824376
0.615882763845433
0.6325868545763149
0.8324482713039536
0.5097335619893206
0.5361725992121029
0.6230963013228125
0.6297240806294764
0.5113132891735344
0.5480249115178606
0.5149565886625871
0.526536522152097
0.5210643162315594
0.522881441871744
0.5427787278789895
0.5369203927814956
0.5371915338688728
0.5529154441521649
0.6840182313540102
0.5371915350542527
0.5504802690346756
0.6136325940385642
0.4998003078425904
0.6343607027709908
0.5893084684425434
0.5584042697856589
0.6078083736709354
0.5552413297381853
0.5893084644939622
0.5394444828593656
0.6075623254783225
0.47982563610719176
0.6541821622064729
0.5433959374773197
0.5552413295231862
0.5565818346635646
0.5823216469117296
0.4998003072880385
0.6072684142885993
0.6118316987551977
0.5644131682965655
0.5039371353433812
0.5045887132455054
0.5155415612396315
0.47982563543314966
0.5112861029534624
0.49899506954162104
0.5644131712102061
0.49006725087578795
0.48895144033478044
0.6541821661167462
0.6343606995192603
0.5433959435816693
0.5529154452768843
0.5394444824801877
0.5504802764461116
0.5371915317186668
0.4798256362709108
0.4998003159712467
0.5369203896064526
0.5848372509842588
0.5003008741378695
0.6427159669227178
0.527309818922901
0.5324214630831937
0.6840182286143057
0.6075623276508724
0.613632596943162
0.5427787308233321
0.5371915318285057
0.5943700921902679
0.5614628345220354
0.5237697253793122
0.5406969047357911
0.5178901592481779
0.48003113404414655
0.5160367994267224
0.5077569076946868
0.5920095102118879
0.4919006145533861
0.562768983083254
0.5072187709876614
0.5324214612149519
0.6638401798431721
0.5865939261487744
0.5292230654628853
0.5230492733024927
0.5232510019188619
0.536920390913092
0.5230492721346419
0.5369203880461628
0.5970886639208356
0.5232510013107536
0.49810892507594207
0.5494253584073863
0.522309890266468
0.5325923821990693
0.6519777684059651
0.6455938764138411
0.6641393195196601
0.5411763504184333
0.5093373590666869
0.5340220273652391
0.5325923806174027
0.5093373595359183
0.5897770280026928
0.5223098902223798
0.5340220298624518
0.6519777669461089
0.5897770323821014
0.5292230654628853
0.49810892507594207
0.5340220304204807
0.48895144033478044
0.48260280350252677
0.6455938725363235
0.490479804516025
0.5897770313261244
0.6488783613298795
0.534022032867627
0.5011157240474825
0.6519777657811207
0.4907084895480914
0.5093373613104624
0.501115724284204
0.5093373633860381
0.5325923839214224
0.49070848732034805
0.5223098961226269
0.5411763547689977
0.5232510019188619
0.586593930492801
0.4900672521839824
0.57178013345811
0.5823216469117296
0.5237697253793122
0.5839837694601543
0.5794062327120302
1.1913899566045596
0.5729118260819549
0.5155415612396315
0.4919006145533861
0.514933996495721
0.5510016775471823
0.5729118249351537
0.4941714505331838
0.5113132891735344
0.5839837682515973
0.5149339972429858
0.5717801338553973
0.5584042697856589
0.5003008741378695
0.5482801861260771
0.5129519190394163
0.5917895555031244
0.5531331912042858
0.5284793499919738
0.6264530094811694
0.5182798779786069
0.6440741324906034
0.5203945991355318
0.540693252873738
0.5077604919089029
0.5391899181665722
0.5309320511106261
0.5487030770097845
0.5504802703912444
0.5182798750139429
0.5433959359588658
0.5406968993848518
0.5237697253916593
0.5433959374773197
0.516036802307831
0.6427159681123453
0.5003008742455773
0.6029458943788343
0.620928520615818
0.5487030765395517
0.5257210773173944
0.540696897916456
0.5362702193848731
0.5178901587255743
0.5504802690346756
0.5394444828593656
0.5273098213944949
0.5406969047357911
0.5729118226340929
0.5480249115178606
0.4952162883898047
0.4998003072880385
0.5531331908279922
0.4826028036084542
0.49899506954162104
0.49006725087578795
0.49166596958265835
0.6040533704778931
0.6331726318103141
0.5897604140505899
0.5092904639072757
0.5045887132455054
0.5427787278789895
0.6541821661167462
0.637847537252545
0.5097335612987112
0.5627689826586784
0.6399865464121379
0.5614628351600388
0.6343607027709908
0.6541821622064729
0.5848372524614791
0.5099653849736749
0.5487030802407105
0.6378475421505103
0.5480249142815322
0.5529154441521649
0.5203945982238518
0.5352806784319774
0.6399865462144207
0.5365586098698749
0.5112861029534624
0.5099653859161187
0.5045887114388736
0.5897604110948845
0.49006725245217253
0.6158827640399535
0.6040533685908778
0.48260280304070696
0.6139593058097523
0.5729118249351537
1.1403972651701855
0.5794062337428876
0.5092904653605229
0.49166596432845927
0.5000369834826046
0.553133191060718
0.5854578916338651
0.5129519191793571
0.4952162851059795
0.6395811902595441
0.49127090595494827
0.6440741329879276
0.5178901592481779
0.49789746332679835
0.5149565886625871
0.4941714505331838
0.6072684142885993
0.5510016802965677
0.5325923806174027
0.6139593037935558
0.4904798042024777
0.57178013345811
0.4952162887100121
0.6567898706124213
0.5004530911135668
0.5391899173079662
0.5163828544879097
0.6136325940385642
0.4798256362709108
0.5942724042352778
0.8324482725871822
1.174471350921604
0.8324482724213274
0.5854578916338651
1.213224256968768
0.5780540302327885
1.174471350921604
0.5365586087395786
0.5780540304818135
0.47884097251787644
0.8324482725871822
0.5942724032400597
0.5129519191793571
0.6230963029901988
0.5361726009698472
0.8324482724213274
0.6158827640399535
0.5097335611670687
0.6029458967727839
0.5155415594260431
0.5099653826367834
0.5391899181665722
0.6136325945658846
0.6325868503068481
0.501115724284204
0.6118316987551977
0.5039371353433812
0.5917895555031244
0.5092904636470819
0.6331726329999258
0.535280678293813
0.5379679338106527
0.5565818346635646
0.5093373633860381
0.5257210831067368
0.5510016768288769
0.5531331912042858
0.48895144033478044
0.5257210766308209
0.5391899173079662
0.5897604124236189
0.6399865464121379
0.8324482724213274
0.6072684142885993
0.5480249124950485
0.5510016802965677
0.5309320509099558
0.5077604829097269
0.5182798752666886
0.5163828544879097
0.5203945940195637
0.5284793472862306
0.5210643141556233
0.500300874361178
0.6638401829443026
0.5160368037847
0.5391899192207619
0.6440741349128255
0.5163828598681472
0.5531331910048469
0.4952162851059795
0.4952162887100121
0.5129519173235328
0.5004530888382888
0.4912709079396531
0.491665969320136
0.5614628345220354
0.6397402401746936
0.6297240806294764
0.5362702211562651
0.5565818346635646
0.5257210766308209
0.5284793477242336
0.5622121643641366
0.5135208332259459
0.5273098201084853
0.5854578919377428
0.6567898674331949
0.6395811902477672
0.5092904636470819
0.5000369786954041
0.6075623254783225
0.6075623276508724
0.5309320514163665
0.6325868521963304
0.6440741329879276
0.5391899173079662
0.6364342165022374
0.6264530095748067
0.5406932500852538
0.5917895531896737
0.6325868545763149
0.5182798776999588
0.5077604907647619
0.553133191060718
0.5482801886714961
0.6364342185825747
0.5715217358966505
0.5254871526023398
0.5379679338106527
0.5715217357269403
0.5254871541242205
0.5427787308233321
0.6840182286143057
0.5529154452768843
0.5371915318285057
0.5369203896064526
0.5371915317186668
0.5584042693907645
0.5893084644939622
0.5552413295231862
0.6078083761233124
0.613632596943162
0.5504802764461116
0.6343606995192603
0.4998003159712467
0.5893084684425434
0.5823216408781448
0.5565818381591964
0.6072684130400123
0.4998003154667583
0.5644131712102061
0.6118316993563498
0.6075623276508724
0.5394444824801877
0.6541821661167462
0.4798256362709108
0.5552413297381853
0.5433959435816693
0.5039371409004296
0.5099653815089688
0.5112860981414229
0.6406695731448414
0.6399865463920796
0.5942724032400597
0.5097335611670687
0.5203945944258754
0.6537899829079957
0.5622121634576234
0.5848372502238621
0.5365586082037321
0.526536522152097
0.504594865824376
0.5365586087395786
0.5045948653430536
0.5113132937356457
0.6297240854483954
0.5149565831895939
0.5480249124950485
0.5210643115811378
0.5265365161693643
0.6325868521963304
0.6158827648574369
0.5097335612987112
0.8324482725871822
0.6230963043294159
0.5361725999859486
0.5228814435358051
0.5155415605058551
0.5045887129653204
0.5112860990166188
0.4798256348681992
0.5644131682965655
0.49899507659186254
0.4889514428196629
0.4900672521839824
0.5149339972429858
0.5839837694601543
0.5223098902223798
0.5839837682515973
0.5729118260819549
0.5897770323821014
0.5717801338553973
0.6641393195196601
1.1913899566045596
0.6519777669461089
0.5155415592206039
0.5494253583640785
0.5232510038091588
0.48895143906631505
0.5823216468095831
0.49810892602017065
0.497897468536053
0.586593930447755
0.5494253604580996
0.6488783606474069
0.5237697253793122
0.5897770280026928
0.5113132891735344
0.5325923821990693
0.5823216469117296
0.5093373595359183
0.6455938764138411
0.5794062327120302
0.5340220298624518
0.6519777684059651
0.48260280286392626
0.507756907768664
0.498108928137484
0.5011157219194667
0.5292230652437706
0.6840182313540102
0.5394444824801877
0.6588123920014257
0.6158827648574369
1.1690868536481864
0.5897604124236189
0.6397402406096464
1.1690868535675079
0.6209285129984774
1.1403972651085983
0.51128610209015
0.684018232472332
0.5230492721302047
0.6072684134549572
0.5920095067593042
0.5284793496040374
0.691941590525823
0.5362702209626511
0.5854578898902567
0.6397402405186722
0.5614628337187952
0.548703080673034
0.5149339973747977
0.6378475376775529
0.516382854749273
0.6343607011317451
0.5077604843742904
0.5292230672527646
0.5627689829856601
0.491900613747752
0.6638401814222616
0.504588713261598
0.5427787277945587
0.5230492734452432
0.5565818331834899
0.5072187732400817
0.5325923845660294
0.536270222413152
0.49417144523804757
0.4952162842636968
0.49789746708587923
0.5178901580220543
0.5309320514163665
0.6588123920014257
0.637847537252545
0.5942724042352778
0.5920095078426217
0.552915441805177
0.511313288042369
0.6209285129984774
0.5494253604580996
0.5920095067593042
0.5717801338553973
1.1690868535675079
0.586593930447755
0.6519777669461089
1.1403972651085983
0.6488783606474069
1.1913899566045596
0.491665969320136
0.5943700919527574
0.5970886682400575
0.5917895531896737
0.6638401829443026
0.5897770323821014
0.6397402406096464
0.497897468536053
0.5729118260819549
0.6641393195196601
0.5160368037847
0.6440741329879276
1.1690868536481864
0.5627689826586784
1.174471350921604
1.1403972651701855
0.5848372502238621
0.5794062337428876
0.5411763547689977
0.6209285131805945
0.4919006144462885
0.6440741324906034
0.6488783613298795
0.5273098201084853
0.534022032867627
0.57178013345811
0.6541821622064729
0.5394444828593656
0.5529154441521649
0.5433959374773197
0.6343607027709908
0.5504802690346756
0.5003008742455773
0.5848372524614791
0.5273098213944949
0.6427159681123453
0.47982563610719176
0.5371915350542527
0.5369203927814956
0.4998003078425904
0.5324214678656216
0.5237697253916593
0.5614628351600388
0.5178901587255743
0.5406968993848518
0.516036802307831
0.4800311322234817
0.6075623254783225
0.6840182313540102
0.5427787278789895
0.6136325940385642
0.5943700916605332
0.5371915338688728
0.5077569068665282
0.5232510013107536
0.5230492721346419
0.5230492733024927
0.5369203880461628
0.5970886677147123
0.536920390913092
0.4981089278098925
0.5232510019188619
0.491900613747752
0.5920095078426217
0.5072187732400817
0.5627689829856601
0.6638401814222616
0.5324214652806154
0.5292230672527646
0.586593930492801
0.5494253601903063
0.4907084886320747
0.49070848680039963
0.49047980658707163
0.4904798042024777
0.5011157219194667
0.48260280286392626
0.48895143906631505
0.5292230652437706
0.6488783606474069
0.497897468536053
0.5011157229898474
0.6488783583891369
0.5292230630957109
0.4889514421040511
0.48260280304070696
0.49789746332679835
0.498108928137484
0.49810892602017065
0.5494253583640785
0.5494253604580996
0.5077569076946868
0.5794062322947501
0.522881441871744
0.5113132924191095
0.5039371353433812
0.5510016768288769
0.5237697234741113
0.5039371347269136
0.4900672500215477
0.4919006144462885
0.5823216406027848
0.5077569083353384
0.5865939255504282
0.5155415594260431
0.5232510014996601
0.5077569068665282
0.5039371409004296
0.511313288042369
0.5228814435358051
0.5794062337428876
0.5510016802965677
0.507756907768664
0.5823216468095831
0.5155415592206039
0.586593930447755
0.5039371403433525
0.5237697224152099
0.49190061441198407
0.49006725245217253
0.5232510038091588
0.6364342180159022
0.6364342158854984
0.632586853318338
0.6325868503068481
0.6075623272714472
0.6075623293969394
0.6331726310498502
0.5780540277689746
0.5480249121199048
0.5265365190640598
0.4989950694222445
0.5361725992181778
0.4800311322234817
0.4998003078425904
0.47982563610719176
0.5324214678656216
0.6118316962269932
0.5406969029092366
0.5627689826968817
0.4989950754352341
0.5369203927814956
0.585457890206018
0.5379679324829614
0.832448271555648
0.5365586092487908
0.47982563543314966
0.6136325978405249
0.5254871526023398
0.5362702209626511
0.6399865462144207
0.5361726009698472
0.5371915350542527
0.5433959420157299
0.632586853318338
0.6331726332647709
0.4989950754352341
0.5265365241949921
0.5480249142815322
0.5780540302327885
0.5361726009698472
0.540696897916456
0.6118316949973204
0.4989950694222445
0.5627689826586784
0.4998003159712467
0.48003113404414655
0.5324214630831937
0.4798256362709108
0.5369203896064526
0.5362702193848731
0.5254871551368921
0.5361725992181778
0.6399865464121379
0.5433959359588658
0.5371915317186668
0.5379679338106527
0.5854578898902567
0.5365586098698749
0.8324482724213274
0.6136325945658846
0.4798256348681992
0.6325868503068481
0.5092904639072757
0.509290465148708
0.5365586092487908
0.5365586098698749
0.4998003072880385
0.4998003154667583
0.5531331908279922
0.5531331912042858
0.5406932498719115
0.6264530041555916
0.5210643185827435
0.5482801927195311
0.49127090595494827
0.5004530911135668
0.5584042685454083
0.5644131674872718
0.5644131702281026
0.5970886682400575
0.5917895536386633
0.5160367999643972
0.6638401816143644
0.49166596432845927
0.5970886635473011
0.6919415882839506
0.5715217370086663
0.6230963005527256
0.535280678293813
0.5552413280962774
0.5943700926296799
0.6364342185825747
0.5284793496040374
0.5203945982238518
0.5129519191793571
0.5584042685847034
0.500300873748527
0.6364342180159022
0.5943700921902679
0.527309818922901
0.5848372509842588
0.5324214630831937
0.6078083736709354
0.6427159669227178
0.591789553740957
0.5003008741378695
0.5352806781254567
0.5000369827243716
0.5045948662423694
0.47884097251787644
0.5893084613623458
0.5324214612149519
0.5482801888287677
0.5129519190394163
0.491665964543924
0.5406932500852538
0.4912709079396531
0.5482801886714961
0.5210643141556233
0.6264530095748067
0.5004530888382888
0.5160368037847
0.5917895531896737
0.491665969320136
0.6638401829443026
0.5644131702281026
0.5584042685847034
0.5970886635473011
0.5644131674872718
0.5970886682400575
0.5284793472862306
0.6364342165022374
0.5129519173235328
0.5203945940195637
0.500300874361178
0.5584042685454083
0.5715217358966505
0.691941590525823
0.5352806784319774
0.6230963029901988
0.5943700919527574
0.5552413299891414
0.6364342158854984
0.5000369780843588
0.5352806786811705
0.4788409737372216
0.5045948647739207
0.5324214652806154
0.5893084657284764
0.5129519181232327
0.5482801861260771
0.5273098213944949
0.5943700916605332
0.5324214678656216
0.5848372524614791
0.6427159681123453
0.6078083761233124
0.5003008742455773
0.5917895555031244
0.49166596958265835
0.5552413295231862
0.5552413297381853
0.5893084684425434
0.5893084644939622
0.6078083761233124
0.6078083736709354
0.5584042693907645
0.5584042697856589
0.5970886639208356
0.5970886677147123
0.4912709050888148
0.5129519190394163
0.6440741324906034
0.5284793499919738
0.5794062327120302
0.491665964543924
0.4952162842636968
0.5160367994267224
0.48260280350252677
0.5531331912042858
0.5003008741378695
0.4900672521839824
0.5182798779786069
0.5729118260819549
0.5237697253793122
0.5324214612149519
0.5369203880461628
0.5273098185264441
0.49899506954162104
0.4798256348681992
0.500300873748527
0.5361725999859486
0.5394444831165771
0.5627689829856601
0.536270222413152
0.4998003154667583
0.6427159669227178
0.49899507659186254
0.5504802768630397
0.5406968993848518
0.5406969047357911
0.5433959420157299
0.5480249124950485
0.5433959435816693
0.548703080673034
0.5970886677147123
0.6638401814222616
0.5644131682965655
0.6488783613298795
0.5917895555031244
0.5584042697856589
0.586593930492801
0.6264530094811694
1.1913899566045596
0.5823216469117296
0.49166596958265835
0.5970886639208356
0.5494253601903063
0.5004530895829208
0.6519777684059651
0.49810892507594207
0.5482801861260771
0.57178013345811
0.5232510019188619
0.5839837694601543
0.6078083761233124
0.6078083736709354
0.5324214652806154
0.5893084613623458
0.6427159681123453
0.4998003072880385
0.5552413299891414
0.5848372502238621
0.5371915338688728
0.6343607011317451
0.5893084657284764
0.5273098201084853
0.536920390913092
0.5504802703912444
0.552915441805177
0.5352806781254567
0.5565818331834899
0.5715217370622576
0.5039371347269136
0.5379679338106527
0.6364342185825747
0.6325868521963304
0.5715217357269403
0.5917895531896737
0.6364342165022374
0.5092904639072757
0.5943700921902679
0.5155415605058551
0.6567898676188364
0.5011157219194667
0.5077569076946868
0.5254871526023398
0.5391899173079662
0.6075623276508724
0.5406932500852538
0.4998003159712467
0.5917895536386633
0.5365586082037321
0.5565818367291882
0.4998003078425904
0.5379679324829614
0.5039371403433525
0.5365586087395786
0.6325868545763149
0.5352806786811705
0.6118316962269932
0.5092904636470819
0.613632596943162
0.6331726310498502
0.5099653849736749
0.5273098213944949
0.5552413295231862
0.491900613747752
0.5622121634576234
0.6488783606474069
0.5039371353433812
0.5715217358966505
0.6440741329879276
0.6075623254783225
0.6264530095748067
0.5000369780843588
0.5411763547689977
0.5232510013107536
0.49070848680039963
0.5309320514163665
0.5644131702281026
0.491665969320136
0.47982563610719176
0.4989950694222445
0.51128610209015
0.504588713261598
0.5893084613623458
0.6343607011317451
0.5552413299891414
0.6264530094811694
0.6136325945658846
0.5584042685847034
0.6230963043294159
0.684018232472332
1.1690868535675079
0.691941590525823
0.4998003072880385
0.6078083736709354
0.5644131682965655
0.5371915338688728
0.5823216469117296
0.5584042697856589
0.5371915350542527
0.6072684142885993
0.5552413297381853
0.6840182313540102
0.5369203896064526
0.5970886635473011
0.5045948653430536
0.5230492721302047
0.6343607027709908
0.5352806784319774
0.5232510038091588
0.5942724032400597
0.5482801886714961
0.6588123920014257
0.5369203927814956
0.5565818346635646
0.5893084684425434
0.5427787278789895
0.5529154441521649
0.6427159681123453
0.6078083761233124
0.6638401814222616
0.5848372502238621
1.1913899566045596
0.5917895555031244
0.5943700919527574
1.1403972651701855
0.5943700916605332
1.1690868536481864
0.5324214652806154
0.6488783613298795
0.5970886677147123
0.586593930492801
0.5920095078426217
0.5970886682400575
0.6638401829443026
0.5324214678656216
0.5627689826586784
0.5920095067593042
0.5072187732400817
0.540696897916456
0.5584042685454083
0.5203945944258754
0.5614628337187952
0.5823216468095831
0.6364342158854984
0.507756907768664
0.5854578916338651
0.6364342165022374
0.691941590525823
0.4800311322234817
0.501115724284204
0.5584042693907645
0.5077569068665282
0.5614628351600388
0.498108928137484
0.4952162851059795
0.5129519173235328
0.5362702209626511
0.5113132891735344
0.5178901587255743
0.5160368037847
0.6519777669461089
0.5003008742455773
0.5794062337428876
0.6397402406096464
0.5292230672527646
0.497897468536053
0.5482801888287677
0.5077604843742904
0.5406932517207763
0.49070848732034805
0.6325868503068481
0.6364342180159022
0.5228814435358051
0.6075623272714472
0.586593930447755
0.507756907768664
0.5531331908279922
0.591789553740957
0.4889514428196629
0.5391899201268535
0.5093373595359183
0.5011157240474825
0.632586853318338
0.5510016802965677
0.5039371409004296
0.5155415592206039
0.5371915317186668
0.5943700926296799
0.5265365161693643
0.5427787300722032
0.5504802690346756
0.6331726318103141
0.6075623293969394
0.5097335611670687
0.5254871541242205
0.5427787277945587
0.6136325978405249
0.5257210766308209
0.6118316993563498
0.6029458943788343
0.5099653859161187
0.5003008742455773
0.5584042693907645
0.5292230672527646
0.5203945944258754
0.6519777669461089
0.501115724284204
0.6364342158854984
0.5794062337428876
0.5077569068665282
0.5823216468095831
0.5129519181232327
0.534022032867627
0.4981089278098925
0.5093373590666869
0.511313288042369
0.5584042685454083
0.5160368037847
0.4800311322234817
0.540696897916456
0.5614628337187952
0.5178901580220543
0.5362702193848731
0.6919415882839506
0.5113132937356457
0.5614628334890175
0.49810892602017065
0.5077569083353384
0.6364342180159022
0.5129519191793571
0.6364342185825747
0.5584042685847034
0.585457890206018
0.5093373633860381
0.5823216408781448
0.5011157229898474
0.5203945982238518
0.5823216406027848
0.4952162887100121
0.5854578919377428
0.5406969029092366
0.5203945991355318
0.6040533704778931
0.5284793472862306
0.5897770323821014
0.5237697253916593
0.48260280304070696
0.5284793496040374
0.5325923845660294
0.48260280286392626
0.5433959359588658
0.5552413280962774
0.5210643115811378
0.6541821631284517
0.5839837682515973
0.540693252873738
0.6075623272714472
0.6158827640399535
0.5715217357269403
0.684018232472332
0.47982563543314966
0.48895144033478044
0.5644131712102061
0.5155415612396315
0.5112861029534624
0.5232510014996601
0.5163828544879097
0.5000369786954041
0.5487030802407105
0.5309320511106261
0.5045887132455054
0.500300874361178
0.6641393195196601
0.516036802307831
0.5729118249351537
0.6397402405186722
0.49789746708587923
0.5292230652437706
0.5237697234741113
0.5325923806174027
0.5284793477242336
0.5237697224152099
0.5284793499919738
0.4826028036084542
0.5325923839214224
0.6455938764138411
0.47884097251787644
0.5942724042352778
0.5000369834826046
0.5780540304818135
0.8324482724213274
0.5129519191793571
0.8324482725871822
0.6158827640399535
1.174471350921604
0.5854578916338651
0.5365586098698749
0.5324214630831937
0.4798256348681992
0.5265365241949921
0.5854578898902567
0.48003113404414655
0.5361726009698472
0.8324482724213274
0.4798256362709108
0.5780540302327885
0.4798256362709108
0.49166596432845927
0.5365586087395786
0.5045887114388736
0.6136325940385642
0.5092904653605229
0.49006725245217253
0.8324482725871822
0.553133191060718
0.5897604110948845
0.4989950754352341
0.5379679338106527
0.4998003159712467
0.6331726332647709
0.5480249142815322
0.5848372524614791
0.5893084644939622
0.5627689829856601
0.6537899829079957
1.1403972651085983
0.6118316987551977
0.6230963029901988
1.174471350921604
0.6136325940385642
1.213224256968768
0.5045948647739207
0.6440741324906034
0.5369203880461628
0.6395811907517713
0.5942724042352778
0.5644131674872718
0.5917895531896737
0.4998003078425904
0.6118316949973204
0.6072684134549572
0.5565818331834899
0.5480249142815322
0.5482801927195311
0.6399865463920796
0.6297240868324288
0.6072684134549572
0.5254871570169318
0.5228814435358051
0.8324482725871822
0.6325868521963304
0.6230963043294159
0.5265365190640598
0.5391899181665722
0.5371915318285057
0.6567898715123269
0.5097335612987112
0.4889514421040511
0.553133191060718
0.5531331910048469
0.525721083076971
0.5510016775471823
0.5257210773173944
0.5210643141556233
0.5717801338553973
0.5433959374773197
0.6139593058097523
0.6158827648574369
0.516382854749273
0.48895143906631505
0.5627689826586784
0.5970886682400575
0.5848372502238621
0.5920095067593042
1.1690868536481864
0.5943700919527574
0.586593930447755
1.174471350921604
0.5917895531896737
1.1690868535675079
0.5324214678656216
0.5917895555031244
0.6078083761233124
0.5943700916605332
0.5848372524614791
0.5494253604580996
0.6440741329879276
0.491665969320136
0.6209285129984774
0.5717801338553973
0.5273098213944949
0.6638401829443026
1.1913899566045596
0.6427159681123453
1.1403972651701855
1.1403972651085983
0.6638401814222616
0.6488783606474069
0.5292230652437706
0.5729118249351537
0.500300874361178
0.6397402405186722
0.5794062327120302
0.516036802307831
0.5340220298624518
0.6641393195196601
0.6399865464121379
0.535280678293813
0.5480249124950485
0.5099653826367834
0.5897604124236189
0.6331726329999258
0.6325868503068481
0.8324482724213274
0.5379679338106527
0.6136325945658846
0.5365586092487908
0.5531331912042858
0.4998003154667583
0.509290465148708
0.5365586098698749
0.5155415594260431
0.5391899173079662
0.5092904636470819
0.6029458967727839
0.5391899181665722
0.5092904639072757
0.5203945940195637
0.5729118260819549
0.5406968993848518
0.6040533685908778
0.5854578898902567
0.4952162842636968
0.5011157219194667
0.5113132924191095
0.4941714505331838
0.5362702211562651
0.517890159261444
0.5129519190394163
0.4952162883898047
0.5093373613104624
0.5325923821990693
0.4919006144462885
0.57178013345811
0.5273098201084853
0.6209285131805945
0.6440741324906034
0.49166596958265835
0.5411763547689977
0.6519777684059651
0.5897770313261244
0.5004530912292315
0.516382854749273
0.5210643162315594
0.490479804516025
0.5391899181665722
0.5203945991355318
0.5510016775471823
0.5309320511106261
0.5717801338553973
0.5113132891735344
0.4952162883898047
0.6638401798431721
0.4978974629010563
0.5163828605377546
0.5325923821990693
0.5292230654628853
0.5077604919089029
0.4941714505331838
0.4919006145533861
0.5149339972429858
0.5371915318285057
0.5848372502871058
0.5361725992121029
0.5529154437223278
0.5433959374773197
0.5480249115178606
0.6541821667678789
0.6399865463920796
0.6399865478130746
0.6378475376775529
0.634360698152933
0.5362702211562651
0.562768983083254
0.5487030770097845
0.6378475429311208
0.516036802307831
0.5644131712102061
0.49789746708587923
0.5210643115811378
0.6641393195196601
0.48895144033478044
0.540693252873738
0.5729118249351537
0.5155415612396315
0.5839837682515973
0.49127090584025107
0.5897770313261244
0.5494253584073863
0.522309890266468
0.514933996495721
0.5552413280962774
0.500300874361178
0.47982563543314966
0.5433959359588658
0.6541821631284517
0.5394444826844289
0.5257210773173944
0.6230963013228125
0.551001677081669
0.6297240826920969
0.48895143906631505
0.522881441871744
0.5254871541242205
0.553133191060718
0.6325868545763149
0.5482801886714961
0.6395811887775664
0.5093373613104624
0.5865939261487744
0.4907084886320747
0.5077604907647619
0.6072684126525264
0.5531331910048469
0.8324482713039536
0.5480249121199048
0.6399865478130746
0.5897604121527255
0.5135208332259459
0.5340220298624518
0.49006725087578795
0.4904798042024777
0.5182798776999588
0.5223098955377692
0.4900672500215477
0.5504802703912444
0.5893084657284764
0.5004530895829208
0.552915441805177
0.5839837694601543
0.5482801861260771
0.5427787277945587
0.5897604110948845
0.5352806786811705
0.6588123920014257
0.536920390913092
0.49810892507594207
0.5970886639208356
0.5232510019188619
0.5230492721346419
0.5230492734452432
0.5077604829097269
0.4788409737372216
0.637847537252545
0.6378475376775529
0.5230492733024927
0.5273098201084853
0.6519777684059651
0.49166596958265835
0.57178013345811
0.6209285131805945
0.5494253601903063
0.4919006144462885
0.5178901580220543
0.5093373590666869
0.5129519181232327
0.511313288042369
0.536270222413152
0.4981089278098925
0.49417144523804757
0.534022032867627
0.5182798750139429
0.626453004073838
0.49047980819589665
0.5309320512234337
0.5223098902223798
0.4907084895480914
0.6075623293969394
0.49006725245217253
0.5039371403433525
0.5232510038091588
0.6440741347380369
0.5340220304204807
0.6488783587891176
0.5411763504184333
0.49190061441198407
0.6840182281758652
0.5182798752666886
0.5780540281409735
0.5487030765395517
0.6541821667678789
0.6209285209211093
0.5284793477242336
0.6455938764138411
0.4826028036084542
0.5325923806174027
0.5237697224152099
0.5897770274687912
0.5237697234741113
0.6397402400455394
0.5340220273652391
0.579406231176074
0.5292230630957109
0.500300873748527
0.6519777656867927
0.5729118222040562
0.6455938725363235
0.5394444826844289
0.522309890266468
0.49127090584025107
0.514933996495721
0.5394444831165771
0.5494253584073863
0.5149339973913576
0.5897770313261244
0.5897770274687912
0.5097335612987112
0.504594865824376
0.5361725999859486
0.6406695731448414
0.6158827648574369
0.526536522152097
0.5097335611670687
0.8324482725871822
0.5365586087395786
0.5942724032400597
0.5045948662423694
0.5129519190394163
0.5324214612149519
0.5000369827243716
0.47884097251787644
0.5112860981414229
0.6325868521963304
0.5365586082037321
0.5099653815089688
0.6399865463920796
0.5352806781254567
0.5622121643641366
0.5794062327120302
0.49899506954162104
0.6139593037935558
0.5780540304818135
0.4912709050888148
0.5039371347269136
0.5149565845798696
0.5510016775471823
0.5361725992121029
0.514956590263834
0.5361725999859486
0.5004530912292315
0.551001677081669
0.490479804516025
0.5072187732400817
0.586593930492801
0.5324214652806154
0.5920095078426217
0.5627689829856601
0.5970886677147123
0.491900613747752
0.6488783613298795
0.49789746708587923
0.5112860990166188
0.4900672521839824
0.49899507659186254
0.5045887129653204
0.4798256348681992
0.491665964543924
0.5155415605058551
0.48260280350252677
0.4978974629010563
0.5494253601903063
0.5000369827243716
0.6395811907517713
0.5135208409678416
0.6139593037935558
0.5854578898902567
0.5284793496040374
0.6158827648574369
0.6397402405186722
1.1403972651085983
0.6397402406096464
0.509290465148708
0.527309818922901
0.5045887129653204
0.525721083076971
0.6040533685908778
0.5178901592481779
0.5362702209626511
0.5897604124236189
0.5394444824801877
0.6209285129984774
0.48003113404414655
0.5160367999643972
0.526536522152097
0.517890159261444
0.6118316987551977
0.5257210831067368
0.5237697224152099
0.5780540304818135
0.5182798776999588
0.6209285131805945
0.5406969029092366
0.6331726329999258
0.5504802764461116
0.6029458967727839
0.5487030802407105
0.5943700916605332
0.5552413297381853
0.5920095078426217
0.6230963043294159
1.1403972651701855
0.6072684142885993
0.691941590525823
1.1690868536481864
0.6840182313540102
1.1690868535675079
0.5352806786811705
0.6209285131805945
0.5230492721346419
0.5897604110948845
0.6588123920014257
0.5584042685847034
0.5943700919527574
0.5371915350542527
0.6136325945658846
0.684018232472332
0.5427787277945587
0.6331726332647709
0.5406932498719115
0.5099653815089688
0.6567898715123269
0.6118316949973204
0.5254871551368921
0.5077569068665282
0.6136325940385642
0.6075623254783225
0.5943700916605332
0.6331726310498502
0.6029458967727839
0.5427787308233321
0.6331726332647709
0.5427787278789895
0.5011157229898474
0.5092904653605229
0.5391899192207619
0.509290465148708
0.5155415612396315
0.6029458943788343
0.5406932500852538
0.6209285129984774
0.6541821622064729
0.5780540302327885
0.6840182313540102
0.548703080673034
0.5155415592206039
0.6118316949973204
0.5644131674872718
0.6537899829079957
0.6072684134549572
1.213224256968768
0.6230963029901988
0.5823216468095831
1.213224256968768
0.6264530095748067
1.1690868536481864
0.4998003078425904
0.6118316987551977
0.5893084644939622
0.6136325940385642
0.6343607027709908
0.49810892602017065
0.6395811902595441
0.5004530888382888
0.5897604124236189
0.5839837682515973
0.5504802690346756
0.5917895531896737
1.1403972651085983
0.5848372524614791
1.174471350921604
1.1690868535675079
0.5627689829856601
0.586593930447755
0.5011157219194667
0.6040533685908778
0.5203945940195637
0.5854578898902567
0.5823216469117296
0.5406968993848518
0.5093373595359183
0.5729118260819549
0.5254871551368921
0.5715217370086663
0.6297240854483954
0.5254871570169318
0.6395811902595441
0.6567898706124213
0.6364342158854984
0.6230963029901988
0.5715217358966505
0.5943700919527574
0.5379679324829614
0.5257210831067368
0.5565818381591964
0.5092904653605229
0.5352806784319774
0.5077569083353384
0.6567898706124213
0.6567898674331949
0.6331726329999258
0.540693252873738
0.6331726318103141
0.6364342165022374
0.6397402406096464
0.5614628351600388
0.5854578916338651
0.691941590525823
0.536270222413152
0.507756907768664
0.5077569076946868
0.5178901592481779
0.5614628345220354
0.48003113404414655
0.5584042697856589
0.5406969047357911
0.5011157240474825
0.5237697253793122
0.5039371347269136
0.6139593037935558
0.5622121643641366
0.5780540304818135
0.6264530094811694
0.49899506954162104
0.49070848732034805
0.5794062327120302
0.48260280350252677
0.5780540302327885
0.49127090595494827
0.5942724032400597
0.6139593058097523
1.213224256968768
0.6395811902595441
0.5794062337428876
1.174471350921604
0.6440741329879276
1.1403972651701855
0.4989950694222445
0.6136325945658846
0.5369203896064526
0.6118316949973204
0.5627689826586784
0.48260280304070696
0.5854578916338651
0.4952162851059795
0.6040533685908778
0.5729118249351537
0.540696897916456
0.6264530095748067
1.1690868535675079
0.6343607027709908
1.213224256968768
1.1690868536481864
0.6343607011317451
0.5823216468095831
0.49070848680039963
0.5897604110948845
0.5077604829097269
0.6395811907517713
0.586593930492801
0.5504802703912444
0.5093373590666869
0.5839837694601543
0.6488783606474069
1.1403972651701855
0.6638401829443026
1.1403972651085983
1.1913899566045596
0.6427159681123453
0.6519777669461089
1.1913899566045596
0.6519777684059651
0.5039371353433812
0.6072684142885993
0.5565818346635646
0.6118316987551977
0.5917895555031244
0.4998003072880385
0.501115724284204
0.5823216469117296
0.49810892507594207
0.6488783613298795
0.6567898715123269
0.5622121666598985
0.514956590263834
0.6297240868324288
0.6139593058097523
0.5149565886625871
0.5614628337187952
0.6072684134549572
0.51128610209015
0.5920095067593042
0.5565818367291882
0.517890159261444
0.5072187709876614
0.5045887114388736
0.5230492721302047
0.5614628334890175
0.5254871570169318
0.509733562215837
0.5099653826367834
0.6541821631284517
0.5427787300722032
0.5715217357269403
0.6397402405186722
0.5112861029534624
0.6158827640399535
0.684018232472332
0.5394444831165771
0.6075623272714472
0.6567898676188364
0.525721083076971
0.5097335619893206
0.5265365241949921
0.5371915338688728
0.5504802768630397
0.5391899201268535
0.5182798779786069
0.5565818331834899
0.6395811907517713
0.5045948647739207
0.5942724042352778
0.6343607011317451
0.5369203880461628
0.5077604843742904
0.6440741324906034
0.4952162842636968
0.5715217370622576
0.5135208409678416
0.562212167419224
0.5000369834826046
0.5552413299891414
0.5273098185264441
0.5406932517207763
0.5284793499919738
0.5160367994267224
0.4912709050888148
0.5622121634576234
0.6230963043294159
0.5045948653430536
0.6537899829079957
0.5848372502238621
0.5893084613623458
0.5203945944258754
0.6264530094811694
0.5004530895829208
0.6638401814222616
0.5644131682965655
0.49127090584025107
0.4952162883898047
0.49166596958265835
0.4826028036084542
0.516036802307831
0.6440741347380369
0.5129519181232327
0.579406231176074
0.5284793477242336
0.5531331908279922
0.5729118226340929
0.5182798750139429
0.49006725087578795
0.5003008742455773
0.5237697253916593
0.6638401798431721
0.5970886639208356
0.6488783587891176
0.5644131712102061
0.491665964543924
0.6519777656867927
0.5004530912292315
0.5494253584073863
0.5970886677147123
0.4981089278098925
0.591789553740957
1.1913899557962835
0.626453004073838
0.5865939261487744
0.5584042693907645
0.5823216408781448
0.5717801316547687
0.5482801888287677
0.583983764897624
0.5232510013107536
0.536920390913092
0.5324214652806154
0.49899507659186254
0.5273098201084853
0.4998003072880385
0.5406969047357911
0.5504802703912444
0.49899506954162104
0.6427159681123453
0.5406968993848518
0.47982563543314966
0.562768983083254
0.5394444826844289
0.5361725992121029
0.500300874361178
0.5362702211562651
0.5480249115178606
0.5433959359588658
0.5487030770097845
0.5433959374773197
0.6078083736709354
0.6427159669227178
0.5893084657284764
0.5324214612149519
0.6078083761233124
0.4998003154667583
0.5273098185264441
0.5893084613623458
0.5504802768630397
0.5369203880461628
0.5848372502871058
0.5552413280962774
0.634360698152933
0.5371915318285057
0.5529154437223278
0.634360698152933
0.5893084657284764
0.626453004073838
0.5552413280962774
0.4998003154667583
0.5823216408781448
0.5371915318285057
0.5644131712102061
0.6078083761233124
0.5584042693907645
0.6136325978405249
1.1690868515673605
0.6840182281758652
0.6230963013228125
0.5584042685454083
0.6919415882839506
0.6072684130400123
0.5371915317186668
0.6840182286143057
0.5552413295231862
0.6427159669227178
1.1913899557962835
0.5848372502871058
0.6638401798431721
0.6078083736709354
0.591789553740957
0.6488783587891176
0.5324214612149519
0.5865939261487744
0.5970886639208356
1.140397265891904
0.5943700926296799
1.169086851486682
0.5943700921902679
0.5920095102118879
0.5369203927814956
0.6343606995192603
0.5230492734452432
0.504594865824376
0.5970886682400575
0.535280678293813
0.5565818381591964
0.5369203896064526
0.5427787308233321
0.5893084644939622
0.5942724065601228
0.5232510014996601
0.6588123980510022
0.5482801927195311
0.5529154452768843
0.6638401816143644
0.5970886635473011
0.5627689826968817
0.5324214630831937
0.5072187709876614
0.5920095102884848
0.5565818367291882
0.5352806786811705
0.5039371403433525
0.5715217357269403
0.509290465148708
0.5011157229898474
0.6567898715123269
0.5155415612396315
0.5943700916605332
0.5077569068665282
0.5379679324829614
0.5917895536386633
0.5715217370622576
0.6325868545763149
0.6364342165022374
0.6364342185825747
0.5391899192207619
0.5254871551368921
0.5406932498719115
0.6075623254783225
0.527309818922901
0.6488783583891369
0.5622121666598985
0.4919006145533861
0.5552413297381853
0.5039371409004296
0.5411763504184333
0.5000369827243716
0.4907084886320747
0.5232510019188619
0.6440741349128255
0.5715217370086663
0.6264530041555916
0.6075623276508724
0.5309320509099558
0.4998003078425904
0.4998003159712467
0.5565818331834899
0.5365586087395786
0.5917895531896737
0.5379679338106527
0.5092904653605229
0.6118316949973204
0.6331726332647709
0.6136325940385642
0.5365586082037321
0.5039371347269136
0.5352806781254567
0.6325868521963304
0.5099653815089688
0.49166596432845927
0.5644131674872718
0.4989950754352341
0.4798256362709108
0.5045887114388736
0.5112860981414229
0.5406969029092366
0.5823216406027848
0.5614628334890175
0.5203945991355318
0.5584042685847034
0.6364342180159022
0.5011157240474825
0.48003113404414655
0.5077569076946868
0.5584042697856589
0.5854578919377428
0.5077569083353384
0.6919415882839506
0.6364342185825747
0.5614628345220354
0.6519777657811207
0.5160367999643972
0.5794062322947501
0.5003008741378695
0.5292230654628853
0.6397402401746936
0.4952162887100121
0.49810892602017065
0.5362702193848731
0.5129519191793571
0.5178901592481779
0.5113132937356457
0.49789746332679835
0.5942724079891883
0.4788409737372216
0.5780540281409735
0.5000369786954041
0.5365586092487908
0.585457890206018
0.5265365190640598
0.47982563543314966
0.5324214678656216
0.4800311322234817
0.832448271555648
1.1744713498320107
0.6158827636089849
0.8324482713039536
0.5129519173235328
0.5854578919377428
0.832448271555648
0.5361725992181778
0.5780540277689746
0.47982563610719176
0.5848372509842588
1.140397265953491
0.6537899811289857
0.562768983083254
0.5893084684425434
0.6118316993563498
0.6440741347380369
0.5045948662423694
0.6395811887775664
0.536920390913092
1.1744713498320107
0.6230963005527256
1.213224256089029
0.613632596943162
0.5942724079891883
0.47982563610719176
0.613632596943162
0.504588713261598
0.5365586082037321
0.491665969320136
0.5092904636470819
0.5379679324829614
0.4989950694222445
0.6331726310498502
0.4998003078425904
0.8324482713039536
0.4900672500215477
0.5897604121527255
0.5531331910048469
0.5480249121199048
0.5917895536386633
0.5644131702281026
0.6118316962269932
0.4998003159712467
0.5565818367291882
0.6072684126525264
0.5627689826968817
1.169086851486682
0.5920095102884848
0.5848372502871058
0.5970886635473011
0.5943700926296799
0.591789553740957
0.5324214630831937
0.5943700921902679
0.6078083736709354
1.1744713498320107
0.5865939255504282
1.1690868515673605
0.5917895536386633
0.5848372509842588
1.1913899557962835
0.6638401816143644
1.140397265891904
0.6427159669227178
0.6638401798431721
1.140397265953491
0.6440741349128255
0.5494253583640785
0.620928520615818
0.49166596432845927
0.527309818922901
0.5717801312218667
0.6488783583891369
0.5480249121199048
0.6072684126525264
0.6297240826920969
0.6399865478130746
0.5482801886714961
0.5254871541242205
0.5391899201268535
0.5265365241949921
0.6567898676188364
0.5371915338688728
0.8324482713039536
0.522881441871744
0.6230963013228125
0.6325868545763149
0.5097335619893206
0.5717801312218667
0.5210643185827435
0.6139593043321675
0.5433959435816693
0.5163828605377546
0.615882763845433
0.5531331910048469
0.48895143906631505
0.5257210773173944
0.553133191060718
0.525721083076971
0.551001677081669
0.4889514421040511
0.5729118222040562
0.5292230630957109
0.6397402400455394
0.500300873748527
0.5160367994267224
0.579406231176074
0.664139317222218
0.5340220273652391
0.5077604919089029
0.5482801861260771
0.4907084895480914
0.540693252873738
0.5531331912042858
0.5093373633860381
0.5391899181665722
0.48895144033478044
0.5917895555031244
0.501115724284204
0.632586853318338
0.5865939255504282
0.6075623293969394
0.522881441871744
0.6364342158854984
0.5077569083353384
0.5510016768288769
0.6325868503068481
0.5155415594260431
0.5039371353433812
0.5003008741378695
0.6519777657811207
0.5203945991355318
0.5292230654628853
0.5584042697856589
0.5011157240474825
0.5340220304204807
0.5129519190394163
0.5093373613104624
0.49810892507594207
0.5794062322947501
0.6364342180159022
0.5823216406027848
0.5077569076946868
0.5113132924191095
0.5371915350542527
0.5504802764461116
0.5427787277945587
0.526536522152097
0.5943700919527574
0.6331726329999258
0.5257210831067368
0.6136325945658846
0.6029458967727839
0.6118316987551977
0.509733562215837
0.6075623272714472
0.5427787300722032
0.5254871570169318
0.5099653826367834
0.5160367999643972
0.5584042685847034
0.5406969029092366
0.48003113404414655
0.517890159261444
0.5614628334890175
0.5433959420157299
0.5839837640472474
0.6541821667678789
0.5210643162315594
0.5552413299891414
0.5406932517207763
0.4889514428196629
0.4798256348681992
0.5155415605058551
0.5644131682965655
0.6158827636089849
0.6075623293969394
0.6840182281758652
0.5715217370622576
0.5112860990166188
0.664139317222218
0.500300873748527
0.5729118222040562
0.5160367994267224
0.4978974629010563
0.6397402400455394
0.5163828598681472
0.5232510038091588
0.5487030765395517
0.5000369834826046
0.5045887129653204
0.5309320512234337
0.5292230630957109
0.5362702209626511
0.498108928137484
0.5614628337187952
0.5113132891735344
0.691941590525823
0.507756907768664
0.5093373595359183
0.5854578898902567
0.5011157219194667
0.5823216469117296
0.5129519173235328
0.6364342158854984
0.5584042685454083
0.6364342165022374
0.5203945940195637
0.5897770280026928
0.5284793496040374
0.48260280286392626
0.5237697253793122
0.5325923821990693
0.5284793472862306
0.4952162851059795
0.5823216468095831
0.540696897916456
0.5854578916338651
0.6040533685908778
0.5203945944258754
0.48260280304070696
0.5325923839214224
0.5237697224152099
0.5237697234741113
0.5284793499919738
0.48260280350252677
0.5284793477242336
0.6455938725363235
0.5325923806174027
0.6399865462144207
0.5897604140505899
0.5099653859161187
0.5480249115178606
0.5352806784319774
0.6331726318103141
0.5531331908279922
0.5365586098698749
0.5092904639072757
0.4998003072880385
0.832448271555648
0.632586853318338
0.6136325978405249
0.5379679324829614
0.5365586092487908
0.5729118226340929
0.5203945982238518
0.6040533704778931
0.5406969047357911
0.4952162883898047
0.585457890206018
0.5391899192207619
0.5155415592206039
0.6029458943788343
0.5092904653605229
0.509290465148708
0.5391899201268535
0.5011157229898474
0.5717801316547687
0.49190061441198407
0.6209285209211093
0.5273098185264441
0.491665964543924
0.6440741347380369
0.6519777656867927
0.5411763504184333
0.49417144523804757
0.511313288042369
0.5178901580220543
0.536270222413152
0.4952162842636968
0.5129519181232327
0.5325923845660294
0.5093373590666869
0.5897770274687912
0.6395811887775664
0.5000369780843588
0.6139593015402627
0.5135208332259459
0.5092904639072757
0.6040533704778931
0.5257210773173944
0.5045887132455054
0.5273098213944949
0.5178901587255743
0.585457890206018
1.140397265953491
0.6397402400455394
0.615882763845433
0.5284793472862306
0.6397402401746936
0.5897604140505899
0.5362702193848731
0.620928520615818
0.5394444828593656
0.5943700921902679
1.140397265891904
0.6230963013228125
0.5920095102118879
0.5552413295231862
0.6072684130400123
0.6209285209211093
0.5352806781254567
0.5897604121527255
0.5230492733024927
1.169086851486682
0.6919415882839506
1.1690868515673605
0.6840182286143057
0.6588123980510022
0.4800311322234817
0.6118316993563498
0.5178901580220543
0.5265365161693643
0.5160368037847
0.5257210766308209
0.6331726318103141
0.540696897916456
0.6029458943788343
0.5504802690346756
0.5780540281409735
0.5237697234741113
0.6209285209211093
0.5182798752666886
0.5487030765395517
0.5943700926296799
0.5584042685454083
0.6136325978405249
0.5371915317186668
0.5427787300722032
0.6840182281758652
0.6118316962269932
1.213224256089029
0.6072684126525264
0.6537899811289857
0.5644131702281026
0.6230963005527256
0.6118316993563498
0.4998003159712467
0.613632596943162
0.5893084684425434
1.213224256089029
0.5823216406027848
1.169086851486682
0.6264530041555916
0.6343606995192603
1.140397265953491
0.5917895536386633
1.1744713498320107
0.5848372509842588
0.562768983083254
1.1690868515673605
0.6395811902477672
0.498108928137484
0.5897604140505899
0.5004530911135668
0.5504802764461116
0.5839837640472474
0.5865939255504282
0.6331726310498502
0.6118316962269932
0.6567898676188364
0.5099653849736749
0.5406932500852538
0.5254871526023398
0.6029458943788343
0.6331726332647709
0.6331726310498502
0.5427787278789895
0.613632596943162
0.5077569076946868
0.5943700921902679
0.6075623276508724
0.5427787308233321
0.620928520615818
0.5406932498719115
0.5780540277689746
0.6541821661167462
0.5487030770097845
0.6840182286143057
0.5092904636470819
0.5011157219194667
0.5092904639072757
0.5391899173079662
0.6029458967727839
0.5155415605058551
0.5155415594260431
0.6040533704778931
0.5011157229898474
0.585457890206018
0.5203945982238518
0.5406969047357911
0.5823216408781448
0.5729118226340929
0.5093373633860381
0.5780540277689746
1.213224256089029
0.6139593043321675
0.5942724065601228
0.4912709079396531
0.6395811902477672
0.6136325978405249
0.4989950754352341
0.6118316962269932
0.5369203927814956
1.1744713498320107
0.5794062322947501
1.140397265891904
0.6440741349128255
0.5627689826968817
1.1690868515673605
0.6264530041555916
1.213224256089029
0.6343606995192603
0.634360698152933
1.169086851486682
0.5854578919377428
0.48260280286392626
0.6040533704778931
0.4952162887100121
0.5406969029092366
0.5729118222040562
0.5823216406027848
1.140397265891904
0.6488783583891369
1.140397265953491
0.6638401816143644
0.6427159669227178
1.1913899557962835
1.1913899557962835
0.6519777657811207
0.5897604121527255
0.4907084886320747
0.6395811887775664
0.5077604907647619
0.5504802768630397
0.5865939261487744
0.583983764897624
0.5093373613104624
0.6519777656867927
0.5254871526023398
0.6395811902477672
0.5254871541242205
0.6297240806294764
0.5715217358966505
0.6567898674331949
0.5257210766308209
0.5379679338106527
0.5092904636470819
0.5565818346635646
0.6230963005527256
0.6364342180159022
0.5943700926296799
0.5715217370086663
0.535280678293813
0.6397402401746936
0.6364342185825747
0.5854578919377428
0.5614628345220354
0.5362702211562651
0.6919415882839506
0.6567898674331949
0.507756907768664
0.6331726318103141
0.6567898706124213
0.6331726329999258
0.5406932517207763
0.5077569083353384
0.6139593015402627
0.5039371403433525
0.5780540281409735
0.562212167419224
0.49899507659186254
0.626453004073838
0.579406231176074
0.4907084895480914
0.5178901587255743
0.5077569068665282
0.4800311322234817
0.5614628351600388
0.5406968993848518
0.5584042693907645
0.5237697253916593
0.501115724284204
0.4826028036084542
0.6072684130400123
0.5039371409004296
0.6118316993563498
0.5565818381591964
0.4998003154667583
0.591789553740957
0.5823216408781448
0.5011157240474825
0.6488783587891176
0.4981089278098925
0.5163828605377546
0.5004530895829208
0.49047980819589665
0.5210643115811378
0.4952162842636968
0.5325923845660294
0.516382854749273
0.49789746708587923
0.6638401814222616
0.5292230672527646
0.5391899201268535
0.5717801312218667
0.5309320512234337
0.551001677081669
0.5203945944258754
0.5113132937356457
0.49417144523804757
0.5077604843742904
0.5149339973747977
0.491900613747752
0.5160367994267224
0.664139317222218
0.5210643162315594
0.4978974629010563
0.5644131682965655
0.4889514428196629
0.5897770274687912
0.4912709050888148
0.5223098955377692
0.5494253601903063
0.5729118222040562
0.5406932517207763
0.5839837640472474
0.5155415605058551
0.5149339973913576
0.5371915338688728
0.5433959435816693
0.552915441805177
0.5361725999859486
0.5848372502238621
0.5480249124950485
0.536270222413152
0.6343607011317451
0.548703080673034
0.5627689829856601
0.6399865478130746
0.6541821631284517
0.6378475429311208
0.6399865463920796
0.6378475376775529
0.500300873748527
0.5552413299891414
0.5433959420157299
0.4798256348681992
0.5394444831165771
0.6541821667678789
0.5504802768630397
0.583983764897624
0.5529154437223278
0.5004530912292315
0.5893084613623458
0.5482801888287677
0.4981089278098925
0.5369203880461628
0.5232510013107536
0.5970886677147123
0.5897604121527255
0.5427787300722032
0.6588123980510022
0.5352806781254567
0.5230492733024927
0.6519777656867927
0.5273098185264441
0.5717801316547687
0.491665964543924
0.5494253584073863
0.6209285209211093
0.5077604907647619
0.5230492721302047
0.6378475421505103
0.47884097251787644
0.5230492721346419
0.6378475429311208
0.49190061441198407
0.525721083076971
0.4889514421040511
0.6297240868324288
0.5510016775471823
0.6230963043294159
0.5228814435358051
0.5093373590666869
0.6395811907517713
0.49070848680039963
0.586593930492801
0.5531331910048469
0.5254871570169318
0.5482801927195311
0.6325868521963304
0.5077604829097269
0.5340220273652391
0.5135208409678416
0.49047980658707163
0.4900672521839824
0.522309890266468
0.5182798752666886
0.553133191060718
0.6072684134549572
0.5480249142815322
0.8324482725871822
0.5897604110948845
0.6399865463920796
0.49006725245217253
0.5093373613104624
0.517890159261444
0.5113132924191095
0.5129519190394163
0.49810892507594207
0.5362702211562651
0.5340220304204807
0.4941714505331838
0.5097335619893206
0.615882763845433
0.6406695710922586
0.5361725992121029
0.5045948653430536
0.5265365161693643
0.5129519181232327
0.5045948647739207
0.5000369780843588
0.5324214652806154
0.8324482713039536
0.509733562215837
0.5942724065601228
0.5365586082037321
0.4788409737372216
0.579406231176074
0.562212167419224
0.6139593015402627
0.49899507659186254
0.49127090584025107
0.5780540281409735
0.6325868545763149
0.51128610209015
0.5099653849736749
0.5365586087395786
0.5352806786811705
0.6399865478130746
0.5039371403433525
0.5865939261487744
0.5072187709876614
0.5920095102118879
0.5324214612149519
0.5970886639208356
0.562768983083254
0.6488783587891176
0.4919006145533861
0.551001677081669
0.514956590263834
0.5149565845798696
0.5361725999859486
0.5004530895829208
0.5361725992121029
0.49047980819589665
0.5510016775471823
0.4978974629010563
0.5182798779786069
0.5223098961226269
0.5309320511106261
0.490479804516025
0.6264530094811694
0.49070848732034805
0.534022032867627
0.6440741324906034
0.5411763547689977
0.6488783613298795
0.4900672500215477
0.6075623272714472
0.5232510014996601
0.5039371347269136
0.4919006144462885
0.6455938725363235
0.5284793499919738
0.5325923839214224
0.48260280350252677
0.5897770313261244
0.5237697234741113
0.5182798776999588
0.684018232472332
0.5487030802407105
0.5780540304818135
0.6209285131805945
0.6541821631284517
0.5237697224152099
0.5223098955377692
0.5394444831165771
0.5149339973913576
0.4912709050888148
0.5494253601903063
0.5394444826844289
0.5897770274687912
0.514933996495721
0.5340220298624518
0.6397402405186722
0.5292230652437706
0.5794062327120302
0.6519777684059651
0.500300874361178
0.6455938764138411
0.5729118249351537
0.5897770313261244
0.49006725087578795
0.5112861029534624
0.5045887132455054
0.49899506954162104
0.49166596958265835
0.47982563543314966
0.4826028036084542
0.5155415612396315
0.5494253584073863
0.49789746708587923
0.6567898676188364
0.6139593043321675
0.6297240826920969
0.5149565845798696
0.5622121634576234
0.5149565831895939
0.5178901580220543
0.5565818331834899
0.504588713261598
0.5072187732400817
0.6072684126525264
0.5614628334890175
0.5920095102884848
0.5112860981414229
0.5230492734452432
0.6397402400455394
0.5715217370622576
0.6158827636089849
0.5112860990166188
0.5394444826844289
0.6840182281758652
0.5254871541242205
0.5614628337187952
0.5099653859161187
0.5097335611670687
0.5427787277945587
0.6541821667678789
0.6075623293969394
0.6395811887775664
0.5565818367291882
0.5942724079891883
0.5045948662423694
0.536920390913092
0.634360698152933
0.6440741347380369
0.5077604919089029
0.5257210773173944
0.6567898715123269
0.5265365190640598
0.5097335612987112
0.5504802703912444
0.5371915318285057
0.5182798750139429
0.5391899181665722
0.4952162883898047
0.6230963013228125
0.5622121666598985
0.6537899811289857
0.504594865824376
0.5893084657284764
0.5848372502871058
0.626453004073838
0.5203945991355318
0.6638401798431721
0.5004530912292315
0.5135208332259459
0.5715217357269403
0.5000369786954041
0.5622121643641366
0.5273098201084853
0.5552413280962774
0.5284793477242336
0.540693252873738
0.49127090584025107
0.516036802307831
0.5644131712102061
0.5045948662423694
0.5045948647739207
0.562212167419224
0.5622121643641366
0.5365586098698749
0.5203945982238518
0.5097335612987112
0.5112861029534624
0.5848372524614791
0.5614628351600388
0.5365586092487908
0.5848372509842588
0.5112860990166188
0.5097335619893206
0.5203945940195637
0.5614628345220354
0.6399865462144207
0.6399865464121379
0.6541821661167462
0.6541821622064729
0.5324214630831937
0.6638401816143644
0.504594865824376
0.5072187709876614
0.5893084644939622
0.5565818381591964
0.49190061441198407
0.47884097251787644
0.5077604907647619
0.5230492721346419
0.5627689826968817
0.535280678293813
0.6343606995192603
0.5427787308233321
0.6378475421505103
0.5324214678656216
0.5893084684425434
0.5072187732400817
0.5045948653430536
0.6638401829443026
0.5565818346635646
0.5352806784319774
0.5627689826586784
0.5427787278789895
0.6343607027709908
0.4788409737372216
0.4919006144462885
0.5230492733024927
0.5077604829097269
0.637847537252545
0.5970886635473011
0.5970886682400575
0.5369203927814956
0.5369203896064526
0.5230492721302047
0.5230492734452432
0.4989950754352341
0.6264530041555916
0.5112860981414229
0.5622121666598985
0.5644131674872718
0.5715217370086663
0.5039371409004296
0.4798256362709108
0.6075623276508724
0.5552413297381853
0.5780540277689746
0.5155415594260431
0.6840182286143057
0.5406932498719115
0.6541821661167462
0.6488783583891369
0.49166596432845927
0.6440741349128255
0.527309818922901
0.4919006145533861
0.620928520615818
0.4912709079396531
0.5494253604580996
0.5394444828593656
0.49127090595494827
0.5394444824801877
0.5149339973747977
0.5494253583640785
0.4989950694222445
0.5644131702281026
0.5622121634576234
0.51128610209015
0.6264530095748067
0.5715217358966505
0.5155415592206039
0.5780540302327885
0.5406932500852538
0.6840182313540102
0.47982563610719176
0.5039371353433812
0.5552413295231862
0.6075623254783225
0.6541821622064729
0.5494253583640785
0.49127090595494827
0.4912709079396531
0.5394444824801877
0.5149339972429858
0.5394444828593656
0.491665969320136
0.6488783606474069
0.5273098213944949
0.6440741329879276
0.6209285129984774
0.491900613747752
0.5494253604580996
0.48260280286392626
0.48260280304070696
0.5284793472862306
0.5284793496040374
0.5237697253793122
0.5237697253916593
0.5897770280026928
0.5897770323821014
0.5361725992181778
0.6230963005527256
0.5149565831895939
0.509733562215837
0.5004530888382888
0.6567898674331949
0.632586853318338
0.5361726009698472
0.5254871526023398
0.5371915350542527
0.832448271555648
0.5510016768288769
0.6072684130400123
0.5391899192207619
0.6399865462144207
0.5865939255504282
0.5004530911135668
0.6395811902477672
0.5504802764461116
0.5077604919089029
0.5897604140505899
0.5129519173235328
0.497897468536053
0.5178901587255743
0.4952162851059795
0.5362702209626511
0.49417144523804757
0.498108928137484
0.5794062322947501
0.49789746332679835
0.6397402401746936
0.5160367999643972
0.5003008741378695
0.5729118226340929
0.6519777657811207
0.5897770280026928
0.4900672500215477
0.4904798042024777
0.5135208332259459
0.5182798776999588
0.5182798779786069
0.49006725087578795
0.5223098961226269
0.5340220298624518
0.6455938725363235
0.5361726009698472
0.5004530911135668
0.5097335611670687
0.5149565886625871
0.6230963029901988
0.6567898706124213
0.5510016802965677
0.8324482724213274
0.5391899173079662
0.6072684142885993
0.5361725992181778
0.6325868503068481
0.5371915317186668
0.5254871551368921
0.6399865464121379
0.49789746332679835
0.5129519191793571
0.4952162887100121
0.5178901592481779
0.4941714505331838
0.5362702193848731
0.5004530888382888
0.586593930447755
0.5504802690346756
0.6395811902595441
0.5897604124236189
0.5077604843742904
0.49810892602017065
0.49047980658707163
0.49006725245217253
0.5182798752666886
0.5135208409678416
0.4900672521839824
0.5182798750139429
0.5340220273652391
0.5223098902223798
0.497897468536053
0.5794062337428876
0.5160368037847
0.6397402406096464
0.5729118260819549
0.5003008742455773
0.5897770323821014
0.6519777669461089
0.6455938764138411
0.5510016768288769
0.5510016802965677
0.5257210766308209
0.5257210831067368
0.5531331912042858
0.5531331908279922
0.5093373633860381
0.5093373595359183
0.5340220304204807
0.534022032867627
0.5265365190640598
0.6537899811289857
0.5149565845798696
0.6406695710922586
0.5210643141556233
0.6297240806294764
0.5099653859161187
0.5480249142815322
0.5099653849736749
0.5529154441521649
0.5942724079891883
0.5113132924191095
0.5920095102118879
0.5309320509099558
0.6378475421505103
0.5920095102884848
0.5482801927195311
0.5942724065601228
0.5529154452768843
0.6378475429311208
0.6588123980510022
0.5000369786954041
0.5292230652437706
0.5045887132455054
0.5163828544879097
0.5487030802407105
0.5149339973913576
0.5232510014996601
0.6139593043321675
0.4889514421040511
0.615882763845433
0.5210643185827435
0.5433959435816693
0.583983764897624
0.5717801312218667
0.5223098961226269
0.504588713261598
0.49070848680039963
0.5000369780843588
0.5309320514163665
0.548703080673034
0.5232510013107536
0.5149339973747977
0.5411763547689977
0.5325923845660294
0.6158827636089849
0.49047980658707163
0.6139593015402627
0.5163828598681472
0.5433959420157299
0.5717801316547687
0.5839837640472474
0.5325923839214224
0.664139317222218
0.5223098955377692
0.5149565831895939
0.5228814435358051
0.5265365161693643
0.6297240854483954
0.5480249124950485
0.5482801888287677
0.5113132937356457
0.49070848732034805
0.49047980819589665
0.5292230672527646
0.4889514428196629
0.5265365241949921
0.5210643185827435
0.6406695731448414
0.514956590263834
0.6537899829079957
0.6297240854483954
0.511313288042369
0.5942724042352778
0.5309320514163665
0.5920095078426217
0.5480249121199048
0.5099653826367834
0.5529154452768843
0.5099653815089688
0.637847537252545
0.5292230630957109
0.5000369834826046
0.5163828598681472
0.5045887129653204
0.514933996495721
0.5487030765395517
0.5482801886714961
0.5920095067593042
0.5529154441521649
0.5942724032400597
0.6588123920014257
0.6378475376775529
0.5232510038091588
0.4907084886320747
0.5045887114388736
0.5309320509099558
0.5000369827243716
0.5232510019188619
0.5487030770097845
0.5411763504184333
0.5149339972429858
0.48895143906631505
0.6139593058097523
0.5210643141556233
0.6158827648574369
0.5839837694601543
0.5433959374773197
0.5223098902223798
0.5717801338553973
0.5325923821990693
0.522881441871744
0.5149565886625871
0.6297240806294764
0.526536522152097
0.5482801861260771
0.5480249115178606
0.4907084895480914
0.5113132891735344
0.5292230654628853
0.490479804516025
0.4904798042024777
0.6158827640399535
0.5163828544879097
0.6139593037935558
0.57178013345811
0.5433959359588658
0.5325923806174027
0.5839837682515973
0.522309890266468
0.6641393195196601
0.48895144033478044
0.6297240826920969
0.6297240868324288
0.6406695710922586
0.6406695731448414
0.552915441805177
0.5529154437223278
0.5309320512234337
0.5309320511106261
0.5163828605377546
0.516382854749273
0.5210643162315594
0.5210643115811378
