0.12882354735486917
0.12882354735486917
0.10166653502904921
0.10166653502904921
0.14143875115705287
0.14143875115705287
0.09976329442291774
0.08499353852913218
0.09976329442291774
0.12882354735486917
0.08499353852913218
0.13427933533471412
0.0868403332714339
0.13067471103960665
0.07941887640945354
0.08287531739974943
0.13327196065046598
0.06542576661695436
0.09633590988158067
0.08993320914495852
0.1065885613820424
0.09976329442291774
0.0868403332714339
0.13427933533471414
0.07941887640945354
0.13067471103960662
0.09976329442291774
0.08499353852913218
0.08499353852913218
0.12882354735486917
0.08287531739974943
0.08993320914495852
0.09633590988158067
0.06542576661695435
0.13327196065046598
0.10658856138204238
0.12677953454036253
0.12677953454036256
0.0917392360022621
0.09173923600226211
0.11858081797360684
0.08667136377632381
0.07286259934343527
0.08301533939800787
0.13448883603473813
0.07757418703464729
0.11858081797360685
0.13448883603473813
0.08301533939800787
0.07286259934343527
0.08667136377632381
0.07757418703464729
0.08232449663793452
0.08232449663793452
0.07682664668580112
0.07682664668580112
0.07586577600262252
0.07092904850069659
0.08938652794834823
0.06764331512200646
0.06935827598466929
0.0950342417849582
0.08925771798175172
0.09669833592729783
0.06784213004894812
0.07980520551437188
0.09669833553482361
0.06094276964285957
0.08678661876660435
0.08667136370958461
0.06764331510184339
0.09179591445454044
0.0962414352330795
0.10370102536983743
0.07623901969340788
0.07330223133641124
0.0898281682994527
0.06820991837389069
0.08301533939800787
0.10862444708716032
0.06671123228641777
0.11388358021817269
0.2530486927148577
0.09973895408614357
0.11036752234881181
0.07782464965842302
0.10722067876440962
0.10074804145419816
0.08618965686066633
0.09985902930040859
0.08322629710736205
0.07170352536078219
0.07136331810784387
0.07784457869718876
0.06195878099618124
0.09714838480228762
0.10336637409775944
0.06776915719994316
0.11573588033574712
0.1344888365376054
0.07575416903033731
0.08640208767991445
0.09805780645590412
0.07743395277546518
0.09210480089951563
0.08993320858976754
0.07099776709060743
0.11887025644107158
0.0768266463221898
0.09528335579009709
0.08232449627351575
0.1265914148853973
0.10156036532933443
0.06683606801792177
0.08776141887919026
0.10862444775121505
0.07860734158154488
0.11573588033574711
0.08776141878477212
0.08261231682394832
0.08776141887919026
0.12256428739363975
0.08322629772397291
0.10404176588040152
0.08618965834950312
0.113948640347567
0.07586577600262252
0.08925771798175172
0.09503424178495821
0.06784213004894814
0.09669833592729782
0.08938652794834824
0.07092904850069659
0.06935827598466929
0.06764331512200646
0.07980520551437188
0.08667136370958461
0.08678661876660435
0.06094276964285958
0.09669833553482361
0.06764331510184339
0.07136331810784387
0.0717035253607822
0.06195878099618124
0.07784457869718876
0.08640208767991446
0.08993320858976754
0.09210480089951563
0.07743395277546519
0.09805780645590412
0.07099776709060744
0.09714838480228762
0.1344888365376054
0.11573588033574711
0.06776915719994314
0.10336637409775942
0.0757541690303373
0.0768266463221898
0.11887025644107158
0.08232449627351576
0.09528335579009709
0.09624143523307951
0.09179591445454044
0.07623901969340788
0.10370102536983743
0.11388358021817269
0.07782464965842302
0.1103675223488118
0.09973895408614357
0.2530486927148577
0.10722067876440963
0.07330223133641124
0.10862444708716032
0.08301533939800787
0.06820991837389068
0.08982816829945271
0.06671123228641776
0.08618965686066632
0.10074804145419816
0.08322629710736205
0.0998590293004086
0.1265914148853973
0.10862444775121505
0.08776141887919026
0.06683606801792177
0.10156036532933443
0.07860734158154488
0.0832262977239729
0.12256428739363975
0.08618965834950312
0.10404176588040154
0.08776141878477212
0.11573588033574712
0.08776141887919026
0.08261231682394832
0.11394864034756699
0.10071005425295879
0.10071005425295879
0.09444726656363497
0.09444726656363497
0.11751941333454337
0.09020351973175848
0.09208891008731551
0.0922697981856119
0.11598571064040968
0.10806792351459679
0.11751941333454337
0.11598571064040968
0.0922697981856119
0.09208891008731551
0.09020351973175848
0.10806792351459679
0.1262205318048194
0.1262205318048194
0.11330831716035658
0.11330831716035658
0.09052353406993582
0.09988239750733077
0.08261231630131599
0.06776915722678443
0.0751888916138417
0.09122111883111511
0.05815268840517773
0.08618965686066632
0.0783182220742121
0.07170940180346286
0.11036752245425495
0.1262205318048194
0.11713375827510907
0.09208890971761918
0.11887025644107158
0.09052353406993582
0.07518889161384171
0.06776915722678443
0.08261231630131599
0.09988239750733077
0.09122111883111511
0.1262205318048194
0.11036752245425495
0.09208890971761918
0.11713375827510907
0.08618965686066633
0.058152688405177726
0.07170940180346286
0.0783182220742121
0.11887025644107158
0.07286259986606759
0.07286259986606759
0.06820991885696275
0.06820991885696275
0.0921048004683577
0.0921048004683577
0.07743395277546518
0.07099776709060743
0.06195878099618124
0.06784213004894812
0.08993320858976754
0.09349353513671343
0.08695252674222387
0.08557728419854212
0.10658856087426528
0.0605423778611293
0.08982816868281912
0.06542576610917722
0.06411612072796473
0.08499353896032029
0.07941887615762928
0.09805780645590412
0.07170352536078219
0.0950342417849582
0.08640208767991445
0.07784457869718876
0.09669833592729783
0.09210480089951563
0.07586577600262252
0.07136331810784387
0.08925771798175172
0.10249427359357469
0.2530486927148577
0.10074804145419816
0.09082079279339304
0.08925771806828617
0.0973861788051573
0.09985902969782276
0.0921048004683577
0.10074804185161232
0.0864020872039186
0.0707437933784743
0.061958780835801155
0.06960343300708825
0.09823830309804818
0.07697835309876906
0.0902035203480015
0.05815268833349854
0.07697835289885888
0.13427933522927096
0.07261806457522788
0.0641161209138271
0.09988239761277393
0.09633590988158067
0.0605423782923174
0.1016665340184048
0.09339388868468389
0.0783182220742121
0.06542576610917722
0.05815268833349854
0.08287531671101976
0.111666175390913
0.11598571119596837
0.08322629710736205
0.08053068098733374
0.08938652741783217
0.09047375328132172
0.11330831741670733
0.11573588013583694
0.12622053217451573
0.09714838394289528
0.11713375822238747
0.08678661876660435
0.11036752234881181
0.0798052065003414
0.11887025726093381
0.09297059697943993
0.07170352517912461
0.10851482281206315
0.07074379397495227
0.08053068189865015
0.11380148560320712
0.07170940242007373
0.11166617535710012
0.1267795348008879
0.10976694069600415
0.0908207928461146
0.2538023085866345
0.0785609758492885
0.10249427341563859
0.08684033274883174
0.09356688300482399
0.11713375827510907
0.07286259986606759
0.11110985227995855
0.11858081793979403
0.10089741956337372
0.2538023085866345
0.1040417659331231
0.10089741861754986
0.09624143573591663
0.11299481292070598
0.11110985222723696
0.08776141878477212
0.11713375822238747
0.12659141400670965
0.27341025210614767
0.11036752245425495
0.27341025210614767
0.11388357966177638
0.12256428739363975
0.07586577641187911
0.10851482298999925
0.07743395270950323
0.07784457767171932
0.09976329508616513
0.06960343248448608
0.11330831716035658
0.08301533948454232
0.09226979781588542
0.11858081793979404
0.09985902930040859
0.09633590937871336
0.07856097583524069
0.08287531671101976
0.08232449627351576
0.11110985227995855
0.08301533948454232
0.09973895408614357
0.07330223104667577
0.11573588013583692
0.10074804185161232
0.0893916385633151
0.10069861268286837
0.10166454670411816
0.09528335585114926
0.08433877937101117
0.1033663734617378
0.11887025726093381
0.10166454670411815
0.09805780685252447
0.1033663734617378
0.07819419207388231
0.10156036427007085
0.08232449663793452
0.09741591604764827
0.07099776759838455
0.0757541683943594
0.08261231630131599
0.0921048004683577
0.11573588013583692
0.07784457767171932
0.08939163936206322
0.09805780685252445
0.113948640347567
0.10069861268286837
0.08939163936206322
0.08433877937101115
0.09528335585114926
0.11394864034756699
0.11887025726093381
0.0893916385633151
0.1040417659331231
0.11887025644107158
0.12256428739363975
0.08433877877456336
0.113948640347567
0.07282180710192897
0.07518889221112711
0.07682664668580112
0.09741591604764825
0.09349353464789391
0.07367294433915483
0.09208891008731551
0.10074804185161233
0.12622053217451576
0.10249427341563858
0.06820991837389069
0.06542576661695435
0.07286259934343527
0.06054237829231739
0.09210480089951563
0.07170940242007373
0.08232449627351575
0.08618965834950312
0.07819419317322755
0.11887025726093381
0.09210480089951563
0.09809150072757108
0.10851482281206315
0.09528335585114926
0.10166454670411816
0.07074379397495226
0.09444726656363497
0.0922697981856119
0.0832262977239729
0.11330831741670733
0.11166617535710013
0.09973895408614357
0.05815268840517773
0.11110985222723696
0.07697835289885888
0.11573588033574711
0.0785609758492885
0.0768266463221898
0.09985902969782276
0.07282180669270254
0.08232449663793452
0.10074804145419816
0.06094276964285957
0.09633590937871336
0.06094276957118039
0.06411612072796473
0.08678661876660435
0.06542576661695436
0.06542576610917722
0.07743395277546519
0.08695252674222387
0.09349353513671343
0.1065885608742653
0.08557728419854212
0.06195878099618124
0.07099776709060744
0.08993320858976754
0.06784213004894814
0.06054237786112931
0.0849935389603203
0.06411612072796473
0.06542576610917722
0.08982816868281912
0.07941887615762928
0.061958780835801155
0.0707437933784743
0.09823830309804818
0.06960343300708825
0.06411612091382708
0.10166653401840481
0.06054237829231739
0.09633590988158067
0.09988239761277394
0.09339388868468387
0.07697835309876906
0.13427933522927096
0.07697835289885888
0.05815268833349854
0.0902035203480015
0.07261806457522788
0.06542576610917722
0.0783182220742121
0.08287531671101976
0.05815268833349854
0.0717035253607822
0.09805780645590412
0.08640208767991446
0.09503424178495821
0.10249427359357469
0.08925771806828617
0.09082079279339303
0.10074804145419816
0.2530486927148577
0.0973861788051573
0.07784457869718876
0.07136331810784387
0.07586577600262252
0.09210480089951563
0.09669833592729782
0.08925771798175172
0.0921048004683577
0.09985902969782275
0.08640208720391862
0.10074804185161233
0.11166617539091299
0.08938652741783217
0.08053068098733372
0.08322629710736205
0.11598571119596837
0.09047375328132172
0.08678661876660435
0.11713375822238749
0.0798052065003414
0.1103675223488118
0.11573588013583692
0.11330831741670733
0.09714838394289528
0.12622053217451576
0.11887025726093381
0.10069861268286837
0.0893916385633151
0.09528335585114926
0.10166454670411815
0.07819419207388231
0.07099776759838455
0.09741591604764825
0.08232449663793452
0.10156036427007085
0.0757541683943594
0.08433877937101115
0.09805780685252445
0.10166454670411816
0.11887025726093381
0.1033663734617378
0.1033663734617378
0.0921048004683577
0.08261231630131599
0.07784457767171932
0.11573588013583694
0.07282180710192897
0.09349353464789391
0.09741591604764827
0.07682664668580112
0.07518889221112711
0.07367294433915485
0.06542576661695436
0.06820991837389068
0.0605423782923174
0.07286259934343527
0.10074804185161232
0.09208891008731551
0.10249427341563859
0.12622053217451573
0.09210480089951563
0.08939163936206322
0.08939163936206322
0.10069861268286837
0.11394864034756699
0.09805780685252447
0.08433877937101117
0.11887025644107158
0.1040417659331231
0.08433877877456336
0.12256428739363975
0.113948640347567
0.09528335585114926
0.0893916385633151
0.11887025726093381
0.11394864034756699
0.08232449627351576
0.07170940242007373
0.07819419317322754
0.08618965834950312
0.09210480089951563
0.11887025726093381
0.07170352517912461
0.09297059697943995
0.07074379397495226
0.10851482281206314
0.0908207928461146
0.08684033274883174
0.10249427341563858
0.0785609758492885
0.2538023085866345
0.09356688300482399
0.08053068189865016
0.12677953480088794
0.11166617535710013
0.07170940242007373
0.11380148560320712
0.10976694069600414
0.07286259986606759
0.11713375827510907
0.11858081793979404
0.11110985227995854
0.07586577641187911
0.09976329508616513
0.07784457767171932
0.07743395270950323
0.10851482298999925
0.06960343248448608
0.09633590937871336
0.0998590293004086
0.08287531671101976
0.07856097583524067
0.08301533948454232
0.11330831716035658
0.11858081793979403
0.0922697978158854
0.08232449627351575
0.10089741956337372
0.09624143573591662
0.10089741861754986
0.1040417659331231
0.2538023085866345
0.11299481292070598
0.11036752245425495
0.27341025210614767
0.1138835796617764
0.27341025210614767
0.08776141878477212
0.11110985222723696
0.12659141400670965
0.11713375822238749
0.12256428739363975
0.08301533948454232
0.11110985227995854
0.07330223104667578
0.09973895408614357
0.10074804185161233
0.11573588013583694
0.09809150072757108
0.07074379397495227
0.10166454670411815
0.09528335585114926
0.10851482281206314
0.09444726656363497
0.058152688405177726
0.09973895408614357
0.07697835289885888
0.11110985222723696
0.08322629772397291
0.0922697981856119
0.11166617535710012
0.11330831741670733
0.11573588033574712
0.09633590937871336
0.06094276964285958
0.06411612072796473
0.06094276957118039
0.06542576661695435
0.08678661876660435
0.0768266463221898
0.0785609758492885
0.07282180669270252
0.09985902969782275
0.10074804145419816
0.08232449663793452
0.06542576610917722
0.10069861245611689
0.10069861245611689
0.09809150072757108
0.09809150072757108
0.09741591595403758
0.07092904848093154
0.07819419317322755
0.07282180669270252
0.09179591495660028
0.09840276231642749
0.09741591595403756
0.09179591495660029
0.07282180669270254
0.07819419317322754
0.07092904848093154
0.09840276231642747
0.06820991885696275
0.06820991885696275
0.07330223104667577
0.07330223104667578
0.10166454661049387
0.09503424183767978
0.08433877877456336
0.0980914996084608
0.10071005499891507
0.11664071373147952
0.06094276957118039
0.08261231682394832
0.0798052065003414
0.0905235337748624
0.09973895408614357
0.09208890971761918
0.11388357966177638
0.11751941342896148
0.08618965834950312
0.1016645466104939
0.10071005499891507
0.0980914996084608
0.08433877877456336
0.09503424183767978
0.11664071373147952
0.09208890971761918
0.09973895408614357
0.1175194134289615
0.1138835796617764
0.08261231682394832
0.06094276957118039
0.0905235337748624
0.0798052065003414
0.08618965834950312
0.09226979781588542
0.0922697978158854
0.11751941342896148
0.1175194134289615
0.12622053217451576
0.12622053217451573
0.10069861245611689
0.09297059697943993
0.10069861268286837
0.0893916385633151
0.07170352517912461
0.10071005425295879
0.07170940180346286
0.06683606801792177
0.08053068098733374
0.12659141400670965
0.10404176588040152
0.06776915722678443
0.10089741861754986
0.09714838394289528
0.08776141887919026
0.07856097583524069
0.06776915719994314
0.09082079279339304
0.0905235337748624
0.07286259934343527
0.11036752234881181
0.09528335579009709
0.07743395270950323
0.0980914996084608
0.08640208720391862
0.08322629710736205
0.07682664668580112
0.05815268833349854
0.10069861245611689
0.07170352517912461
0.0893916385633151
0.10069861268286837
0.09297059697943995
0.10071005425295879
0.06776915722678443
0.10404176588040154
0.09714838394289528
0.10089741861754986
0.06683606801792177
0.07170940180346286
0.12659141400670965
0.08053068098733372
0.08776141887919026
0.07743395270950323
0.09528335579009709
0.0864020872039186
0.0980914996084608
0.07682664668580112
0.08322629710736205
0.06776915719994316
0.07856097583524067
0.0905235337748624
0.09082079279339303
0.1103675223488118
0.07286259934343527
0.05815268833349854
0.07743395277546518
0.07743395277546519
0.07586577600262252
0.07586577600262252
0.08301533939800787
0.08301533939800787
0.09633590988158067
0.09633590988158067
0.09633590988158067
0.09339388868468389
0.09823830309804818
0.10658856087426528
0.1016665340184048
0.13067471103960665
0.1065885613820424
0.13327196065046598
0.14143875115705287
0.09339388925923037
0.13067471154247393
0.10166653401840481
0.09633590937871336
0.1288235478626463
0.12882354786264627
0.09988239761277393
0.0707437933784743
0.09349353513671343
0.0641161209138271
0.06960343300708825
0.08557728419854212
0.0605423782923174
0.07743395277546518
0.061958780835801155
0.08695252674222387
0.09356688368482356
0.23339384341546351
0.0898281682994527
0.07856097583524069
0.06784213028142679
0.0855772842372259
0.0785609758492885
0.07099776759838455
0.09349353464789391
0.07743395270950323
0.0868403332714339
0.08993320914495852
0.08287531739974943
0.10166653502904921
0.07261806477513806
0.07261806477513806
0.09339388868468387
0.058152688405177726
0.13067471154247393
0.09339388925923038
0.07941887640945354
0.13427933533471412
0.12882354735486917
0.06542576661695436
0.14143875115705287
0.10166653502904921
0.05815268840517773
0.1065885608742653
0.09823830309804818
0.09633590937871336
0.10976694134602986
0.11168164976974417
0.06671123228641777
0.07170940180346286
0.06935827605104067
0.06745637811009668
0.0922697981856119
0.0757541683943594
0.07367294433915485
0.06776915722678443
0.11110985222723696
0.06764331512200646
0.10370102536983743
0.06094276957118039
0.09528335585114926
0.09082079279339304
0.0864020872039186
0.09985902969782276
0.06411612072796473
0.0904737531869036
0.10722067881713121
0.06745637822387043
0.08322629772397291
0.09173923552704352
0.06671123185031982
0.0973861788051573
0.2530486927148577
0.08557728419854212
0.10074804185161232
0.07941887615762928
0.08982816868281912
0.11036752245425495
0.07757418705441234
0.10370102547528058
0.08301533948454232
0.11299481347710227
0.23053825374688564
0.11826307235321398
0.10404176588040152
0.07623901959898975
0.11826307235321398
0.09973895408614357
0.0786073404813922
0.11826307235321398
0.06683606801792177
0.27341025210614767
0.10722067881713121
0.23053825374688564
0.09973895408614357
0.1040417659331231
0.08925771806828617
0.10249427359357469
0.08695252674222387
0.0921048004683577
0.08499353896032029
0.0605423778611293
0.1262205318048194
0.07757418705441234
0.07367294385605261
0.07286259986606759
0.10074804145419816
0.10658856087426528
0.09349353513671343
0.06542576610917722
0.0768266463221898
0.11713375827510907
0.06671123185031982
0.11826307235321398
0.06820991885696275
0.08261231630131599
0.09985902969782276
0.0905235337748624
0.0980914996084608
0.07282180669270254
0.06094276957118039
0.11664071373147952
0.09840276231642747
0.0798052065003414
0.09809150072757108
0.09503424183767978
0.07092904848093154
0.0984027626729625
0.1352920565269651
0.08667136377632381
0.07282180710192897
0.06784213028142677
0.06935827605104067
0.09052353406993582
0.08925771806828617
0.08938652741783217
0.07586577641187911
0.10071005499891507
0.09179591495660029
0.08261231682394832
0.10069861245611689
0.1016645466104939
0.09741591595403756
0.09809150072757108
0.08433877877456336
0.07819419317322754
0.10069861245611689
0.10089741956337372
0.10336637409775944
0.10156036532933443
0.10166454661049387
0.08939163936206322
0.0984027626729625
0.08198814689504075
0.07757418703464729
0.07819419207388231
0.0855772842372259
0.06745637811009668
0.11751941333454337
0.0973861788051573
0.09047375328132172
0.0908207928461146
0.07330223133641124
0.07941887640945354
0.0917392360022621
0.06411612091382708
0.08640208767991446
0.08053068189865015
0.07575416903033731
0.07860734158154488
0.09741591595403758
0.08433877937101117
0.07784457869718876
0.11664071373147952
0.11299481292070598
0.07367294433915485
0.08433877937101115
0.06960343248448608
0.09122111883111511
0.11751941333454337
0.0904737531869036
0.09602438735439331
0.08053068189865016
0.11388358021817269
0.07261806477513806
0.11168164976974417
0.07697835309876906
0.09714838480228762
0.0908207928461146
0.07367294385605261
0.11826307235321398
0.09741591595403756
0.07819419207388231
0.10249427359357469
0.07980520551437188
0.09339388925923038
0.06745637811009668
0.06054237786112931
0.07980520551437188
0.08287531739974943
0.0605423778611293
0.07856097583524069
0.07743395270950323
0.0785609758492885
0.09633590937871336
0.06960343248448608
0.09356688300482399
0.08287531671101976
0.07074379397495227
0.09976329508616513
0.08684033274883174
0.0855772842372259
0.23339384341546351
0.13327196065046598
0.09349353464789391
0.12882354786264627
0.13067471154247393
0.09988239750733077
0.0849935389603203
0.13427933522927096
0.09976329508616513
0.10851482298999925
0.2538023085866345
0.09985902930040859
0.09297059697943993
0.07586577641187911
0.0908207928461146
0.10851482281206315
0.07784457767171932
0.10249427341563859
0.07170352517912461
0.2538023085866345
0.09669833553482361
0.2530486927148577
0.09503424183767978
0.09805780685252445
0.06784213028142679
0.09356688368482356
0.1065885613820424
0.07099776759838455
0.1288235478626463
0.09339388925923037
0.09020351973175848
0.07941887615762928
0.07261806457522788
0.08684033274883174
0.0898281682994527
0.14143875115705287
0.13067471103960665
0.10166653401840481
0.08993320858976754
0.11380148560320712
0.06764331510184339
0.10722067876440962
0.07092904848093154
0.1033663734617378
0.09669833592729783
0.09503424183767978
0.2538023085866345
0.09349353464789391
0.09805780685252445
0.09976329508616513
0.09988239750733077
0.11598571064040968
0.09173923552704352
0.11168164921415531
0.12677953480088794
0.2530486927148577
0.13067471154247393
0.23339384341546351
0.13427933522927096
0.1344888365376054
0.2538023085866345
0.10370102547528058
0.23053825374688564
0.09179591495660029
0.10156036427007085
0.2530486927148577
0.09669833553482361
0.12882354786264627
0.0855772842372259
0.0849935389603203
0.08667136370958461
0.13327196065046598
0.08982816868281912
0.0980914996084608
0.10089741861754986
0.07682664668580112
0.10069861268286837
0.07743395270950323
0.06776915722678443
0.10071005425295879
0.08640208720391862
0.09714838394289528
0.07170352517912461
0.09179591445454044
0.08993320914495852
0.13448883603473813
0.061958780835801155
0.07136331810784387
0.09297059697943993
0.09528335579009709
0.10404176588040152
0.10069861245611689
0.0893916385633151
0.09805780645590412
0.07092904850069659
0.10658856138204238
0.07757418703464729
0.08695252674222387
0.08925771798175172
0.08499353852913218
0.07099776709060743
0.0950342417849582
0.09823830309804818
0.10370102536983743
0.06195878099618124
0.08938652794834824
0.13427933533471412
0.09349353513671343
0.10166653502904921
0.06776915719994314
0.09528335579009709
0.0768266463221898
0.06094276964285958
0.07367294385605262
0.07757418705441234
0.06745637822387043
0.0768266463221898
0.10370102547528058
0.07757418705441234
0.0757541690303373
0.1344888365376054
0.06935827598466929
0.08232449627351576
0.06764331510184339
0.08667136370958461
0.07286259986606759
0.06671123185031982
0.09173923552704352
0.08301533948454232
0.09444726669678935
0.10370102547528058
0.09122111896425589
0.09528335579009709
0.09444726669678935
0.07367294385605261
0.06094276964285957
0.09122111896425589
0.06745637822387043
0.06776915719994316
0.11110985227995855
0.10806792374134826
0.11168164921415531
0.09226979781588542
0.07170940242007373
0.10336637409775942
0.09714838480228762
0.07092904850069659
0.11887025644107158
0.09669833553482361
0.07980520551437188
0.1262205318048194
0.10722067881713122
0.0904737531869036
0.11036752245425495
0.11573588033574711
0.06764331512200646
0.08938652794834824
0.08678661876660435
0.0832262977239729
0.11330831716035658
0.10806792374134827
0.09602438735439331
0.09208890971761918
0.09208891008731551
0.11330831741670733
0.08433877877456336
0.1040417659331231
0.09741591604764827
0.113948640347567
0.07784457767171932
0.08261231630131599
0.08618965686066633
0.0786073404813922
0.0786073404813922
0.08776141878477212
0.12256428739363975
0.0757541683943594
0.10156036427007085
0.11573588013583692
0.08776141878477212
0.09985902930040859
0.09122111896425589
0.11826307235321398
0.08261231682394832
0.06820991837389069
0.11713375822238747
0.11887025644107158
0.07099776759838455
0.07819419207388231
0.0921048004683577
0.08618965686066632
0.08232449663793452
0.0783182220742121
0.10071005499891507
0.09624143573591663
0.07518889221112711
0.08939163936206322
0.10851482298999925
0.0751888916138417
0.09052353406993582
0.11299481347710229
0.08198814698945887
0.10089741956337372
0.1265914148853973
0.10976694134602986
0.14723106969207334
0.11166617539091299
0.1265914148853973
0.07586577641187911
0.09444726669678935
0.07623901959898975
0.1016645466104939
0.07282180710192897
0.111666175390913
0.09714838480228762
0.09356688368482355
0.08198814689504075
0.10249427359357469
0.11388358021817269
0.11858081797360684
0.07697835309876906
0.08640208767991445
0.06960343300708825
0.07623901969340788
0.07784457869718876
0.07330223133641124
0.11858081797360685
0.0641161209138271
0.08287531739974943
0.10166454661049387
0.10089741956337372
0.07282180710192897
0.08939163936206322
0.07586577641187911
0.09052353406993582
0.07518889161384171
0.07623901959898977
0.08198814698945887
0.09624143573591662
0.10156036532933443
0.06935827605104067
0.1352920565269651
0.08938652741783217
0.10862444775121505
0.10851482298999925
0.09444726669678935
0.11299481347710227
0.10071005499891507
0.07518889221112711
0.11598571119596837
0.10336637409775944
0.06784213028142677
0.0984027626729625
0.08925771806828617
0.07782464965842302
0.08667136377632381
0.0902035203480015
0.09805780645590412
0.061958780835801155
0.09179591445454044
0.07136331810784387
0.10862444708716032
0.13448883603473813
0.09988239761277393
0.08993320914495852
0.07170352536078219
0.0707437933784743
0.0962414352330795
0.0717035253607822
0.09624143523307951
0.12677953454036253
0.0707437933784743
0.0868403332714339
0.09976329442291774
0.09633590988158067
0.10658856138204238
0.13067471103960662
0.14143875115705287
0.13327196065046598
0.09823830309804818
0.09339388868468387
0.10166653401840481
0.1065885608742653
0.09339388925923038
0.12882354786264627
0.09633590937871336
0.1016665340184048
0.13067471154247393
0.1288235478626463
0.08993320914495852
0.0868403332714339
0.10166653502904921
0.08287531739974943
0.07941887640945354
0.14143875115705287
0.06542576661695435
0.12882354735486917
0.13427933533471414
0.10166653502904921
0.07261806477513806
0.13067471154247393
0.05815268840517773
0.09339388868468389
0.07261806477513806
0.09339388925923037
0.10658856087426528
0.058152688405177726
0.09633590937871336
0.09823830309804818
0.0707437933784743
0.09988239761277394
0.06411612091382708
0.09349353513671343
0.09356688368482355
0.06784213028142677
0.07856097583524067
0.08982816829945271
0.23339384341546351
0.0855772842372259
0.06960343300708825
0.061958780835801155
0.07743395277546519
0.06054237829231739
0.08557728419854212
0.08695252674222387
0.07099776759838455
0.0785609758492885
0.07743395270950323
0.09349353464789391
0.10976694134602986
0.06935827605104067
0.07170940180346286
0.06671123228641776
0.11168164976974418
0.06745637811009668
0.06764331512200646
0.11110985222723696
0.06094276957118039
0.10370102536983743
0.0757541683943594
0.0922697981856119
0.06776915722678443
0.07367294433915483
0.09528335585114926
0.0980914996084608
0.0905235337748624
0.06094276957118039
0.07282180669270252
0.0984027626729625
0.06784213028142679
0.07282180710192897
0.08667136377632381
0.1352920565269651
0.06935827605104067
0.11664071373147952
0.09503424183767978
0.09809150072757108
0.0798052065003414
0.09840276231642749
0.07092904848093154
0.08925771806828617
0.09052353406993582
0.07586577641187911
0.08938652741783217
0.0984027626729625
0.0855772842372259
0.07819419207388231
0.07757418703464729
0.08198814689504075
0.06745637811009668
0.07941887640945354
0.07330223133641124
0.0641161209138271
0.09173923600226211
0.0973861788051573
0.11751941333454337
0.0908207928461146
0.09047375328132172
0.08640208767991445
0.10071005499891507
0.10166454661049387
0.10069861245611689
0.08261231682394832
0.09179591495660028
0.09741591595403758
0.10336637409775942
0.10089741956337372
0.1016645466104939
0.10156036532933443
0.08433877877456336
0.09809150072757108
0.10069861245611689
0.07819419317322755
0.08939163936206322
0.0757541690303373
0.08053068189865016
0.09741591595403756
0.07860734158154488
0.07784457869718876
0.08433877937101115
0.08640208720391862
0.09082079279339303
0.06411612072796473
0.09985902969782275
0.0973861788051573
0.07941887615762928
0.10074804185161233
0.08557728419854212
0.2530486927148577
0.08982816868281912
0.0904737531869036
0.09173923552704352
0.0832262977239729
0.06745637822387043
0.10722067881713122
0.06671123185031982
0.07757418705441234
0.11036752245425495
0.08301533948454232
0.10370102547528058
0.08925771806828617
0.0849935389603203
0.0921048004683577
0.08695252674222387
0.10249427359357469
0.06054237786112931
0.1065885608742653
0.10074804145419816
0.06542576610917722
0.09349353513671343
0.07757418705441234
0.1262205318048194
0.07286259986606759
0.07367294385605262
0.0768266463221898
0.11299481347710229
0.07623901959898977
0.10404176588040154
0.11826307235321398
0.23053825374688564
0.11826307235321398
0.10722067881713122
0.27341025210614767
0.09973895408614357
0.23053825374688564
0.0786073404813922
0.09973895408614357
0.06683606801792177
0.11826307235321398
0.1040417659331231
0.06671123185031982
0.11713375827510907
0.06820991885696275
0.11826307235321398
0.09985902969782275
0.08261231630131599
0.11664071373147952
0.06960343248448608
0.08433877937101117
0.07367294433915483
0.11299481292070598
0.09122111883111511
0.07261806477513806
0.11388358021817269
0.07697835309876906
0.11168164976974418
0.0904737531869036
0.11751941333454337
0.08053068189865015
0.09602438735439331
0.09714838480228762
0.09339388925923037
0.07980520551437188
0.0605423778611293
0.06745637811009668
0.08287531739974943
0.07980520551437188
0.07367294385605262
0.0908207928461146
0.09741591595403758
0.11826307235321398
0.10249427359357469
0.07819419207388231
0.06054237786112931
0.09528335579009709
0.06776915719994316
0.06094276964285957
0.0768266463221898
0.07575416903033731
0.06764331510184339
0.08232449627351575
0.06935827598466929
0.1344888365376054
0.08667136370958461
0.07367294385605261
0.10370102547528058
0.0768266463221898
0.06745637822387043
0.07757418705441234
0.07757418705441234
0.06671123185031982
0.07286259986606759
0.08301533948454232
0.09173923552704352
0.10336637409775944
0.09669833553482361
0.11887025644107158
0.07092904850069659
0.09714838480228762
0.07980520551437188
0.06764331512200646
0.11573588033574712
0.08678661876660435
0.08938652794834823
0.10722067881713121
0.1262205318048194
0.11036752245425495
0.0904737531869036
0.08322629772397291
0.09444726669678935
0.09444726669678935
0.09528335579009709
0.09122111896425589
0.10370102547528058
0.07367294385605262
0.10806792374134827
0.11110985227995854
0.0922697978158854
0.11168164921415531
0.09122111896425589
0.06094276964285958
0.06776915719994314
0.06745637822387043
0.07170940242007373
0.10806792374134826
0.11330831716035658
0.09208890971761918
0.09602438735439331
0.11330831741670733
0.09208891008731551
0.10071005499891507
0.10851482298999925
0.08939163936206322
0.07518889221112711
0.09624143573591662
0.07518889161384171
0.10976694134602986
0.1265914148853973
0.111666175390913
0.14723106969207334
0.11299481347710227
0.09052353406993582
0.10089741956337372
0.08198814698945887
0.1265914148853973
0.09356688368482356
0.09714838480228762
0.10249427359357469
0.08198814689504075
0.11858081797360685
0.11388358021817269
0.09444726669678935
0.07586577641187911
0.10166454661049387
0.07623901959898977
0.11166617539091299
0.07282180710192897
0.07697835309876906
0.08433877877456336
0.07784457767171932
0.11394864034756699
0.09741591604764825
0.1040417659331231
0.08261231630131599
0.0757541683943594
0.12256428739363975
0.11573588013583694
0.10156036427007085
0.0786073404813922
0.08618965686066632
0.08776141878477212
0.0786073404813922
0.08776141878477212
0.07099776759838455
0.11887025644107158
0.0921048004683577
0.07819419207388231
0.08232449663793452
0.08618965686066633
0.09122111896425589
0.0998590293004086
0.08261231682394832
0.11826307235321398
0.11713375822238749
0.06820991837389068
0.0783182220742121
0.06960343300708825
0.08640208767991446
0.07784457869718876
0.07623901969340788
0.11858081797360684
0.07330223133641124
0.08287531739974943
0.06411612091382708
0.07743395270950323
0.07856097583524067
0.09633590937871336
0.0785609758492885
0.0855772842372259
0.1288235478626463
0.09349353464789391
0.13327196065046598
0.23339384341546351
0.13067471154247393
0.06960343248448608
0.09976329508616513
0.07074379397495226
0.08287531671101976
0.09356688300482399
0.08684033274883174
0.08499353896032029
0.09988239750733077
0.09976329508616513
0.13427933522927096
0.06784213028142677
0.12882354786264627
0.07099776759838455
0.10658856138204238
0.09356688368482355
0.09339388925923038
0.14143875115705287
0.08982816829945271
0.1016665340184048
0.13067471103960662
0.07941887615762928
0.09020351973175848
0.08684033274883174
0.07261806457522788
0.08993320858976754
0.10851482298999925
0.07586577641187911
0.09297059697943995
0.0998590293004086
0.2538023085866345
0.0908207928461146
0.09669833553482361
0.2538023085866345
0.09503424183767978
0.2530486927148577
0.07784457767171932
0.10851482281206314
0.07170352517912461
0.10249427341563858
0.09805780685252447
0.06764331510184339
0.11380148560320712
0.07092904848093154
0.10722067876440963
0.09669833592729782
0.1033663734617378
0.0980914996084608
0.07743395270950323
0.10069861268286837
0.07682664668580112
0.10089741861754986
0.06776915722678443
0.08993320914495852
0.09179591445454044
0.061958780835801155
0.13448883603473813
0.0864020872039186
0.10071005425295879
0.07170352517912461
0.09714838394289528
0.07136331810784387
0.1065885613820424
0.07092904850069659
0.08695252674222387
0.07757418703464729
0.08499353852913218
0.08925771798175172
0.09528335579009709
0.09297059697943995
0.10069861245611689
0.10404176588040154
0.09805780645590412
0.0893916385633151
0.07099776709060744
0.09503424183767978
0.09976329508616513
0.09805780685252447
0.09349353464789391
0.2538023085866345
0.09988239750733077
0.13067471154247393
0.2530486927148577
0.13427933522927096
0.23339384341546351
0.09173923552704352
0.11598571064040968
0.1267795348008879
0.11168164921415531
0.1344888365376054
0.1288235478626463
0.09669833553482361
0.08499353896032029
0.0855772842372259
0.13327196065046598
0.08667136370958461
0.10370102547528058
0.2538023085866345
0.09179591495660028
0.23053825374688564
0.2530486927148577
0.10156036427007085
0.08982816868281912
0.09823830309804818
0.09503424178495821
0.06195878099618124
0.10370102536983743
0.13427933533471414
0.08938652794834823
0.10166653502904921
0.09349353513671343
0.1016645466104939
0.07586577641187911
0.08939163936206322
0.07282180710192897
0.10089741956337372
0.09052353406993582
0.06935827605104067
0.10156036532933443
0.08938652741783217
0.1352920565269651
0.07623901959898975
0.0751888916138417
0.09624143573591663
0.08198814698945887
0.10862444775121505
0.06784213028142679
0.10336637409775942
0.08925771806828617
0.0984027626729625
0.08667136377632381
0.07782464965842302
0.09444726669678935
0.10851482298999925
0.10071005499891507
0.11299481347710229
0.11598571119596837
0.07518889221112711
0.0902035203480015
0.0707437933784743
0.0717035253607822
0.07170352536078219
0.09624143523307951
0.12677953454036256
0.0962414352330795
0.0868403332714339
0.0707437933784743
0.061958780835801155
0.09805780645590412
0.07136331810784387
0.09179591445454044
0.13448883603473813
0.10862444708716032
0.08993320914495852
0.09988239761277394
0.09976329442291774
0.05815268833349854
0.05815268833349854
0.06542576610917722
0.06542576610917722
0.07261806457522788
0.07941887615762928
0.08287531671101976
0.08993320858976754
0.13427933522927096
0.08499353896032029
0.07261806457522788
0.13427933522927096
0.08993320858976754
0.08287531671101976
0.07941887615762928
0.0849935389603203
0.08684033274883174
0.08684033274883174
0.09976329508616513
0.09976329508616513
0.0902035203480015
0.08982816868281912
0.0783182220742121
0.07099776709060743
0.07697835309876906
0.0605423778611293
0.06784213004894812
0.07697835289885888
0.06411612072796473
0.06195878099618124
0.09356688300482399
0.09020351973175848
0.09988239750733077
0.06960343248448608
0.07074379397495227
0.0902035203480015
0.07697835309876906
0.07099776709060744
0.0783182220742121
0.08982816868281912
0.06054237786112931
0.09020351973175848
0.09356688300482399
0.06960343248448608
0.09988239750733077
0.07697835289885888
0.06784213004894814
0.06195878099618124
0.06411612072796473
0.07074379397495226
0.10806792351459679
0.10806792351459679
0.09122111883111511
0.09122111883111511
0.09444726656363497
0.09444726656363497
0.11751941342896148
0.09973895408614357
0.07819419317322754
0.08618965834950312
0.07330223104667578
0.06820991885696275
0.07782464965842302
0.08198814698945887
0.07623901959898975
0.10862444775121505
0.11388357966177638
0.09840276231642747
0.09179591495660029
0.07330223104667577
0.09624143573591663
0.10722067876440962
0.09602438735439331
0.11826307235321398
0.07860734158154488
0.07623901969340788
0.11299481292070598
0.09208890971761918
0.07092904848093154
0.09741591595403756
0.06820991885696275
0.0751888916138417
0.07282180669270254
0.09122111883111511
0.1175194134289615
0.07330223104667577
0.08618965834950312
0.07819419317322755
0.09973895408614357
0.06820991885696275
0.09840276231642749
0.1138835796617764
0.07330223104667578
0.09179591495660028
0.08198814698945887
0.07782464965842302
0.10862444775121505
0.07623901959898977
0.09624143573591662
0.07092904848093154
0.09208890971761918
0.06820991885696275
0.09741591595403758
0.07282180669270252
0.07518889161384171
0.09602438735439331
0.10722067876440963
0.07860734158154488
0.11826307235321398
0.11299481292070598
0.07623901969340788
0.09122111883111511
0.09047375328132172
0.09047375328132172
0.07860734158154488
0.07860734158154488
0.08198814689504075
0.08198814689504075
0.06745637811009668
0.06745637811009668
0.09226979781588542
0.11110985227995855
0.08232449627351576
0.07170940242007373
0.08301533948454232
0.07286259986606759
0.10976694069600415
0.11858081793979404
0.11858081793979403
0.1267795348008879
0.11168164921415531
0.08667136370958461
0.1344888365376054
0.09173923552704352
0.12677953480088794
0.11380148560320712
0.11330831716035658
0.11713375827510907
0.08053068189865015
0.11166617535710012
0.11598571064040968
0.10806792374134826
0.06764331510184339
0.0757541690303373
0.06671123185031982
0.10976694069600414
0.06935827598466929
0.10806792351459679
0.11598571119596837
0.08938652741783217
0.10156036532933443
0.10862444775121505
0.14723106969207334
0.1352920565269651
0.11168164976974417
0.06935827605104067
0.08053068098733374
0.08322629710736205
0.08776141887919026
0.06683606801792177
0.12659141400670965
0.10862444708716032
0.07170940180346286
0.06671123228641776
0.0917392360022621
0.0922697978158854
0.08301533948454232
0.07170940242007373
0.08232449627351575
0.11110985227995854
0.07286259986606759
0.08667136370958461
0.11168164921415531
0.09173923552704352
0.1344888365376054
0.11858081793979403
0.10976694069600414
0.12677953480088794
0.11858081793979404
0.1267795348008879
0.06764331510184339
0.10806792374134827
0.06671123185031982
0.07575416903033731
0.06935827598466929
0.10976694069600415
0.11330831716035658
0.11380148560320712
0.08053068189865016
0.11713375827510907
0.11598571064040968
0.11166617535710013
0.10806792351459679
0.08322629710736205
0.08053068098733372
0.06683606801792177
0.08776141887919026
0.10862444708716032
0.12659141400670965
0.06671123228641777
0.07170940180346286
0.08938652741783217
0.11598571119596837
0.10862444775121505
0.10156036532933443
0.1352920565269651
0.14723106969207334
0.06935827605104067
0.11168164976974418
0.09173923600226211
0.111666175390913
0.11166617539091299
0.1265914148853973
0.1265914148853973
0.14723106969207334
0.14723106969207334
0.10976694134602986
0.10976694134602986
0.12677953454036253
0.12677953454036256
0.08301533939800787
0.06671123228641776
0.10370102536983743
0.06764331512200646
0.08982816829945271
0.0917392360022621
0.07757418703464729
0.08667136377632381
0.07941887640945354
0.06745637811009668
0.06935827605104067
0.06411612091382708
0.06094276957118039
0.0855772842372259
0.06784213028142677
0.10862444708716032
0.09624143523307951
0.08938652794834824
0.07330223133641124
0.07623901969340788
0.06935827598466929
0.06820991837389068
0.07586577600262252
0.09179591445454044
0.07092904850069659
0.08198814689504075
0.1352920565269651
0.07330223133641124
0.0905235337748624
0.0984027626729625
0.0984027626729625
0.07282180669270254
0.07819419207388231
0.07282180710192897
0.0980914996084608
0.12677953454036256
0.13448883603473813
0.11858081797360684
0.13427933533471414
0.11168164976974418
0.10976694134602986
0.09988239761277394
0.11110985222723696
0.23339384341546351
0.09356688368482355
0.09173923600226211
0.12677953454036253
0.09976329442291774
0.07286259934343527
0.13067471103960662
0.0868403332714339
0.07170940180346286
0.09349353513671343
0.0707437933784743
0.07856097583524067
0.14723106969207334
0.14723106969207334
0.10862444708716032
0.12659141400670965
0.1352920565269651
0.08198814689504075
0.11166617535710013
0.10156036427007085
0.07518889221112711
0.10089741861754986
0.12659141400670965
0.08938652794834823
0.0962414352330795
0.0905235337748624
0.0893916385633151
0.08053068098733374
0.09714838394289528
0.11330831741670733
0.07697835289885888
0.09602438735439331
0.10806792374134826
0.09122111896425589
0.11330831741670733
0.11168164921415531
0.10806792374134827
0.09047375328132172
0.11598571119596837
0.06960343300708825
0.12622053217451573
0.07261806457522788
0.0902035203480015
0.09208890971761918
0.07367294385605262
0.09444726669678935
0.0922697978158854
0.08198814698945887
0.11168164921415531
0.0786073404813922
0.09714838394289528
0.08198814698945887
0.09602438735439331
0.07697835289885888
0.0786073404813922
0.09122111896425589
0.08053068098733372
0.11388357966177638
0.0904737531869036
0.11299481347710227
0.11751941342896148
0.08433877877456336
0.08938652741783217
0.111666175390913
0.061958780835801155
0.11573588013583694
0.13427933522927096
0.07697835309876906
0.11330831716035658
0.10370102547528058
0.09444726669678935
0.11110985227995854
0.08322629710736205
0.09823830309804818
0.0707437933784743
0.05815268833349854
0.09528335579009709
0.11858081793979403
0.09173923552704352
0.07623901959898975
0.07330223104667578
0.07784457767171932
0.0864020872039186
0.12659141400670965
0.10089741861754986
0.11166617535710013
0.11110985222723696
0.11299481292070598
0.10976694069600414
0.11713375822238749
0.10851482281206314
0.2538023085866345
0.11380148560320712
0.08198814689504075
0.14723106969207334
0.11858081797360684
0.07518889221112711
0.09356688368482355
0.10976694134602986
0.0751888916138417
0.10249427359357469
0.11166617539091299
0.10851482298999925
0.09624143573591662
0.12677953480088794
0.08776141878477212
0.07170352517912461
0.10089741956337372
0.08053068189865016
0.07074379397495226
0.1040417659331231
0.07170940242007373
0.09297059697943995
0.09624143573591663
0.09714838480228762
0.1265914148853973
0.10071005499891507
0.08939163936206322
0.1352920565269651
0.14723106969207334
0.13448883603473813
0.10156036427007085
0.23339384341546351
0.11168164976974418
0.11598571064040968
0.2530486927148577
0.11598571119596837
0.2538023085866345
0.10862444708716032
0.13427933533471414
0.12677953454036256
0.09988239761277394
0.09805780645590412
0.1267795348008879
0.1344888365376054
0.10862444775121505
0.09179591495660028
0.09805780685252447
0.07136331810784387
0.09840276231642749
0.10976694069600415
0.0757541683943594
0.1033663734617378
0.09356688300482399
0.10806792351459679
0.09020351973175848
0.10722067881713122
0.10806792374134827
0.11380148560320712
0.07782464965842302
0.07261806477513806
0.10976694134602986
0.0902035203480015
0.10336637409775942
0.08684033274883174
0.07757418705441234
0.06671123185031982
0.07092904848093154
0.07099776759838455
0.08925771806828617
0.08667136370958461
0.13067471154247393
0.06935827605104067
0.08982816868281912
0.09669833553482361
0.08993320914495852
0.08499353896032029
0.07170940180346286
0.06776915722678443
0.0922697981856119
0.058152688405177726
0.09122111883111511
0.10806792351459679
0.0783182220742121
0.09444726656363497
0.09988239750733077
0.09020351973175848
0.06745637811009668
0.11168164976974417
0.08287531739974943
0.07367294433915485
0.09339388925923038
0.07261806477513806
0.09122111883111511
0.06054237786112931
0.07697835309876906
0.06960343248448608
0.07518889161384171
0.11598571064040968
0.08618965686066633
0.10071005425295879
0.09052353406993582
0.11751941333454337
0.09444726656363497
0.08261231630131599
0.09208891008731551
0.10071005425295879
0.11299481292070598
0.07980520551437188
0.11388358021817269
0.11664071373147952
0.08433877937101115
0.06935827605104067
0.10976694134602986
0.08993320914495852
0.0757541683943594
0.13067471154247393
0.07261806477513806
0.10806792351459679
0.08982816868281912
0.0902035203480015
0.09356688300482399
0.06671123228641777
0.10166653502904921
0.0868403332714339
0.09339388868468387
0.07099776709060744
0.10976694069600415
0.08667136370958461
0.07782464965842302
0.09840276231642749
0.1033663734617378
0.08925771798175172
0.07092904848093154
0.11380148560320712
0.07099776759838455
0.1033663734617378
0.08684033274883174
0.09020351973175848
0.10806792351459679
0.06671123185031982
0.10806792374134826
0.10976694069600414
0.10722067876440962
0.09339388925923037
0.09356688368482356
0.07261806457522788
0.0757541690303373
0.09356688300482399
0.07757418705441234
0.10722067881713121
0.09840276231642747
0.0757541683943594
0.0973861788051573
0.06764331510184339
0.1288235478626463
0.06784213028142679
0.07941887615762928
0.06764331510184339
0.1065885613820424
0.07941887615762928
0.07282180669270252
0.11166617535710012
0.08232449663793452
0.10166454670411815
0.0785609758492885
0.0922697981856119
0.09444726656363497
0.09985902969782275
0.11330831741670733
0.10851482281206314
0.07623901969340788
0.08287531739974943
0.11858081797360685
0.06960343300708825
0.07784457869718876
0.07074379397495227
0.0768266463221898
0.08322629772397291
0.09809150072757108
0.09528335585114926
0.08640208767991445
0.06935827598466929
0.13327196065046598
0.08667136377632381
0.08557728419854212
0.09669833592729782
0.08499353852913218
0.08993320858976754
0.06784213004894812
0.1065885608742653
0.06764331512200646
0.06784213004894814
0.06764331512200646
0.07941887640945354
0.10658856087426528
0.14143875115705287
0.06683606801792177
0.10404176588040154
0.0832262977239729
0.09973895408614357
0.11826307235321398
0.06671123185031982
0.11826307235321398
0.09985902969782275
0.23053825374688564
0.10722067881713122
0.07860734158154488
0.10862444775121505
0.07623901969340788
0.08618965834950312
0.10722067876440963
0.07782464965842302
0.06820991885696275
0.11826307235321398
0.07623901959898977
0.09973895408614357
0.07623901959898977
0.09173923552704352
0.0786073404813922
0.08640208720391862
0.11299481347710229
0.0904737531869036
0.06411612072796473
0.11826307235321398
0.06745637822387043
0.09082079279339303
0.07330223104667577
0.09602438735439331
0.08198814698945887
0.1175194134289615
0.07819419317322755
0.10156036532933443
0.1265914148853973
0.09179591445454044
0.12256428739363975
0.2530486927148577
0.11388358021817269
0.11713375827510907
0.23053825374688564
0.11299481347710229
0.27341025210614767
0.08776141887919026
0.10370102536983743
0.09624143523307951
0.1103675223488118
0.10404176588040154
0.11858081793979404
0.11168164921415531
0.08198814698945887
0.1138835796617764
0.10249427341563858
0.09714838394289528
0.07819419317322755
0.07170940242007373
0.09741591604764825
0.11887025726093381
0.10249427341563858
0.09208891008731551
0.0783182220742121
0.11826307235321398
0.09122111896425589
0.11713375822238749
0.08618965834950312
0.07367294433915483
0.07518889221112711
0.12622053217451576
0.08261231682394832
0.08287531671101976
0.06745637822387043
0.06745637822387043
0.0798052065003414
0.06054237829231739
0.0798052065003414
0.08232449627351575
0.09349353464789391
0.07282180710192897
0.10074804185161233
0.0998590293004086
0.07682664668580112
0.08287531671101976
0.09179591495660028
0.1267795348008879
0.10156036427007085
0.09805780685252447
0.2538023085866345
0.11598571064040968
0.09988239750733077
0.23053825374688564
0.11168164921415531
0.2538023085866345
0.10862444775121505
0.11168164976974418
0.14723106969207334
0.11598571119596837
0.10156036532933443
0.09976329508616513
0.10370102547528058
0.09173923552704352
0.09503424183767978
0.09349353464789391
0.08938652741783217
0.1344888365376054
0.23339384341546351
0.1352920565269651
0.2530486927148577
0.2530486927148577
0.13448883603473813
0.13427933522927096
0.08993320858976754
0.08557728419854212
0.06935827598466929
0.09669833592729782
0.08982816829945271
0.08667136377632381
0.1016665340184048
0.13327196065046598
0.09741591595403758
0.08053068189865015
0.07819419207388231
0.08433877937101117
0.0908207928461146
0.11751941333454337
0.09122111883111511
0.11826307235321398
0.09602438735439331
0.11299481292070598
0.07860734158154488
0.06745637811009668
0.08198814689504075
0.09047375328132172
0.07860734158154488
0.06960343248448608
0.07367294385605262
0.0904737531869036
0.11664071373147952
0.07367294433915483
0.09047375328132172
0.07575416903033731
0.0855772842372259
0.0984027626729625
0.0973861788051573
0.10722067876440963
0.07757418703464729
0.07261806457522788
0.07099776709060743
0.08695252674222387
0.07092904850069659
0.08925771798175172
0.06671123228641776
0.07757418703464729
0.09339388868468389
0.10658856138204238
0.06195878099618124
0.09349353513671343
0.08938652794834823
0.09503424178495821
0.10370102536983743
0.09173923600226211
0.09823830309804818
0.13067471103960662
0.12882354735486917
0.07286259934343527
0.07682664668580112
0.08232449663793452
0.06542576661695435
0.07367294433915483
0.0757541683943594
0.06054237829231739
0.09528335585114926
0.09349353464789391
0.07099776759838455
0.07757418703464729
0.13448883603473813
0.08499353852913218
0.07682664668580112
0.10658856138204238
0.08993320914495852
0.06776915722678443
0.08695252674222387
0.061958780835801155
0.07743395270950323
0.07518889221112711
0.10156036427007085
0.06820991837389069
0.0893916385633151
0.07282180710192897
0.07819419207388231
0.10166454670411816
0.09741591604764825
0.09741591604764827
0.10069861268286837
0.10089741861754986
0.07092904850069659
0.09179591445454044
0.0980914996084608
0.10069861268286837
0.08667136377632381
0.11858081797360685
0.08499353852913218
0.08232449663793452
0.13327196065046598
0.08287531739974943
0.0922697981856119
0.08557728419854212
0.06960343300708825
0.0785609758492885
0.08301533939800787
0.12882354735486917
0.09976329442291774
0.09633590988158067
0.07743395277546519
0.11166617535710012
0.06935827598466929
0.07623901969340788
0.07282180669270252
0.10166454670411815
0.07586577600262252
0.0798052065003414
0.11713375822238747
0.0605423782923174
0.11887025726093381
0.08287531671101976
0.0783182220742121
0.09208891008731551
0.06745637822387043
0.09122111896425589
0.07170940242007373
0.11036752234881181
0.09339388868468389
0.09988239761277393
0.05815268833349854
0.06776915719994314
0.10249427341563859
0.06745637822387043
0.11826307235321398
0.07819419317322754
0.09741591604764827
0.09082079279339304
0.08678661876660435
0.1016665340184048
0.0641161209138271
0.06542576610917722
0.06094276964285958
0.09633590988158067
0.06411612072796473
0.0905235337748624
0.12659141400670965
0.07286259934343527
0.0893916385633151
0.07856097583524067
0.07170940180346286
0.10071005425295879
0.09082079279339303
0.08053068098733372
0.09297059697943995
0.0962414352330795
0.0868403332714339
0.12677953454036253
0.0707437933784743
0.0717035253607822
0.07170352517912461
0.06776915719994316
0.06683606801792177
0.10069861245611689
0.10069861268286837
0.07170352536078219
0.08938652794834823
0.13067471103960662
0.09173923600226211
0.09349353513671343
0.09503424178495821
0.09976329442291774
0.06195878099618124
0.08925771798175172
0.09339388868468387
0.06671123228641777
0.07099776709060744
0.07092904850069659
0.0868403332714339
0.08695252674222387
0.10166653502904921
0.06094276957118039
0.11110985222723696
0.06542576661695436
0.09528335585114926
0.09633590937871336
0.05815268840517773
0.09444726656363497
0.06411612072796473
0.07697835289885888
0.07074379397495226
0.10370102536983743
0.10166653502904921
0.13427933533471412
0.09823830309804818
0.06195878099618124
0.10851482281206315
0.06094276964285957
0.09973895408614357
0.09809150072757108
0.10166454670411816
0.0950342417849582
0.06764331512200646
0.14143875115705287
0.07941887640945354
0.1065885608742653
0.06784213004894814
0.12882354735486917
0.06784213004894812
0.09669833592729783
0.10166653401840481
0.0898281682994527
0.08993320858976754
0.06935827598466929
0.13067471103960665
0.08557728419854212
0.14143875115705287
0.07586577600262252
0.09633590988158067
0.08301533939800787
0.07743395277546519
0.07586577600262252
0.09976329442291774
0.07743395277546518
0.12882354735486917
0.12882354735486917
0.08261231682394832
0.08776141878477212
0.06820991837389068
0.11394864034756699
0.0998590293004086
0.08618965686066632
0.08261231630131599
0.11826307235321398
0.0786073404813922
0.1040417659331231
0.08776141887919026
0.06671123228641776
0.10862444708716032
0.08322629710736205
0.06683606801792177
0.07784457767171932
0.09122111896425589
0.0786073404813922
0.08433877877456336
0.09741591604764825
0.08053068098733374
0.11573588033574712
0.08982816829945271
0.07330223133641124
0.10074804145419816
0.09973895408614357
0.08301533939800787
0.07697835289885888
0.09210480089951563
0.06054237829231739
0.06820991837389069
0.09210480089951563
0.06820991837389068
0.07286259934343527
0.0605423782923174
0.06542576661695435
0.07136331810784387
0.09988239761277394
0.10862444708716032
0.09805780645590412
0.09179591445454044
0.12677953454036256
0.061958780835801155
0.13427933533471414
0.08499353852913218
0.07784457869718876
0.06411612091382708
0.07330223133641124
0.08640208767991446
0.07623901969340788
0.0917392360022621
0.06960343300708825
0.07941887640945354
0.08499353852913218
0.09976329442291774
0.08322629710736205
0.1103675223488118
0.08678661876660435
0.10074804145419816
0.10722067876440963
0.06764331510184339
0.0998590293004086
0.09669833592729782
0.2530486927148577
0.09669833553482361
0.09047375328132172
0.08938652741783217
0.08640208767991446
0.0798052065003414
0.0973861788051573
0.08925771806828617
0.07092904848093154
0.0908207928461146
0.07586577641187911
0.09503424183767978
0.07782464965842302
0.08667136370958461
0.08618965686066632
0.08925771798175172
0.11388358021817269
0.07980520551437188
0.06784213004894814
0.09973895408614357
0.06094276964285958
0.09503424178495821
0.09840276231642747
0.11751941333454337
0.09052353406993582
0.11664071373147952
0.09809150072757108
0.11598571119596837
0.11166617539091299
0.09805780645590412
0.11713375822238749
0.2530486927148577
0.10249427359357469
0.11380148560320712
0.2538023085866345
0.10851482298999925
0.2538023085866345
0.08053068098733372
0.09503424178495821
0.0717035253607822
0.09082079279339303
0.09297059697943995
0.10976694069600414
0.11598571064040968
0.0751888916138417
0.11299481292070598
0.10851482281206314
0.10071005425295879
0.1175194134289615
0.09226979781588542
0.08433877877456336
0.12622053217451576
0.1138835796617764
0.09208890971761918
0.0902035203480015
0.11299481347710229
0.09444726669678935
0.11598571119596837
0.11751941342896148
0.11664071373147952
0.10071005499891507
0.1175194134289615
0.10071005499891507
0.07261806457522788
0.0904737531869036
0.07367294385605261
0.09047375328132172
0.06960343300708825
0.11664071373147952
0.0922697978158854
0.09503424183767978
0.1016645466104939
0.09973895408614357
0.10851482298999925
0.0980914996084608
0.06960343248448608
0.1138835796617764
0.11858081793979404
0.12256428739363975
0.10249427341563858
0.27341025210614767
0.11713375827510907
0.09356688300482399
0.27341025210614767
0.11110985227995854
0.2538023085866345
0.08198814698945887
0.11388358021817269
0.1265914148853973
0.11299481347710229
0.10089741956337372
0.08684033274883174
0.11036752245425495
0.07286259986606759
0.0908207928461146
0.0785609758492885
0.09052353406993582
0.11168164921415531
0.2530486927148577
0.10156036532933443
0.23053825374688564
0.2538023085866345
0.09179591445454044
0.09988239750733077
0.07261806457522788
0.0973861788051573
0.07575416903033731
0.10722067876440963
0.09356688368482355
0.0984027626729625
0.09339388925923038
0.0855772842372259
0.09208890971761918
0.11330831716035658
0.11887025644107158
0.09208891008731551
0.11036752245425495
0.1262205318048194
0.10806792351459679
0.11713375827510907
0.11330831716035658
0.11598571064040968
0.09602438735439331
0.07980520551437188
0.09714838480228762
0.0904737531869036
0.08053068189865016
0.09020351973175848
0.1262205318048194
0.1262205318048194
0.11751941333454337
0.0922697981856119
0.11751941333454337
0.10806792374134827
0.09669833553482361
0.10336637409775942
0.10722067881713122
0.11380148560320712
0.07092904850069659
0.09020351973175848
0.0902035203480015
0.08925771806828617
0.10336637409775944
0.07782464965842302
0.10976694134602986
0.0984027626729625
0.07261806477513806
0.06784213028142677
0.07697835289885888
0.10074804145419816
0.11573588033574712
0.09973895408614357
0.11110985222723696
0.07330223133641124
0.058152688405177726
0.08982816829945271
0.07941887640945354
0.09973895408614357
0.08301533948454232
0.1040417659331231
0.10074804185161233
0.27341025210614767
0.11036752245425495
0.08982816868281912
0.23053825374688564
0.10370102547528058
0.2530486927148577
0.07330223104667578
0.11299481292070598
0.09624143573591662
0.1138835796617764
0.09179591495660028
0.07941887615762928
0.10722067881713122
0.07757418705441234
0.0973861788051573
0.08557728419854212
0.09840276231642749
0.11110985227995854
0.2538023085866345
0.10089741956337372
0.27341025210614767
0.2538023085866345
0.10089741861754986
0.09356688300482399
0.05815268833349854
0.09082079279339303
0.06776915719994316
0.1103675223488118
0.09988239761277394
0.0905235337748624
0.09339388868468387
0.07856097583524067
0.13427933522927096
0.2530486927148577
0.1344888365376054
0.2530486927148577
0.23339384341546351
0.1352920565269651
0.13067471154247393
0.23339384341546351
0.13067471103960662
0.07697835309876906
0.10249427359357469
0.09714838480228762
0.11388358021817269
0.11168164976974418
0.08198814689504075
0.07261806477513806
0.09356688368482355
0.0868403332714339
0.13427933533471414
0.12622053217451576
0.11573588013583692
0.09210480089951563
0.11887025726093381
0.10074804185161233
0.0921048004683577
0.1033663734617378
0.10249427341563858
0.07784457767171932
0.09805780685252447
0.09714838394289528
0.08925771798175172
0.07136331810784387
0.08640208720391862
0.07170352517912461
0.1033663734617378
0.09208891008731551
0.08261231630131599
0.08433877937101117
0.10166454670411815
0.10071005425295879
0.11330831741670733
0.09669833592729782
0.07784457869718876
0.09985902969782275
0.10851482281206314
0.07586577600262252
0.09444726656363497
0.12622053217451573
0.0798052065003414
0.08261231682394832
0.08618965834950312
0.07518889221112711
0.0905235337748624
0.07367294433915485
0.06094276957118039
0.09714838394289528
0.1103675223488118
0.08776141887919026
0.10404176588040154
0.10089741861754986
0.09624143523307951
0.06776915722678443
0.10370102536983743
0.07757418703464729
0.11330831741670733
0.08678661876660435
0.11573588033574711
0.0832262977239729
0.11166617535710013
0.08938652794834824
0.0922697981856119
0.06764331512200646
0.08667136377632381
0.08301533939800787
0.11573588013583694
0.11713375822238749
0.08776141878477212
0.12256428739363975
0.10156036427007085
0.12659141400670965
0.0757541683943594
0.11110985222723696
0.07286259934343527
0.13448883603473813
0.11858081797360684
0.08301533939800787
0.07757418703464729
0.09173923600226211
0.07941887640945354
0.08667136377632381
0.10370102536983743
0.06671123228641777
0.0898281682994527
0.06764331512200646
0.06745637811009668
0.0855772842372259
0.06094276957118039
0.0641161209138271
0.06935827605104067
0.06784213028142679
0.13448883603473813
0.12677953454036253
0.13427933533471412
0.11858081797360685
0.0917392360022621
0.13067471103960665
0.07286259934343527
0.09976329442291774
0.12677953454036256
0.0868403332714339
0.11168164976974417
0.23339384341546351
0.11110985222723696
0.09988239761277393
0.10976694134602986
0.09356688368482356
0.09349353513671343
0.07170940180346286
0.07856097583524069
0.0707437933784743
0.0962414352330795
0.10862444708716032
0.07330223133641124
0.08938652794834823
0.08198814689504075
0.0984027626729625
0.0905235337748624
0.07330223133641124
0.1352920565269651
0.0984027626729625
0.07623901969340788
0.09179591445454044
0.07586577600262252
0.06820991837389069
0.06935827598466929
0.07092904850069659
0.07819419207388231
0.07282180669270252
0.0980914996084608
0.07282180710192897
0.14723106969207334
0.1352920565269651
0.12659141400670965
0.10862444708716032
0.14723106969207334
0.08198814689504075
0.08938652794834824
0.12659141400670965
0.0905235337748624
0.09624143523307951
0.10156036427007085
0.11166617535710012
0.10089741861754986
0.07518889221112711
0.0893916385633151
0.10089741861754986
0.12659141400670965
0.11110985222723696
0.11166617535710012
0.08198814689504075
0.09356688368482356
0.07518889221112711
0.11858081797360685
0.14723106969207334
0.10976694134602986
0.11299481292070598
0.2538023085866345
0.10851482281206315
0.11713375822238747
0.10976694069600415
0.11380148560320712
0.10249427359357469
0.07518889161384171
0.10851482298999925
0.111666175390913
0.1352920565269651
0.23339384341546351
0.10156036427007085
0.13448883603473813
0.14723106969207334
0.11168164976974417
0.13427933533471412
0.10862444708716032
0.09988239761277393
0.12677953454036253
0.2530486927148577
0.11598571064040968
0.2538023085866345
0.11598571119596837
0.09805780645590412
0.09624143573591663
0.10089741956337372
0.07170352517912461
0.08776141878477212
0.1267795348008879
0.08053068189865015
0.09714838480228762
0.09624143573591662
0.10071005499891507
0.1265914148853973
0.1040417659331231
0.07074379397495227
0.09297059697943993
0.07170940242007373
0.08939163936206322
0.1344888365376054
0.12677953480088794
0.09179591495660029
0.10862444775121505
0.07136331810784387
0.09805780685252445
0.09714838394289528
0.08053068098733372
0.07697835289885888
0.11330831741670733
0.09047375328132172
0.07261806457522788
0.12622053217451576
0.06960343300708825
0.11598571119596837
0.0902035203480015
0.09602438735439331
0.11168164921415531
0.11330831741670733
0.09122111896425589
0.10806792374134827
0.10806792374134826
0.07367294385605261
0.09208890971761918
0.09226979781588542
0.09444726669678935
0.08938652741783217
0.13427933522927096
0.11573588013583692
0.061958780835801155
0.11166617539091299
0.07697835309876906
0.09823830309804818
0.08322629710736205
0.05815268833349854
0.0707437933784743
0.10370102547528058
0.11330831716035658
0.11110985227995855
0.09444726669678935
0.09528335579009709
0.08198814698945887
0.08198814698945887
0.09714838394289528
0.0786073404813922
0.11168164921415531
0.09602438735439331
0.0904737531869036
0.1138835796617764
0.1175194134289615
0.11299481347710229
0.0786073404813922
0.07697835289885888
0.08053068098733374
0.09122111896425589
0.08433877877456336
0.09173923552704352
0.11858081793979404
0.07330223104667577
0.07623901959898977
0.08640208720391862
0.07784457767171932
0.09840276231642747
0.09356688300482399
0.1033663734617378
0.0757541683943594
0.10976694069600414
0.10806792351459679
0.07261806477513806
0.07782464965842302
0.0902035203480015
0.10976694134602986
0.10722067881713121
0.09020351973175848
0.11380148560320712
0.10806792374134826
0.10336637409775944
0.13067471154247393
0.08667136370958461
0.08982816868281912
0.06935827605104067
0.08993320914495852
0.09669833553482361
0.07757418705441234
0.08684033274883174
0.07092904848093154
0.06671123185031982
0.08925771806828617
0.07099776759838455
0.0849935389603203
0.10404176588040152
0.06683606801792177
0.09973895408614357
0.08322629772397291
0.07860734158154488
0.10722067876440962
0.08618965834950312
0.07623901969340788
0.10862444775121505
0.07782464965842302
0.11826307235321398
0.23053825374688564
0.09985902969782276
0.11826307235321398
0.06671123185031982
0.10722067881713121
0.11826307235321398
0.06820991885696275
0.09973895408614357
0.07623901959898975
0.10156036532933443
0.2530486927148577
0.12256428739363975
0.09179591445454044
0.1265914148853973
0.11388358021817269
0.10370102536983743
0.08776141887919026
0.11036752234881181
0.0962414352330795
0.23053825374688564
0.11713375827510907
0.27341025210614767
0.11299481347710227
0.10404176588040152
0.07623901959898975
0.11299481347710227
0.0864020872039186
0.0786073404813922
0.09173923552704352
0.0904737531869036
0.09602438735439331
0.07330223104667578
0.11751941342896148
0.08198814698945887
0.11826307235321398
0.06411612072796473
0.09082079279339304
0.06745637822387043
0.07819419317322754
0.11168164921415531
0.11858081793979403
0.11388357966177638
0.08198814698945887
0.09714838394289528
0.10249427341563859
0.09179591495660029
0.2538023085866345
0.09805780685252445
0.10156036427007085
0.12677953480088794
0.11598571064040968
0.11168164976974417
0.10862444775121505
0.11598571119596837
0.14723106969207334
0.23053825374688564
0.09988239750733077
0.2538023085866345
0.11168164921415531
0.10156036532933443
0.23339384341546351
0.1344888365376054
0.2530486927148577
0.1352920565269651
0.13448883603473813
0.2530486927148577
0.10370102547528058
0.09976329508616513
0.09503424183767978
0.09173923552704352
0.08938652741783217
0.09349353464789391
0.13427933522927096
0.07819419317322754
0.10249427341563859
0.11887025726093381
0.09741591604764827
0.07170940242007373
0.09208891008731551
0.07367294433915485
0.08618965834950312
0.12622053217451573
0.07518889221112711
0.11826307235321398
0.0783182220742121
0.11713375822238747
0.09122111896425589
0.08261231682394832
0.09349353464789391
0.08232449627351576
0.10074804185161232
0.07282180710192897
0.07682664668580112
0.09985902930040859
0.06745637822387043
0.08287531671101976
0.0798052065003414
0.06745637822387043
0.0798052065003414
0.0605423782923174
0.08287531671101976
0.08557728419854212
0.08993320858976754
0.09669833592729783
0.06935827598466929
0.08667136377632381
0.0898281682994527
0.13327196065046598
0.10166653401840481
0.06776915722678443
0.07170940180346286
0.05815268840517773
0.0922697981856119
0.06745637811009668
0.09339388925923037
0.07367294433915483
0.08287531739974943
0.11168164976974418
0.07261806477513806
0.09122111883111511
0.09988239750733077
0.09444726656363497
0.0783182220742121
0.10806792351459679
0.09020351973175848
0.0605423778611293
0.09122111883111511
0.06960343248448608
0.07697835309876906
0.06935827605104067
0.13067471154247393
0.0757541683943594
0.08993320914495852
0.10976694134602986
0.07261806477513806
0.10166653502904921
0.06671123228641776
0.09339388868468389
0.0868403332714339
0.08982816868281912
0.10806792351459679
0.09356688300482399
0.0902035203480015
0.07099776709060743
0.0751888916138417
0.09052353406993582
0.10071005425295879
0.08618965686066632
0.11598571064040968
0.11751941333454337
0.07980520551437188
0.11299481292070598
0.11664071373147952
0.11388358021817269
0.08261231630131599
0.09444726656363497
0.10071005425295879
0.09208891008731551
0.08433877937101117
0.08667136370958461
0.10976694069600414
0.09840276231642747
0.07782464965842302
0.08925771798175172
0.1033663734617378
0.07282180669270254
0.0785609758492885
0.10166454670411816
0.08232449663793452
0.11166617535710013
0.0922697981856119
0.08287531739974943
0.07623901969340788
0.06960343300708825
0.11858081797360684
0.09985902969782276
0.09444726656363497
0.10851482281206315
0.11330831741670733
0.07784457869718876
0.13327196065046598
0.06935827598466929
0.08557728419854212
0.08667136377632381
0.08499353852913218
0.09669833592729783
0.0768266463221898
0.07074379397495226
0.09809150072757108
0.0832262977239729
0.08640208767991446
0.09528335585114926
0.08993320858976754
0.07092904848093154
0.08684033274883174
0.1033663734617378
0.07099776759838455
0.11380148560320712
0.09020351973175848
0.09339388925923038
0.10722067876440963
0.07261806457522788
0.09356688368482355
0.06671123185031982
0.10806792351459679
0.10976694069600415
0.10806792374134827
0.07575416903033731
0.12882354786264627
0.06764331510184339
0.07941887615762928
0.06784213028142677
0.10658856138204238
0.06764331510184339
0.07757418705441234
0.09356688300482399
0.09840276231642749
0.10722067881713122
0.0973861788051573
0.0757541683943594
0.07941887615762928
0.10658856087426528
0.06784213004894814
0.06784213004894812
0.06764331512200646
0.07941887640945354
0.06764331512200646
0.14143875115705287
0.1065885608742653
0.09741591595403756
0.0908207928461146
0.08433877937101115
0.07819419207388231
0.08053068189865016
0.11751941333454337
0.06745637811009668
0.07860734158154488
0.09047375328132172
0.08198814689504075
0.11826307235321398
0.09122111883111511
0.11299481292070598
0.09602438735439331
0.07860734158154488
0.0855772842372259
0.0757541690303373
0.0973861788051573
0.0984027626729625
0.07757418703464729
0.10722067876440962
0.07367294385605261
0.06960343248448608
0.11664071373147952
0.0904737531869036
0.09047375328132172
0.07367294433915485
0.07261806457522788
0.09349353513671343
0.06195878099618124
0.0950342417849582
0.08938652794834824
0.0917392360022621
0.10370102536983743
0.13067471103960665
0.09823830309804818
0.08695252674222387
0.07099776709060744
0.08925771798175172
0.07092904850069659
0.07757418703464729
0.06671123228641777
0.1065885613820424
0.09339388868468387
0.12882354735486917
0.11036752234881181
0.08322629710736205
0.10074804145419816
0.08678661876660435
0.09047375328132172
0.0973861788051573
0.0798052065003414
0.08640208767991445
0.08938652741783217
0.08925771806828617
0.10722067876440962
0.2530486927148577
0.09669833592729783
0.09985902930040859
0.06764331510184339
0.09669833553482361
0.0908207928461146
0.07092904848093154
0.09503424183767978
0.07586577641187911
0.11598571119596837
0.2530486927148577
0.11713375822238747
0.09805780645590412
0.111666175390913
0.10249427359357469
0.0950342417849582
0.08053068098733374
0.09082079279339304
0.07170352536078219
0.2538023085866345
0.11380148560320712
0.2538023085866345
0.10851482298999925
0.09297059697943993
0.07782464965842302
0.11388358021817269
0.08925771798175172
0.08618965686066633
0.08667136370958461
0.07980520551437188
0.11751941333454337
0.09840276231642749
0.11664071373147952
0.09052353406993582
0.09973895408614357
0.06784213004894812
0.0950342417849582
0.06094276964285957
0.09809150072757108
0.11598571064040968
0.10976694069600415
0.11299481292070598
0.07518889161384171
0.10071005425295879
0.10851482281206315
0.11388357966177638
0.27341025210614767
0.10249427341563859
0.12256428739363975
0.11858081793979403
0.11713375827510907
0.11388358021817269
0.08198814698945887
0.11299481347710227
0.1265914148853973
0.27341025210614767
0.09356688300482399
0.2538023085866345
0.11110985227995855
0.10089741956337372
0.2530486927148577
0.11168164921415531
0.23053825374688564
0.10156036532933443
0.09179591445454044
0.2538023085866345
0.11036752245425495
0.08684033274883174
0.0908207928461146
0.07286259986606759
0.09052353406993582
0.0785609758492885
0.09988239750733077
0.11751941342896148
0.11388357966177638
0.12622053217451573
0.08433877877456336
0.0922697978158854
0.09208890971761918
0.11664071373147952
0.1175194134289615
0.11751941342896148
0.10071005499891507
0.11299481347710227
0.0902035203480015
0.11598571119596837
0.09444726669678935
0.10071005499891507
0.09503424183767978
0.09226979781588542
0.09973895408614357
0.10166454661049387
0.0980914996084608
0.10851482298999925
0.0904737531869036
0.07261806457522788
0.09047375328132172
0.07367294385605262
0.11664071373147952
0.06960343300708825
0.06960343248448608
0.0973861788051573
0.07261806457522788
0.10722067876440962
0.0757541690303373
0.0984027626729625
0.09356688368482356
0.0855772842372259
0.09339388925923037
0.09973895408614357
0.27341025210614767
0.10074804185161232
0.1040417659331231
0.08301533948454232
0.11036752245425495
0.11299481292070598
0.07330223104667577
0.11388357966177638
0.09624143573591663
0.23053825374688564
0.08982816868281912
0.2530486927148577
0.10370102547528058
0.09179591495660029
0.2538023085866345
0.11110985227995855
0.27341025210614767
0.10089741956337372
0.10089741861754986
0.2538023085866345
0.10722067881713121
0.07941887615762928
0.0973861788051573
0.07757418705441234
0.09840276231642747
0.08557728419854212
0.09356688300482399
0.2530486927148577
0.13427933522927096
0.2530486927148577
0.1344888365376054
0.1352920565269651
0.23339384341546351
0.23339384341546351
0.13067471154247393
0.09082079279339304
0.05815268833349854
0.11036752234881181
0.06776915719994314
0.0905235337748624
0.09988239761277393
0.07856097583524069
0.09339388868468389
0.13067471103960665
0.09208890971761918
0.11036752245425495
0.09208891008731551
0.11887025644107158
0.11330831716035658
0.1262205318048194
0.07980520551437188
0.09602438735439331
0.0904737531869036
0.09714838480228762
0.11713375827510907
0.10806792351459679
0.11598571064040968
0.11330831716035658
0.08053068189865015
0.09669833553482361
0.10806792374134826
0.10722067881713121
0.10336637409775944
0.07092904850069659
0.11380148560320712
0.1262205318048194
0.09020351973175848
0.11751941333454337
0.1262205318048194
0.11751941333454337
0.0922697981856119
0.09020351973175848
0.10074804145419816
0.07697835289885888
0.09973895408614357
0.11573588033574711
0.07330223133641124
0.11110985222723696
0.0898281682994527
0.05815268840517773
0.08925771806828617
0.0902035203480015
0.07782464965842302
0.10336637409775942
0.0984027626729625
0.10976694134602986
0.06784213028142679
0.07261806477513806
0.07941887640945354
0.10249427359357469
0.07697835309876906
0.11388358021817269
0.09714838480228762
0.08198814689504075
0.11168164976974417
0.09356688368482356
0.07261806477513806
0.13427933533471412
0.0868403332714339
0.07682664668580112
0.07286259934343527
0.06542576661695436
0.08232449663793452
0.07757418703464729
0.1065885613820424
0.07682664668580112
0.08499353852913218
0.13448883603473813
0.08993320914495852
0.07367294433915485
0.09349353464789391
0.09528335585114926
0.0605423782923174
0.0757541683943594
0.07099776759838455
0.08695252674222387
0.06776915722678443
0.07743395270950323
0.061958780835801155
0.08667136377632381
0.13327196065046598
0.08232449663793452
0.08499353852913218
0.11858081797360684
0.08287531739974943
0.12882354735486917
0.08301533939800787
0.09633590988158067
0.09976329442291774
0.08557728419854212
0.0922697981856119
0.0785609758492885
0.06960343300708825
0.07743395277546518
0.07518889221112711
0.07282180710192897
0.0893916385633151
0.06820991837389068
0.10156036427007085
0.07819419207388231
0.07092904850069659
0.10089741861754986
0.0980914996084608
0.09179591445454044
0.09741591604764827
0.10166454670411815
0.10069861268286837
0.09741591604764825
0.10069861268286837
0.06935827598466929
0.11166617535710013
0.07282180669270254
0.07623901969340788
0.07586577600262252
0.10166454670411816
0.0905235337748624
0.07856097583524069
0.0893916385633151
0.07286259934343527
0.12659141400670965
0.07170940180346286
0.0868403332714339
0.09624143523307951
0.0707437933784743
0.12677953454036256
0.09082079279339304
0.10071005425295879
0.09297059697943993
0.08053068098733374
0.07170352536078219
0.13067471103960665
0.08938652794834824
0.09349353513671343
0.0917392360022621
0.09976329442291774
0.0950342417849582
0.06776915719994314
0.07170352517912461
0.10069861245611689
0.06683606801792177
0.0717035253607822
0.10069861268286837
0.06195878099618124
0.0798052065003414
0.08287531671101976
0.11887025726093381
0.06054237829231739
0.11713375822238749
0.0783182220742121
0.09339388868468387
0.1103675223488118
0.05815268833349854
0.09988239761277394
0.06745637822387043
0.09208891008731551
0.07170940242007373
0.09122111896425589
0.06776915719994316
0.10166653401840481
0.08678661876660435
0.06542576610917722
0.06411612091382708
0.09633590988158067
0.06094276964285957
0.06745637822387043
0.10249427341563858
0.07819419317322755
0.11826307235321398
0.09082079279339303
0.09741591604764825
0.06411612072796473
0.09339388868468389
0.08925771798175172
0.07099776709060743
0.06671123228641776
0.0868403332714339
0.07092904850069659
0.10166653502904921
0.08695252674222387
0.08261231682394832
0.09985902930040859
0.113948640347567
0.06820991837389069
0.08776141878477212
0.08618965686066633
0.06671123228641777
0.08776141887919026
0.08322629710736205
0.10862444708716032
0.11826307235321398
0.08261231630131599
0.1040417659331231
0.0786073404813922
0.06683606801792177
0.0898281682994527
0.11573588033574711
0.10074804145419816
0.07330223133641124
0.08301533939800787
0.09973895408614357
0.09122111896425589
0.07784457767171932
0.08433877877456336
0.0786073404813922
0.08053068098733372
0.09741591604764827
0.07697835289885888
0.09988239761277393
0.07136331810784387
0.09805780645590412
0.10862444708716032
0.12677953454036253
0.09179591445454044
0.13427933533471412
0.061958780835801155
0.0605423782923174
0.09210480089951563
0.09210480089951563
0.06820991837389068
0.07286259934343527
0.06820991837389069
0.06542576661695436
0.06054237829231739
0.08499353852913218
0.06094276957118039
0.09633590937871336
0.09528335585114926
0.06542576661695435
0.11110985222723696
0.058152688405177726
0.10166653502904921
0.10370102536983743
0.09823830309804818
0.13427933533471414
0.06411612072796473
0.09444726656363497
0.07074379397495227
0.07697835289885888
0.06195878099618124
0.14143875115705287
0.06764331512200646
0.10658856087426528
0.07941887640945354
0.12882354735486917
0.06784213004894812
0.06094276964285958
0.10851482281206314
0.09809150072757108
0.09973895408614357
0.09503424178495821
0.10166454670411815
0.06784213004894814
0.09633590988158067
0.07586577600262252
0.07743395277546518
0.08301533939800787
0.09976329442291774
0.07586577600262252
0.12882354735486917
0.07743395277546519
0.1016665340184048
0.09669833592729782
0.08993320858976754
0.08982816829945271
0.13067471103960662
0.06935827598466929
0.14143875115705287
0.08557728419854212
0.12882354735486917
0.0641161209138271
0.07784457869718876
0.08640208767991445
0.07330223133641124
0.09173923600226211
0.07623901969340788
0.07941887640945354
0.06960343300708825
0.09976329442291774
0.08499353852913218
0.12622053217451573
0.10074804185161232
0.11887025726093381
0.09210480089951563
0.11573588013583694
0.0921048004683577
0.08925771798175172
0.09714838394289528
0.0864020872039186
0.07136331810784387
0.10249427341563859
0.1033663734617378
0.09805780685252445
0.07784457767171932
0.07170352517912461
0.09669833592729783
0.11330831741670733
0.09985902969782276
0.07784457869718876
0.07586577600262252
0.10851482281206315
0.09208891008731551
0.1033663734617378
0.08433877937101115
0.08261231630131599
0.10071005425295879
0.10166454670411816
0.09444726656363497
0.11036752234881181
0.09714838394289528
0.10404176588040152
0.08776141887919026
0.0962414352330795
0.10089741861754986
0.10370102536983743
0.06776915722678443
0.0798052065003414
0.12622053217451576
0.08618965834950312
0.08261231682394832
0.0905235337748624
0.07518889221112711
0.06094276957118039
0.07367294433915483
0.07757418703464729
0.11713375822238747
0.11573588013583692
0.12256428739363975
0.08776141878477212
0.12659141400670965
0.10156036427007085
0.11110985222723696
0.0757541683943594
0.13448883603473813
0.07286259934343527
0.08678661876660435
0.11330831741670733
0.08322629772397291
0.11573588033574712
0.08938652794834823
0.11166617535710012
0.06764331512200646
0.0922697981856119
0.08301533939800787
0.08667136377632381
0.11858081797360685
0.08776141887919026
0.08776141887919026
0.11573588033574711
0.11573588033574712
0.07860734158154488
0.0757541690303373
0.08261231682394832
0.07784457869718876
0.10156036532933443
0.10336637409775942
0.07860734158154488
0.10156036532933443
0.07784457869718876
0.08261231682394832
0.07575416903033731
0.10336637409775944
0.09741591595403756
0.09741591595403758
0.10166454661049387
0.1016645466104939
0.10862444775121505
0.1344888365376054
0.08776141878477212
0.07136331810784387
0.1265914148853973
0.09714838480228762
0.06195878099618124
0.06683606801792177
0.06776915719994314
0.0717035253607822
0.09179591495660029
0.08053068189865015
0.10089741956337372
0.10071005499891507
0.10069861245611689
0.10862444775121505
0.1265914148853973
0.07136331810784387
0.08776141878477212
0.1344888365376054
0.09714838480228762
0.08053068189865016
0.09179591495660028
0.10071005499891507
0.10089741956337372
0.06683606801792177
0.06195878099618124
0.07170352536078219
0.06776915719994316
0.10069861245611689
0.12677953480088794
0.1267795348008879
0.09624143573591663
0.09624143573591662
0.07170352517912461
0.07170352517912461
0.07330223104667577
0.11110985227995855
0.07784457767171932
0.11573588013583692
0.11858081793979404
0.11330831716035658
0.07697835309876906
0.07623901959898977
0.09444726669678935
0.11166617539091299
0.09973895408614357
0.06960343248448608
0.10851482298999925
0.09226979781588542
0.10166454661049387
0.13427933522927096
0.09173923552704352
0.10370102547528058
0.08938652741783217
0.061958780835801155
0.09503424183767978
0.08301533948454232
0.09976329508616513
0.07586577641187911
0.08301533948454232
0.07586577641187911
0.07743395270950323
0.09976329508616513
0.07330223104667578
0.11858081793979403
0.11573588013583694
0.07784457767171932
0.11110985227995854
0.11330831716035658
0.06960343248448608
0.09973895408614357
0.0922697978158854
0.10851482298999925
0.07623901959898975
0.07697835309876906
0.111666175390913
0.09444726669678935
0.1016645466104939
0.09976329508616513
0.08301533948454232
0.08301533948454232
0.07586577641187911
0.07743395270950323
0.07586577641187911
0.09173923552704352
0.13427933522927096
0.08938652741783217
0.10370102547528058
0.09503424183767978
0.061958780835801155
0.09976329508616513
0.07941887615762928
0.07941887615762928
0.06764331510184339
0.06764331510184339
0.06784213028142677
0.06784213028142679
0.12882354786264627
0.1288235478626463
0.06820991885696275
0.11713375827510907
0.0921048004683577
0.08261231630131599
0.07286259986606759
0.1262205318048194
0.09122111883111511
0.06820991885696275
0.09208890971761918
0.0751888916138417
0.11826307235321398
0.0605423778611293
0.10249427359357469
0.07367294385605261
0.09741591595403756
0.09988239750733077
0.07286259986606759
0.11036752245425495
0.09052353406993582
0.06776915722678443
0.0908207928461146
0.06671123185031982
0.08499353896032029
0.08925771806828617
0.07757418705441234
0.07092904848093154
0.08695252674222387
0.08684033274883174
0.08982816868281912
0.0849935389603203
0.09669833553482361
0.08667136370958461
0.06935827605104067
0.0855772842372259
0.13067471154247393
0.12882354786264627
0.06411612072796473
0.06542576610917722
0.08678661876660435
0.06094276964285958
0.06094276957118039
0.0641161209138271
0.09633590937871336
0.1016665340184048
0.14143875115705287
0.06820991885696275
0.07286259986606759
0.08261231630131599
0.0921048004683577
0.11713375827510907
0.1262205318048194
0.06054237786112931
0.11826307235321398
0.07367294385605262
0.10249427359357469
0.06820991885696275
0.09122111883111511
0.07518889161384171
0.09208890971761918
0.09741591595403758
0.0849935389603203
0.06671123185031982
0.07757418705441234
0.08925771806828617
0.08695252674222387
0.07092904848093154
0.07286259986606759
0.09988239750733077
0.09052353406993582
0.11036752245425495
0.0908207928461146
0.06776915722678443
0.08684033274883174
0.06542576610917722
0.06411612072796473
0.06094276964285957
0.08678661876660435
0.06411612091382708
0.06094276957118039
0.10166653401840481
0.09633590937871336
0.08499353896032029
0.08982816868281912
0.08667136370958461
0.09669833553482361
0.0855772842372259
0.06935827605104067
0.1288235478626463
0.13067471154247393
0.14143875115705287
0.0605423778611293
0.06054237786112931
0.07980520551437188
0.07980520551437188
0.06745637811009668
0.06745637811009668
0.09339388925923037
0.09339388925923038
0.10166653502904921
0.10166653502904921
0.08618965834950312
0.12256428739363975
0.09210480089951563
0.113948640347567
0.08232449627351575
0.11887025644107158
0.08433877937101115
0.07819419317322755
0.08433877877456336
0.08939163936206322
0.10404176588040152
0.07099776709060743
0.09805780645590412
0.09528335579009709
0.10069861245611689
0.09805780685252445
0.07170940242007373
0.1040417659331231
0.08939163936206322
0.10069861268286837
0.09297059697943993
0.08322629772397291
0.08993320858976754
0.08640208767991445
0.0768266463221898
0.09809150072757108
0.07743395277546518
0.07074379397495227
0.10074804185161232
0.08287531671101976
0.09985902930040859
0.08232449627351576
0.07282180710192897
0.07856097583524069
0.09349353464789391
0.09633590937871336
0.0864020872039186
0.05815268833349854
0.08322629710736205
0.09528335579009709
0.0980914996084608
0.0707437933784743
0.07743395270950323
0.09823830309804818
0.1065885613820424
0.09985902969782276
0.06542576610917722
0.10074804145419816
0.0768266463221898
0.07282180669270254
0.09349353513671343
0.0785609758492885
0.10658856087426528
0.13327196065046598
0.09633590988158067
0.0921048004683577
0.0783182220742121
0.08618965686066633
0.11887025644107158
0.07819419207388231
0.07170940180346286
0.07099776759838455
0.058152688405177726
0.06542576661695436
0.08993320914495852
0.08287531739974943
0.08618965834950312
0.08232449627351576
0.11394864034756699
0.09210480089951563
0.12256428739363975
0.11887025644107158
0.07099776709060744
0.10404176588040154
0.09528335579009709
0.09805780645590412
0.07819419317322754
0.08433877937101117
0.08939163936206322
0.08433877877456336
0.10069861245611689
0.08993320858976754
0.0832262977239729
0.0768266463221898
0.08640208767991446
0.07743395277546519
0.09809150072757108
0.07170940242007373
0.09805780685252447
0.08939163936206322
0.1040417659331231
0.09297059697943995
0.10069861268286837
0.07074379397495226
0.05815268833349854
0.08640208720391862
0.09528335579009709
0.08322629710736205
0.0707437933784743
0.0980914996084608
0.09823830309804818
0.07743395270950323
0.08287531671101976
0.10074804185161233
0.08232449627351575
0.0998590293004086
0.07856097583524067
0.07282180710192897
0.09633590937871336
0.09349353464789391
0.10658856138204238
0.0783182220742121
0.0921048004683577
0.11887025644107158
0.08618965686066632
0.07170940180346286
0.07819419207388231
0.05815268840517773
0.07099776759838455
0.08993320914495852
0.06542576661695435
0.06542576610917722
0.09985902969782275
0.0768266463221898
0.10074804145419816
0.09349353513671343
0.07282180669270252
0.1065885608742653
0.0785609758492885
0.09633590988158067
0.13327196065046598
0.08287531739974943
0.11887025726093381
0.11887025726093381
0.113948640347567
0.11394864034756699
0.0893916385633151
0.0893916385633151
0.09528335585114926
0.09528335585114926
0.07682664668580112
0.07682664668580112
0.08232449663793452
0.08232449663793452
