0.47609784762464724
0.47609784369180774
0.44646130673892426
0.4464613091013829
0.511420073326379
0.5114200772689351
0.4385343080062769
0.40458541727825365
0.43853430987152164
0.47609784369180774
0.40458542140140413
0.5204724468094031
0.39725153076541386
0.5165142238875593
0.380158832205194
0.3984234051580895
0.514476484997439
0.3825575790194438
0.4205227554498778
0.4301431636105667
0.4319688626479107
0.43853430987152164
0.39725152803957964
0.5204724493210137
0.38015883210122514
0.5165142265534213
0.4385343080062769
0.40458542140140413
0.40458541727825365
0.47609784762464724
0.39842340264998705
0.43014316174333544
0.4205227501791697
0.3825575752990876
0.5144764872094478
0.43196886027156683
0.4715967674769879
0.4715967713575775
0.405432618957445
0.4054326239287562
0.45708950625080164
0.41457650644466015
0.38829684087391036
0.38745024756609525
0.5232462459296083
0.3847076713699087
0.45708950915627755
0.5232462443577821
0.3874502483295499
0.3882968425052513
0.41457650939322366
0.38470767553650126
0.41919105312771365
0.41919104848877387
0.4055846363035945
0.4055846305384448
0.42004253177062917
0.41892030273575354
0.4210666801106739
0.40611525421955474
0.38624437475595474
0.4854401261003649
0.4048848275151615
0.48548487728946943
0.4117836909805348
0.4175644207029128
0.48548487742439783
0.40258209880609785
0.397511941415273
0.41457651093933057
0.40611525389180775
0.443463569048914
0.43076194557009306
0.5180405805960504
0.37784900325079446
0.4003071600100714
0.4476417895218846
0.3857444041517216
0.3874502483295499
0.4456799101037452
0.3862132420355454
0.47327736608883425
0.8802774488334444
0.4571985402470231
0.4842683106145565
0.3756823000030703
0.4535139540372895
0.46368095980288815
0.4161023191550427
0.47703633317840455
0.3892580051832535
0.3966145472447232
0.40670906880169044
0.40358277780795027
0.3961284442229024
0.4377498900403438
0.428740803584295
0.39905727753260267
0.45587496532624594
0.5232462474266456
0.41030713957007836
0.3913457486267342
0.4488337516922978
0.4033586983080165
0.41379478094072686
0.4301431615697211
0.4034756344438819
0.48497664817912495
0.4055846300190595
0.4159531149578576
0.4191910511770661
0.47877868488996567
0.4589489238735627
0.3647352991017409
0.4064104048814611
0.44567991296143594
0.39785591576246837
0.4558749683389545
0.4064104038609364
0.38977176325733154
0.4064104033897925
0.5102887376220792
0.3892580057507525
0.46796270017427005
0.4161023221291209
0.5218651764998806
0.4200425321858484
0.4048848287614772
0.48544011834269324
0.4117836899047044
0.4854848777687679
0.4210666784480613
0.41892030396131774
0.38624437407461953
0.4061152564859165
0.4175644272115695
0.41457650705157306
0.3975119491383322
0.4025821012403806
0.48548487786551625
0.4061152562082361
0.4067090664863007
0.39661454604703655
0.39612844412501175
0.4035827816858844
0.3913457483574113
0.4301431593443094
0.413794786619242
0.4033586973799004
0.44883374929490655
0.4034756300103296
0.43774989353069993
0.5232462461039705
0.4558749683389545
0.39905728541662444
0.4287408042366346
0.41030714376432964
0.40558463537596523
0.4849766530071532
0.4191910555927044
0.415953115481248
0.4307619426787385
0.4434635688685929
0.377849002662466
0.5180405783188788
0.47327736546061516
0.3756823018241341
0.48426831255733915
0.45719854251827785
0.8802774479658343
0.4535139537007202
0.4003071529423605
0.4456799060673151
0.38745024756609525
0.3857444048919586
0.4476417910668382
0.3862132430371612
0.4161023251150618
0.4636809620226748
0.38925800983851655
0.4770363341758037
0.47877868090898384
0.4456799082082413
0.4064104033897925
0.36473529779907116
0.45894892531737796
0.39785591632812145
0.3892580105532033
0.5102887393774499
0.41610232723733936
0.4679626963605402
0.4064104043654789
0.45587496532624594
0.4064104048814611
0.3897717625171881
0.5218651785439701
0.423538046387936
0.4235380441272714
0.4770166645397939
0.47701666240291946
0.505195054593556
0.39978511915861836
0.40092961187737236
0.4322970587584475
0.45142358418769085
0.5057969340482211
0.5051950534429969
0.4514235848669136
0.43229705758586223
0.40092960892546553
0.3997851186428604
0.5057969362329555
0.506070323684215
0.5060703268365816
0.43839929831169633
0.4383992972111813
0.43159090433047664
0.4569435379464384
0.3897717634370236
0.39905728654337363
0.4201215891520317
0.4683174170441746
0.38755592015780704
0.4161023251150618
0.4075351642632432
0.42845942904061113
0.4842683119011463
0.506070323684215
0.479463865233271
0.4009296074774762
0.48497664817912495
0.4315908969378505
0.4201215858478935
0.39905727897977444
0.38977176233872113
0.45694354284988037
0.46831741409759764
0.5060703268365816
0.4842683118815008
0.4009296100712242
0.47946386765902205
0.4161023191550427
0.38755591798682476
0.42845943178057777
0.40753516598878836
0.4849766530071532
0.38829684247176255
0.3882968402114543
0.3857444041947353
0.38574440591279613
0.41379478485563614
0.41379477938809217
0.4033586983080165
0.4034756344438819
0.3961284442229024
0.4117836909805348
0.4301431615697211
0.46317959303065254
0.3924054738158109
0.4598359112150496
0.43196886185791683
0.40523901853599237
0.44764179077458566
0.38255757741072816
0.3699263944260859
0.40458542279670506
0.3801588315261085
0.4488337516922978
0.3966145472447232
0.4854401261003649
0.3913457486267342
0.40358277780795027
0.48548487728946943
0.41379478094072686
0.42004253177062917
0.40670906880169044
0.4048848275151615
0.46957153550428055
0.8802774487718574
0.46368095980288815
0.46789579322102653
0.40488482801862163
0.4726922185232393
0.4770363329682392
0.41379477938809217
0.46368096286210164
0.3913457487585686
0.40403823590576654
0.3961284436285158
0.41050811399527265
0.44647155155589496
0.3948167502222852
0.3997851186954791
0.38755591762791397
0.3948167493738914
0.5204724487576977
0.4051747683967528
0.36992639517429127
0.45694353841062363
0.4205227554498778
0.40523901889901937
0.4464613059880832
0.417599551696578
0.4075351642632432
0.38255757498564974
0.38755591940282813
0.3984234014755853
0.43407175278358423
0.4514235847969753
0.3892580051832535
0.4265097462821398
0.4210666813455348
0.40535508921412955
0.43839929859756255
0.45587496482910855
0.5060703241780778
0.4377498887135118
0.4794638662270311
0.397511941415273
0.4842683106145565
0.41756442141441386
0.48497665061809947
0.5045938512347554
0.3966145472657937
0.5270794690229138
0.40403823565643493
0.4265097466770642
0.5309570283481688
0.42845943594200475
0.43407175131329007
0.4715967717370916
0.4439667928500169
0.4678957951558605
0.9080303849999429
0.4529889567953002
0.46957153530928264
0.3972515308397638
0.45114677365960976
0.479463865233271
0.38829684247176255
0.48774538833484177
0.4570895080817972
0.49235984397114047
0.9080303850806214
0.46796269863448386
0.4923598425817208
0.4307619472537443
0.4735212143445341
0.4877453879965784
0.4064104043654789
0.4794638662270311
0.47877868202749935
0.9376198297619235
0.4842683119011463
0.9376198297619235
0.47327736306068874
0.5102887376220792
0.420042531907323
0.5270794697458283
0.40335869839202065
0.4035827768073998
0.4385343101202679
0.41050811296565837
0.43839929831169633
0.3874502485036785
0.43229705613146174
0.4570895053491311
0.47703633317840455
0.42052275604800615
0.4529889577581026
0.39842340453654135
0.4191910555927044
0.48774538833484177
0.3874502505004016
0.4571985401559068
0.4003071588331849
0.45587496798900484
0.46368096286210164
0.43236900615699475
0.5157836098507064
0.5350807371384738
0.41595311505596294
0.40014668633076467
0.42874080256521696
0.4849766547675406
0.5350807334447159
0.44883374819806343
0.4287408028093311
0.4296630553252727
0.45894892318527436
0.41919105312771365
0.4998102629220912
0.40347563081708576
0.41030714445988686
0.3897717634370236
0.41379478485563614
0.45587496798900484
0.40358278069721754
0.43236900755079394
0.448833751755369
0.5218651764998806
0.5157836151156563
0.4323690064485337
0.40014668955600247
0.41595311515179056
0.5218651785439701
0.48497665061809947
0.43236900426230285
0.46796269863448386
0.48497664817912495
0.5102887376220792
0.4001466886058638
0.5218651764998806
0.42809329134545726
0.4201215860248942
0.4055846305384448
0.49981026151553404
0.4631795952769918
0.4207775871433854
0.40092961187737236
0.4636809643061799
0.5060703280447088
0.46957153609673874
0.3857444041517216
0.3825575752990876
0.3882968425052513
0.40523901936137974
0.413794786619242
0.42845943594200475
0.4191910511770661
0.4161023221291209
0.4296630579708113
0.4849766547675406
0.41379478094072686
0.4299375316806487
0.5270794690229138
0.41595311515179056
0.5350807371384738
0.4040382379490046
0.4770166645397939
0.43229705758586223
0.3892580105532033
0.43839929859756255
0.4340717531892252
0.4571985402470231
0.38755592015780704
0.4877453879965784
0.39481675498029345
0.4558749683389545
0.4529889567953002
0.40558463537596523
0.4770363329682392
0.4280932957721433
0.41919105312771365
0.46368095980288815
0.40258209880609785
0.4205227501483523
0.4025820986096356
0.3699263969629809
0.3975119491383322
0.3825575790194438
0.38255757741072816
0.4033586973799004
0.3924054791892465
0.4631795948205716
0.43196885854451333
0.4598359139301524
0.39612844412501175
0.4034756300103296
0.4301431593443094
0.4117836899047044
0.4052390220005301
0.4045854176491228
0.3699263969629809
0.38255757498564974
0.4476417922317206
0.3801588317048478
0.3961284443705637
0.4040382364969458
0.44647154712509185
0.41050811465986564
0.36992639658875587
0.4464613035755582
0.40523901936137974
0.4205227501791697
0.45694354276076526
0.4175995494353332
0.3948167557692968
0.5204724465285788
0.39481675498029345
0.38755591940282813
0.3997851179182368
0.40517476943125663
0.38255757741072816
0.40753516598878836
0.39842340453654135
0.38755591762791397
0.39661454604703655
0.44883374929490655
0.3913457483574113
0.48544011834269324
0.4695715367378928
0.40488482854815133
0.46789579215428545
0.4636809620226748
0.8802774480274212
0.4726922166015607
0.4035827816858844
0.4067090664863007
0.4200425321858484
0.413794786619242
0.4854848777687679
0.4048848287614772
0.41379478485563614
0.4770363333846032
0.3913457469467063
0.4636809643061799
0.4340717529816544
0.42106667879336945
0.42650974681758946
0.38925800983851655
0.4514235842649402
0.40535509045586327
0.3975119491383322
0.47946386922191214
0.41756442720673126
0.48426831255733915
0.45587496798900484
0.43839929727374605
0.4377498922539344
0.5060703280447088
0.4849766547675406
0.5157836151156563
0.43236900426230285
0.41595311515179056
0.5350807334447159
0.4296630562255754
0.40347563543600884
0.49981026151553404
0.41919104848877387
0.4589489230886255
0.4103071397602674
0.40014668955600247
0.448833751755369
0.5350807371384738
0.48497665061809947
0.4287408028093311
0.42874080256521696
0.41379477938809217
0.38977176233872113
0.4035827768073998
0.45587496482910855
0.4280932974787936
0.46317959265688335
0.4998102629220912
0.4055846363035945
0.4201215880338137
0.42077758911478536
0.3825575790194438
0.3857444048919586
0.40523901889901937
0.38829684087391036
0.46368096286210164
0.40092960892546553
0.46957153530928264
0.5060703241780778
0.41379478094072686
0.4323690064485337
0.43236900755079394
0.5157836098507064
0.5218651785439701
0.44883374819806343
0.40014668633076467
0.4849766530071532
0.46796269525460144
0.4001466851952553
0.5102887393774499
0.5218651764998806
0.41595311505596294
0.43236900615699475
0.4849766547675406
0.5218651785439701
0.4191910555927044
0.4284594318566937
0.429663055886069
0.41610232723733936
0.413794786619242
0.48497665061809947
0.3966145459209193
0.5045938451235279
0.4040382379490046
0.5270794732890938
0.4678957935199892
0.39725152873056657
0.46957153609673874
0.4529889609539116
0.9080303871690174
0.4511467798509532
0.42650974679496456
0.4715967669576223
0.4340717531892252
0.4284594318566937
0.5309570305911191
0.4439667928852899
0.3882968402114543
0.47946386765902205
0.4570895053491311
0.4877453937319917
0.42004253151121607
0.4385343079439219
0.40358278069721754
0.40335869822772924
0.527079472455246
0.4105081126910358
0.4205227501483523
0.4770363341758037
0.3984234014755853
0.4529889622748944
0.3874502505004016
0.4383992972111813
0.4570895080817972
0.4322970563644277
0.4191910511770661
0.49235984714513437
0.43076194405427587
0.49235984548279643
0.46796269525460144
0.9080303870883389
0.47352121104015565
0.4842683118815008
0.9376198305680724
0.4732773618039491
0.9376198305680724
0.4064104038609364
0.4877453933818448
0.47877867762896814
0.47946386922191214
0.5102887393774499
0.3874502485036785
0.4877453937319917
0.4003071528027259
0.45719854255013553
0.4636809643061799
0.45587496482910855
0.42993753536485074
0.40403823565643493
0.5350807334447159
0.41595311505596294
0.5270794732890938
0.47701666240291946
0.38755591798682476
0.45719854251827785
0.3948167493738914
0.4877453933818448
0.3892580057507525
0.4322970587584475
0.43407175131329007
0.43839929727374605
0.45587496532624594
0.42052275604800615
0.4025821012403806
0.3699263944260859
0.40258210157531227
0.3825575752990876
0.397511941415273
0.4055846300190595
0.4529889609539116
0.42809328968629234
0.4770363333846032
0.4636809620226748
0.41919104848877387
0.38255757498564974
0.5157836145747916
0.515783609665444
0.4299375316806487
0.42993753536485074
0.4998102614651561
0.41892030090061005
0.4296630579708113
0.42809328968629234
0.44346356849247204
0.4367725624040708
0.49981026125300104
0.44346356861340275
0.4280932957721433
0.429663055886069
0.41892030244706535
0.4367725673883555
0.3857444041947353
0.38574440591279613
0.4003071588331849
0.4003071528027259
0.5350807368401571
0.48544012594300706
0.4001466886058638
0.4299375321125676
0.42353804437445386
0.46356590820199567
0.4025820986096356
0.3897717625171881
0.41756442141441386
0.43159089818684854
0.4571985401559068
0.4009296074774762
0.47327736306068874
0.5051950525212185
0.4161023221291209
0.5350807328755531
0.4235380473018165
0.4299375357588604
0.4001466851952553
0.4854401183085093
0.4635659106137652
0.4009296100712242
0.45719854255013553
0.5051950546970868
0.4732773618039491
0.38977176325733154
0.40258210157531227
0.4315909046398339
0.41756442720673126
0.41610232723733936
0.43229705613146174
0.4322970563644277
0.5051950525212185
0.5051950546970868
0.5060703280447088
0.5060703241780778
0.5157836145747916
0.5045938512347554
0.5157836151156563
0.43236900615699475
0.3966145459209193
0.423538046387936
0.42845943178057777
0.36473529779907116
0.4265097462821398
0.47877867762896814
0.46796270017427005
0.39905728654337363
0.4923598425817208
0.4377498922539344
0.4064104048814611
0.4529889577581026
0.39905728541662444
0.46789579322102653
0.4315909046398339
0.3882968425052513
0.4842683106145565
0.4159531149578576
0.40335869822772924
0.4299375321125676
0.3913457469467063
0.38925800983851655
0.4055846363035945
0.38755591940282813
0.515783609665444
0.3966145472657937
0.43236900426230285
0.5157836098507064
0.5045938451235279
0.4235380441272714
0.39905727897977444
0.4679626963605402
0.4377498887135118
0.49235984548279643
0.3647352991017409
0.42845942904061113
0.47877868202749935
0.42650974681758946
0.4064104033897925
0.40335869839202065
0.415953115481248
0.3913457487585686
0.4299375357588604
0.4055846305384448
0.3892580051832535
0.39905727753260267
0.4529889622748944
0.43159089818684854
0.46789579215428545
0.48426831255733915
0.38829684087391036
0.38755591762791397
0.4033586983080165
0.4033586973799004
0.42004253177062917
0.4200425321858484
0.38745024756609525
0.3874502483295499
0.4205227554498778
0.4205227501791697
0.4205227554498778
0.417599551696578
0.44647155155589496
0.43196886185791683
0.4464613059880832
0.5165142238875593
0.4319688626479107
0.514476484997439
0.511420073326379
0.4175995537092618
0.5165142240858607
0.4464613035755582
0.42052275604800615
0.4760978484161975
0.4760978439612825
0.45694353841062363
0.40403823590576654
0.46317959303065254
0.36992639517429127
0.41050811399527265
0.4598359112150496
0.40523901889901937
0.4033586983080165
0.3961284436285158
0.3924054738158109
0.4511467739856355
0.9268141379244772
0.4476417895218846
0.4529889577581026
0.4117836928922093
0.4598359115476924
0.4529889567953002
0.40347563543600884
0.46317959265688335
0.40335869839202065
0.39725153076541386
0.4301431636105667
0.3984234051580895
0.4464613091013829
0.4051747709134539
0.4051747706408554
0.4175995494353332
0.38755591798682476
0.5165142251975384
0.4175995498416726
0.380158832205194
0.5204724468094031
0.47609784369180774
0.3825575790194438
0.5114200772689351
0.44646130673892426
0.38755592015780704
0.43196885854451333
0.44647154712509185
0.4205227501483523
0.4439667936221331
0.4663779567992657
0.3862132420355454
0.42845943178057777
0.3862443745239466
0.4150060815219805
0.43229705758586223
0.4103071397602674
0.42077758911478536
0.39905727897977444
0.4877453879965784
0.40611525421955474
0.5180405805960504
0.4025820986096356
0.41595311515179056
0.46789579322102653
0.3913457487585686
0.4770363329682392
0.3699263944260859
0.40535508907988393
0.45351395569863084
0.41500608169803177
0.3892580057507525
0.4054326236179152
0.3862132412839018
0.4726922185232393
0.8802774487718574
0.4598359112150496
0.46368096286210164
0.3801588315261085
0.44764179077458566
0.4842683119011463
0.38470767569077113
0.5180405807569542
0.3874502505004016
0.4735212136492165
0.9390101668184726
0.6111310802845802
0.46796270017427005
0.37784900388216686
0.6111310804933549
0.4571985402470231
0.397855914642568
0.6111310802845802
0.3647352991017409
0.9376198297619235
0.45351395569863084
0.9390101668184726
0.4571985401559068
0.46796269863448386
0.40488482801862163
0.46957153550428055
0.3924054738158109
0.41379477938809217
0.40458542279670506
0.40523901853599237
0.506070323684215
0.38470767204625406
0.4207775882539502
0.3882968402114543
0.46368095980288815
0.43196886185791683
0.46317959303065254
0.38255757741072816
0.40558463537596523
0.479463865233271
0.3862132412839018
0.6111310804933549
0.3857444041947353
0.3897717634370236
0.4770363329682392
0.4315909046398339
0.4299375357588604
0.4280932957721433
0.40258210157531227
0.4635659106137652
0.4367725673883555
0.41756442720673126
0.42993753536485074
0.4854401183085093
0.41892030244706535
0.4367725692579352
0.5044613483824878
0.41457650644466015
0.4280932974787936
0.41178369286293315
0.38624437434755443
0.43159090433047664
0.40488482854815133
0.42106667879336945
0.42004253151121607
0.4235380473018165
0.44346356861340275
0.38977176325733154
0.5157836145747916
0.5350807328755531
0.49981026125300104
0.4299375316806487
0.4001466851952553
0.429663055886069
0.515783609665444
0.49235984397114047
0.428740803584295
0.4589489238735627
0.5350807368401571
0.43236900755079394
0.4367725639154915
0.39674227996846134
0.3847076713699087
0.4296630562255754
0.4598359149795598
0.41500608188514865
0.505195054593556
0.4726922166015607
0.40535509045586327
0.4678957935199892
0.4003071600100714
0.38015883210122514
0.405432618957445
0.36992639658875587
0.3913457483574113
0.4265097466770642
0.41030713957007836
0.39785591576246837
0.4998102614651561
0.40014668633076467
0.40358277780795027
0.46356590820199567
0.4735212143445341
0.42077758911478536
0.40014668955600247
0.4105081126910358
0.4683174170441746
0.5051950534429969
0.40535509079362664
0.4137944897517759
0.42650974679496456
0.47327736608883425
0.4051747706408554
0.4663779567992657
0.3948167557692968
0.43774989353069993
0.4678957951558605
0.4207775882539502
0.6111310804933549
0.49981026125300104
0.4296630553252727
0.46957153550428055
0.4175644207029128
0.4175995498416726
0.4150060815219805
0.4052390220005301
0.4175644272115695
0.3984234051580895
0.40523901853599237
0.4529889577581026
0.40335869839202065
0.4529889567953002
0.42052275604800615
0.41050811296565837
0.45114677365960976
0.39842340453654135
0.40403823565643493
0.4385343101202679
0.3972515308397638
0.4598359115476924
0.9268141379244772
0.514476484997439
0.46317959265688335
0.4760978439612825
0.5165142240858607
0.4569435379464384
0.4045854176491228
0.5204724465285788
0.4385343079439219
0.5270794697458283
0.9080303849999429
0.47703633317840455
0.5045938512347554
0.420042531907323
0.4678957951558605
0.5270794690229138
0.4035827768073998
0.46957153530928264
0.3966145472657937
0.9080303850806214
0.48548487742439783
0.8802774488334444
0.48544012594300706
0.448833751755369
0.4117836928922093
0.4511467739856355
0.4319688626479107
0.40347563543600884
0.4760978484161975
0.4175995537092618
0.39978511915861836
0.3801588317048478
0.40517476943125663
0.39725152873056657
0.4476417895218846
0.511420073326379
0.5165142238875593
0.4464613035755582
0.4301431593443094
0.5309570283481688
0.40611525389180775
0.4535139540372895
0.41892030090061005
0.42874080256521696
0.48548487728946943
0.48544012594300706
0.9080303850806214
0.46317959265688335
0.448833751755369
0.4385343079439219
0.4569435379464384
0.4514235848669136
0.40543261869366165
0.4663779566895809
0.4715967669576223
0.8802774488334444
0.5165142240858607
0.9268141379244772
0.5204724465285788
0.5232462461039705
0.9080303849999429
0.5180405807569542
0.9390101668184726
0.44346356861340275
0.45894892318527436
0.8802774487718574
0.48548487742439783
0.4760978439612825
0.4598359115476924
0.4045854176491228
0.41457650705157306
0.514476484997439
0.44764179077458566
0.4299375321125676
0.4923598425817208
0.4055846363035945
0.5157836151156563
0.40335869822772924
0.39905728654337363
0.423538046387936
0.3913457469467063
0.4377498922539344
0.3966145459209193
0.443463569048914
0.43014316174333544
0.5232462443577821
0.3961284443705637
0.4067090664863007
0.5045938512347554
0.4159531149578576
0.46796270017427005
0.5157836145747916
0.43236900615699475
0.4488337516922978
0.41892030273575354
0.43196886027156683
0.38470767553650126
0.3924054791892465
0.4048848287614772
0.40458541727825365
0.4034756344438819
0.4854401261003649
0.44647154712509185
0.5180405805960504
0.39612844412501175
0.4210666784480613
0.5204724468094031
0.46317959303065254
0.44646130673892426
0.39905728541662444
0.415953115481248
0.40558463537596523
0.4025821012403806
0.4207775863300358
0.38470767569077113
0.41500608174077736
0.4055846300190595
0.5180405788023184
0.38470767204625406
0.41030714376432964
0.5232462461039705
0.38624437407461953
0.4191910555927044
0.4061152562082361
0.41457650705157306
0.38829684247176255
0.3862132432251584
0.40543261869366165
0.3874502485036785
0.4770166627261602
0.5180405807569542
0.4683174181104778
0.4159531149578576
0.47701666054222813
0.4207775882539502
0.40258209880609785
0.46831741579540626
0.41500608169803177
0.39905727753260267
0.48774538833484177
0.5057969366909638
0.4663779566895809
0.43229705613146174
0.42845943594200475
0.4287408042366346
0.43774989353069993
0.41892030396131774
0.4849766530071532
0.48548487786551625
0.4175644272115695
0.5060703268365816
0.4535139553739451
0.40535509079362664
0.4842683118815008
0.4558749683389545
0.4061152564859165
0.4210666784480613
0.3975119491383322
0.3892580105532033
0.43839929831169633
0.5057969345562959
0.4137944897517759
0.4009296100712242
0.40092961187737236
0.43839929859756255
0.4001466886058638
0.46796269863448386
0.4998102629220912
0.5218651764998806
0.40358278069721754
0.3897717634370236
0.4161023191550427
0.39785591512298346
0.397855914642568
0.4064104038609364
0.5102887376220792
0.41030714445988686
0.45894892318527436
0.45587496798900484
0.4064104043654789
0.47703633317840455
0.4683174181104778
0.6111310802845802
0.38977176325733154
0.3857444041517216
0.4794638662270311
0.48497664817912495
0.40347563081708576
0.4296630553252727
0.41379478485563614
0.4161023251150618
0.41919105312771365
0.4075351642632432
0.42353804437445386
0.4307619472537443
0.4201215880338137
0.4323690064485337
0.527079472455246
0.4201215891520317
0.4315908969378505
0.4735212107148805
0.3967422723921553
0.49235984714513437
0.47877868488996567
0.4439667940130054
0.4921256090964466
0.4340717529816544
0.47877868090898384
0.420042531907323
0.47701666054222813
0.37784900388216686
0.5350807328755531
0.42809329134545726
0.43407175278358423
0.4377498900403438
0.4511467800037655
0.3967422718047114
0.4695715367378928
0.47327736546061516
0.45708950625080164
0.3948167502222852
0.3913457486267342
0.41050811465986564
0.37784900325079446
0.4035827816858844
0.4003071529423605
0.45708950915627755
0.36992639517429127
0.39842340264998705
0.5350807368401571
0.49235984397114047
0.4280932974787936
0.43236900755079394
0.42004253151121607
0.43159090433047664
0.4201215858478935
0.3778490040225079
0.3967422805058417
0.43076194405427587
0.4589489238735627
0.38624437434755443
0.5044613483824878
0.42106667879336945
0.4456799082082413
0.5270794697458283
0.4770166627261602
0.4735212136492165
0.4235380473018165
0.4201215860248942
0.4514235847969753
0.428740803584295
0.41178369286293315
0.4367725692579352
0.40488482854815133
0.3756823018241341
0.41457650644466015
0.3997851186954791
0.4488337516922978
0.3961284443705637
0.443463569048914
0.4067090664863007
0.4456799060673151
0.5232462443577821
0.45694353841062363
0.43014316174333544
0.3966145472447232
0.4040382364969458
0.43076194557009306
0.39661454604703655
0.4307619426787385
0.4715967674769879
0.40403823590576654
0.39725152803957964
0.4385343080062769
0.4205227501791697
0.43196886027156683
0.5165142265534213
0.5114200772689351
0.5144764872094478
0.44647154712509185
0.4175995494353332
0.4464613035755582
0.43196885854451333
0.4175995498416726
0.4760978439612825
0.4205227501483523
0.4464613059880832
0.5165142251975384
0.4760978484161975
0.43014316174333544
0.39725152803957964
0.44646130673892426
0.39842340264998705
0.38015883210122514
0.511420073326379
0.3825575752990876
0.47609784762464724
0.5204724493210137
0.4464613091013829
0.4051747706408554
0.5165142240858607
0.38755592015780704
0.417599551696578
0.4051747709134539
0.4175995537092618
0.43196886185791683
0.38755591798682476
0.42052275604800615
0.44647155155589496
0.4040382364969458
0.45694354276076526
0.36992639658875587
0.4631795948205716
0.4511467800037655
0.41178369286293315
0.4529889622748944
0.4476417910668382
0.926814138730626
0.4598359149795598
0.41050811465986564
0.3961284443705637
0.4033586973799004
0.40523901936137974
0.4598359139301524
0.3924054791892465
0.40347563081708576
0.4529889609539116
0.40335869822772924
0.4631795952769918
0.4439667940130054
0.38624437434755443
0.42845942904061113
0.3862132430371612
0.46637795855323294
0.41500608188514865
0.4061152564859165
0.4877453933818448
0.40258210157531227
0.5180405783188788
0.41030714445988686
0.4322970587584475
0.39905728654337363
0.4207775871433854
0.41595311505596294
0.4299375321125676
0.43159089818684854
0.4025820986096356
0.42809328968629234
0.4367725639154915
0.4117836928922093
0.42809329134545726
0.41457650939322366
0.5044613495947039
0.3862443745239466
0.46356590820199567
0.48544012594300706
0.4299375316806487
0.41756442141441386
0.4367725624040708
0.41892030090061005
0.40488482801862163
0.4315908969378505
0.420042531907323
0.4210666813455348
0.4367725692579352
0.4598359115476924
0.4296630553252727
0.38470767553650126
0.3967422718047114
0.4150060815219805
0.380158832205194
0.4003071529423605
0.36992639517429127
0.4054326239287562
0.4726922185232393
0.5051950534429969
0.4678957951558605
0.40535508921412955
0.3913457486267342
0.42353804437445386
0.5350807368401571
0.515783609665444
0.3897717625171881
0.44346356849247204
0.4998102614651561
0.4287408042366346
0.49235984714513437
0.5350807328755531
0.45894892531737796
0.4001466886058638
0.42993753536485074
0.5157836145747916
0.4296630579708113
0.4323690064485337
0.41030714376432964
0.42650974679496456
0.49981026125300104
0.39785591632812145
0.4035827816858844
0.40014668955600247
0.3913457469467063
0.46789579215428545
0.3699263969629809
0.4770363333846032
0.4726922166015607
0.3801588317048478
0.4636809643061799
0.4598359139301524
0.8802774480274212
0.4476417922317206
0.40535509079362664
0.40543261869366165
0.3892580105532033
0.41500608174077736
0.4535139553739451
0.3862132432251584
0.38470767204625406
0.4842683118815008
0.3874502485036785
0.5180405788023184
0.40488482854815133
0.4045854176491228
0.41379478485563614
0.3924054791892465
0.4695715367378928
0.4052390220005301
0.43196885854451333
0.4636809620226748
0.38255757498564974
0.4631795948205716
0.38470767569077113
0.5060703268365816
0.38829684247176255
0.4207775863300358
0.4055846300190595
0.4735212107148805
0.3778490040225079
0.4679626963605402
0.611131081537522
0.9390101678626389
0.6111310813287473
0.4535139553739451
0.9376198305680724
0.45719854255013553
0.9390101678626389
0.39785591512298346
0.45719854251827785
0.36473529779907116
0.611131081537522
0.46796269525460144
0.3862132432251584
0.47946386765902205
0.38574440591279613
0.6111310813287473
0.4770363333846032
0.38977176233872113
0.4635659106137652
0.41050811296565837
0.40014668633076467
0.4207775871433854
0.47352121104015565
0.46831741409759764
0.4051747709134539
0.47327736546061516
0.3948167502222852
0.46637795855323294
0.40535508907988393
0.505195054593556
0.4265097466770642
0.413794491050393
0.4377498900403438
0.4175995537092618
0.4175644272115695
0.40523901853599237
0.41500608188514865
0.39842340264998705
0.4175644207029128
0.4207775863300358
0.4678957935199892
0.4998102614651561
0.6111310813287473
0.4695715367378928
0.4296630562255754
0.4052390220005301
0.4159531149578576
0.39905727753260267
0.40258209880609785
0.4055846300190595
0.41030713957007836
0.40611525389180775
0.4191910511770661
0.38624437475595474
0.5232462474266456
0.41457651093933057
0.4207775882539502
0.5180405807569542
0.40558463537596523
0.41500608169803177
0.38470767204625406
0.38470767569077113
0.3862132412839018
0.3882968402114543
0.3874502505004016
0.4054326236179152
0.428740803584295
0.48548487742439783
0.48497664817912495
0.41892030273575354
0.4377498900403438
0.4175644207029128
0.40611525421955474
0.45587496532624594
0.397511941415273
0.4210666801106739
0.45351395569863084
0.506070323684215
0.4842683119011463
0.40535508907988393
0.3892580057507525
0.47701666054222813
0.4770166627261602
0.415953115481248
0.46831741579540626
0.5180405788023184
0.4207775863300358
0.5057969345562959
0.4877453937319917
0.4322970563644277
0.4663779562323911
0.4683174181104778
0.4025821012403806
0.39905728541662444
0.41500608174077736
0.4284594318566937
0.5057969366909638
0.4383992972111813
0.4009296074774762
0.413794491050393
0.43839929727374605
0.40092960892546553
0.4235380473018165
0.5270794697458283
0.43236900755079394
0.4201215860248942
0.43076194405427587
0.4201215858478935
0.4439667936221331
0.47877868090898384
0.43407175278358423
0.4921256116206851
0.4735212136492165
0.43159090433047664
0.49235984397114047
0.3967422805058417
0.47877868488996567
0.4511467739856355
0.43774989353069993
0.46957153550428055
0.39674227996846134
0.45708950915627755
0.47327736608883425
0.4770166627261602
0.42004253151121607
0.5350807368401571
0.3778490040225079
0.4340717529816544
0.4280932974787936
0.3948167557692968
0.4001466851952553
0.4035827768073998
0.5218651785439701
0.49981026151553404
0.46796269525460144
0.38977176233872113
0.4103071397602674
0.5102887393774499
0.45587496482910855
0.4589489230886255
0.397855914642568
0.4161023251150618
0.4064104043654789
0.39785591512298346
0.4064104038609364
0.40347563543600884
0.4849766530071532
0.41379477938809217
0.4296630562255754
0.41919104848877387
0.4161023191550427
0.46831741579540626
0.4770363341758037
0.3897717625171881
0.611131081537522
0.47946386922191214
0.3857444048919586
0.40753516598878836
0.41050811399527265
0.3913457483574113
0.40358277780795027
0.377849002662466
0.45708950625080164
0.4003071600100714
0.3984234051580895
0.36992639658875587
0.40335869822772924
0.4529889622748944
0.4205227501483523
0.4529889609539116
0.4598359149795598
0.4760978484161975
0.4631795952769918
0.5144764872094478
0.926814138730626
0.5165142251975384
0.4105081126910358
0.4385343079439219
0.4040382379490046
0.3984234014755853
0.4511467798509532
0.39725152873056657
0.40458542279670506
0.45694354284988037
0.4385343101202679
0.5204724487576977
0.41178369286293315
0.4760978439612825
0.40347563081708576
0.43196886027156683
0.4511467800037655
0.4175995498416726
0.5114200772689351
0.4476417910668382
0.4464613059880832
0.5165142265534213
0.3801588315261085
0.3997851186428604
0.3972515308397638
0.4051747683967528
0.4301431615697211
0.527079472455246
0.42004253151121607
0.5045938451235279
0.4770363341758037
0.9080303871690174
0.4678957935199892
0.48548487786551625
0.9080303870883389
0.4854401183085093
0.8802774479658343
0.40358278069721754
0.5270794732890938
0.3966145459209193
0.46957153609673874
0.44883374819806343
0.4061152562082361
0.5309570305911191
0.41892030244706535
0.4535139537007202
0.4854848777687679
0.4287408028093311
0.4299375357588604
0.40335869839202065
0.5157836098507064
0.4055846305384448
0.49235984548279643
0.39905727897977444
0.4301431636105667
0.4434635688685929
0.3961284436285158
0.5232462459296083
0.3913457487585686
0.4235380441272714
0.3966145472657937
0.4377498887135118
0.40670906880169044
0.4319688626479107
0.41892030396131774
0.3924054738158109
0.3847076713699087
0.40458542140140413
0.4048848275151615
0.415953115481248
0.5045938451235279
0.515783609665444
0.4679626963605402
0.44883374929490655
0.43236900426230285
0.4034756300103296
0.4854401183085093
0.4385343101202679
0.44883374819806343
0.4631795952769918
0.9080303870883389
0.45694354284988037
0.5165142251975384
0.8802774479658343
0.5204724487576977
0.926814138730626
0.4054326236179152
0.45142358418769085
0.4715967717370916
0.4663779562323911
0.5232462474266456
0.4760978484161975
0.48548487786551625
0.40458542279670506
0.4598359149795598
0.5144764872094478
0.41457651093933057
0.5180405788023184
0.9080303871690174
0.44346356849247204
0.9390101678626389
0.8802774480274212
0.4589489230886255
0.4476417922317206
0.44647155155589496
0.48544011834269324
0.3961284442229024
0.5180405783188788
0.5204724493210137
0.4210666801106739
0.4464613091013829
0.4631795948205716
0.5350807328755531
0.420042531907323
0.4323690064485337
0.42809329134545726
0.49235984714513437
0.4315908969378505
0.3862443745239466
0.45894892531737796
0.4210666813455348
0.5044613495947039
0.37784900388216686
0.4201215891520317
0.4307619472537443
0.3967422723921553
0.44567991296143594
0.4117836928922093
0.4287408042366346
0.40488482801862163
0.4367725639154915
0.41457650939322366
0.3756823000030703
0.47701666054222813
0.527079472455246
0.42353804437445386
0.4735212107148805
0.4514235842649402
0.4201215880338137
0.3997851179182368
0.40403823590576654
0.39661454604703655
0.3966145472447232
0.4307619426787385
0.4715967713575775
0.43076194557009306
0.39725153076541386
0.4040382364969458
0.3961284436285158
0.44883374929490655
0.40670906880169044
0.4434635688685929
0.5232462459296083
0.4456799101037452
0.4301431636105667
0.45694354276076526
0.43853430987152164
0.38755591940282813
0.38755591762791397
0.38255757741072816
0.38255757498564974
0.4051747683967528
0.3801588315261085
0.3984234014755853
0.4301431615697211
0.5204724487576977
0.40458542279670506
0.40517476943125663
0.5204724465285788
0.4301431593443094
0.39842340453654135
0.3801588317048478
0.4045854176491228
0.3972515308397638
0.39725152873056657
0.4385343079439219
0.4385343101202679
0.3997851186954791
0.44764179077458566
0.4075351642632432
0.4034756344438819
0.3948167502222852
0.40523901853599237
0.4117836909805348
0.3948167493738914
0.3699263944260859
0.3961284442229024
0.45114677365960976
0.39978511915861836
0.4569435379464384
0.41050811296565837
0.40403823565643493
0.3997851179182368
0.3948167557692968
0.4034756300103296
0.40753516598878836
0.4476417922317206
0.4052390220005301
0.3997851186428604
0.4511467798509532
0.4105081126910358
0.45694354284988037
0.39481675498029345
0.4117836899047044
0.39612844412501175
0.3699263969629809
0.4040382379490046
0.5057969362329555
0.5057969340482211
0.4683174170441746
0.46831741409759764
0.47701666240291946
0.4770166645397939
0.5051950525212185
0.4571985401559068
0.429663055886069
0.4161023221291209
0.4003071528027259
0.3857444041947353
0.3756823000030703
0.3967422723921553
0.37784900388216686
0.44567991296143594
0.47327736306068874
0.4367725673883555
0.44346356861340275
0.4003071588331849
0.4307619472537443
0.4535139540372895
0.4137944897517759
0.6111310804933549
0.39785591576246837
0.37784900325079446
0.4735212143445341
0.4009296074774762
0.41892030244706535
0.49981026125300104
0.38574440591279613
0.4201215891520317
0.4280932957721433
0.4683174170441746
0.5051950546970868
0.4003071588331849
0.41610232723733936
0.4296630579708113
0.45719854255013553
0.38574440591279613
0.4367725624040708
0.4732773618039491
0.4003071528027259
0.44346356849247204
0.3967422805058417
0.3756823018241341
0.4456799082082413
0.3778490040225079
0.43076194405427587
0.41892030090061005
0.4009296100712242
0.3857444041947353
0.4998102614651561
0.42809328968629234
0.4201215858478935
0.413794491050393
0.4535139537007202
0.39785591632812145
0.6111310813287473
0.47352121104015565
0.377849002662466
0.46831741409759764
0.40535508921412955
0.40535509045586327
0.39785591576246837
0.39785591632812145
0.3967422718047114
0.39674227996846134
0.4150060815219805
0.41500608188514865
0.43229705613146174
0.48774538833484177
0.4191910555927044
0.42845943594200475
0.3874502485036785
0.38829684247176255
0.4439667928500169
0.4570895053491311
0.4570895080817972
0.4715967717370916
0.4663779566895809
0.41457650705157306
0.5232462461039705
0.40543261869366165
0.4715967669576223
0.5309570283481688
0.43839929831169633
0.479463865233271
0.4265097466770642
0.43407175131329007
0.4514235848669136
0.5057969366909638
0.4061152562082361
0.41030714376432964
0.3862132432251584
0.4439667928852899
0.38624437407461953
0.5057969362329555
0.4514235847969753
0.42106667879336945
0.4589489238735627
0.4456799082082413
0.4921256090964466
0.5044613483824878
0.4663779567992657
0.38624437434755443
0.4265097462821398
0.38925800983851655
0.4064104048814611
0.36473529779907116
0.47877867762896814
0.4456799060673151
0.42845943178057777
0.3862132430371612
0.405432618957445
0.4322970563644277
0.3874502505004016
0.4284594318566937
0.4191910511770661
0.4877453937319917
0.3882968402114543
0.41457651093933057
0.4663779562323911
0.4054326236179152
0.5232462474266456
0.4570895080817972
0.4439667928852899
0.4715967669576223
0.4570895053491311
0.4715967717370916
0.40611525389180775
0.5057969345562959
0.3862132412839018
0.41030713957007836
0.38624437475595474
0.4439667928500169
0.4383992972111813
0.5309570305911191
0.42650974679496456
0.47946386765902205
0.45142358418769085
0.4340717531892252
0.5057969340482211
0.3892580051832535
0.42650974681758946
0.3647352991017409
0.4064104033897925
0.4456799101037452
0.47877868202749935
0.3862132420355454
0.42845942904061113
0.4210666813455348
0.4514235842649402
0.44567991296143594
0.45894892531737796
0.5044613495947039
0.4921256116206851
0.3862443745239466
0.46637795855323294
0.4054326239287562
0.43407175278358423
0.4340717529816544
0.47877868488996567
0.47877868090898384
0.4921256116206851
0.4921256090964466
0.4439667936221331
0.4439667940130054
0.4715967674769879
0.4715967713575775
0.38745024756609525
0.3862132430371612
0.5180405783188788
0.4061152564859165
0.4476417910668382
0.405432618957445
0.3847076713699087
0.41457650644466015
0.38015883210122514
0.41500608188514865
0.38624437434755443
0.36992639658875587
0.40258210157531227
0.4598359149795598
0.41178369286293315
0.4456799060673151
0.4307619426787385
0.4210666784480613
0.4003071529423605
0.377849002662466
0.38624437407461953
0.3857444048919586
0.4200425321858484
0.4434635688685929
0.41892030396131774
0.39674227996846134
0.5044613483824878
0.4003071600100714
0.4315909046398339
0.4367725639154915
0.4367725692579352
0.4280932957721433
0.4296630562255754
0.4280932974787936
0.4299375357588604
0.4715967713575775
0.5232462459296083
0.45708950625080164
0.5204724493210137
0.46637795855323294
0.4439667940130054
0.45694354276076526
0.4877453933818448
0.926814138730626
0.4511467800037655
0.4054326239287562
0.4715967674769879
0.43853430987152164
0.38829684087391036
0.5165142265534213
0.39725152803957964
0.42845942904061113
0.4631795948205716
0.4040382364969458
0.4529889622748944
0.4921256116206851
0.4921256090964466
0.4456799101037452
0.47877867762896814
0.5044613495947039
0.3967422718047114
0.4340717531892252
0.4589489230886255
0.4201215880338137
0.49235984548279643
0.47877868202749935
0.4210666801106739
0.43076194557009306
0.43159089818684854
0.43236900426230285
0.4265097462821398
0.4377498887135118
0.43839929859756255
0.3948167493738914
0.413794491050393
0.5057969366909638
0.46831741579540626
0.43839929727374605
0.4663779562323911
0.5057969345562959
0.40535508921412955
0.4514235847969753
0.41050811399527265
0.5060703241780778
0.4051747683967528
0.3997851186954791
0.4009296074774762
0.4207775863300358
0.4770166627261602
0.4322970563644277
0.3967422805058417
0.4663779566895809
0.397855914642568
0.4377498922539344
0.3967422723921553
0.4137944897517759
0.39481675498029345
0.39785591512298346
0.4683174181104778
0.42650974681758946
0.47327736306068874
0.40535508907988393
0.4735212136492165
0.5051950525212185
0.4001466886058638
0.4210666813455348
0.43407175278358423
0.3961284436285158
0.45587496482910855
0.5204724487576977
0.3948167502222852
0.4383992972111813
0.5180405788023184
0.47701666054222813
0.4877453937319917
0.3892580051832535
0.44647155155589496
0.40403823590576654
0.38755591762791397
0.415953115481248
0.4570895080817972
0.4054326236179152
0.37784900388216686
0.4003071528027259
0.40358278069721754
0.3913457487585686
0.47877867762896814
0.49235984548279643
0.4340717531892252
0.4877453933818448
0.47352121104015565
0.4439667928852899
0.47946386922191214
0.5270794732890938
0.9080303870883389
0.5309570305911191
0.3967422718047114
0.4921256090964466
0.45708950625080164
0.4201215880338137
0.4511467800037655
0.4439667940130054
0.4201215891520317
0.4695715367378928
0.4340717529816544
0.527079472455246
0.43076194405427587
0.4715967669576223
0.4064104038609364
0.3966145459209193
0.49235984714513437
0.42650974679496456
0.4040382379490046
0.46796269525460144
0.4284594318566937
0.5045938451235279
0.4307619472537443
0.4377498900403438
0.47877868488996567
0.42353804437445386
0.4323690064485337
0.5044613495947039
0.4921256116206851
0.5232462459296083
0.4589489230886255
0.926814138730626
0.46637795855323294
0.45142358418769085
0.8802774480274212
0.4514235842649402
0.9080303871690174
0.4456799101037452
0.5204724493210137
0.4715967713575775
0.45694354276076526
0.44883374929490655
0.4715967717370916
0.5232462474266456
0.44567991296143594
0.44346356849247204
0.44883374819806343
0.40670906880169044
0.4367725624040708
0.4439667928500169
0.4103071397602674
0.4287408028093311
0.4511467798509532
0.5057969340482211
0.3997851186428604
0.4535139553739451
0.5057969345562959
0.5309570305911191
0.3756823000030703
0.4051747709134539
0.4439667936221331
0.3997851179182368
0.4287408042366346
0.3972515308397638
0.38470767204625406
0.3862132412839018
0.41892030244706535
0.40347563081708576
0.40488482801862163
0.41457651093933057
0.5165142251975384
0.3862443745239466
0.4476417922317206
0.48548487786551625
0.4301431636105667
0.40458542279670506
0.42845943178057777
0.39905727897977444
0.43229705758586223
0.38755591798682476
0.46831741409759764
0.5057969362329555
0.40753516598878836
0.47701666240291946
0.45694354284988037
0.3997851186428604
0.4150060815219805
0.4663779567992657
0.3984234051580895
0.42077758911478536
0.4175995498416726
0.4051747706408554
0.4683174170441746
0.4052390220005301
0.3948167557692968
0.4105081126910358
0.4201215858478935
0.4514235848669136
0.4161023191550427
0.423538046387936
0.4315908969378505
0.5051950534429969
0.4770166645397939
0.38977176233872113
0.40092960892546553
0.4235380441272714
0.4735212143445341
0.4175644207029128
0.47327736608883425
0.46356590820199567
0.40014668955600247
0.3862443745239466
0.4439667936221331
0.4301431636105667
0.4103071397602674
0.5165142251975384
0.4051747709134539
0.5057969340482211
0.4476417922317206
0.3997851179182368
0.4511467798509532
0.3862132420355454
0.4464613091013829
0.39725153076541386
0.4175995494353332
0.4034756300103296
0.4439667928500169
0.41457651093933057
0.3756823000030703
0.4367725624040708
0.4287408028093311
0.4048848275151615
0.41892030090061005
0.5309570283481688
0.40347563543600884
0.42874080256521696
0.39725152873056657
0.39978511915861836
0.5057969362329555
0.3862132432251584
0.5057969366909638
0.4439667928852899
0.4535139540372895
0.4175995537092618
0.4511467739856355
0.40517476943125663
0.41030714376432964
0.45114677365960976
0.38470767569077113
0.45351395569863084
0.4367725673883555
0.41030714445988686
0.4726922185232393
0.40611525389180775
0.4760978484161975
0.4117836928922093
0.3801588317048478
0.4061152562082361
0.4319688626479107
0.3801588315261085
0.42809328968629234
0.43407175131329007
0.41919104848877387
0.5350807334447159
0.4529889609539116
0.4322970587584475
0.47701666240291946
0.4770363333846032
0.43839929727374605
0.5270794732890938
0.37784900325079446
0.39842340264998705
0.45708950915627755
0.41050811465986564
0.4035827816858844
0.40403823565643493
0.4055846300190595
0.3892580057507525
0.42993753536485074
0.41595311505596294
0.3913457486267342
0.38624437475595474
0.5144764872094478
0.41457650939322366
0.4598359139301524
0.4854848777687679
0.40458542140140413
0.4301431615697211
0.4117836909805348
0.43196885854451333
0.40611525421955474
0.4117836899047044
0.4061152564859165
0.380158832205194
0.43196886185791683
0.5114200772689351
0.36473529779907116
0.4679626963605402
0.3892580105532033
0.45719854251827785
0.6111310813287473
0.3862132432251584
0.611131081537522
0.4770363333846032
0.9390101678626389
0.4535139553739451
0.39785591632812145
0.4456799082082413
0.377849002662466
0.41610232723733936
0.4535139537007202
0.3756823018241341
0.38574440591279613
0.6111310813287473
0.3778490040225079
0.45719854255013553
0.3778490040225079
0.40543261869366165
0.39785591512298346
0.3913457469467063
0.4735212107148805
0.40535509079362664
0.3699263969629809
0.611131081537522
0.41500608174077736
0.46789579215428545
0.4003071588331849
0.413794491050393
0.3967422805058417
0.5051950546970868
0.4296630579708113
0.45894892531737796
0.47877868090898384
0.4434635688685929
0.5102887393774499
0.8802774479658343
0.47327736546061516
0.47946386765902205
0.9390101678626389
0.4735212107148805
0.9376198305680724
0.4064104033897925
0.5180405783188788
0.4307619426787385
0.48426831255733915
0.4679626963605402
0.4570895053491311
0.4663779562323911
0.3967422723921553
0.4732773618039491
0.46957153609673874
0.4377498887135118
0.4296630579708113
0.42845943594200475
0.49981026151553404
0.4849766547675406
0.46957153609673874
0.40092961187737236
0.40753516598878836
0.611131081537522
0.46831741579540626
0.47946386922191214
0.4161023221291209
0.4207775871433854
0.4201215860248942
0.5060703280447088
0.3897717625171881
0.39842340453654135
0.41500608174077736
0.41500608169803177
0.41756442720673126
0.40523901936137974
0.41756442141441386
0.4191910511770661
0.4631795952769918
0.42809329134545726
0.4636809643061799
0.4770363341758037
0.4055846305384448
0.3984234014755853
0.44346356849247204
0.4715967717370916
0.4589489230886255
0.44883374819806343
0.9080303871690174
0.45142358418769085
0.45694354284988037
0.9390101678626389
0.4663779562323911
0.9080303870883389
0.44567991296143594
0.46637795855323294
0.4921256116206851
0.4514235842649402
0.45894892531737796
0.4385343101202679
0.5180405788023184
0.4054326236179152
0.4854401183085093
0.4631795952769918
0.4210666813455348
0.5232462474266456
0.926814138730626
0.5044613495947039
0.8802774480274212
0.8802774479658343
0.5232462459296083
0.5204724487576977
0.4301431615697211
0.4598359139301524
0.38624437475595474
0.4854848777687679
0.4476417910668382
0.41457650939322366
0.4464613059880832
0.5144764872094478
0.4998102614651561
0.4265097466770642
0.4296630562255754
0.40014668633076467
0.4678957935199892
0.505195054593556
0.46831741409759764
0.6111310813287473
0.413794491050393
0.47352121104015565
0.39785591576246837
0.41500608188514865
0.39674227996846134
0.40535509045586327
0.39785591632812145
0.41050811296565837
0.4207775863300358
0.40535508907988393
0.4635659106137652
0.4207775871433854
0.40535508921412955
0.41030713957007836
0.4598359149795598
0.4367725639154915
0.4726922166015607
0.4535139537007202
0.3847076713699087
0.4051747683967528
0.4034756344438819
0.3924054791892465
0.41892030273575354
0.4048848287614772
0.3862132430371612
0.38470767553650126
0.417599551696578
0.43196886027156683
0.3961284442229024
0.4631795948205716
0.4210666801106739
0.48544011834269324
0.5180405783188788
0.4054326239287562
0.44647155155589496
0.5165142265534213
0.47609784762464724
0.3882968425052513
0.4055846305384448
0.41919105312771365
0.3825575752990876
0.4207775871433854
0.41030714445988686
0.40523901936137974
0.41595311505596294
0.4631795952769918
0.40347563081708576
0.38470767553650126
0.5232462443577821
0.40458541727825365
0.4055846363035945
0.43196886027156683
0.43014316174333544
0.39905728654337363
0.3924054791892465
0.3961284443705637
0.40335869822772924
0.4201215860248942
0.45894892318527436
0.3857444041517216
0.43236900615699475
0.42809329134545726
0.4296630553252727
0.5350807371384738
0.49981026151553404
0.4998102629220912
0.5157836098507064
0.4923598425817208
0.41892030273575354
0.443463569048914
0.4299375321125676
0.5157836151156563
0.41457650939322366
0.45708950915627755
0.40458542140140413
0.41919104848877387
0.5144764872094478
0.39842340264998705
0.4322970587584475
0.4598359139301524
0.41050811465986564
0.4529889609539116
0.3874502483295499
0.47609784762464724
0.4385343080062769
0.4205227501791697
0.4033586973799004
0.43407175131329007
0.38624437475595474
0.37784900325079446
0.42809328968629234
0.5350807334447159
0.42004253177062917
0.41756442141441386
0.4794638662270311
0.40523901889901937
0.48497665061809947
0.3984234014755853
0.4075351642632432
0.40092960892546553
0.41500608174077736
0.4683174181104778
0.4284594318566937
0.4842683106145565
0.417599551696578
0.45694353841062363
0.38755591940282813
0.39905728541662444
0.46957153530928264
0.41500608169803177
0.6111310802845802
0.429663055886069
0.4998102629220912
0.46789579322102653
0.397511941415273
0.4464613059880832
0.36992639517429127
0.38255757498564974
0.4025821012403806
0.4205227554498778
0.3699263944260859
0.43159089818684854
0.47877868202749935
0.38829684087391036
0.43236900426230285
0.4529889622748944
0.42845942904061113
0.4235380441272714
0.46789579215428545
0.42650974681758946
0.5045938451235279
0.43076194557009306
0.39725152803957964
0.4715967674769879
0.4040382364969458
0.39661454604703655
0.3966145472657937
0.39905727753260267
0.3647352991017409
0.515783609665444
0.5157836098507064
0.3966145472447232
0.4210666801106739
0.5165142265534213
0.4054326239287562
0.4631795948205716
0.48544011834269324
0.43853430987152164
0.3961284442229024
0.4048848275151615
0.4175995494353332
0.3862132420355454
0.4034756300103296
0.41892030396131774
0.39725153076541386
0.3924054738158109
0.4464613091013829
0.4025820986096356
0.4877453879965784
0.3825575790194438
0.41595311515179056
0.4205227501483523
0.38755592015780704
0.4770166645397939
0.3699263969629809
0.39481675498029345
0.4040382379490046
0.5180405805960504
0.44646130673892426
0.5204724468094031
0.44647154712509185
0.39612844412501175
0.5270794690229138
0.40258209880609785
0.4571985402470231
0.4299375316806487
0.5350807371384738
0.4854401261003649
0.40611525421955474
0.5114200772689351
0.380158832205194
0.43196885854451333
0.4117836899047044
0.47609784369180774
0.4117836909805348
0.48548487728946943
0.4464613035755582
0.4476417895218846
0.4301431593443094
0.38624437407461953
0.5165142238875593
0.4598359112150496
0.511420073326379
0.42004253177062917
0.4205227501791697
0.3874502483295499
0.4033586973799004
0.4200425321858484
0.4385343080062769
0.4033586983080165
0.47609784762464724
0.47609784369180774
0.3897717625171881
0.4064104043654789
0.3857444048919586
0.5218651785439701
0.4770363341758037
0.4161023251150618
0.38977176233872113
0.611131081537522
0.39785591512298346
0.46796269525460144
0.4064104048814611
0.3862132430371612
0.4456799060673151
0.38925800983851655
0.36473529779907116
0.4035827768073998
0.46831741579540626
0.397855914642568
0.4001466851952553
0.49981026151553404
0.4265097462821398
0.45587496532624594
0.4476417910668382
0.4003071529423605
0.4636809620226748
0.45719854251827785
0.38745024756609525
0.3948167493738914
0.41379478094072686
0.40523901936137974
0.3857444041517216
0.413794786619242
0.3857444048919586
0.3882968425052513
0.40523901889901937
0.3825575752990876
0.40670906880169044
0.45694354276076526
0.4456799101037452
0.44883374929490655
0.4434635688685929
0.4715967713575775
0.3961284436285158
0.5204724493210137
0.40458542140140413
0.40358277780795027
0.36992639658875587
0.4003071600100714
0.3913457483574113
0.377849002662466
0.405432618957445
0.41050811399527265
0.38015883210122514
0.40458541727825365
0.43853430987152164
0.38925800983851655
0.48426831255733915
0.3975119491383322
0.4636809620226748
0.4535139537007202
0.4061152562082361
0.4770363341758037
0.4854848777687679
0.8802774479658343
0.48548487786551625
0.40535509045586327
0.42106667879336945
0.3913457483574113
0.41756442720673126
0.4726922166015607
0.40488482854815133
0.41892030244706535
0.4678957935199892
0.42004253151121607
0.4854401183085093
0.3756823018241341
0.41457650705157306
0.4161023251150618
0.4048848287614772
0.47327736546061516
0.4175644272115695
0.4117836899047044
0.45719854251827785
0.4025821012403806
0.48544011834269324
0.4367725673883555
0.505195054593556
0.43159090433047664
0.4635659106137652
0.42993753536485074
0.4514235842649402
0.4340717529816544
0.44883374929490655
0.47946386922191214
0.8802774480274212
0.4695715367378928
0.5309570305911191
0.9080303871690174
0.527079472455246
0.9080303870883389
0.42650974681758946
0.48544011834269324
0.39661454604703655
0.46789579215428545
0.5045938451235279
0.4439667928852899
0.45142358418769085
0.4201215891520317
0.47352121104015565
0.5270794732890938
0.4235380441272714
0.5051950546970868
0.43229705613146174
0.4001466851952553
0.5060703280447088
0.4732773618039491
0.4009296100712242
0.3997851179182368
0.4735212107148805
0.47701666054222813
0.4514235842649402
0.5051950525212185
0.4635659106137652
0.4235380473018165
0.5051950546970868
0.42353804437445386
0.40517476943125663
0.40535509079362664
0.4207775882539502
0.40535509045586327
0.41050811465986564
0.46356590820199567
0.4322970563644277
0.4854401183085093
0.5350807328755531
0.45719854255013553
0.527079472455246
0.4299375357588604
0.4105081126910358
0.4732773618039491
0.4570895053491311
0.5102887393774499
0.46957153609673874
0.9376198305680724
0.47946386765902205
0.4511467798509532
0.9376198305680724
0.4877453937319917
0.9080303871690174
0.3967422723921553
0.47327736546061516
0.47877868090898384
0.4735212107148805
0.49235984714513437
0.39725152873056657
0.4842683118815008
0.3882968402114543
0.4678957935199892
0.4529889609539116
0.4315908969378505
0.4663779562323911
0.8802774479658343
0.45894892531737796
0.9390101678626389
0.9080303870883389
0.4434635688685929
0.45694354284988037
0.4051747683967528
0.4726922166015607
0.41030713957007836
0.4535139537007202
0.4511467800037655
0.4367725639154915
0.4175995498416726
0.4598359149795598
0.4009296100712242
0.43839929831169633
0.4849766530071532
0.40092961187737236
0.4842683118815008
0.5060703268365816
0.5057969340482211
0.47946386765902205
0.4383992972111813
0.45142358418769085
0.4137944897517759
0.4175644272115695
0.43774989353069993
0.40535509079362664
0.42650974679496456
0.39978511915861836
0.5060703268365816
0.506070323684215
0.505195054593556
0.4322970587584475
0.5051950534429969
0.5057969345562959
0.48548487786551625
0.4287408042366346
0.4535139553739451
0.5309570305911191
0.41892030396131774
0.3997851186428604
0.3997851186954791
0.40488482854815133
0.428740803584295
0.3756823018241341
0.4439667940130054
0.4367725692579352
0.4051747706408554
0.41178369286293315
0.3948167493738914
0.4636809620226748
0.45587496532624594
0.45719854251827785
0.4877453933818448
0.4003071529423605
0.38755591798682476
0.4476417910668382
0.38015883210122514
0.45719854255013553
0.3874502485036785
0.46796269525460144
0.4636809643061799
0.9376198305680724
0.4842683118815008
0.4476417922317206
0.9390101678626389
0.5180405788023184
0.8802774480274212
0.4003071528027259
0.47352121104015565
0.43076194405427587
0.4732773618039491
0.44346356849247204
0.3801588317048478
0.4535139553739451
0.38470767204625406
0.4726922166015607
0.4598359139301524
0.4367725624040708
0.4877453937319917
0.9080303870883389
0.49235984714513437
0.9376198305680724
0.9080303871690174
0.49235984548279643
0.4511467798509532
0.38755591762791397
0.46789579215428545
0.39905727753260267
0.48426831255733915
0.45694354276076526
0.43159089818684854
0.4175995494353332
0.4529889622748944
0.5204724487576977
0.8802774480274212
0.5232462474266456
0.8802774479658343
0.926814138730626
0.5044613495947039
0.5165142251975384
0.926814138730626
0.5165142265534213
0.3948167502222852
0.4695715367378928
0.4377498900403438
0.47327736546061516
0.46637795855323294
0.3967422718047114
0.4051747709134539
0.4511467800037655
0.39725152803957964
0.5204724493210137
0.5060703280447088
0.45587496798900484
0.413794786619242
0.4849766547675406
0.4636809643061799
0.41379478485563614
0.4287408028093311
0.46957153609673874
0.40358278069721754
0.44883374819806343
0.4377498922539344
0.4048848287614772
0.4067090664863007
0.3913457469467063
0.3966145459209193
0.42874080256521696
0.40092961187737236
0.3897717634370236
0.40014668633076467
0.5350807334447159
0.423538046387936
0.43839929727374605
0.4854848777687679
0.4035827816858844
0.4770363333846032
0.5270794732890938
0.4200425321858484
0.47701666240291946
0.5060703241780778
0.41756442720673126
0.38977176325733154
0.41610232723733936
0.4201215880338137
0.4315909046398339
0.42077758911478536
0.40258210157531227
0.4377498887135118
0.48426831255733915
0.4064104033897925
0.4679626963605402
0.49235984548279643
0.4307619426787385
0.39905727897977444
0.5180405783188788
0.3847076713699087
0.43839929859756255
0.3975119491383322
0.4558749683389545
0.3892580105532033
0.4340717531892252
0.4210666784480613
0.43229705758586223
0.4061152564859165
0.41457650644466015
0.38745024756609525
0.45587496482910855
0.47946386922191214
0.4064104038609364
0.5102887393774499
0.4589489230886255
0.47877867762896814
0.4103071397602674
0.4877453933818448
0.38829684087391036
0.5232462459296083
0.45708950625080164
0.3874502483295499
0.38470767553650126
0.4054326239287562
0.380158832205194
0.41457650939322366
0.5180405805960504
0.3862132420355454
0.4476417895218846
0.40611525421955474
0.4150060815219805
0.4598359115476924
0.4025820986096356
0.36992639517429127
0.3862443745239466
0.4117836928922093
0.5232462443577821
0.4715967674769879
0.5204724468094031
0.45708950915627755
0.405432618957445
0.5165142238875593
0.3882968425052513
0.4385343080062769
0.4715967713575775
0.39725153076541386
0.4663779567992657
0.9268141379244772
0.4877453879965784
0.45694353841062363
0.4439667936221331
0.4511467739856355
0.46317959303065254
0.42845943178057777
0.4529889577581026
0.40403823590576654
0.43076194557009306
0.4456799101037452
0.4003071600100714
0.4210666801106739
0.3967422718047114
0.4367725692579352
0.43159089818684854
0.4003071529423605
0.5044613495947039
0.4367725639154915
0.37784900325079446
0.443463569048914
0.42004253177062917
0.3857444041517216
0.38624437475595474
0.41892030273575354
0.4296630553252727
0.42809328968629234
0.4299375321125676
0.42809329134545726
0.4921256090964466
0.5044613483824878
0.47877868202749935
0.4456799060673151
0.4921256116206851
0.39674227996846134
0.4210666784480613
0.47877867762896814
0.4315909046398339
0.4307619426787385
0.45894892318527436
0.43407175131329007
0.4923598425817208
0.4201215860248942
0.43236900615699475
0.4923598425817208
0.47877868202749935
0.4877453879965784
0.43407175131329007
0.39674227996846134
0.4511467739856355
0.4201215860248942
0.45708950915627755
0.4921256116206851
0.4439667936221331
0.4735212143445341
0.9080303850806214
0.5270794690229138
0.4794638662270311
0.4439667928500169
0.5309570283481688
0.46957153550428055
0.4201215858478935
0.5270794697458283
0.43407175278358423
0.5044613483824878
0.9268141379244772
0.45894892318527436
0.5232462443577821
0.4921256090964466
0.4663779567992657
0.5204724468094031
0.4456799060673151
0.45694353841062363
0.4715967674769879
0.8802774487718574
0.4514235848669136
0.9080303849999429
0.4514235847969753
0.4488337516922978
0.4307619472537443
0.49235984397114047
0.3966145472657937
0.4064104043654789
0.4715967717370916
0.4265097466770642
0.43774989353069993
0.43076194405427587
0.4235380473018165
0.47877868090898384
0.46796269863448386
0.40403823565643493
0.5045938512347554
0.42845943594200475
0.43236900755079394
0.5232462461039705
0.4715967669576223
0.44346356861340275
0.4456799082082413
0.4067090664863007
0.448833751755369
0.4377498922539344
0.42650974681758946
0.39481675498029345
0.43839929727374605
0.40535509045586327
0.40517476943125663
0.5060703280447088
0.41050811465986564
0.4514235842649402
0.3997851179182368
0.4137944897517759
0.4663779566895809
0.43839929859756255
0.4683174181104778
0.5057969345562959
0.5057969366909638
0.4207775882539502
0.4009296100712242
0.43229705613146174
0.47701666054222813
0.42106667879336945
0.5204724465285788
0.45587496798900484
0.3961284443705637
0.4340717529816544
0.3948167557692968
0.44647154712509185
0.38925800983851655
0.38755591940282813
0.4040382364969458
0.5180405807569542
0.43839929831169633
0.48774538833484177
0.4770166627261602
0.4159531149578576
0.3967422723921553
0.3967422805058417
0.4377498887135118
0.39785591512298346
0.4663779562323911
0.413794491050393
0.40535509079362664
0.4732773618039491
0.5051950546970868
0.4735212107148805
0.397855914642568
0.3948167493738914
0.4265097462821398
0.46831741579540626
0.4001466851952553
0.40543261869366165
0.4570895053491311
0.4003071588331849
0.3778490040225079
0.3913457469467063
0.4035827768073998
0.4367725673883555
0.45114677365960976
0.42874080256521696
0.41030714445988686
0.4439667928852899
0.5057969362329555
0.4051747706408554
0.3756823018241341
0.3997851186954791
0.4439667940130054
0.45351395569863084
0.39978511915861836
0.5309570283481688
0.5057969366909638
0.428740803584295
0.5165142240858607
0.41457650705157306
0.44764179077458566
0.38624437434755443
0.43014316174333544
0.48548487742439783
0.38470767569077113
0.39725152873056657
0.41892030090061005
0.3862132432251584
0.40488482854815133
0.40347563543600884
0.4045854176491228
0.46796270017427005
0.3647352991017409
0.4571985402470231
0.3892580057507525
0.39785591576246837
0.4535139540372895
0.4161023221291209
0.37784900325079446
0.44567991296143594
0.3756823000030703
0.6111310804933549
0.9390101668184726
0.4770363329682392
0.6111310802845802
0.3862132412839018
0.45351395569863084
0.6111310804933549
0.3857444041947353
0.4571985401559068
0.37784900388216686
0.4589489238735627
0.8802774488334444
0.5102887376220792
0.443463569048914
0.47877868488996567
0.47327736608883425
0.5180405805960504
0.4064104048814611
0.4842683106145565
0.43076194557009306
0.9390101668184726
0.479463865233271
0.9376198297619235
0.4735212136492165
0.46796270017427005
0.37784900388216686
0.4735212136492165
0.3913457487585686
0.397855914642568
0.4054326236179152
0.40535508907988393
0.4137944897517759
0.4003071528027259
0.5051950525212185
0.3967422723921553
0.6111310802845802
0.3699263944260859
0.46789579322102653
0.41500608169803177
0.429663055886069
0.4663779566895809
0.4570895080817972
0.47327736306068874
0.3967422805058417
0.4377498922539344
0.46957153530928264
0.44346356861340275
0.9080303849999429
0.448833751755369
0.45894892318527436
0.4715967669576223
0.4514235848669136
0.4663779567992657
0.4456799082082413
0.4514235847969753
0.4921256090964466
0.9390101668184726
0.4569435379464384
0.9080303850806214
0.4663779566895809
0.4589489238735627
0.9268141379244772
0.5232462461039705
0.8802774487718574
0.5044613483824878
0.5232462443577821
0.8802774488334444
0.5180405807569542
0.4385343079439219
0.48544012594300706
0.40543261869366165
0.42106667879336945
0.46317959265688335
0.5204724465285788
0.429663055886069
0.46957153530928264
0.48497665061809947
0.4998102629220912
0.4284594318566937
0.40092960892546553
0.42077758911478536
0.41610232723733936
0.5060703241780778
0.4201215880338137
0.6111310802845802
0.4075351642632432
0.4794638662270311
0.4683174181104778
0.38977176325733154
0.46317959265688335
0.4191910555927044
0.46368096286210164
0.4280932974787936
0.4055846363035945
0.47703633317840455
0.41500608169803177
0.3984234014755853
0.41756442141441386
0.41500608174077736
0.41756442720673126
0.40523901889901937
0.39842340453654135
0.4598359112150496
0.4301431593443094
0.48548487728946943
0.38624437407461953
0.41457650644466015
0.4476417895218846
0.514476484997439
0.4464613035755582
0.39905728654337363
0.42845942904061113
0.38755592015780704
0.4322970587584475
0.41500608188514865
0.4175995537092618
0.4207775871433854
0.39842340264998705
0.46637795855323294
0.4051747709134539
0.4683174170441746
0.4569435379464384
0.4770166645397939
0.4075351642632432
0.5057969340482211
0.39978511915861836
0.40523901853599237
0.46831741409759764
0.41050811296565837
0.3948167502222852
0.38624437434755443
0.5165142240858607
0.41030714445988686
0.43014316174333544
0.4439667940130054
0.4051747706408554
0.44646130673892426
0.3862132430371612
0.417599551696578
0.39725152803957964
0.44764179077458566
0.5057969362329555
0.45114677365960976
0.3997851186954791
0.4034756344438819
0.4201215891520317
0.43159090433047664
0.4235380441272714
0.4161023251150618
0.45142358418769085
0.505195054593556
0.4175644272115695
0.47352121104015565
0.4635659106137652
0.47327736546061516
0.3897717634370236
0.47701666240291946
0.423538046387936
0.40092961187737236
0.40014668633076467
0.41457650705157306
0.4439667928852899
0.4367725673883555
0.3756823018241341
0.4048848287614772
0.42874080256521696
0.4280932957721433
0.4529889567953002
0.5350807371384738
0.41919105312771365
0.4340717531892252
0.43229705758586223
0.3984234051580895
0.377849002662466
0.41050811399527265
0.45708950625080164
0.4770363329682392
0.4770166645397939
0.5270794690229138
0.43839929859756255
0.40358277780795027
0.514476484997439
0.38624437407461953
0.4598359112150496
0.41457650644466015
0.40458541727825365
0.48548487728946943
0.40558463537596523
0.4040382379490046
0.4299375316806487
0.3892580105532033
0.3913457483574113
0.41595311515179056
0.4301431593443094
0.41892030244706535
0.3972515308397638
0.4287408028093311
0.40347563081708576
0.5309570305911191
0.3997851186428604
0.4175995498416726
0.4535139537007202
0.4051747683967528
0.4511467800037655
0.3862132412839018
0.5057969340482211
0.4439667928500169
0.5057969345562959
0.41030713957007836
0.4760978439612825
0.4061152562082361
0.3801588315261085
0.41178369286293315
0.43196886027156683
0.40611525389180775
0.38470767204625406
0.4511467798509532
0.4367725624040708
0.4535139553739451
0.4726922166015607
0.4103071397602674
0.3801588317048478
0.43196886185791683
0.4117836899047044
0.4117836909805348
0.4061152564859165
0.38015883210122514
0.40611525421955474
0.511420073326379
0.43196885854451333
0.49981026125300104
0.4678957951558605
0.40014668955600247
0.4296630553252727
0.42650974679496456
0.5051950534429969
0.4150060815219805
0.39785591632812145
0.40535508921412955
0.3967422718047114
0.6111310804933549
0.4683174170441746
0.4735212143445341
0.4137944897517759
0.39785591576246837
0.4598359115476924
0.41030714376432964
0.4726922185232393
0.4367725692579352
0.38470767553650126
0.4535139540372895
0.4207775882539502
0.4105081126910358
0.46356590820199567
0.40535509079362664
0.40535509045586327
0.42077758911478536
0.40517476943125663
0.46317959303065254
0.39612844412501175
0.4854401261003649
0.4210666784480613
0.405432618957445
0.5180405805960504
0.5165142238875593
0.44647154712509185
0.3924054738158109
0.4034756300103296
0.4048848275151615
0.41892030396131774
0.3847076713699087
0.3862132420355454
0.4319688626479107
0.4175995494353332
0.47609784369180774
0.4842683106145565
0.3892580051832535
0.46368095980288815
0.397511941415273
0.40535508921412955
0.4726922185232393
0.41756442141441386
0.3913457486267342
0.4210666813455348
0.40488482801862163
0.4535139540372895
0.8802774488334444
0.48548487728946943
0.47703633317840455
0.40611525389180775
0.48548487742439783
0.4678957951558605
0.41892030090061005
0.48544012594300706
0.420042531907323
0.4514235847969753
0.8802774487718574
0.4794638662270311
0.4488337516922978
0.43407175278358423
0.46957153550428055
0.4854401261003649
0.4265097462821398
0.46789579322102653
0.3966145472447232
0.9080303849999429
0.5309570283481688
0.9080303850806214
0.5270794697458283
0.5045938512347554
0.3756823000030703
0.47327736608883425
0.4048848275151615
0.4161023191550427
0.41457651093933057
0.4175644207029128
0.5051950534429969
0.4367725624040708
0.46356590820199567
0.4315908969378505
0.4571985402470231
0.4117836909805348
0.4854401261003649
0.40258209880609785
0.4299375316806487
0.4514235848669136
0.4439667928500169
0.4735212143445341
0.4201215858478935
0.423538046387936
0.5270794690229138
0.47327736306068874
0.9376198297619235
0.46957153530928264
0.5102887376220792
0.4570895080817972
0.479463865233271
0.47327736608883425
0.3967422805058417
0.4735212136492165
0.47877868488996567
0.9376198297619235
0.45114677365960976
0.9080303849999429
0.48774538833484177
0.49235984397114047
0.8802774488334444
0.4663779566895809
0.9390101668184726
0.4589489238735627
0.443463569048914
0.9080303850806214
0.4842683119011463
0.3972515308397638
0.4678957951558605
0.38829684247176255
0.43159090433047664
0.4529889567953002
0.4569435379464384
0.5051950525212185
0.47327736306068874
0.5060703241780778
0.4001466886058638
0.4322970563644277
0.4009296074774762
0.46356590820199567
0.5051950546970868
0.5051950525212185
0.42353804437445386
0.4735212136492165
0.3997851186954791
0.4514235847969753
0.4770166627261602
0.4235380473018165
0.48544012594300706
0.43229705613146174
0.4571985401559068
0.5350807368401571
0.4299375321125676
0.5270794697458283
0.40535508907988393
0.4051747683967528
0.40535508921412955
0.4207775863300358
0.4635659106137652
0.41050811399527265
0.41050811296565837
0.4726922185232393
0.40517476943125663
0.4535139540372895
0.41030714376432964
0.4367725692579352
0.4511467739856355
0.4598359115476924
0.4175995537092618
0.4571985401559068
0.9376198297619235
0.46368096286210164
0.46796269863448386
0.3874502505004016
0.4842683119011463
0.4735212143445341
0.4003071588331849
0.47327736306068874
0.4307619472537443
0.9390101668184726
0.44764179077458566
0.8802774487718574
0.5180405807569542
0.44346356861340275
0.9080303850806214
0.48774538833484177
0.9376198297619235
0.49235984397114047
0.4923598425817208
0.9080303849999429
0.45351395569863084
0.3801588315261085
0.4726922185232393
0.38470767569077113
0.4367725673883555
0.4598359112150496
0.45114677365960976
0.8802774487718574
0.5204724465285788
0.8802774488334444
0.5232462461039705
0.5044613483824878
0.9268141379244772
0.9268141379244772
0.5165142240858607
0.46789579322102653
0.38755591940282813
0.4842683106145565
0.39905728541662444
0.4315909046398339
0.45694353841062363
0.4529889577581026
0.417599551696578
0.5165142238875593
0.4009296074774762
0.4842683119011463
0.40092960892546553
0.48497664817912495
0.4383992972111813
0.506070323684215
0.4175644207029128
0.413794491050393
0.40535508907988393
0.4377498900403438
0.479463865233271
0.5057969362329555
0.4514235848669136
0.43839929831169633
0.4265097466770642
0.48548487742439783
0.5057969366909638
0.45351395569863084
0.428740803584295
0.41892030273575354
0.5309570283481688
0.506070323684215
0.3997851186428604
0.5051950534429969
0.5060703268365816
0.505195054593556
0.43229705758586223
0.39978511915861836
0.46368095980288815
0.39481675498029345
0.4571985402470231
0.4558749683389545
0.4003071600100714
0.4877453879965784
0.4476417895218846
0.38755592015780704
0.40488482801862163
0.3997851179182368
0.3756823000030703
0.4287408042366346
0.4367725639154915
0.4439667936221331
0.4117836928922093
0.4051747709134539
0.380158832205194
0.46957153550428055
0.3948167557692968
0.47327736608883425
0.43774989353069993
0.39674227996846134
0.4663779567992657
0.4511467739856355
0.4051747706408554
0.5204724468094031
0.39725153076541386
0.4055846363035945
0.38829684087391036
0.3825575790194438
0.41919104848877387
0.3847076713699087
0.4319688626479107
0.4055846305384448
0.40458542140140413
0.5232462459296083
0.4301431636105667
0.42077758911478536
0.46317959265688335
0.41595311515179056
0.40523901889901937
0.4103071397602674
0.40347563543600884
0.3924054738158109
0.39905727897977444
0.40335869839202065
0.3961284436285158
0.41457650644466015
0.514476484997439
0.41919105312771365
0.40458541727825365
0.45708950625080164
0.3984234051580895
0.47609784369180774
0.38745024756609525
0.4205227554498778
0.43853430987152164
0.4598359112150496
0.43229705758586223
0.4529889567953002
0.41050811399527265
0.4033586983080165
0.4201215880338137
0.4280932974787936
0.43236900426230285
0.3857444048919586
0.4589489230886255
0.4296630562255754
0.41892030396131774
0.49235984548279643
0.4299375357588604
0.4434635688685929
0.4998102629220912
0.5350807334447159
0.5157836151156563
0.49981026151553404
0.5157836098507064
0.38624437407461953
0.4340717531892252
0.4280932957721433
0.377849002662466
0.4200425321858484
0.5350807371384738
0.4315909046398339
0.4529889577581026
0.43236900615699475
0.3882968425052513
0.47877867762896814
0.42845943178057777
0.39725153076541386
0.4307619426787385
0.40403823590576654
0.4715967713575775
0.46789579322102653
0.423538046387936
0.5045938512347554
0.4265097462821398
0.3966145472447232
0.5165142238875593
0.4210666784480613
0.46317959303065254
0.405432618957445
0.4385343080062769
0.4854401261003649
0.39905728541662444
0.3966145459209193
0.5157836145747916
0.36473529779907116
0.39661454604703655
0.5157836151156563
0.39612844412501175
0.41756442720673126
0.39842340453654135
0.4849766547675406
0.40523901936137974
0.47946386922191214
0.40753516598878836
0.4175995494353332
0.48426831255733915
0.38755591762791397
0.45694354276076526
0.41500608169803177
0.40092961187737236
0.42845943594200475
0.46831741579540626
0.39905727753260267
0.4464613035755582
0.3975119491383322
0.38255757741072816
0.36992639658875587
0.4205227501791697
0.40258209880609785
0.41500608174077736
0.46957153609673874
0.4296630579708113
0.611131081537522
0.46789579215428545
0.49981026151553404
0.3699263969629809
0.417599551696578
0.4048848287614772
0.4034756344438819
0.3862132430371612
0.39725152803957964
0.41892030273575354
0.44646130673892426
0.3924054791892465
0.38977176325733154
0.47703633317840455
0.5218651764998806
0.3857444041517216
0.4064104038609364
0.4161023191550427
0.3862132420355454
0.4064104033897925
0.3892580051832535
0.4456799101037452
0.6111310802845802
0.3897717634370236
0.46796269863448386
0.397855914642568
0.3647352991017409
0.4476417895218846
0.4558749683389545
0.46368095980288815
0.4003071600100714
0.3874502483295499
0.4571985402470231
0.4683174181104778
0.40358278069721754
0.4001466886058638
0.39785591512298346
0.42650974681758946
0.4998102629220912
0.39481675498029345
0.45694353841062363
0.4067090664863007
0.4488337516922978
0.4456799060673151
0.4715967674769879
0.443463569048914
0.5204724468094031
0.3961284443705637
0.40523901889901937
0.413794786619242
0.41379478094072686
0.3857444048919586
0.38829684087391036
0.3857444041517216
0.3825575790194438
0.40523901936137974
0.40458541727825365
0.40258210157531227
0.42052275604800615
0.41595311505596294
0.3825575752990876
0.4877453933818448
0.38755591798682476
0.4464613091013829
0.5180405783188788
0.44647155155589496
0.5204724493210137
0.3699263944260859
0.47701666240291946
0.40403823565643493
0.3948167493738914
0.3961284442229024
0.511420073326379
0.4061152564859165
0.43196886185791683
0.38015883210122514
0.47609784762464724
0.4117836909805348
0.4025821012403806
0.5270794732890938
0.42993753536485074
0.45719854251827785
0.48544011834269324
0.5350807334447159
0.4117836899047044
0.4205227554498778
0.4200425321858484
0.4033586983080165
0.38745024756609525
0.43853430987152164
0.42004253177062917
0.47609784369180774
0.4033586973799004
0.4464613059880832
0.4854848777687679
0.4301431615697211
0.4476417910668382
0.5165142265534213
0.38624437475595474
0.5114200772689351
0.4598359139301524
0.47609784762464724
0.36992639517429127
0.4035827816858844
0.3913457486267342
0.4003071529423605
0.4054326239287562
0.37784900325079446
0.380158832205194
0.41050811465986564
0.4385343080062769
0.40458542140140413
0.5060703241780778
0.46368096286210164
0.48497665061809947
0.41379478094072686
0.45587496482910855
0.41379477938809217
0.4048848275151615
0.4377498887135118
0.3913457487585686
0.40670906880169044
0.46957153530928264
0.42874080256521696
0.448833751755369
0.4035827768073998
0.3966145472657937
0.48548487728946943
0.43839929859756255
0.4770363329682392
0.40358277780795027
0.42004253177062917
0.5270794690229138
0.40092960892546553
0.4287408028093311
0.40014668955600247
0.38977176233872113
0.4235380441272714
0.5350807371384738
0.4770166645397939
0.4842683106145565
0.4377498922539344
0.46796270017427005
0.4064104048814611
0.43076194557009306
0.4923598425817208
0.5180405805960504
0.39905728654337363
0.41756442141441386
0.5060703280447088
0.4161023221291209
0.3897717625171881
0.43159089818684854
0.4201215860248942
0.4025820986096356
0.4207775871433854
0.38470767553650126
0.4794638662270311
0.45587496798900484
0.5102887376220792
0.4064104043654789
0.47877868202749935
0.45894892318527436
0.4877453879965784
0.41030714445988686
0.5232462443577821
0.3882968425052513
0.397511941415273
0.43839929727374605
0.3892580057507525
0.45587496532624594
0.4210666801106739
0.43407175131329007
0.40611525421955474
0.4322970587584475
0.3874502483295499
0.41457650939322366
0.45708950915627755
0.4064104048814611
0.4064104033897925
0.4558749683389545
0.45587496532624594
0.39785591632812145
0.41030714376432964
0.3897717625171881
0.4035827816858844
0.45894892531737796
0.4287408042366346
0.39785591576246837
0.4589489238735627
0.40358277780795027
0.38977176325733154
0.41030713957007836
0.428740803584295
0.49981026125300104
0.4998102614651561
0.5350807368401571
0.5350807328755531
0.4456799082082413
0.5232462461039705
0.4064104043654789
0.4067090664863007
0.47877868090898384
0.43774989353069993
0.39612844412501175
0.36473529779907116
0.39905728541662444
0.39661454604703655
0.44346356861340275
0.4265097466770642
0.49235984397114047
0.4235380473018165
0.5157836145747916
0.44567991296143594
0.47877868488996567
0.40670906880169044
0.4064104038609364
0.5232462474266456
0.4377498900403438
0.42650974679496456
0.44346356849247204
0.42353804437445386
0.49235984714513437
0.3647352991017409
0.3961284442229024
0.3966145472447232
0.39905727753260267
0.515783609665444
0.4715967669576223
0.4715967717370916
0.4307619472537443
0.43076194405427587
0.3966145459209193
0.3966145472657937
0.4003071588331849
0.48774538833484177
0.4035827768073998
0.45587496798900484
0.4570895053491311
0.43839929831169633
0.3948167557692968
0.3778490040225079
0.4770166627261602
0.4340717529816544
0.4571985401559068
0.41050811296565837
0.5270794697458283
0.43229705613146174
0.5350807368401571
0.5204724465285788
0.40543261869366165
0.5180405807569542
0.42106667879336945
0.3961284443705637
0.48544012594300706
0.3874502505004016
0.4385343101202679
0.420042531907323
0.3874502485036785
0.42004253151121607
0.40335869839202065
0.4385343079439219
0.4003071528027259
0.4570895080817972
0.45587496482910855
0.40358278069721754
0.4877453937319917
0.4383992972111813
0.4105081126910358
0.45719854255013553
0.4322970563644277
0.527079472455246
0.37784900388216686
0.3948167502222852
0.43407175278358423
0.47701666054222813
0.5350807328755531
0.4385343079439219
0.3874502485036785
0.3874502505004016
0.42004253151121607
0.40335869822772924
0.420042531907323
0.4054326236179152
0.5204724487576977
0.4210666813455348
0.5180405788023184
0.4854401183085093
0.3961284436285158
0.4385343101202679
0.3801588315261085
0.3801588317048478
0.40611525389180775
0.4061152562082361
0.41178369286293315
0.4117836928922093
0.4760978439612825
0.4760978484161975
0.3857444041947353
0.479463865233271
0.41379477938809217
0.3897717634370236
0.3882968402114543
0.506070323684215
0.4683174170441746
0.38574440591279613
0.4009296074774762
0.4201215891520317
0.6111310804933549
0.40523901853599237
0.46957153550428055
0.4207775882539502
0.49981026125300104
0.4569435379464384
0.38829684247176255
0.4842683119011463
0.43159090433047664
0.39905728654337363
0.4678957951558605
0.3862132412839018
0.40458542279670506
0.40488482801862163
0.38470767204625406
0.41892030244706535
0.3924054738158109
0.3972515308397638
0.44764179077458566
0.4045854176491228
0.48548487742439783
0.41457650705157306
0.38624437434755443
0.4598359115476924
0.5165142240858607
0.4760978439612825
0.3699263944260859
0.38255757498564974
0.397511941415273
0.4025821012403806
0.40258210157531227
0.36992639517429127
0.42052275604800615
0.4464613059880832
0.511420073326379
0.38574440591279613
0.38829684247176255
0.38977176233872113
0.41379478485563614
0.47946386765902205
0.5060703268365816
0.4052390220005301
0.6111310813287473
0.4207775863300358
0.4695715367378928
0.3857444041947353
0.46831741409759764
0.4201215858478935
0.4009296100712242
0.4998102614651561
0.4045854176491228
0.3862132432251584
0.38470767569077113
0.40488482854815133
0.3924054791892465
0.41892030090061005
0.3882968402114543
0.45694354284988037
0.4315908969378505
0.4842683118815008
0.4678957935199892
0.39905727897977444
0.39725152873056657
0.38255757741072816
0.3699263969629809
0.40258209880609785
0.3975119491383322
0.36992639658875587
0.4025820986096356
0.4464613035755582
0.4205227501483523
0.40458542279670506
0.4476417922317206
0.41457651093933057
0.48548487786551625
0.4598359149795598
0.3862443745239466
0.4760978484161975
0.5165142251975384
0.5114200772689351
0.40523901853599237
0.4052390220005301
0.4175644207029128
0.4175644272115695
0.41500608188514865
0.4150060815219805
0.4175995537092618
0.4175995498416726
0.44646130673892426
0.4464613091013829
0.4161023221291209
0.5102887376220792
0.41379478094072686
0.5218651764998806
0.4191910511770661
0.48497664817912495
0.40014668955600247
0.4296630579708113
0.4001466886058638
0.4323690064485337
0.46796270017427005
0.4034756344438819
0.4488337516922978
0.4159531149578576
0.5157836145747916
0.448833751755369
0.42845943594200475
0.46796269863448386
0.43236900755079394
0.5157836151156563
0.5045938512347554
0.3892580057507525
0.4301431615697211
0.3913457486267342
0.4055846300190595
0.42993753536485074
0.4033586983080165
0.40403823565643493
0.46368096286210164
0.39842340453654135
0.47703633317840455
0.4191910555927044
0.4280932974787936
0.4529889577581026
0.46317959265688335
0.42052275604800615
0.3913457487585686
0.38755591762791397
0.3892580051832535
0.415953115481248
0.4299375357588604
0.40403823590576654
0.40335869839202065
0.44647155155589496
0.4319688626479107
0.4770363329682392
0.38255757741072816
0.46368095980288815
0.40558463537596523
0.4280932957721433
0.46317959303065254
0.4529889567953002
0.43196886185791683
0.514476484997439
0.4205227554498778
0.41379477938809217
0.40753516598878836
0.4161023191550427
0.4849766530071532
0.4296630562255754
0.42845943178057777
0.40347563543600884
0.38755591798682476
0.3825575790194438
0.4301431636105667
0.3984234051580895
0.41610232723733936
0.4191910555927044
0.5218651785439701
0.413794786619242
0.5102887393774499
0.4849766530071532
0.4034756300103296
0.4679626963605402
0.415953115481248
0.44883374929490655
0.429663055886069
0.40014668633076467
0.43236900755079394
0.4001466851952553
0.515783609665444
0.4301431593443094
0.3892580105532033
0.40558463537596523
0.3913457483574113
0.4033586973799004
0.4299375316806487
0.4284594318566937
0.44883374819806343
0.4323690064485337
0.46796269525460144
0.5045938451235279
0.5157836098507064
0.4040382379490046
0.38755591940282813
0.3913457469467063
0.4159531149578576
0.38925800983851655
0.4040382364969458
0.4299375321125676
0.44647154712509185
0.40335869822772924
0.3984234014755853
0.4636809643061799
0.4191910511770661
0.4770363341758037
0.4529889622748944
0.42809329134545726
0.4205227501483523
0.4631795952769918
0.43196886027156683
0.4075351642632432
0.41379478485563614
0.48497664817912495
0.4161023251150618
0.42845942904061113
0.4296630553252727
0.38755592015780704
0.40347563081708576
0.43014316174333544
0.3825575752990876
0.38255757498564974
0.4770363333846032
0.4055846300190595
0.4636809620226748
0.4631795948205716
0.42809328968629234
0.43196885854451333
0.4529889609539116
0.4205227501791697
0.5144764872094478
0.39842340264998705
0.48497665061809947
0.4849766547675406
0.5218651764998806
0.5218651785439701
0.43236900426230285
0.43236900615699475
0.41595311515179056
0.41595311505596294
0.4055846363035945
0.4055846305384448
0.41919105312771365
0.41919104848877387
