0.048859234342186975
0.06153833902132266
0.033834979693363035
0.033834979693363035
0.06153833902132266
0.03374284222924269
0.03374284222924269
0.05599820676656522
0.03374284222924269
0.06153833902132266
0.05599820676656522
0.03374284222924269
0.06153833902132266
0.03374284222924269
0.033834979719727
0.06153833902132266
0.07949836598586509
0.05599820676656522
0.048859234342186975
0.033834979693363035
0.07559761252315954
0.07949836598586509
0.06153833902132266
0.048859234342186975
0.05599820676656522
0.07559761252315954
0.033834979693363035
0.07949836601222905
0.07559761252315954
0.048859234440411015
0.06888878456989547
0.07949836601222905
0.07949836598586509
0.07559761252315954
0.05599820676656522
0.033834979719727
0.048859234440411015
0.07559761252315954
0.07949836601222905
0.06888878456989547
0.07559761252315954
0.07949836598586509
0.033834979719727
0.05599820676656522
0.03374284222924269
0.06888878456989547
0.033834979719727
0.07559761252315954
0.048859234440411015
0.07949836601222905
0.05599820676656522
0.07559761252315954
0.03374284222924269
0.06153833902132266
0.033834979693363035
0.033834979719727
0.06888878456989547
0.048859234440411015
0.07559761252315954
0.05599820676656522
0.07949836601222905
0.03374284222924269
0.07559761252315954
0.033834979693363035
0.06153833902132266
0.048859234342186975
0.07559761252315954
0.03374284222924269
0.05599820676656522
0.033834979719727
0.048859234440411015
0.06153833902132266
0.06888878456989547
0.03374284222924269
0.05599820676656522
0.048859234342186975
0.06153833902132266
0.07949836598586509
0.03374284222924269
0.07559761252315954
0.033834979719727
0.05599820676656522
0.06153833902132266
0.048859234440411015
0.03374284222924269
0.06888878456989547
0.048859234342186975
0.05599820676656522
0.07949836598586509
0.06153833902132266
0.07949836601222905
0.07949836601222905
0.05599820676656522
0.07949836598586509
0.07559761252315954
0.06888878456989547
0.048859234342186975
0.048859234440411015
0.06153833902132266
0.03374284222924269
0.06153833902132266
0.03374284222924269
0.05599820676656522
0.033834979693363035
0.07559761252315954
0.05599820676656522
0.07949836601222905
0.07559761252315954
0.07949836598586509
0.048859234342186975
0.06888878456989547
0.06153833902132266
0.048859234440411015
0.06153833902132266
0.03374284222924269
0.05599820676656522
0.03374284222924269
0.07559761252315954
0.033834979693363035
0.033834979719727
